Done with  txid224308
Size:  4448
Labels: 
2    3596
1     644
0     208
Name: label, dtype: int64
--------------------------------------- 

Done with  txid196627
Size:  3002
Labels: 
0    1182
1    1077
2     743
Name: label, dtype: int64
--------------------------------------- 

Done with  txid511145
Size:  4316
Labels: 
0    2098
1    1726
2     492
Name: label, dtype: int64
--------------------------------------- 

Done with  txid85962
Size:  1566
Labels: 
1    744
2    708
0    114
Name: label, dtype: int64
--------------------------------------- 

Done with  txid297246
Size:  3094
Labels: 
2    2087
1     877
0     130
Name: label, dtype: int64
--------------------------------------- 

Done with  txid169963
Size:  3047
Labels: 
2    1844
1    1031
0     172
Name: label, dtype: int64
--------------------------------------- 

Done with  txid272634
Size:  730
Labels: 
2    358
1    246
0    126
Name: label, dtype: int64
--------------------------------------- 

Total Size:  20203
Total Labels: 
2    9828
1    6345
0    4030
Name: label, dtype: int64

data.shape (10375, 4)