fold 0
Model: "functional_1"
┏━━━━━━━━━━━━━━━━━━━━━━━━━━━━━━━━━┳━━━━━━━━━━━━━━━━━━━━━━━━┳━━━━━━━━━━━━━━━┓
┃ Layer (type)                    ┃ Output Shape           ┃       Param # ┃
┡━━━━━━━━━━━━━━━━━━━━━━━━━━━━━━━━━╇━━━━━━━━━━━━━━━━━━━━━━━━╇━━━━━━━━━━━━━━━┩
│ input_layer (InputLayer)        │ (None, 2772, 6, 3)     │             0 │
├─────────────────────────────────┼────────────────────────┼───────────────┤
│ conv2d (Conv2D)                 │ (None, 2768, 1, 64)    │         5,824 │
├─────────────────────────────────┼────────────────────────┼───────────────┤
│ lambda (Lambda)                 │ (None, 2768, 64)       │             0 │
├─────────────────────────────────┼────────────────────────┼───────────────┤
│ lstm (LSTM)                     │ [(None, 2768, 64),     │        33,024 │
│                                 │ (None, 64), (None,     │               │
│                                 │ 64)]                   │               │
├─────────────────────────────────┼────────────────────────┼───────────────┤
│ self_attention (SelfAttention)  │ [(None, 1024), (None,  │         2,560 │
│                                 │ 16, 2768)]             │               │
├─────────────────────────────────┼────────────────────────┼───────────────┤
│ dense (Dense)                   │ (None, 2)              │         2,050 │
└─────────────────────────────────┴────────────────────────┴───────────────┘
 Total params: 43,458 (169.76 KB)
 Trainable params: 43,458 (169.76 KB)
 Non-trainable params: 0 (0.00 B)
Epoch 1/100
4/4 - 8s - 2s/step - acc: 0.0000e+00 - auc-prc: 0.7785 - auc-roc: 0.7866 - loss: 6.5286 - val_acc: 0.0000e+00 - val_auc-prc: 0.8354 - val_auc-roc: 0.8295 - val_loss: 5.0366
Epoch 2/100
4/4 - 5s - 1s/step - acc: 0.0000e+00 - auc-prc: 0.8565 - auc-roc: 0.8551 - loss: 5.1706 - val_acc: 0.0000e+00 - val_auc-prc: 0.8456 - val_auc-roc: 0.8325 - val_loss: 4.7733
Epoch 3/100
4/4 - 5s - 1s/step - acc: 0.0000e+00 - auc-prc: 0.8610 - auc-roc: 0.8545 - loss: 5.2286 - val_acc: 0.0000e+00 - val_auc-prc: 0.8501 - val_auc-roc: 0.8339 - val_loss: 4.6686
Epoch 4/100
4/4 - 5s - 1s/step - acc: 0.0000e+00 - auc-prc: 0.8764 - auc-roc: 0.8690 - loss: 4.3182 - val_acc: 0.0000e+00 - val_auc-prc: 0.8533 - val_auc-roc: 0.8349 - val_loss: 4.5660
Epoch 5/100
4/4 - 5s - 1s/step - acc: 0.0000e+00 - auc-prc: 0.8651 - auc-roc: 0.8665 - loss: 4.3778 - val_acc: 0.0000e+00 - val_auc-prc: 0.8572 - val_auc-roc: 0.8364 - val_loss: 4.4671
Epoch 6/100
4/4 - 5s - 1s/step - acc: 0.0000e+00 - auc-prc: 0.8542 - auc-roc: 0.8615 - loss: 4.2798 - val_acc: 0.0000e+00 - val_auc-prc: 0.8583 - val_auc-roc: 0.8367 - val_loss: 4.3710
Epoch 7/100
4/4 - 5s - 1s/step - acc: 0.0000e+00 - auc-prc: 0.8950 - auc-roc: 0.8761 - loss: 4.1847 - val_acc: 0.0000e+00 - val_auc-prc: 0.8593 - val_auc-roc: 0.8369 - val_loss: 4.2797
Epoch 8/100
4/4 - 5s - 1s/step - acc: 0.0000e+00 - auc-prc: 0.8651 - auc-roc: 0.8629 - loss: 3.7727 - val_acc: 0.0000e+00 - val_auc-prc: 0.8592 - val_auc-roc: 0.8370 - val_loss: 4.1945
Epoch 9/100
4/4 - 5s - 1s/step - acc: 0.0000e+00 - auc-prc: 0.8724 - auc-roc: 0.8676 - loss: 4.1727 - val_acc: 0.0000e+00 - val_auc-prc: 0.8596 - val_auc-roc: 0.8371 - val_loss: 4.1159
Epoch 10/100
4/4 - 4s - 1s/step - acc: 0.0000e+00 - auc-prc: 0.8583 - auc-roc: 0.8604 - loss: 3.4511 - val_acc: 0.0000e+00 - val_auc-prc: 0.8601 - val_auc-roc: 0.8374 - val_loss: 4.0434
Epoch 11/100
4/4 - 5s - 1s/step - acc: 0.0000e+00 - auc-prc: 0.8347 - auc-roc: 0.8518 - loss: 3.2193 - val_acc: 0.0000e+00 - val_auc-prc: 0.8607 - val_auc-roc: 0.8378 - val_loss: 3.9784
Epoch 12/100
4/4 - 5s - 1s/step - acc: 0.0000e+00 - auc-prc: 0.8562 - auc-roc: 0.8588 - loss: 3.3179 - val_acc: 0.0000e+00 - val_auc-prc: 0.8613 - val_auc-roc: 0.8381 - val_loss: 3.9216
Epoch 13/100
4/4 - 5s - 1s/step - acc: 0.0000e+00 - auc-prc: 0.8949 - auc-roc: 0.8715 - loss: 3.7466 - val_acc: 0.0000e+00 - val_auc-prc: 0.8613 - val_auc-roc: 0.8381 - val_loss: 3.8726
Epoch 14/100
4/4 - 5s - 1s/step - acc: 0.0000e+00 - auc-prc: 0.9055 - auc-roc: 0.8801 - loss: 3.6997 - val_acc: 0.0000e+00 - val_auc-prc: 0.8621 - val_auc-roc: 0.8385 - val_loss: 3.8315
Epoch 15/100
4/4 - 5s - 1s/step - acc: 0.0000e+00 - auc-prc: 0.8843 - auc-roc: 0.8649 - loss: 3.0155 - val_acc: 0.0000e+00 - val_auc-prc: 0.8629 - val_auc-roc: 0.8388 - val_loss: 3.7948
Epoch 16/100
4/4 - 5s - 1s/step - acc: 0.0000e+00 - auc-prc: 0.8641 - auc-roc: 0.8609 - loss: 3.3016 - val_acc: 0.0000e+00 - val_auc-prc: 0.8625 - val_auc-roc: 0.8386 - val_loss: 3.7596
Epoch 17/100
4/4 - 4s - 1s/step - acc: 0.0000e+00 - auc-prc: 0.8790 - auc-roc: 0.8731 - loss: 2.9446 - val_acc: 0.0000e+00 - val_auc-prc: 0.8625 - val_auc-roc: 0.8385 - val_loss: 3.7270
Epoch 18/100
4/4 - 5s - 1s/step - acc: 0.0000e+00 - auc-prc: 0.8934 - auc-roc: 0.8748 - loss: 3.7191 - val_acc: 0.0000e+00 - val_auc-prc: 0.8606 - val_auc-roc: 0.8378 - val_loss: 3.6993
Epoch 19/100
4/4 - 5s - 1s/step - acc: 0.0000e+00 - auc-prc: 0.8771 - auc-roc: 0.8685 - loss: 2.8863 - val_acc: 0.0000e+00 - val_auc-prc: 0.8607 - val_auc-roc: 0.8378 - val_loss: 3.6738
Epoch 20/100
4/4 - 5s - 1s/step - acc: 0.0000e+00 - auc-prc: 0.8814 - auc-roc: 0.8617 - loss: 3.6674 - val_acc: 0.0000e+00 - val_auc-prc: 0.8621 - val_auc-roc: 0.8383 - val_loss: 3.6507
Epoch 21/100
4/4 - 5s - 1s/step - acc: 0.0000e+00 - auc-prc: 0.8941 - auc-roc: 0.8735 - loss: 2.8388 - val_acc: 0.0000e+00 - val_auc-prc: 0.8612 - val_auc-roc: 0.8382 - val_loss: 3.6293
Epoch 22/100
4/4 - 5s - 1s/step - acc: 0.0000e+00 - auc-prc: 0.8468 - auc-roc: 0.8553 - loss: 2.8180 - val_acc: 0.0000e+00 - val_auc-prc: 0.8619 - val_auc-roc: 0.8385 - val_loss: 3.6096
Epoch 23/100
4/4 - 5s - 1s/step - acc: 0.0000e+00 - auc-prc: 0.8565 - auc-roc: 0.8570 - loss: 3.1210 - val_acc: 0.0000e+00 - val_auc-prc: 0.8609 - val_auc-roc: 0.8382 - val_loss: 3.5914
Epoch 24/100
4/4 - 4s - 956ms/step - acc: 0.0000e+00 - auc-prc: 0.8793 - auc-roc: 0.8643 - loss: 3.4256 - val_acc: 0.0000e+00 - val_auc-prc: 0.8600 - val_auc-roc: 0.8377 - val_loss: 3.5748
Epoch 25/100
4/4 - 4s - 1s/step - acc: 0.0000e+00 - auc-prc: 0.8952 - auc-roc: 0.8744 - loss: 3.0870 - val_acc: 0.0000e+00 - val_auc-prc: 0.8593 - val_auc-roc: 0.8375 - val_loss: 3.5593
Epoch 26/100
4/4 - 5s - 1s/step - acc: 0.0000e+00 - auc-prc: 0.8766 - auc-roc: 0.8625 - loss: 2.9106 - val_acc: 0.0000e+00 - val_auc-prc: 0.8596 - val_auc-roc: 0.8376 - val_loss: 3.5447
Epoch 27/100
4/4 - 5s - 1s/step - acc: 0.0000e+00 - auc-prc: 0.8623 - auc-roc: 0.8608 - loss: 3.7021 - val_acc: 0.0000e+00 - val_auc-prc: 0.8566 - val_auc-roc: 0.8367 - val_loss: 3.5311
Epoch 28/100
4/4 - 5s - 1s/step - acc: 0.0000e+00 - auc-prc: 0.8440 - auc-roc: 0.8526 - loss: 2.7218 - val_acc: 0.0000e+00 - val_auc-prc: 0.8559 - val_auc-roc: 0.8366 - val_loss: 3.5186
Epoch 29/100
slurmstepd: error: *** JOB 30959213 ON nc10342 CANCELLED AT 2024-06-27T20:16:41 ***
4/4 - 5s - 1s/step - acc: 0.0000e+00 - auc-prc: 0.8683 - auc-roc: 0.8600 - loss: 2.8707 - val_acc: 0.0000e+00 - val_auc-prc: 0.8540 - val_auc-roc: 0.8360 - val_loss: 3.5069
Epoch 30/100
