fold 0
Model: "functional_1"
┏━━━━━━━━━━━━━━━━━━━━━━━━━━━━━━━━━┳━━━━━━━━━━━━━━━━━━━━━━━━┳━━━━━━━━━━━━━━━┓
┃ Layer (type)                    ┃ Output Shape           ┃       Param # ┃
┡━━━━━━━━━━━━━━━━━━━━━━━━━━━━━━━━━╇━━━━━━━━━━━━━━━━━━━━━━━━╇━━━━━━━━━━━━━━━┩
│ input_layer (InputLayer)        │ (None, 150, 6, 3)      │             0 │
├─────────────────────────────────┼────────────────────────┼───────────────┤
│ conv2d (Conv2D)                 │ (None, 146, 1, 64)     │         5,824 │
├─────────────────────────────────┼────────────────────────┼───────────────┤
│ lambda (Lambda)                 │ (None, 146, 64)        │             0 │
├─────────────────────────────────┼────────────────────────┼───────────────┤
│ lstm (LSTM)                     │ [(None, 146, 64),      │        33,024 │
│                                 │ (None, 64), (None,     │               │
│                                 │ 64)]                   │               │
├─────────────────────────────────┼────────────────────────┼───────────────┤
│ self_attention (SelfAttention)  │ [(None, 1024), (None,  │         2,560 │
│                                 │ 16, 146)]              │               │
├─────────────────────────────────┼────────────────────────┼───────────────┤
│ lambda_1 (Lambda)               │ (None, 1024)           │             0 │
├─────────────────────────────────┼────────────────────────┼───────────────┤
│ dense (Dense)                   │ (None, 2)              │         2,050 │
└─────────────────────────────────┴────────────────────────┴───────────────┘
 Total params: 43,458 (169.76 KB)
 Trainable params: 43,458 (169.76 KB)
 Non-trainable params: 0 (0.00 B)
Epoch 1/100
292/292 - 15s - 52ms/step - AUPRC: 0.9281 - AUROC: 0.9308 - acc: 0.8629 - loss: 0.3375 - val_AUPRC: 0.9454 - val_AUROC: 0.9489 - val_acc: 0.8863 - val_loss: 0.2875
Epoch 2/100
292/292 - 17s - 59ms/step - AUPRC: 0.9460 - AUROC: 0.9474 - acc: 0.8788 - loss: 0.2927 - val_AUPRC: 0.9511 - val_AUROC: 0.9539 - val_acc: 0.8969 - val_loss: 0.2724
Epoch 3/100
292/292 - 13s - 43ms/step - AUPRC: 0.9490 - AUROC: 0.9502 - acc: 0.8808 - loss: 0.2841 - val_AUPRC: 0.9517 - val_AUROC: 0.9540 - val_acc: 0.8931 - val_loss: 0.2686
Epoch 4/100
292/292 - 16s - 56ms/step - AUPRC: 0.9512 - AUROC: 0.9520 - acc: 0.8818 - loss: 0.2789 - val_AUPRC: 0.9539 - val_AUROC: 0.9566 - val_acc: 0.8988 - val_loss: 0.2624
Epoch 5/100
292/292 - 12s - 41ms/step - AUPRC: 0.9529 - AUROC: 0.9537 - acc: 0.8873 - loss: 0.2732 - val_AUPRC: 0.9562 - val_AUROC: 0.9583 - val_acc: 0.8979 - val_loss: 0.2560
Epoch 6/100
292/292 - 13s - 46ms/step - AUPRC: 0.9559 - AUROC: 0.9561 - acc: 0.8899 - loss: 0.2675 - val_AUPRC: 0.9585 - val_AUROC: 0.9604 - val_acc: 0.8998 - val_loss: 0.2498
Epoch 7/100
292/292 - 14s - 47ms/step - AUPRC: 0.9566 - AUROC: 0.9569 - acc: 0.8905 - loss: 0.2650 - val_AUPRC: 0.9600 - val_AUROC: 0.9619 - val_acc: 0.9017 - val_loss: 0.2453
Epoch 8/100
292/292 - 12s - 40ms/step - AUPRC: 0.9582 - AUROC: 0.9583 - acc: 0.8916 - loss: 0.2612 - val_AUPRC: 0.9615 - val_AUROC: 0.9635 - val_acc: 0.9046 - val_loss: 0.2391
Epoch 9/100
292/292 - 17s - 57ms/step - AUPRC: 0.9585 - AUROC: 0.9589 - acc: 0.8921 - loss: 0.2588 - val_AUPRC: 0.9618 - val_AUROC: 0.9634 - val_acc: 0.9008 - val_loss: 0.2403
Epoch 10/100
292/292 - 12s - 40ms/step - AUPRC: 0.9593 - AUROC: 0.9597 - acc: 0.8948 - loss: 0.2559 - val_AUPRC: 0.9625 - val_AUROC: 0.9643 - val_acc: 0.9046 - val_loss: 0.2371
Epoch 11/100
292/292 - 12s - 43ms/step - AUPRC: 0.9595 - AUROC: 0.9598 - acc: 0.8974 - loss: 0.2555 - val_AUPRC: 0.9626 - val_AUROC: 0.9644 - val_acc: 0.9066 - val_loss: 0.2359
Epoch 12/100
292/292 - 12s - 41ms/step - AUPRC: 0.9606 - AUROC: 0.9608 - acc: 0.8976 - loss: 0.2528 - val_AUPRC: 0.9629 - val_AUROC: 0.9645 - val_acc: 0.9114 - val_loss: 0.2361
Epoch 13/100
292/292 - 14s - 48ms/step - AUPRC: 0.9608 - AUROC: 0.9610 - acc: 0.8988 - loss: 0.2515 - val_AUPRC: 0.9635 - val_AUROC: 0.9651 - val_acc: 0.9094 - val_loss: 0.2342
Epoch 14/100
292/292 - 13s - 43ms/step - AUPRC: 0.9610 - AUROC: 0.9614 - acc: 0.8973 - loss: 0.2506 - val_AUPRC: 0.9650 - val_AUROC: 0.9661 - val_acc: 0.9162 - val_loss: 0.2324
Epoch 15/100
292/292 - 12s - 41ms/step - AUPRC: 0.9628 - AUROC: 0.9627 - acc: 0.8986 - loss: 0.2466 - val_AUPRC: 0.9645 - val_AUROC: 0.9656 - val_acc: 0.9133 - val_loss: 0.2333
Epoch 16/100
292/292 - 15s - 53ms/step - AUPRC: 0.9627 - AUROC: 0.9628 - acc: 0.8981 - loss: 0.2458 - val_AUPRC: 0.9639 - val_AUROC: 0.9650 - val_acc: 0.9123 - val_loss: 0.2352
Epoch 17/100
292/292 - 13s - 43ms/step - AUPRC: 0.9628 - AUROC: 0.9629 - acc: 0.8991 - loss: 0.2455 - val_AUPRC: 0.9649 - val_AUROC: 0.9658 - val_acc: 0.9143 - val_loss: 0.2322
Epoch 18/100
292/292 - 22s - 74ms/step - AUPRC: 0.9626 - AUROC: 0.9630 - acc: 0.8993 - loss: 0.2450 - val_AUPRC: 0.9654 - val_AUROC: 0.9662 - val_acc: 0.9123 - val_loss: 0.2317
Epoch 19/100
292/292 - 12s - 40ms/step - AUPRC: 0.9630 - AUROC: 0.9631 - acc: 0.9010 - loss: 0.2448 - val_AUPRC: 0.9651 - val_AUROC: 0.9658 - val_acc: 0.9143 - val_loss: 0.2333
Epoch 20/100
292/292 - 13s - 46ms/step - AUPRC: 0.9637 - AUROC: 0.9640 - acc: 0.9016 - loss: 0.2416 - val_AUPRC: 0.9657 - val_AUROC: 0.9665 - val_acc: 0.9094 - val_loss: 0.2304
Epoch 21/100
292/292 - 12s - 41ms/step - AUPRC: 0.9636 - AUROC: 0.9638 - acc: 0.9035 - loss: 0.2422 - val_AUPRC: 0.9661 - val_AUROC: 0.9670 - val_acc: 0.9114 - val_loss: 0.2281
Epoch 22/100
292/292 - 16s - 53ms/step - AUPRC: 0.9647 - AUROC: 0.9650 - acc: 0.9043 - loss: 0.2384 - val_AUPRC: 0.9650 - val_AUROC: 0.9660 - val_acc: 0.9143 - val_loss: 0.2309
Epoch 23/100
292/292 - 12s - 40ms/step - AUPRC: 0.9652 - AUROC: 0.9653 - acc: 0.9047 - loss: 0.2376 - val_AUPRC: 0.9669 - val_AUROC: 0.9674 - val_acc: 0.9171 - val_loss: 0.2274
Epoch 24/100
292/292 - 15s - 53ms/step - AUPRC: 0.9656 - AUROC: 0.9657 - acc: 0.9039 - loss: 0.2362 - val_AUPRC: 0.9657 - val_AUROC: 0.9662 - val_acc: 0.9104 - val_loss: 0.2324
Epoch 25/100
292/292 - 12s - 43ms/step - AUPRC: 0.9651 - AUROC: 0.9652 - acc: 0.9048 - loss: 0.2375 - val_AUPRC: 0.9661 - val_AUROC: 0.9666 - val_acc: 0.9094 - val_loss: 0.2306
Epoch 26/100
292/292 - 15s - 53ms/step - AUPRC: 0.9649 - AUROC: 0.9650 - acc: 0.9024 - loss: 0.2387 - val_AUPRC: 0.9660 - val_AUROC: 0.9663 - val_acc: 0.9094 - val_loss: 0.2321
Epoch 27/100
292/292 - 13s - 46ms/step - AUPRC: 0.9664 - AUROC: 0.9664 - acc: 0.9061 - loss: 0.2338 - val_AUPRC: 0.9653 - val_AUROC: 0.9660 - val_acc: 0.9152 - val_loss: 0.2318
Epoch 28/100
292/292 - 12s - 43ms/step - AUPRC: 0.9662 - AUROC: 0.9663 - acc: 0.9040 - loss: 0.2342 - val_AUPRC: 0.9663 - val_AUROC: 0.9667 - val_acc: 0.9143 - val_loss: 0.2296
Epoch 29/100
292/292 - 13s - 46ms/step - AUPRC: 0.9667 - AUROC: 0.9668 - acc: 0.9056 - loss: 0.2320 - val_AUPRC: 0.9656 - val_AUROC: 0.9662 - val_acc: 0.9123 - val_loss: 0.2316
Epoch 30/100
292/292 - 12s - 40ms/step - AUPRC: 0.9674 - AUROC: 0.9675 - acc: 0.9071 - loss: 0.2295 - val_AUPRC: 0.9659 - val_AUROC: 0.9666 - val_acc: 0.9094 - val_loss: 0.2293
Epoch 31/100
292/292 - 17s - 58ms/step - AUPRC: 0.9673 - AUROC: 0.9674 - acc: 0.9094 - loss: 0.2292 - val_AUPRC: 0.9665 - val_AUROC: 0.9671 - val_acc: 0.9114 - val_loss: 0.2280
Epoch 32/100
292/292 - 12s - 42ms/step - AUPRC: 0.9672 - AUROC: 0.9674 - acc: 0.9077 - loss: 0.2294 - val_AUPRC: 0.9654 - val_AUROC: 0.9664 - val_acc: 0.9056 - val_loss: 0.2296
Epoch 33/100
292/292 - 14s - 49ms/step - AUPRC: 0.9680 - AUROC: 0.9681 - acc: 0.9092 - loss: 0.2275 - val_AUPRC: 0.9659 - val_AUROC: 0.9665 - val_acc: 0.9066 - val_loss: 0.2296
******Evaluating TEST set*********
33/33 - 1s - 27ms/step
              precision    recall  f1-score   support

           0       0.91      0.87      0.89       403
           1       0.92      0.95      0.93       635

    accuracy                           0.92      1038
   macro avg       0.92      0.91      0.91      1038
weighted avg       0.92      0.92      0.92      1038

******Evaluating RANDOM Model*********
              precision    recall  f1-score   support

           0       0.35      0.45      0.39       403
           1       0.58      0.48      0.52       635

    accuracy                           0.47      1038
   macro avg       0.46      0.46      0.46      1038
weighted avg       0.49      0.47      0.47      1038

______________________________________________________
fold 1
Model: "functional_3"
┏━━━━━━━━━━━━━━━━━━━━━━━━━━━━━━━━━┳━━━━━━━━━━━━━━━━━━━━━━━━┳━━━━━━━━━━━━━━━┓
┃ Layer (type)                    ┃ Output Shape           ┃       Param # ┃
┡━━━━━━━━━━━━━━━━━━━━━━━━━━━━━━━━━╇━━━━━━━━━━━━━━━━━━━━━━━━╇━━━━━━━━━━━━━━━┩
│ input_layer_1 (InputLayer)      │ (None, 150, 6, 3)      │             0 │
├─────────────────────────────────┼────────────────────────┼───────────────┤
│ conv2d_1 (Conv2D)               │ (None, 146, 1, 64)     │         5,824 │
├─────────────────────────────────┼────────────────────────┼───────────────┤
│ lambda_2 (Lambda)               │ (None, 146, 64)        │             0 │
├─────────────────────────────────┼────────────────────────┼───────────────┤
│ lstm (LSTM)                     │ [(None, 146, 64),      │        33,024 │
│                                 │ (None, 64), (None,     │               │
│                                 │ 64)]                   │               │
├─────────────────────────────────┼────────────────────────┼───────────────┤
│ self_attention_1                │ [(None, 1024), (None,  │         2,560 │
│ (SelfAttention)                 │ 16, 146)]              │               │
├─────────────────────────────────┼────────────────────────┼───────────────┤
│ lambda_3 (Lambda)               │ (None, 1024)           │             0 │
├─────────────────────────────────┼────────────────────────┼───────────────┤
│ dense_1 (Dense)                 │ (None, 2)              │         2,050 │
└─────────────────────────────────┴────────────────────────┴───────────────┘
 Total params: 43,458 (169.76 KB)
 Trainable params: 43,458 (169.76 KB)
 Non-trainable params: 0 (0.00 B)
Epoch 1/100
292/292 - 14s - 48ms/step - AUPRC: 0.9287 - AUROC: 0.9322 - acc: 0.8664 - loss: 0.3326 - val_AUPRC: 0.9362 - val_AUROC: 0.9376 - val_acc: 0.8632 - val_loss: 0.3195
Epoch 2/100
292/292 - 15s - 53ms/step - AUPRC: 0.9479 - AUROC: 0.9489 - acc: 0.8827 - loss: 0.2896 - val_AUPRC: 0.9392 - val_AUROC: 0.9401 - val_acc: 0.8603 - val_loss: 0.3101
Epoch 3/100
292/292 - 11s - 39ms/step - AUPRC: 0.9498 - AUROC: 0.9509 - acc: 0.8853 - loss: 0.2825 - val_AUPRC: 0.9418 - val_AUROC: 0.9433 - val_acc: 0.8738 - val_loss: 0.2990
Epoch 4/100
292/292 - 16s - 56ms/step - AUPRC: 0.9513 - AUROC: 0.9523 - acc: 0.8864 - loss: 0.2776 - val_AUPRC: 0.9423 - val_AUROC: 0.9429 - val_acc: 0.8719 - val_loss: 0.3034
Epoch 5/100
292/292 - 15s - 53ms/step - AUPRC: 0.9525 - AUROC: 0.9537 - acc: 0.8874 - loss: 0.2734 - val_AUPRC: 0.9489 - val_AUROC: 0.9496 - val_acc: 0.8863 - val_loss: 0.2853
Epoch 6/100
292/292 - 14s - 47ms/step - AUPRC: 0.9545 - AUROC: 0.9551 - acc: 0.8903 - loss: 0.2700 - val_AUPRC: 0.9506 - val_AUROC: 0.9508 - val_acc: 0.8796 - val_loss: 0.2823
Epoch 7/100
292/292 - 14s - 49ms/step - AUPRC: 0.9558 - AUROC: 0.9564 - acc: 0.8940 - loss: 0.2660 - val_AUPRC: 0.9509 - val_AUROC: 0.9516 - val_acc: 0.8805 - val_loss: 0.2793
Epoch 8/100
292/292 - 16s - 56ms/step - AUPRC: 0.9570 - AUROC: 0.9574 - acc: 0.8944 - loss: 0.2632 - val_AUPRC: 0.9526 - val_AUROC: 0.9529 - val_acc: 0.8815 - val_loss: 0.2764
Epoch 9/100
292/292 - 13s - 44ms/step - AUPRC: 0.9581 - AUROC: 0.9585 - acc: 0.8941 - loss: 0.2595 - val_AUPRC: 0.9520 - val_AUROC: 0.9525 - val_acc: 0.8805 - val_loss: 0.2781
Epoch 10/100
292/292 - 12s - 41ms/step - AUPRC: 0.9589 - AUROC: 0.9594 - acc: 0.8961 - loss: 0.2570 - val_AUPRC: 0.9530 - val_AUROC: 0.9537 - val_acc: 0.8825 - val_loss: 0.2729
Epoch 11/100
292/292 - 12s - 40ms/step - AUPRC: 0.9603 - AUROC: 0.9604 - acc: 0.8995 - loss: 0.2542 - val_AUPRC: 0.9542 - val_AUROC: 0.9545 - val_acc: 0.8825 - val_loss: 0.2715
Epoch 12/100
292/292 - 15s - 53ms/step - AUPRC: 0.9603 - AUROC: 0.9607 - acc: 0.9006 - loss: 0.2527 - val_AUPRC: 0.9539 - val_AUROC: 0.9546 - val_acc: 0.8834 - val_loss: 0.2701
Epoch 13/100
292/292 - 12s - 40ms/step - AUPRC: 0.9608 - AUROC: 0.9610 - acc: 0.8998 - loss: 0.2517 - val_AUPRC: 0.9544 - val_AUROC: 0.9550 - val_acc: 0.8815 - val_loss: 0.2702
Epoch 14/100
292/292 - 15s - 52ms/step - AUPRC: 0.9616 - AUROC: 0.9618 - acc: 0.9017 - loss: 0.2489 - val_AUPRC: 0.9540 - val_AUROC: 0.9541 - val_acc: 0.8834 - val_loss: 0.2723
Epoch 15/100
292/292 - 13s - 43ms/step - AUPRC: 0.9624 - AUROC: 0.9626 - acc: 0.8995 - loss: 0.2465 - val_AUPRC: 0.9551 - val_AUROC: 0.9551 - val_acc: 0.8854 - val_loss: 0.2705
Epoch 16/100
292/292 - 14s - 49ms/step - AUPRC: 0.9623 - AUROC: 0.9627 - acc: 0.9002 - loss: 0.2457 - val_AUPRC: 0.9569 - val_AUROC: 0.9567 - val_acc: 0.8844 - val_loss: 0.2666
Epoch 17/100
292/292 - 14s - 47ms/step - AUPRC: 0.9632 - AUROC: 0.9634 - acc: 0.9005 - loss: 0.2436 - val_AUPRC: 0.9552 - val_AUROC: 0.9549 - val_acc: 0.8844 - val_loss: 0.2718
Epoch 18/100
292/292 - 12s - 42ms/step - AUPRC: 0.9636 - AUROC: 0.9638 - acc: 0.9010 - loss: 0.2424 - val_AUPRC: 0.9549 - val_AUROC: 0.9548 - val_acc: 0.8892 - val_loss: 0.2715
Epoch 19/100
292/292 - 14s - 47ms/step - AUPRC: 0.9641 - AUROC: 0.9643 - acc: 0.9036 - loss: 0.2408 - val_AUPRC: 0.9565 - val_AUROC: 0.9560 - val_acc: 0.8902 - val_loss: 0.2692
Epoch 20/100
292/292 - 13s - 45ms/step - AUPRC: 0.9636 - AUROC: 0.9640 - acc: 0.9020 - loss: 0.2412 - val_AUPRC: 0.9569 - val_AUROC: 0.9563 - val_acc: 0.8873 - val_loss: 0.2675
Epoch 21/100
292/292 - 19s - 67ms/step - AUPRC: 0.9652 - AUROC: 0.9653 - acc: 0.9030 - loss: 0.2374 - val_AUPRC: 0.9561 - val_AUROC: 0.9557 - val_acc: 0.8844 - val_loss: 0.2711
Epoch 22/100
292/292 - 12s - 41ms/step - AUPRC: 0.9646 - AUROC: 0.9650 - acc: 0.9026 - loss: 0.2384 - val_AUPRC: 0.9576 - val_AUROC: 0.9568 - val_acc: 0.8873 - val_loss: 0.2680
Epoch 23/100
292/292 - 16s - 55ms/step - AUPRC: 0.9650 - AUROC: 0.9654 - acc: 0.9064 - loss: 0.2371 - val_AUPRC: 0.9563 - val_AUROC: 0.9553 - val_acc: 0.8854 - val_loss: 0.2735
Epoch 24/100
292/292 - 13s - 45ms/step - AUPRC: 0.9651 - AUROC: 0.9655 - acc: 0.9055 - loss: 0.2363 - val_AUPRC: 0.9570 - val_AUROC: 0.9561 - val_acc: 0.8854 - val_loss: 0.2702
Epoch 25/100
292/292 - 18s - 62ms/step - AUPRC: 0.9657 - AUROC: 0.9660 - acc: 0.9065 - loss: 0.2340 - val_AUPRC: 0.9572 - val_AUROC: 0.9561 - val_acc: 0.8863 - val_loss: 0.2709
Epoch 26/100
292/292 - 11s - 39ms/step - AUPRC: 0.9667 - AUROC: 0.9669 - acc: 0.9061 - loss: 0.2309 - val_AUPRC: 0.9572 - val_AUROC: 0.9565 - val_acc: 0.8892 - val_loss: 0.2688
Epoch 27/100
292/292 - 17s - 58ms/step - AUPRC: 0.9663 - AUROC: 0.9667 - acc: 0.9052 - loss: 0.2324 - val_AUPRC: 0.9585 - val_AUROC: 0.9574 - val_acc: 0.8911 - val_loss: 0.2664
Epoch 28/100
292/292 - 11s - 39ms/step - AUPRC: 0.9675 - AUROC: 0.9678 - acc: 0.9102 - loss: 0.2277 - val_AUPRC: 0.9579 - val_AUROC: 0.9569 - val_acc: 0.8892 - val_loss: 0.2689
Epoch 29/100
292/292 - 15s - 52ms/step - AUPRC: 0.9680 - AUROC: 0.9682 - acc: 0.9086 - loss: 0.2274 - val_AUPRC: 0.9589 - val_AUROC: 0.9578 - val_acc: 0.8854 - val_loss: 0.2655
Epoch 30/100
292/292 - 12s - 43ms/step - AUPRC: 0.9681 - AUROC: 0.9682 - acc: 0.9106 - loss: 0.2267 - val_AUPRC: 0.9574 - val_AUROC: 0.9565 - val_acc: 0.8892 - val_loss: 0.2686
Epoch 31/100
292/292 - 13s - 43ms/step - AUPRC: 0.9676 - AUROC: 0.9682 - acc: 0.9107 - loss: 0.2262 - val_AUPRC: 0.9573 - val_AUROC: 0.9566 - val_acc: 0.8873 - val_loss: 0.2697
Epoch 32/100
292/292 - 13s - 44ms/step - AUPRC: 0.9689 - AUROC: 0.9689 - acc: 0.9108 - loss: 0.2240 - val_AUPRC: 0.9572 - val_AUROC: 0.9564 - val_acc: 0.8902 - val_loss: 0.2693
Epoch 33/100
292/292 - 14s - 47ms/step - AUPRC: 0.9693 - AUROC: 0.9695 - acc: 0.9135 - loss: 0.2218 - val_AUPRC: 0.9566 - val_AUROC: 0.9557 - val_acc: 0.8834 - val_loss: 0.2734
Epoch 34/100
292/292 - 13s - 45ms/step - AUPRC: 0.9700 - AUROC: 0.9701 - acc: 0.9127 - loss: 0.2195 - val_AUPRC: 0.9560 - val_AUROC: 0.9552 - val_acc: 0.8873 - val_loss: 0.2755
Epoch 35/100
292/292 - 13s - 45ms/step - AUPRC: 0.9700 - AUROC: 0.9702 - acc: 0.9132 - loss: 0.2191 - val_AUPRC: 0.9574 - val_AUROC: 0.9567 - val_acc: 0.8873 - val_loss: 0.2682
Epoch 36/100
292/292 - 14s - 49ms/step - AUPRC: 0.9703 - AUROC: 0.9704 - acc: 0.9142 - loss: 0.2184 - val_AUPRC: 0.9583 - val_AUROC: 0.9574 - val_acc: 0.8892 - val_loss: 0.2674
Epoch 37/100
292/292 - 13s - 46ms/step - AUPRC: 0.9713 - AUROC: 0.9714 - acc: 0.9174 - loss: 0.2147 - val_AUPRC: 0.9569 - val_AUROC: 0.9560 - val_acc: 0.8854 - val_loss: 0.2724
Epoch 38/100
292/292 - 14s - 47ms/step - AUPRC: 0.9714 - AUROC: 0.9715 - acc: 0.9141 - loss: 0.2145 - val_AUPRC: 0.9568 - val_AUROC: 0.9561 - val_acc: 0.8844 - val_loss: 0.2699
Epoch 39/100
292/292 - 12s - 41ms/step - AUPRC: 0.9718 - AUROC: 0.9720 - acc: 0.9156 - loss: 0.2130 - val_AUPRC: 0.9555 - val_AUROC: 0.9547 - val_acc: 0.8844 - val_loss: 0.2751
******Evaluating TEST set*********
33/33 - 3s - 93ms/step
              precision    recall  f1-score   support

           0       0.87      0.83      0.85       403
           1       0.89      0.92      0.91       635

    accuracy                           0.89      1038
   macro avg       0.88      0.87      0.88      1038
weighted avg       0.88      0.89      0.88      1038

******Evaluating RANDOM Model*********
              precision    recall  f1-score   support

           0       0.38      0.51      0.43       403
           1       0.60      0.46      0.52       635

    accuracy                           0.48      1038
   macro avg       0.49      0.49      0.48      1038
weighted avg       0.51      0.48      0.49      1038

______________________________________________________
fold 2
Model: "functional_5"
┏━━━━━━━━━━━━━━━━━━━━━━━━━━━━━━━━━┳━━━━━━━━━━━━━━━━━━━━━━━━┳━━━━━━━━━━━━━━━┓
┃ Layer (type)                    ┃ Output Shape           ┃       Param # ┃
┡━━━━━━━━━━━━━━━━━━━━━━━━━━━━━━━━━╇━━━━━━━━━━━━━━━━━━━━━━━━╇━━━━━━━━━━━━━━━┩
│ input_layer_2 (InputLayer)      │ (None, 150, 6, 3)      │             0 │
├─────────────────────────────────┼────────────────────────┼───────────────┤
│ conv2d_2 (Conv2D)               │ (None, 146, 1, 64)     │         5,824 │
├─────────────────────────────────┼────────────────────────┼───────────────┤
│ lambda_4 (Lambda)               │ (None, 146, 64)        │             0 │
├─────────────────────────────────┼────────────────────────┼───────────────┤
│ lstm (LSTM)                     │ [(None, 146, 64),      │        33,024 │
│                                 │ (None, 64), (None,     │               │
│                                 │ 64)]                   │               │
├─────────────────────────────────┼────────────────────────┼───────────────┤
│ self_attention_2                │ [(None, 1024), (None,  │         2,560 │
│ (SelfAttention)                 │ 16, 146)]              │               │
├─────────────────────────────────┼────────────────────────┼───────────────┤
│ lambda_5 (Lambda)               │ (None, 1024)           │             0 │
├─────────────────────────────────┼────────────────────────┼───────────────┤
│ dense_2 (Dense)                 │ (None, 2)              │         2,050 │
└─────────────────────────────────┴────────────────────────┴───────────────┘
 Total params: 43,458 (169.76 KB)
 Trainable params: 43,458 (169.76 KB)
 Non-trainable params: 0 (0.00 B)
Epoch 1/100
292/292 - 17s - 57ms/step - AUPRC: 0.9286 - AUROC: 0.9315 - acc: 0.8613 - loss: 0.3353 - val_AUPRC: 0.9478 - val_AUROC: 0.9491 - val_acc: 0.8805 - val_loss: 0.2882
Epoch 2/100
292/292 - 12s - 40ms/step - AUPRC: 0.9464 - AUROC: 0.9477 - acc: 0.8764 - loss: 0.2929 - val_AUPRC: 0.9503 - val_AUROC: 0.9514 - val_acc: 0.8825 - val_loss: 0.2822
Epoch 3/100
292/292 - 14s - 47ms/step - AUPRC: 0.9486 - AUROC: 0.9499 - acc: 0.8820 - loss: 0.2858 - val_AUPRC: 0.9513 - val_AUROC: 0.9527 - val_acc: 0.8844 - val_loss: 0.2763
Epoch 4/100
292/292 - 12s - 40ms/step - AUPRC: 0.9516 - AUROC: 0.9524 - acc: 0.8849 - loss: 0.2792 - val_AUPRC: 0.9556 - val_AUROC: 0.9562 - val_acc: 0.8902 - val_loss: 0.2659
Epoch 5/100
292/292 - 15s - 51ms/step - AUPRC: 0.9530 - AUROC: 0.9536 - acc: 0.8842 - loss: 0.2753 - val_AUPRC: 0.9558 - val_AUROC: 0.9566 - val_acc: 0.8969 - val_loss: 0.2626
Epoch 6/100
292/292 - 12s - 41ms/step - AUPRC: 0.9546 - AUROC: 0.9551 - acc: 0.8909 - loss: 0.2708 - val_AUPRC: 0.9581 - val_AUROC: 0.9585 - val_acc: 0.8969 - val_loss: 0.2590
Epoch 7/100
292/292 - 12s - 42ms/step - AUPRC: 0.9558 - AUROC: 0.9564 - acc: 0.8917 - loss: 0.2666 - val_AUPRC: 0.9576 - val_AUROC: 0.9587 - val_acc: 0.8988 - val_loss: 0.2566
Epoch 8/100
292/292 - 12s - 40ms/step - AUPRC: 0.9565 - AUROC: 0.9572 - acc: 0.8910 - loss: 0.2641 - val_AUPRC: 0.9595 - val_AUROC: 0.9603 - val_acc: 0.9046 - val_loss: 0.2511
Epoch 9/100
292/292 - 15s - 50ms/step - AUPRC: 0.9580 - AUROC: 0.9586 - acc: 0.8931 - loss: 0.2602 - val_AUPRC: 0.9601 - val_AUROC: 0.9608 - val_acc: 0.9056 - val_loss: 0.2500
Epoch 10/100
292/292 - 12s - 41ms/step - AUPRC: 0.9582 - AUROC: 0.9588 - acc: 0.8940 - loss: 0.2588 - val_AUPRC: 0.9616 - val_AUROC: 0.9625 - val_acc: 0.9094 - val_loss: 0.2431
Epoch 11/100
292/292 - 13s - 44ms/step - AUPRC: 0.9591 - AUROC: 0.9593 - acc: 0.8941 - loss: 0.2576 - val_AUPRC: 0.9632 - val_AUROC: 0.9640 - val_acc: 0.9075 - val_loss: 0.2385
Epoch 12/100
292/292 - 12s - 40ms/step - AUPRC: 0.9598 - AUROC: 0.9601 - acc: 0.8946 - loss: 0.2551 - val_AUPRC: 0.9626 - val_AUROC: 0.9633 - val_acc: 0.9075 - val_loss: 0.2407
Epoch 13/100
292/292 - 15s - 51ms/step - AUPRC: 0.9603 - AUROC: 0.9607 - acc: 0.8956 - loss: 0.2524 - val_AUPRC: 0.9632 - val_AUROC: 0.9639 - val_acc: 0.9075 - val_loss: 0.2388
Epoch 14/100
292/292 - 12s - 40ms/step - AUPRC: 0.9612 - AUROC: 0.9614 - acc: 0.8994 - loss: 0.2505 - val_AUPRC: 0.9625 - val_AUROC: 0.9631 - val_acc: 0.9066 - val_loss: 0.2417
Epoch 15/100
292/292 - 15s - 52ms/step - AUPRC: 0.9618 - AUROC: 0.9620 - acc: 0.8984 - loss: 0.2488 - val_AUPRC: 0.9644 - val_AUROC: 0.9646 - val_acc: 0.9066 - val_loss: 0.2380
Epoch 16/100
292/292 - 12s - 40ms/step - AUPRC: 0.9621 - AUROC: 0.9623 - acc: 0.8979 - loss: 0.2473 - val_AUPRC: 0.9648 - val_AUROC: 0.9650 - val_acc: 0.9046 - val_loss: 0.2366
Epoch 17/100
292/292 - 14s - 48ms/step - AUPRC: 0.9624 - AUROC: 0.9626 - acc: 0.9003 - loss: 0.2468 - val_AUPRC: 0.9648 - val_AUROC: 0.9651 - val_acc: 0.9056 - val_loss: 0.2364
Epoch 18/100
292/292 - 12s - 40ms/step - AUPRC: 0.9632 - AUROC: 0.9634 - acc: 0.9010 - loss: 0.2439 - val_AUPRC: 0.9664 - val_AUROC: 0.9662 - val_acc: 0.9085 - val_loss: 0.2328
Epoch 19/100
292/292 - 16s - 53ms/step - AUPRC: 0.9633 - AUROC: 0.9636 - acc: 0.8996 - loss: 0.2430 - val_AUPRC: 0.9662 - val_AUROC: 0.9664 - val_acc: 0.9046 - val_loss: 0.2315
Epoch 20/100
292/292 - 12s - 40ms/step - AUPRC: 0.9642 - AUROC: 0.9644 - acc: 0.9026 - loss: 0.2411 - val_AUPRC: 0.9653 - val_AUROC: 0.9657 - val_acc: 0.9114 - val_loss: 0.2337
Epoch 21/100
292/292 - 12s - 43ms/step - AUPRC: 0.9637 - AUROC: 0.9640 - acc: 0.9022 - loss: 0.2419 - val_AUPRC: 0.9667 - val_AUROC: 0.9664 - val_acc: 0.9085 - val_loss: 0.2336
Epoch 22/100
292/292 - 13s - 45ms/step - AUPRC: 0.9645 - AUROC: 0.9647 - acc: 0.9032 - loss: 0.2398 - val_AUPRC: 0.9662 - val_AUROC: 0.9662 - val_acc: 0.9046 - val_loss: 0.2333
Epoch 23/100
292/292 - 13s - 44ms/step - AUPRC: 0.9651 - AUROC: 0.9654 - acc: 0.9024 - loss: 0.2366 - val_AUPRC: 0.9661 - val_AUROC: 0.9662 - val_acc: 0.9152 - val_loss: 0.2332
Epoch 24/100
292/292 - 12s - 40ms/step - AUPRC: 0.9660 - AUROC: 0.9662 - acc: 0.9033 - loss: 0.2351 - val_AUPRC: 0.9658 - val_AUROC: 0.9659 - val_acc: 0.9143 - val_loss: 0.2334
Epoch 25/100
292/292 - 15s - 52ms/step - AUPRC: 0.9665 - AUROC: 0.9665 - acc: 0.9036 - loss: 0.2335 - val_AUPRC: 0.9668 - val_AUROC: 0.9670 - val_acc: 0.9123 - val_loss: 0.2304
Epoch 26/100
292/292 - 12s - 41ms/step - AUPRC: 0.9660 - AUROC: 0.9662 - acc: 0.9044 - loss: 0.2340 - val_AUPRC: 0.9665 - val_AUROC: 0.9670 - val_acc: 0.9143 - val_loss: 0.2296
Epoch 27/100
292/292 - 16s - 56ms/step - AUPRC: 0.9672 - AUROC: 0.9672 - acc: 0.9055 - loss: 0.2308 - val_AUPRC: 0.9684 - val_AUROC: 0.9684 - val_acc: 0.9143 - val_loss: 0.2256
Epoch 28/100
292/292 - 12s - 42ms/step - AUPRC: 0.9671 - AUROC: 0.9671 - acc: 0.9043 - loss: 0.2317 - val_AUPRC: 0.9677 - val_AUROC: 0.9678 - val_acc: 0.9143 - val_loss: 0.2277
Epoch 29/100
292/292 - 14s - 48ms/step - AUPRC: 0.9672 - AUROC: 0.9673 - acc: 0.9067 - loss: 0.2307 - val_AUPRC: 0.9676 - val_AUROC: 0.9681 - val_acc: 0.9162 - val_loss: 0.2258
Epoch 30/100
292/292 - 12s - 41ms/step - AUPRC: 0.9677 - AUROC: 0.9677 - acc: 0.9067 - loss: 0.2294 - val_AUPRC: 0.9678 - val_AUROC: 0.9681 - val_acc: 0.9133 - val_loss: 0.2270
Epoch 31/100
292/292 - 14s - 46ms/step - AUPRC: 0.9680 - AUROC: 0.9681 - acc: 0.9070 - loss: 0.2272 - val_AUPRC: 0.9650 - val_AUROC: 0.9655 - val_acc: 0.9085 - val_loss: 0.2366
Epoch 32/100
292/292 - 12s - 40ms/step - AUPRC: 0.9681 - AUROC: 0.9683 - acc: 0.9068 - loss: 0.2264 - val_AUPRC: 0.9687 - val_AUROC: 0.9685 - val_acc: 0.9133 - val_loss: 0.2273
Epoch 33/100
292/292 - 11s - 39ms/step - AUPRC: 0.9695 - AUROC: 0.9694 - acc: 0.9093 - loss: 0.2228 - val_AUPRC: 0.9694 - val_AUROC: 0.9695 - val_acc: 0.9162 - val_loss: 0.2223
Epoch 34/100
292/292 - 13s - 46ms/step - AUPRC: 0.9691 - AUROC: 0.9691 - acc: 0.9096 - loss: 0.2242 - val_AUPRC: 0.9651 - val_AUROC: 0.9659 - val_acc: 0.9133 - val_loss: 0.2327
Epoch 35/100
292/292 - 12s - 40ms/step - AUPRC: 0.9686 - AUROC: 0.9688 - acc: 0.9088 - loss: 0.2248 - val_AUPRC: 0.9693 - val_AUROC: 0.9693 - val_acc: 0.9191 - val_loss: 0.2230
Epoch 36/100
292/292 - 15s - 52ms/step - AUPRC: 0.9702 - AUROC: 0.9701 - acc: 0.9107 - loss: 0.2205 - val_AUPRC: 0.9674 - val_AUROC: 0.9679 - val_acc: 0.9171 - val_loss: 0.2273
Epoch 37/100
292/292 - 12s - 42ms/step - AUPRC: 0.9705 - AUROC: 0.9703 - acc: 0.9114 - loss: 0.2202 - val_AUPRC: 0.9668 - val_AUROC: 0.9672 - val_acc: 0.9123 - val_loss: 0.2309
Epoch 38/100
292/292 - 13s - 46ms/step - AUPRC: 0.9705 - AUROC: 0.9706 - acc: 0.9105 - loss: 0.2184 - val_AUPRC: 0.9669 - val_AUROC: 0.9670 - val_acc: 0.9056 - val_loss: 0.2328
Epoch 39/100
292/292 - 13s - 43ms/step - AUPRC: 0.9711 - AUROC: 0.9711 - acc: 0.9123 - loss: 0.2164 - val_AUPRC: 0.9674 - val_AUROC: 0.9676 - val_acc: 0.9123 - val_loss: 0.2290
Epoch 40/100
292/292 - 11s - 38ms/step - AUPRC: 0.9711 - AUROC: 0.9712 - acc: 0.9141 - loss: 0.2162 - val_AUPRC: 0.9625 - val_AUROC: 0.9644 - val_acc: 0.9123 - val_loss: 0.2381
Epoch 41/100
292/292 - 13s - 45ms/step - AUPRC: 0.9718 - AUROC: 0.9717 - acc: 0.9120 - loss: 0.2147 - val_AUPRC: 0.9650 - val_AUROC: 0.9655 - val_acc: 0.9143 - val_loss: 0.2367
Epoch 42/100
292/292 - 12s - 41ms/step - AUPRC: 0.9713 - AUROC: 0.9713 - acc: 0.9137 - loss: 0.2155 - val_AUPRC: 0.9672 - val_AUROC: 0.9675 - val_acc: 0.9200 - val_loss: 0.2288
Epoch 43/100
292/292 - 13s - 45ms/step - AUPRC: 0.9720 - AUROC: 0.9719 - acc: 0.9140 - loss: 0.2139 - val_AUPRC: 0.9675 - val_AUROC: 0.9676 - val_acc: 0.9162 - val_loss: 0.2271
******Evaluating TEST set*********
33/33 - 1s - 22ms/step
              precision    recall  f1-score   support

           0       0.93      0.85      0.89       403
           1       0.91      0.96      0.93       635

    accuracy                           0.92      1038
   macro avg       0.92      0.90      0.91      1038
weighted avg       0.92      0.92      0.92      1038

******Evaluating RANDOM Model*********
              precision    recall  f1-score   support

           0       0.38      0.48      0.42       403
           1       0.60      0.49      0.54       635

    accuracy                           0.49      1038
   macro avg       0.49      0.49      0.48      1038
weighted avg       0.51      0.49      0.49      1038

______________________________________________________
fold 3
Model: "functional_7"
┏━━━━━━━━━━━━━━━━━━━━━━━━━━━━━━━━━┳━━━━━━━━━━━━━━━━━━━━━━━━┳━━━━━━━━━━━━━━━┓
┃ Layer (type)                    ┃ Output Shape           ┃       Param # ┃
┡━━━━━━━━━━━━━━━━━━━━━━━━━━━━━━━━━╇━━━━━━━━━━━━━━━━━━━━━━━━╇━━━━━━━━━━━━━━━┩
│ input_layer_3 (InputLayer)      │ (None, 150, 6, 3)      │             0 │
├─────────────────────────────────┼────────────────────────┼───────────────┤
│ conv2d_3 (Conv2D)               │ (None, 146, 1, 64)     │         5,824 │
├─────────────────────────────────┼────────────────────────┼───────────────┤
│ lambda_6 (Lambda)               │ (None, 146, 64)        │             0 │
├─────────────────────────────────┼────────────────────────┼───────────────┤
│ lstm (LSTM)                     │ [(None, 146, 64),      │        33,024 │
│                                 │ (None, 64), (None,     │               │
│                                 │ 64)]                   │               │
├─────────────────────────────────┼────────────────────────┼───────────────┤
│ self_attention_3                │ [(None, 1024), (None,  │         2,560 │
│ (SelfAttention)                 │ 16, 146)]              │               │
├─────────────────────────────────┼────────────────────────┼───────────────┤
│ lambda_7 (Lambda)               │ (None, 1024)           │             0 │
├─────────────────────────────────┼────────────────────────┼───────────────┤
│ dense_3 (Dense)                 │ (None, 2)              │         2,050 │
└─────────────────────────────────┴────────────────────────┴───────────────┘
 Total params: 43,458 (169.76 KB)
 Trainable params: 43,458 (169.76 KB)
 Non-trainable params: 0 (0.00 B)
Epoch 1/100
292/292 - 14s - 49ms/step - AUPRC: 0.9229 - AUROC: 0.9284 - acc: 0.8616 - loss: 0.3406 - val_AUPRC: 0.9483 - val_AUROC: 0.9518 - val_acc: 0.8892 - val_loss: 0.2774
Epoch 2/100
292/292 - 14s - 48ms/step - AUPRC: 0.9427 - AUROC: 0.9448 - acc: 0.8773 - loss: 0.2979 - val_AUPRC: 0.9540 - val_AUROC: 0.9557 - val_acc: 0.8911 - val_loss: 0.2703
Epoch 3/100
292/292 - 13s - 44ms/step - AUPRC: 0.9456 - AUROC: 0.9472 - acc: 0.8788 - loss: 0.2922 - val_AUPRC: 0.9573 - val_AUROC: 0.9582 - val_acc: 0.8950 - val_loss: 0.2624
Epoch 4/100
292/292 - 15s - 51ms/step - AUPRC: 0.9480 - AUROC: 0.9490 - acc: 0.8820 - loss: 0.2870 - val_AUPRC: 0.9569 - val_AUROC: 0.9592 - val_acc: 0.9008 - val_loss: 0.2549
Epoch 5/100
292/292 - 12s - 40ms/step - AUPRC: 0.9497 - AUROC: 0.9507 - acc: 0.8837 - loss: 0.2819 - val_AUPRC: 0.9573 - val_AUROC: 0.9598 - val_acc: 0.9017 - val_loss: 0.2524
Epoch 6/100
292/292 - 14s - 49ms/step - AUPRC: 0.9523 - AUROC: 0.9528 - acc: 0.8877 - loss: 0.2772 - val_AUPRC: 0.9587 - val_AUROC: 0.9615 - val_acc: 0.9027 - val_loss: 0.2481
Epoch 7/100
292/292 - 12s - 42ms/step - AUPRC: 0.9525 - AUROC: 0.9533 - acc: 0.8872 - loss: 0.2750 - val_AUPRC: 0.9611 - val_AUROC: 0.9629 - val_acc: 0.9066 - val_loss: 0.2435
Epoch 8/100
292/292 - 22s - 77ms/step - AUPRC: 0.9545 - AUROC: 0.9550 - acc: 0.8903 - loss: 0.2703 - val_AUPRC: 0.9624 - val_AUROC: 0.9639 - val_acc: 0.9085 - val_loss: 0.2393
Epoch 9/100
292/292 - 11s - 39ms/step - AUPRC: 0.9552 - AUROC: 0.9559 - acc: 0.8918 - loss: 0.2676 - val_AUPRC: 0.9644 - val_AUROC: 0.9653 - val_acc: 0.9143 - val_loss: 0.2363
Epoch 10/100
292/292 - 14s - 47ms/step - AUPRC: 0.9560 - AUROC: 0.9565 - acc: 0.8925 - loss: 0.2657 - val_AUPRC: 0.9647 - val_AUROC: 0.9651 - val_acc: 0.9085 - val_loss: 0.2402
Epoch 11/100
292/292 - 13s - 46ms/step - AUPRC: 0.9556 - AUROC: 0.9564 - acc: 0.8926 - loss: 0.2651 - val_AUPRC: 0.9659 - val_AUROC: 0.9663 - val_acc: 0.9114 - val_loss: 0.2364
Epoch 12/100
292/292 - 13s - 46ms/step - AUPRC: 0.9564 - AUROC: 0.9569 - acc: 0.8935 - loss: 0.2637 - val_AUPRC: 0.9663 - val_AUROC: 0.9667 - val_acc: 0.9094 - val_loss: 0.2343
Epoch 13/100
292/292 - 13s - 45ms/step - AUPRC: 0.9580 - AUROC: 0.9583 - acc: 0.8932 - loss: 0.2600 - val_AUPRC: 0.9661 - val_AUROC: 0.9666 - val_acc: 0.9133 - val_loss: 0.2322
Epoch 14/100
292/292 - 12s - 39ms/step - AUPRC: 0.9582 - AUROC: 0.9588 - acc: 0.8949 - loss: 0.2581 - val_AUPRC: 0.9668 - val_AUROC: 0.9673 - val_acc: 0.9123 - val_loss: 0.2312
Epoch 15/100
292/292 - 15s - 53ms/step - AUPRC: 0.9580 - AUROC: 0.9586 - acc: 0.8943 - loss: 0.2587 - val_AUPRC: 0.9658 - val_AUROC: 0.9663 - val_acc: 0.9066 - val_loss: 0.2356
Epoch 16/100
292/292 - 12s - 40ms/step - AUPRC: 0.9594 - AUROC: 0.9597 - acc: 0.8956 - loss: 0.2558 - val_AUPRC: 0.9665 - val_AUROC: 0.9671 - val_acc: 0.9114 - val_loss: 0.2305
Epoch 17/100
292/292 - 15s - 50ms/step - AUPRC: 0.9595 - AUROC: 0.9599 - acc: 0.8968 - loss: 0.2547 - val_AUPRC: 0.9668 - val_AUROC: 0.9675 - val_acc: 0.9123 - val_loss: 0.2298
Epoch 18/100
292/292 - 13s - 44ms/step - AUPRC: 0.9600 - AUROC: 0.9604 - acc: 0.8986 - loss: 0.2533 - val_AUPRC: 0.9679 - val_AUROC: 0.9684 - val_acc: 0.9123 - val_loss: 0.2258
Epoch 19/100
292/292 - 12s - 41ms/step - AUPRC: 0.9606 - AUROC: 0.9609 - acc: 0.8996 - loss: 0.2516 - val_AUPRC: 0.9658 - val_AUROC: 0.9665 - val_acc: 0.9114 - val_loss: 0.2314
Epoch 20/100
292/292 - 13s - 45ms/step - AUPRC: 0.9614 - AUROC: 0.9616 - acc: 0.8985 - loss: 0.2495 - val_AUPRC: 0.9657 - val_AUROC: 0.9666 - val_acc: 0.9075 - val_loss: 0.2330
Epoch 21/100
292/292 - 12s - 40ms/step - AUPRC: 0.9615 - AUROC: 0.9619 - acc: 0.8985 - loss: 0.2486 - val_AUPRC: 0.9627 - val_AUROC: 0.9641 - val_acc: 0.9056 - val_loss: 0.2373
Epoch 22/100
292/292 - 16s - 56ms/step - AUPRC: 0.9612 - AUROC: 0.9614 - acc: 0.8998 - loss: 0.2499 - val_AUPRC: 0.9671 - val_AUROC: 0.9681 - val_acc: 0.9104 - val_loss: 0.2261
Epoch 23/100
292/292 - 13s - 43ms/step - AUPRC: 0.9626 - AUROC: 0.9628 - acc: 0.9015 - loss: 0.2453 - val_AUPRC: 0.9683 - val_AUROC: 0.9691 - val_acc: 0.9152 - val_loss: 0.2224
Epoch 24/100
292/292 - 15s - 52ms/step - AUPRC: 0.9621 - AUROC: 0.9625 - acc: 0.9035 - loss: 0.2456 - val_AUPRC: 0.9676 - val_AUROC: 0.9682 - val_acc: 0.9085 - val_loss: 0.2261
Epoch 25/100
292/292 - 13s - 45ms/step - AUPRC: 0.9626 - AUROC: 0.9631 - acc: 0.9021 - loss: 0.2437 - val_AUPRC: 0.9681 - val_AUROC: 0.9687 - val_acc: 0.9104 - val_loss: 0.2247
Epoch 26/100
292/292 - 12s - 40ms/step - AUPRC: 0.9631 - AUROC: 0.9635 - acc: 0.9026 - loss: 0.2423 - val_AUPRC: 0.9683 - val_AUROC: 0.9685 - val_acc: 0.9075 - val_loss: 0.2287
Epoch 27/100
292/292 - 16s - 55ms/step - AUPRC: 0.9643 - AUROC: 0.9646 - acc: 0.9036 - loss: 0.2388 - val_AUPRC: 0.9665 - val_AUROC: 0.9672 - val_acc: 0.9094 - val_loss: 0.2292
Epoch 28/100
292/292 - 12s - 40ms/step - AUPRC: 0.9642 - AUROC: 0.9644 - acc: 0.9043 - loss: 0.2397 - val_AUPRC: 0.9685 - val_AUROC: 0.9689 - val_acc: 0.9075 - val_loss: 0.2255
Epoch 29/100
292/292 - 15s - 50ms/step - AUPRC: 0.9654 - AUROC: 0.9654 - acc: 0.9055 - loss: 0.2367 - val_AUPRC: 0.9676 - val_AUROC: 0.9680 - val_acc: 0.9075 - val_loss: 0.2284
Epoch 30/100
292/292 - 12s - 43ms/step - AUPRC: 0.9650 - AUROC: 0.9652 - acc: 0.9060 - loss: 0.2367 - val_AUPRC: 0.9693 - val_AUROC: 0.9695 - val_acc: 0.9133 - val_loss: 0.2244
Epoch 31/100
292/292 - 14s - 49ms/step - AUPRC: 0.9653 - AUROC: 0.9657 - acc: 0.9065 - loss: 0.2347 - val_AUPRC: 0.9705 - val_AUROC: 0.9705 - val_acc: 0.9094 - val_loss: 0.2225
Epoch 32/100
292/292 - 12s - 41ms/step - AUPRC: 0.9652 - AUROC: 0.9656 - acc: 0.9052 - loss: 0.2354 - val_AUPRC: 0.9691 - val_AUROC: 0.9701 - val_acc: 0.9114 - val_loss: 0.2236
Epoch 33/100
292/292 - 14s - 46ms/step - AUPRC: 0.9658 - AUROC: 0.9660 - acc: 0.9056 - loss: 0.2340 - val_AUPRC: 0.9694 - val_AUROC: 0.9697 - val_acc: 0.9104 - val_loss: 0.2227
Epoch 34/100
292/292 - 12s - 42ms/step - AUPRC: 0.9658 - AUROC: 0.9661 - acc: 0.9066 - loss: 0.2337 - val_AUPRC: 0.9697 - val_AUROC: 0.9701 - val_acc: 0.9094 - val_loss: 0.2204
Epoch 35/100
292/292 - 12s - 40ms/step - AUPRC: 0.9670 - AUROC: 0.9671 - acc: 0.9093 - loss: 0.2303 - val_AUPRC: 0.9699 - val_AUROC: 0.9701 - val_acc: 0.9085 - val_loss: 0.2221
Epoch 36/100
292/292 - 13s - 45ms/step - AUPRC: 0.9673 - AUROC: 0.9675 - acc: 0.9091 - loss: 0.2290 - val_AUPRC: 0.9682 - val_AUROC: 0.9693 - val_acc: 0.9075 - val_loss: 0.2243
Epoch 37/100
292/292 - 11s - 39ms/step - AUPRC: 0.9671 - AUROC: 0.9673 - acc: 0.9083 - loss: 0.2290 - val_AUPRC: 0.9683 - val_AUROC: 0.9693 - val_acc: 0.9104 - val_loss: 0.2263
Epoch 38/100
292/292 - 13s - 43ms/step - AUPRC: 0.9681 - AUROC: 0.9681 - acc: 0.9104 - loss: 0.2268 - val_AUPRC: 0.9676 - val_AUROC: 0.9689 - val_acc: 0.9066 - val_loss: 0.2257
Epoch 39/100
292/292 - 12s - 42ms/step - AUPRC: 0.9672 - AUROC: 0.9675 - acc: 0.9092 - loss: 0.2284 - val_AUPRC: 0.9695 - val_AUROC: 0.9697 - val_acc: 0.9075 - val_loss: 0.2235
Epoch 40/100
292/292 - 12s - 40ms/step - AUPRC: 0.9676 - AUROC: 0.9680 - acc: 0.9130 - loss: 0.2264 - val_AUPRC: 0.9683 - val_AUROC: 0.9695 - val_acc: 0.9085 - val_loss: 0.2260
Epoch 41/100
292/292 - 14s - 49ms/step - AUPRC: 0.9679 - AUROC: 0.9682 - acc: 0.9105 - loss: 0.2257 - val_AUPRC: 0.9682 - val_AUROC: 0.9684 - val_acc: 0.9075 - val_loss: 0.2275
******Evaluating TEST set*********
33/33 - 1s - 23ms/step
              precision    recall  f1-score   support

           0       0.93      0.83      0.88       403
           1       0.90      0.96      0.93       635

    accuracy                           0.91      1038
   macro avg       0.91      0.89      0.90      1038
weighted avg       0.91      0.91      0.91      1038

******Evaluating RANDOM Model*********
              precision    recall  f1-score   support

           0       0.38      0.46      0.42       403
           1       0.60      0.52      0.56       635

    accuracy                           0.50      1038
   macro avg       0.49      0.49      0.49      1038
weighted avg       0.52      0.50      0.50      1038

______________________________________________________
fold 4
Model: "functional_9"
┏━━━━━━━━━━━━━━━━━━━━━━━━━━━━━━━━━┳━━━━━━━━━━━━━━━━━━━━━━━━┳━━━━━━━━━━━━━━━┓
┃ Layer (type)                    ┃ Output Shape           ┃       Param # ┃
┡━━━━━━━━━━━━━━━━━━━━━━━━━━━━━━━━━╇━━━━━━━━━━━━━━━━━━━━━━━━╇━━━━━━━━━━━━━━━┩
│ input_layer_4 (InputLayer)      │ (None, 150, 6, 3)      │             0 │
├─────────────────────────────────┼────────────────────────┼───────────────┤
│ conv2d_4 (Conv2D)               │ (None, 146, 1, 64)     │         5,824 │
├─────────────────────────────────┼────────────────────────┼───────────────┤
│ lambda_8 (Lambda)               │ (None, 146, 64)        │             0 │
├─────────────────────────────────┼────────────────────────┼───────────────┤
│ lstm (LSTM)                     │ [(None, 146, 64),      │        33,024 │
│                                 │ (None, 64), (None,     │               │
│                                 │ 64)]                   │               │
├─────────────────────────────────┼────────────────────────┼───────────────┤
│ self_attention_4                │ [(None, 1024), (None,  │         2,560 │
│ (SelfAttention)                 │ 16, 146)]              │               │
├─────────────────────────────────┼────────────────────────┼───────────────┤
│ lambda_9 (Lambda)               │ (None, 1024)           │             0 │
├─────────────────────────────────┼────────────────────────┼───────────────┤
│ dense_4 (Dense)                 │ (None, 2)              │         2,050 │
└─────────────────────────────────┴────────────────────────┴───────────────┘
 Total params: 43,458 (169.76 KB)
 Trainable params: 43,458 (169.76 KB)
 Non-trainable params: 0 (0.00 B)
Epoch 1/100
292/292 - 19s - 66ms/step - AUPRC: 0.9282 - AUROC: 0.9308 - acc: 0.8645 - loss: 0.3360 - val_AUPRC: 0.9507 - val_AUROC: 0.9515 - val_acc: 0.8757 - val_loss: 0.2823
Epoch 2/100
292/292 - 12s - 41ms/step - AUPRC: 0.9468 - AUROC: 0.9476 - acc: 0.8800 - loss: 0.2930 - val_AUPRC: 0.9548 - val_AUROC: 0.9554 - val_acc: 0.8882 - val_loss: 0.2698
Epoch 3/100
292/292 - 12s - 40ms/step - AUPRC: 0.9486 - AUROC: 0.9496 - acc: 0.8837 - loss: 0.2867 - val_AUPRC: 0.9551 - val_AUROC: 0.9559 - val_acc: 0.8873 - val_loss: 0.2664
Epoch 4/100
292/292 - 15s - 50ms/step - AUPRC: 0.9506 - AUROC: 0.9514 - acc: 0.8864 - loss: 0.2814 - val_AUPRC: 0.9575 - val_AUROC: 0.9581 - val_acc: 0.8873 - val_loss: 0.2622
Epoch 5/100
292/292 - 12s - 40ms/step - AUPRC: 0.9518 - AUROC: 0.9526 - acc: 0.8866 - loss: 0.2775 - val_AUPRC: 0.9599 - val_AUROC: 0.9602 - val_acc: 0.8931 - val_loss: 0.2560
Epoch 6/100
292/292 - 16s - 54ms/step - AUPRC: 0.9533 - AUROC: 0.9542 - acc: 0.8899 - loss: 0.2721 - val_AUPRC: 0.9612 - val_AUROC: 0.9618 - val_acc: 0.8969 - val_loss: 0.2487
Epoch 7/100
292/292 - 12s - 41ms/step - AUPRC: 0.9551 - AUROC: 0.9557 - acc: 0.8923 - loss: 0.2682 - val_AUPRC: 0.9621 - val_AUROC: 0.9627 - val_acc: 0.8911 - val_loss: 0.2481
Epoch 8/100
292/292 - 13s - 44ms/step - AUPRC: 0.9560 - AUROC: 0.9566 - acc: 0.8930 - loss: 0.2652 - val_AUPRC: 0.9642 - val_AUROC: 0.9642 - val_acc: 0.8969 - val_loss: 0.2422
Epoch 9/100
292/292 - 12s - 41ms/step - AUPRC: 0.9567 - AUROC: 0.9573 - acc: 0.8947 - loss: 0.2631 - val_AUPRC: 0.9646 - val_AUROC: 0.9650 - val_acc: 0.9046 - val_loss: 0.2406
Epoch 10/100
292/292 - 12s - 41ms/step - AUPRC: 0.9581 - AUROC: 0.9585 - acc: 0.8957 - loss: 0.2599 - val_AUPRC: 0.9656 - val_AUROC: 0.9659 - val_acc: 0.9017 - val_loss: 0.2368
Epoch 11/100
292/292 - 21s - 72ms/step - AUPRC: 0.9585 - AUROC: 0.9589 - acc: 0.8969 - loss: 0.2582 - val_AUPRC: 0.9649 - val_AUROC: 0.9652 - val_acc: 0.9008 - val_loss: 0.2392
Epoch 12/100
292/292 - 13s - 44ms/step - AUPRC: 0.9596 - AUROC: 0.9600 - acc: 0.8984 - loss: 0.2549 - val_AUPRC: 0.9659 - val_AUROC: 0.9663 - val_acc: 0.9056 - val_loss: 0.2342
Epoch 13/100
292/292 - 12s - 40ms/step - AUPRC: 0.9598 - AUROC: 0.9603 - acc: 0.8973 - loss: 0.2533 - val_AUPRC: 0.9663 - val_AUROC: 0.9666 - val_acc: 0.9123 - val_loss: 0.2327
Epoch 14/100
292/292 - 12s - 40ms/step - AUPRC: 0.9605 - AUROC: 0.9610 - acc: 0.9003 - loss: 0.2513 - val_AUPRC: 0.9657 - val_AUROC: 0.9662 - val_acc: 0.9075 - val_loss: 0.2340
Epoch 15/100
292/292 - 14s - 49ms/step - AUPRC: 0.9602 - AUROC: 0.9608 - acc: 0.8992 - loss: 0.2513 - val_AUPRC: 0.9622 - val_AUROC: 0.9624 - val_acc: 0.9037 - val_loss: 0.2467
Epoch 16/100
292/292 - 12s - 41ms/step - AUPRC: 0.9599 - AUROC: 0.9607 - acc: 0.8975 - loss: 0.2512 - val_AUPRC: 0.9661 - val_AUROC: 0.9667 - val_acc: 0.9104 - val_loss: 0.2324
Epoch 17/100
292/292 - 15s - 52ms/step - AUPRC: 0.9620 - AUROC: 0.9625 - acc: 0.9028 - loss: 0.2460 - val_AUPRC: 0.9669 - val_AUROC: 0.9671 - val_acc: 0.9066 - val_loss: 0.2317
Epoch 18/100
292/292 - 12s - 40ms/step - AUPRC: 0.9625 - AUROC: 0.9629 - acc: 0.8992 - loss: 0.2450 - val_AUPRC: 0.9666 - val_AUROC: 0.9669 - val_acc: 0.9104 - val_loss: 0.2310
Epoch 19/100
292/292 - 14s - 46ms/step - AUPRC: 0.9627 - AUROC: 0.9632 - acc: 0.9029 - loss: 0.2440 - val_AUPRC: 0.9671 - val_AUROC: 0.9674 - val_acc: 0.9123 - val_loss: 0.2304
Epoch 20/100
292/292 - 13s - 46ms/step - AUPRC: 0.9630 - AUROC: 0.9635 - acc: 0.9011 - loss: 0.2426 - val_AUPRC: 0.9672 - val_AUROC: 0.9678 - val_acc: 0.9181 - val_loss: 0.2277
Epoch 21/100
292/292 - 13s - 45ms/step - AUPRC: 0.9635 - AUROC: 0.9638 - acc: 0.9020 - loss: 0.2422 - val_AUPRC: 0.9671 - val_AUROC: 0.9676 - val_acc: 0.9133 - val_loss: 0.2306
Epoch 22/100
292/292 - 14s - 47ms/step - AUPRC: 0.9638 - AUROC: 0.9643 - acc: 0.9053 - loss: 0.2401 - val_AUPRC: 0.9672 - val_AUROC: 0.9678 - val_acc: 0.9094 - val_loss: 0.2285
Epoch 23/100
292/292 - 12s - 40ms/step - AUPRC: 0.9643 - AUROC: 0.9647 - acc: 0.9040 - loss: 0.2385 - val_AUPRC: 0.9657 - val_AUROC: 0.9659 - val_acc: 0.9056 - val_loss: 0.2359
Epoch 24/100
292/292 - 13s - 44ms/step - AUPRC: 0.9652 - AUROC: 0.9654 - acc: 0.9038 - loss: 0.2369 - val_AUPRC: 0.9662 - val_AUROC: 0.9666 - val_acc: 0.9056 - val_loss: 0.2330
Epoch 25/100
292/292 - 12s - 41ms/step - AUPRC: 0.9645 - AUROC: 0.9648 - acc: 0.9053 - loss: 0.2384 - val_AUPRC: 0.9659 - val_AUROC: 0.9665 - val_acc: 0.9056 - val_loss: 0.2320
Epoch 26/100
292/292 - 15s - 53ms/step - AUPRC: 0.9659 - AUROC: 0.9662 - acc: 0.9068 - loss: 0.2337 - val_AUPRC: 0.9648 - val_AUROC: 0.9666 - val_acc: 0.9066 - val_loss: 0.2310
Epoch 27/100
292/292 - 12s - 41ms/step - AUPRC: 0.9665 - AUROC: 0.9667 - acc: 0.9051 - loss: 0.2323 - val_AUPRC: 0.9649 - val_AUROC: 0.9665 - val_acc: 0.9017 - val_loss: 0.2325
Epoch 28/100
292/292 - 14s - 47ms/step - AUPRC: 0.9665 - AUROC: 0.9668 - acc: 0.9079 - loss: 0.2314 - val_AUPRC: 0.9663 - val_AUROC: 0.9669 - val_acc: 0.9085 - val_loss: 0.2307
Epoch 29/100
292/292 - 11s - 39ms/step - AUPRC: 0.9660 - AUROC: 0.9665 - acc: 0.9083 - loss: 0.2320 - val_AUPRC: 0.9653 - val_AUROC: 0.9662 - val_acc: 0.9066 - val_loss: 0.2338
Epoch 30/100
292/292 - 11s - 39ms/step - AUPRC: 0.9672 - AUROC: 0.9673 - acc: 0.9091 - loss: 0.2295 - val_AUPRC: 0.9661 - val_AUROC: 0.9670 - val_acc: 0.9008 - val_loss: 0.2308
Epoch 31/100
292/292 - 14s - 48ms/step - AUPRC: 0.9671 - AUROC: 0.9673 - acc: 0.9076 - loss: 0.2304 - val_AUPRC: 0.9669 - val_AUROC: 0.9678 - val_acc: 0.9066 - val_loss: 0.2281
Epoch 32/100
292/292 - 12s - 41ms/step - AUPRC: 0.9674 - AUROC: 0.9677 - acc: 0.9120 - loss: 0.2278 - val_AUPRC: 0.9653 - val_AUROC: 0.9659 - val_acc: 0.8998 - val_loss: 0.2350
******Evaluating TEST set*********
33/33 - 1s - 24ms/step
              precision    recall  f1-score   support

           0       0.92      0.84      0.88       403
           1       0.90      0.95      0.93       635

    accuracy                           0.91      1038
   macro avg       0.91      0.90      0.90      1038
weighted avg       0.91      0.91      0.91      1038

******Evaluating RANDOM Model*********
              precision    recall  f1-score   support

           0       0.39      0.52      0.44       403
           1       0.61      0.48      0.54       635

    accuracy                           0.50      1038
   macro avg       0.50      0.50      0.49      1038
weighted avg       0.53      0.50      0.50      1038

______________________________________________________
fold 5
Model: "functional_11"
┏━━━━━━━━━━━━━━━━━━━━━━━━━━━━━━━━━┳━━━━━━━━━━━━━━━━━━━━━━━━┳━━━━━━━━━━━━━━━┓
┃ Layer (type)                    ┃ Output Shape           ┃       Param # ┃
┡━━━━━━━━━━━━━━━━━━━━━━━━━━━━━━━━━╇━━━━━━━━━━━━━━━━━━━━━━━━╇━━━━━━━━━━━━━━━┩
│ input_layer_5 (InputLayer)      │ (None, 150, 6, 3)      │             0 │
├─────────────────────────────────┼────────────────────────┼───────────────┤
│ conv2d_5 (Conv2D)               │ (None, 146, 1, 64)     │         5,824 │
├─────────────────────────────────┼────────────────────────┼───────────────┤
│ lambda_10 (Lambda)              │ (None, 146, 64)        │             0 │
├─────────────────────────────────┼────────────────────────┼───────────────┤
│ lstm (LSTM)                     │ [(None, 146, 64),      │        33,024 │
│                                 │ (None, 64), (None,     │               │
│                                 │ 64)]                   │               │
├─────────────────────────────────┼────────────────────────┼───────────────┤
│ self_attention_5                │ [(None, 1024), (None,  │         2,560 │
│ (SelfAttention)                 │ 16, 146)]              │               │
├─────────────────────────────────┼────────────────────────┼───────────────┤
│ lambda_11 (Lambda)              │ (None, 1024)           │             0 │
├─────────────────────────────────┼────────────────────────┼───────────────┤
│ dense_5 (Dense)                 │ (None, 2)              │         2,050 │
└─────────────────────────────────┴────────────────────────┴───────────────┘
 Total params: 43,458 (169.76 KB)
 Trainable params: 43,458 (169.76 KB)
 Non-trainable params: 0 (0.00 B)
Epoch 1/100
292/292 - 17s - 60ms/step - AUPRC: 0.9251 - AUROC: 0.9298 - acc: 0.8680 - loss: 0.3369 - val_AUPRC: 0.9506 - val_AUROC: 0.9489 - val_acc: 0.8563 - val_loss: 0.3023
Epoch 2/100
292/292 - 12s - 41ms/step - AUPRC: 0.9450 - AUROC: 0.9474 - acc: 0.8837 - loss: 0.2901 - val_AUPRC: 0.9543 - val_AUROC: 0.9529 - val_acc: 0.8689 - val_loss: 0.2860
Epoch 3/100
292/292 - 15s - 50ms/step - AUPRC: 0.9487 - AUROC: 0.9502 - acc: 0.8862 - loss: 0.2822 - val_AUPRC: 0.9561 - val_AUROC: 0.9545 - val_acc: 0.8746 - val_loss: 0.2815
Epoch 4/100
292/292 - 12s - 41ms/step - AUPRC: 0.9501 - AUROC: 0.9516 - acc: 0.8886 - loss: 0.2778 - val_AUPRC: 0.9570 - val_AUROC: 0.9558 - val_acc: 0.8785 - val_loss: 0.2758
Epoch 5/100
292/292 - 13s - 46ms/step - AUPRC: 0.9518 - AUROC: 0.9533 - acc: 0.8914 - loss: 0.2729 - val_AUPRC: 0.9565 - val_AUROC: 0.9561 - val_acc: 0.8795 - val_loss: 0.2737
Epoch 6/100
292/292 - 12s - 43ms/step - AUPRC: 0.9538 - AUROC: 0.9547 - acc: 0.8904 - loss: 0.2699 - val_AUPRC: 0.9609 - val_AUROC: 0.9594 - val_acc: 0.8824 - val_loss: 0.2637
Epoch 7/100
292/292 - 12s - 40ms/step - AUPRC: 0.9550 - AUROC: 0.9560 - acc: 0.8945 - loss: 0.2657 - val_AUPRC: 0.9627 - val_AUROC: 0.9614 - val_acc: 0.8910 - val_loss: 0.2571
Epoch 8/100
292/292 - 15s - 51ms/step - AUPRC: 0.9569 - AUROC: 0.9576 - acc: 0.8958 - loss: 0.2617 - val_AUPRC: 0.9641 - val_AUROC: 0.9628 - val_acc: 0.8891 - val_loss: 0.2522
Epoch 9/100
292/292 - 12s - 41ms/step - AUPRC: 0.9580 - AUROC: 0.9585 - acc: 0.8964 - loss: 0.2593 - val_AUPRC: 0.9647 - val_AUROC: 0.9633 - val_acc: 0.8881 - val_loss: 0.2508
Epoch 10/100
292/292 - 14s - 49ms/step - AUPRC: 0.9591 - AUROC: 0.9595 - acc: 0.8977 - loss: 0.2565 - val_AUPRC: 0.9657 - val_AUROC: 0.9644 - val_acc: 0.8910 - val_loss: 0.2462
Epoch 11/100
292/292 - 12s - 41ms/step - AUPRC: 0.9594 - AUROC: 0.9599 - acc: 0.8963 - loss: 0.2544 - val_AUPRC: 0.9656 - val_AUROC: 0.9644 - val_acc: 0.8881 - val_loss: 0.2448
Epoch 12/100
292/292 - 13s - 46ms/step - AUPRC: 0.9603 - AUROC: 0.9609 - acc: 0.8992 - loss: 0.2514 - val_AUPRC: 0.9663 - val_AUROC: 0.9651 - val_acc: 0.8949 - val_loss: 0.2424
Epoch 13/100
292/292 - 13s - 43ms/step - AUPRC: 0.9604 - AUROC: 0.9610 - acc: 0.8998 - loss: 0.2508 - val_AUPRC: 0.9670 - val_AUROC: 0.9658 - val_acc: 0.8949 - val_loss: 0.2407
Epoch 14/100
292/292 - 12s - 40ms/step - AUPRC: 0.9612 - AUROC: 0.9616 - acc: 0.9012 - loss: 0.2486 - val_AUPRC: 0.9676 - val_AUROC: 0.9664 - val_acc: 0.8881 - val_loss: 0.2387
Epoch 15/100
292/292 - 12s - 41ms/step - AUPRC: 0.9611 - AUROC: 0.9617 - acc: 0.9023 - loss: 0.2481 - val_AUPRC: 0.9672 - val_AUROC: 0.9661 - val_acc: 0.8930 - val_loss: 0.2398
Epoch 16/100
292/292 - 12s - 40ms/step - AUPRC: 0.9624 - AUROC: 0.9627 - acc: 0.9018 - loss: 0.2454 - val_AUPRC: 0.9670 - val_AUROC: 0.9660 - val_acc: 0.8910 - val_loss: 0.2394
Epoch 17/100
292/292 - 12s - 42ms/step - AUPRC: 0.9626 - AUROC: 0.9630 - acc: 0.9013 - loss: 0.2445 - val_AUPRC: 0.9671 - val_AUROC: 0.9659 - val_acc: 0.8910 - val_loss: 0.2412
Epoch 18/100
292/292 - 12s - 40ms/step - AUPRC: 0.9617 - AUROC: 0.9621 - acc: 0.9018 - loss: 0.2473 - val_AUPRC: 0.9681 - val_AUROC: 0.9671 - val_acc: 0.8968 - val_loss: 0.2360
Epoch 19/100
292/292 - 12s - 41ms/step - AUPRC: 0.9637 - AUROC: 0.9640 - acc: 0.9045 - loss: 0.2411 - val_AUPRC: 0.9683 - val_AUROC: 0.9671 - val_acc: 0.8949 - val_loss: 0.2348
Epoch 20/100
292/292 - 12s - 42ms/step - AUPRC: 0.9631 - AUROC: 0.9634 - acc: 0.9036 - loss: 0.2433 - val_AUPRC: 0.9677 - val_AUROC: 0.9665 - val_acc: 0.8939 - val_loss: 0.2369
Epoch 21/100
292/292 - 12s - 41ms/step - AUPRC: 0.9644 - AUROC: 0.9646 - acc: 0.9049 - loss: 0.2391 - val_AUPRC: 0.9691 - val_AUROC: 0.9678 - val_acc: 0.8987 - val_loss: 0.2336
Epoch 22/100
292/292 - 13s - 45ms/step - AUPRC: 0.9640 - AUROC: 0.9643 - acc: 0.9044 - loss: 0.2397 - val_AUPRC: 0.9681 - val_AUROC: 0.9669 - val_acc: 0.8978 - val_loss: 0.2358
Epoch 23/100
292/292 - 15s - 50ms/step - AUPRC: 0.9647 - AUROC: 0.9651 - acc: 0.9073 - loss: 0.2373 - val_AUPRC: 0.9694 - val_AUROC: 0.9683 - val_acc: 0.9007 - val_loss: 0.2310
Epoch 24/100
292/292 - 13s - 44ms/step - AUPRC: 0.9651 - AUROC: 0.9654 - acc: 0.9049 - loss: 0.2363 - val_AUPRC: 0.9688 - val_AUROC: 0.9677 - val_acc: 0.8987 - val_loss: 0.2332
Epoch 25/100
292/292 - 12s - 40ms/step - AUPRC: 0.9654 - AUROC: 0.9657 - acc: 0.9084 - loss: 0.2351 - val_AUPRC: 0.9690 - val_AUROC: 0.9679 - val_acc: 0.8968 - val_loss: 0.2328
Epoch 26/100
292/292 - 11s - 39ms/step - AUPRC: 0.9661 - AUROC: 0.9662 - acc: 0.9074 - loss: 0.2330 - val_AUPRC: 0.9688 - val_AUROC: 0.9677 - val_acc: 0.8987 - val_loss: 0.2333
Epoch 27/100
292/292 - 16s - 55ms/step - AUPRC: 0.9653 - AUROC: 0.9656 - acc: 0.9077 - loss: 0.2352 - val_AUPRC: 0.9696 - val_AUROC: 0.9685 - val_acc: 0.8987 - val_loss: 0.2293
Epoch 28/100
292/292 - 12s - 41ms/step - AUPRC: 0.9665 - AUROC: 0.9667 - acc: 0.9076 - loss: 0.2315 - val_AUPRC: 0.9695 - val_AUROC: 0.9685 - val_acc: 0.9016 - val_loss: 0.2295
Epoch 29/100
292/292 - 14s - 47ms/step - AUPRC: 0.9667 - AUROC: 0.9670 - acc: 0.9091 - loss: 0.2308 - val_AUPRC: 0.9699 - val_AUROC: 0.9688 - val_acc: 0.9036 - val_loss: 0.2290
Epoch 30/100
292/292 - 12s - 40ms/step - AUPRC: 0.9669 - AUROC: 0.9671 - acc: 0.9085 - loss: 0.2300 - val_AUPRC: 0.9694 - val_AUROC: 0.9684 - val_acc: 0.9045 - val_loss: 0.2304
Epoch 31/100
292/292 - 13s - 45ms/step - AUPRC: 0.9673 - AUROC: 0.9674 - acc: 0.9099 - loss: 0.2295 - val_AUPRC: 0.9693 - val_AUROC: 0.9684 - val_acc: 0.9016 - val_loss: 0.2298
Epoch 32/100
292/292 - 14s - 48ms/step - AUPRC: 0.9670 - AUROC: 0.9672 - acc: 0.9080 - loss: 0.2300 - val_AUPRC: 0.9691 - val_AUROC: 0.9682 - val_acc: 0.9074 - val_loss: 0.2309
Epoch 33/100
292/292 - 11s - 38ms/step - AUPRC: 0.9672 - AUROC: 0.9675 - acc: 0.9103 - loss: 0.2291 - val_AUPRC: 0.9696 - val_AUROC: 0.9687 - val_acc: 0.9036 - val_loss: 0.2288
Epoch 34/100
292/292 - 14s - 49ms/step - AUPRC: 0.9678 - AUROC: 0.9679 - acc: 0.9117 - loss: 0.2272 - val_AUPRC: 0.9681 - val_AUROC: 0.9672 - val_acc: 0.9055 - val_loss: 0.2337
Epoch 35/100
292/292 - 11s - 39ms/step - AUPRC: 0.9685 - AUROC: 0.9685 - acc: 0.9096 - loss: 0.2252 - val_AUPRC: 0.9692 - val_AUROC: 0.9684 - val_acc: 0.8997 - val_loss: 0.2296
Epoch 36/100
292/292 - 15s - 51ms/step - AUPRC: 0.9682 - AUROC: 0.9684 - acc: 0.9100 - loss: 0.2259 - val_AUPRC: 0.9684 - val_AUROC: 0.9673 - val_acc: 0.8949 - val_loss: 0.2338
Epoch 37/100
292/292 - 11s - 39ms/step - AUPRC: 0.9690 - AUROC: 0.9692 - acc: 0.9114 - loss: 0.2233 - val_AUPRC: 0.9685 - val_AUROC: 0.9676 - val_acc: 0.9026 - val_loss: 0.2319
Epoch 38/100
292/292 - 13s - 43ms/step - AUPRC: 0.9682 - AUROC: 0.9686 - acc: 0.9125 - loss: 0.2238 - val_AUPRC: 0.9683 - val_AUROC: 0.9673 - val_acc: 0.8987 - val_loss: 0.2334
Epoch 39/100
292/292 - 12s - 41ms/step - AUPRC: 0.9691 - AUROC: 0.9694 - acc: 0.9119 - loss: 0.2226 - val_AUPRC: 0.9679 - val_AUROC: 0.9673 - val_acc: 0.8968 - val_loss: 0.2322
******Evaluating TEST set*********
33/33 - 1s - 22ms/step
              precision    recall  f1-score   support

           0       0.92      0.83      0.87       403
           1       0.90      0.95      0.92       634

    accuracy                           0.90      1037
   macro avg       0.91      0.89      0.90      1037
weighted avg       0.90      0.90      0.90      1037

******Evaluating RANDOM Model*********
              precision    recall  f1-score   support

           0       0.39      0.51      0.44       403
           1       0.61      0.48      0.54       634

    accuracy                           0.49      1037
   macro avg       0.50      0.50      0.49      1037
weighted avg       0.52      0.49      0.50      1037

______________________________________________________
fold 6
Model: "functional_13"
┏━━━━━━━━━━━━━━━━━━━━━━━━━━━━━━━━━┳━━━━━━━━━━━━━━━━━━━━━━━━┳━━━━━━━━━━━━━━━┓
┃ Layer (type)                    ┃ Output Shape           ┃       Param # ┃
┡━━━━━━━━━━━━━━━━━━━━━━━━━━━━━━━━━╇━━━━━━━━━━━━━━━━━━━━━━━━╇━━━━━━━━━━━━━━━┩
│ input_layer_6 (InputLayer)      │ (None, 150, 6, 3)      │             0 │
├─────────────────────────────────┼────────────────────────┼───────────────┤
│ conv2d_6 (Conv2D)               │ (None, 146, 1, 64)     │         5,824 │
├─────────────────────────────────┼────────────────────────┼───────────────┤
│ lambda_12 (Lambda)              │ (None, 146, 64)        │             0 │
├─────────────────────────────────┼────────────────────────┼───────────────┤
│ lstm (LSTM)                     │ [(None, 146, 64),      │        33,024 │
│                                 │ (None, 64), (None,     │               │
│                                 │ 64)]                   │               │
├─────────────────────────────────┼────────────────────────┼───────────────┤
│ self_attention_6                │ [(None, 1024), (None,  │         2,560 │
│ (SelfAttention)                 │ 16, 146)]              │               │
├─────────────────────────────────┼────────────────────────┼───────────────┤
│ lambda_13 (Lambda)              │ (None, 1024)           │             0 │
├─────────────────────────────────┼────────────────────────┼───────────────┤
│ dense_6 (Dense)                 │ (None, 2)              │         2,050 │
└─────────────────────────────────┴────────────────────────┴───────────────┘
 Total params: 43,458 (169.76 KB)
 Trainable params: 43,458 (169.76 KB)
 Non-trainable params: 0 (0.00 B)
Epoch 1/100
292/292 - 15s - 53ms/step - AUPRC: 0.9260 - AUROC: 0.9312 - acc: 0.8659 - loss: 0.3345 - val_AUPRC: 0.9389 - val_AUROC: 0.9406 - val_acc: 0.8766 - val_loss: 0.3119
Epoch 2/100
292/292 - 12s - 40ms/step - AUPRC: 0.9455 - AUROC: 0.9477 - acc: 0.8817 - loss: 0.2910 - val_AUPRC: 0.9450 - val_AUROC: 0.9458 - val_acc: 0.8862 - val_loss: 0.2989
Epoch 3/100
292/292 - 13s - 46ms/step - AUPRC: 0.9485 - AUROC: 0.9503 - acc: 0.8834 - loss: 0.2830 - val_AUPRC: 0.9459 - val_AUROC: 0.9471 - val_acc: 0.8843 - val_loss: 0.2947
Epoch 4/100
292/292 - 13s - 44ms/step - AUPRC: 0.9511 - AUROC: 0.9528 - acc: 0.8877 - loss: 0.2754 - val_AUPRC: 0.9477 - val_AUROC: 0.9486 - val_acc: 0.8852 - val_loss: 0.2915
Epoch 5/100
292/292 - 11s - 38ms/step - AUPRC: 0.9524 - AUROC: 0.9536 - acc: 0.8901 - loss: 0.2732 - val_AUPRC: 0.9485 - val_AUROC: 0.9491 - val_acc: 0.8843 - val_loss: 0.2883
Epoch 6/100
292/292 - 14s - 50ms/step - AUPRC: 0.9540 - AUROC: 0.9550 - acc: 0.8927 - loss: 0.2688 - val_AUPRC: 0.9514 - val_AUROC: 0.9512 - val_acc: 0.8852 - val_loss: 0.2844
Epoch 7/100
292/292 - 12s - 40ms/step - AUPRC: 0.9549 - AUROC: 0.9559 - acc: 0.8928 - loss: 0.2659 - val_AUPRC: 0.9518 - val_AUROC: 0.9516 - val_acc: 0.8881 - val_loss: 0.2820
Epoch 8/100
292/292 - 14s - 48ms/step - AUPRC: 0.9558 - AUROC: 0.9567 - acc: 0.8913 - loss: 0.2644 - val_AUPRC: 0.9532 - val_AUROC: 0.9530 - val_acc: 0.8881 - val_loss: 0.2779
Epoch 9/100
292/292 - 15s - 50ms/step - AUPRC: 0.9574 - AUROC: 0.9581 - acc: 0.8956 - loss: 0.2602 - val_AUPRC: 0.9539 - val_AUROC: 0.9534 - val_acc: 0.8891 - val_loss: 0.2751
Epoch 10/100
292/292 - 13s - 43ms/step - AUPRC: 0.9567 - AUROC: 0.9573 - acc: 0.8953 - loss: 0.2628 - val_AUPRC: 0.9546 - val_AUROC: 0.9541 - val_acc: 0.8872 - val_loss: 0.2745
Epoch 11/100
292/292 - 12s - 41ms/step - AUPRC: 0.9585 - AUROC: 0.9591 - acc: 0.8961 - loss: 0.2578 - val_AUPRC: 0.9552 - val_AUROC: 0.9545 - val_acc: 0.8881 - val_loss: 0.2732
Epoch 12/100
292/292 - 12s - 40ms/step - AUPRC: 0.9587 - AUROC: 0.9595 - acc: 0.8961 - loss: 0.2557 - val_AUPRC: 0.9550 - val_AUROC: 0.9544 - val_acc: 0.8872 - val_loss: 0.2729
Epoch 13/100
292/292 - 12s - 41ms/step - AUPRC: 0.9603 - AUROC: 0.9609 - acc: 0.8978 - loss: 0.2522 - val_AUPRC: 0.9578 - val_AUROC: 0.9571 - val_acc: 0.8852 - val_loss: 0.2659
Epoch 14/100
292/292 - 12s - 41ms/step - AUPRC: 0.9602 - AUROC: 0.9610 - acc: 0.8967 - loss: 0.2510 - val_AUPRC: 0.9582 - val_AUROC: 0.9576 - val_acc: 0.8872 - val_loss: 0.2636
Epoch 15/100
292/292 - 14s - 49ms/step - AUPRC: 0.9607 - AUROC: 0.9612 - acc: 0.8991 - loss: 0.2506 - val_AUPRC: 0.9568 - val_AUROC: 0.9567 - val_acc: 0.8843 - val_loss: 0.2651
Epoch 16/100
292/292 - 12s - 41ms/step - AUPRC: 0.9613 - AUROC: 0.9618 - acc: 0.8992 - loss: 0.2490 - val_AUPRC: 0.9580 - val_AUROC: 0.9577 - val_acc: 0.8881 - val_loss: 0.2626
Epoch 17/100
292/292 - 15s - 51ms/step - AUPRC: 0.9619 - AUROC: 0.9625 - acc: 0.8997 - loss: 0.2468 - val_AUPRC: 0.9577 - val_AUROC: 0.9575 - val_acc: 0.8920 - val_loss: 0.2637
Epoch 18/100
292/292 - 12s - 42ms/step - AUPRC: 0.9628 - AUROC: 0.9631 - acc: 0.9010 - loss: 0.2447 - val_AUPRC: 0.9570 - val_AUROC: 0.9574 - val_acc: 0.8930 - val_loss: 0.2620
Epoch 19/100
292/292 - 11s - 38ms/step - AUPRC: 0.9636 - AUROC: 0.9640 - acc: 0.9021 - loss: 0.2418 - val_AUPRC: 0.9554 - val_AUROC: 0.9558 - val_acc: 0.8872 - val_loss: 0.2675
Epoch 20/100
292/292 - 15s - 51ms/step - AUPRC: 0.9633 - AUROC: 0.9639 - acc: 0.9036 - loss: 0.2409 - val_AUPRC: 0.9566 - val_AUROC: 0.9571 - val_acc: 0.8901 - val_loss: 0.2639
Epoch 21/100
292/292 - 12s - 40ms/step - AUPRC: 0.9618 - AUROC: 0.9624 - acc: 0.9018 - loss: 0.2467 - val_AUPRC: 0.9574 - val_AUROC: 0.9572 - val_acc: 0.8930 - val_loss: 0.2626
Epoch 22/100
292/292 - 14s - 48ms/step - AUPRC: 0.9633 - AUROC: 0.9637 - acc: 0.9010 - loss: 0.2420 - val_AUPRC: 0.9569 - val_AUROC: 0.9573 - val_acc: 0.8930 - val_loss: 0.2628
Epoch 23/100
292/292 - 12s - 42ms/step - AUPRC: 0.9647 - AUROC: 0.9649 - acc: 0.9014 - loss: 0.2387 - val_AUPRC: 0.9576 - val_AUROC: 0.9579 - val_acc: 0.8901 - val_loss: 0.2612
Epoch 24/100
292/292 - 15s - 53ms/step - AUPRC: 0.9642 - AUROC: 0.9647 - acc: 0.9033 - loss: 0.2386 - val_AUPRC: 0.9577 - val_AUROC: 0.9584 - val_acc: 0.8939 - val_loss: 0.2584
Epoch 25/100
292/292 - 12s - 42ms/step - AUPRC: 0.9651 - AUROC: 0.9654 - acc: 0.9057 - loss: 0.2366 - val_AUPRC: 0.9580 - val_AUROC: 0.9584 - val_acc: 0.8949 - val_loss: 0.2587
Epoch 26/100
292/292 - 14s - 46ms/step - AUPRC: 0.9658 - AUROC: 0.9662 - acc: 0.9049 - loss: 0.2337 - val_AUPRC: 0.9574 - val_AUROC: 0.9579 - val_acc: 0.8939 - val_loss: 0.2614
Epoch 27/100
292/292 - 13s - 45ms/step - AUPRC: 0.9659 - AUROC: 0.9661 - acc: 0.9055 - loss: 0.2343 - val_AUPRC: 0.9576 - val_AUROC: 0.9577 - val_acc: 0.8920 - val_loss: 0.2626
Epoch 28/100
292/292 - 12s - 41ms/step - AUPRC: 0.9659 - AUROC: 0.9662 - acc: 0.9054 - loss: 0.2337 - val_AUPRC: 0.9589 - val_AUROC: 0.9592 - val_acc: 0.8920 - val_loss: 0.2578
Epoch 29/100
292/292 - 15s - 52ms/step - AUPRC: 0.9659 - AUROC: 0.9663 - acc: 0.9059 - loss: 0.2339 - val_AUPRC: 0.9576 - val_AUROC: 0.9581 - val_acc: 0.8939 - val_loss: 0.2601
Epoch 30/100
292/292 - 12s - 40ms/step - AUPRC: 0.9665 - AUROC: 0.9667 - acc: 0.9063 - loss: 0.2317 - val_AUPRC: 0.9589 - val_AUROC: 0.9592 - val_acc: 0.8939 - val_loss: 0.2560
Epoch 31/100
292/292 - 15s - 52ms/step - AUPRC: 0.9673 - AUROC: 0.9674 - acc: 0.9055 - loss: 0.2301 - val_AUPRC: 0.9571 - val_AUROC: 0.9577 - val_acc: 0.8881 - val_loss: 0.2610
Epoch 32/100
292/292 - 11s - 39ms/step - AUPRC: 0.9669 - AUROC: 0.9672 - acc: 0.9072 - loss: 0.2300 - val_AUPRC: 0.9573 - val_AUROC: 0.9575 - val_acc: 0.8920 - val_loss: 0.2639
Epoch 33/100
292/292 - 15s - 50ms/step - AUPRC: 0.9674 - AUROC: 0.9676 - acc: 0.9078 - loss: 0.2288 - val_AUPRC: 0.9584 - val_AUROC: 0.9585 - val_acc: 0.8968 - val_loss: 0.2599
Epoch 34/100
292/292 - 11s - 38ms/step - AUPRC: 0.9681 - AUROC: 0.9683 - acc: 0.9088 - loss: 0.2269 - val_AUPRC: 0.9585 - val_AUROC: 0.9588 - val_acc: 0.8959 - val_loss: 0.2584
Epoch 35/100
292/292 - 16s - 56ms/step - AUPRC: 0.9685 - AUROC: 0.9689 - acc: 0.9088 - loss: 0.2245 - val_AUPRC: 0.9611 - val_AUROC: 0.9613 - val_acc: 0.8997 - val_loss: 0.2507
Epoch 36/100
292/292 - 12s - 41ms/step - AUPRC: 0.9678 - AUROC: 0.9681 - acc: 0.9083 - loss: 0.2269 - val_AUPRC: 0.9601 - val_AUROC: 0.9604 - val_acc: 0.9007 - val_loss: 0.2527
Epoch 37/100
292/292 - 15s - 51ms/step - AUPRC: 0.9684 - AUROC: 0.9686 - acc: 0.9081 - loss: 0.2256 - val_AUPRC: 0.9595 - val_AUROC: 0.9599 - val_acc: 0.8978 - val_loss: 0.2559
Epoch 38/100
292/292 - 12s - 42ms/step - AUPRC: 0.9688 - AUROC: 0.9691 - acc: 0.9110 - loss: 0.2231 - val_AUPRC: 0.9605 - val_AUROC: 0.9605 - val_acc: 0.9007 - val_loss: 0.2544
Epoch 39/100
292/292 - 14s - 48ms/step - AUPRC: 0.9697 - AUROC: 0.9699 - acc: 0.9119 - loss: 0.2210 - val_AUPRC: 0.9595 - val_AUROC: 0.9594 - val_acc: 0.9016 - val_loss: 0.2579
Epoch 40/100
292/292 - 14s - 48ms/step - AUPRC: 0.9695 - AUROC: 0.9696 - acc: 0.9108 - loss: 0.2213 - val_AUPRC: 0.9611 - val_AUROC: 0.9610 - val_acc: 0.9016 - val_loss: 0.2504
Epoch 41/100
292/292 - 12s - 41ms/step - AUPRC: 0.9702 - AUROC: 0.9702 - acc: 0.9105 - loss: 0.2197 - val_AUPRC: 0.9616 - val_AUROC: 0.9614 - val_acc: 0.8987 - val_loss: 0.2502
Epoch 42/100
292/292 - 14s - 49ms/step - AUPRC: 0.9702 - AUROC: 0.9704 - acc: 0.9107 - loss: 0.2183 - val_AUPRC: 0.9598 - val_AUROC: 0.9596 - val_acc: 0.8939 - val_loss: 0.2573
Epoch 43/100
292/292 - 12s - 40ms/step - AUPRC: 0.9701 - AUROC: 0.9701 - acc: 0.9091 - loss: 0.2204 - val_AUPRC: 0.9595 - val_AUROC: 0.9595 - val_acc: 0.8997 - val_loss: 0.2577
Epoch 44/100
292/292 - 14s - 49ms/step - AUPRC: 0.9704 - AUROC: 0.9708 - acc: 0.9121 - loss: 0.2171 - val_AUPRC: 0.9603 - val_AUROC: 0.9603 - val_acc: 0.9007 - val_loss: 0.2544
Epoch 45/100
292/292 - 12s - 43ms/step - AUPRC: 0.9717 - AUROC: 0.9719 - acc: 0.9142 - loss: 0.2127 - val_AUPRC: 0.9597 - val_AUROC: 0.9596 - val_acc: 0.9007 - val_loss: 0.2584
Epoch 46/100
292/292 - 14s - 49ms/step - AUPRC: 0.9702 - AUROC: 0.9706 - acc: 0.9102 - loss: 0.2179 - val_AUPRC: 0.9590 - val_AUROC: 0.9593 - val_acc: 0.8939 - val_loss: 0.2577
Epoch 47/100
292/292 - 12s - 40ms/step - AUPRC: 0.9713 - AUROC: 0.9714 - acc: 0.9144 - loss: 0.2151 - val_AUPRC: 0.9583 - val_AUROC: 0.9582 - val_acc: 0.8939 - val_loss: 0.2636
Epoch 48/100
292/292 - 11s - 39ms/step - AUPRC: 0.9714 - AUROC: 0.9717 - acc: 0.9141 - loss: 0.2134 - val_AUPRC: 0.9571 - val_AUROC: 0.9572 - val_acc: 0.8939 - val_loss: 0.2675
Epoch 49/100
292/292 - 13s - 44ms/step - AUPRC: 0.9724 - AUROC: 0.9723 - acc: 0.9151 - loss: 0.2119 - val_AUPRC: 0.9582 - val_AUROC: 0.9580 - val_acc: 0.8930 - val_loss: 0.2656
Epoch 50/100
292/292 - 12s - 41ms/step - AUPRC: 0.9715 - AUROC: 0.9715 - acc: 0.9124 - loss: 0.2150 - val_AUPRC: 0.9600 - val_AUROC: 0.9600 - val_acc: 0.8949 - val_loss: 0.2561
Epoch 51/100
292/292 - 23s - 78ms/step - AUPRC: 0.9723 - AUROC: 0.9722 - acc: 0.9153 - loss: 0.2126 - val_AUPRC: 0.9586 - val_AUROC: 0.9588 - val_acc: 0.8978 - val_loss: 0.2609
******Evaluating TEST set*********
33/33 - 1s - 30ms/step
              precision    recall  f1-score   support

           0       0.88      0.85      0.87       403
           1       0.91      0.93      0.92       634

    accuracy                           0.90      1037
   macro avg       0.90      0.89      0.89      1037
weighted avg       0.90      0.90      0.90      1037

******Evaluating RANDOM Model*********
              precision    recall  f1-score   support

           0       0.39      0.51      0.44       403
           1       0.62      0.50      0.56       634

    accuracy                           0.51      1037
   macro avg       0.51      0.51      0.50      1037
weighted avg       0.53      0.51      0.51      1037

______________________________________________________
fold 7
Model: "functional_15"
┏━━━━━━━━━━━━━━━━━━━━━━━━━━━━━━━━━┳━━━━━━━━━━━━━━━━━━━━━━━━┳━━━━━━━━━━━━━━━┓
┃ Layer (type)                    ┃ Output Shape           ┃       Param # ┃
┡━━━━━━━━━━━━━━━━━━━━━━━━━━━━━━━━━╇━━━━━━━━━━━━━━━━━━━━━━━━╇━━━━━━━━━━━━━━━┩
│ input_layer_7 (InputLayer)      │ (None, 150, 6, 3)      │             0 │
├─────────────────────────────────┼────────────────────────┼───────────────┤
│ conv2d_7 (Conv2D)               │ (None, 146, 1, 64)     │         5,824 │
├─────────────────────────────────┼────────────────────────┼───────────────┤
│ lambda_14 (Lambda)              │ (None, 146, 64)        │             0 │
├─────────────────────────────────┼────────────────────────┼───────────────┤
│ lstm (LSTM)                     │ [(None, 146, 64),      │        33,024 │
│                                 │ (None, 64), (None,     │               │
│                                 │ 64)]                   │               │
├─────────────────────────────────┼────────────────────────┼───────────────┤
│ self_attention_7                │ [(None, 1024), (None,  │         2,560 │
│ (SelfAttention)                 │ 16, 146)]              │               │
├─────────────────────────────────┼────────────────────────┼───────────────┤
│ lambda_15 (Lambda)              │ (None, 1024)           │             0 │
├─────────────────────────────────┼────────────────────────┼───────────────┤
│ dense_7 (Dense)                 │ (None, 2)              │         2,050 │
└─────────────────────────────────┴────────────────────────┴───────────────┘
 Total params: 43,458 (169.76 KB)
 Trainable params: 43,458 (169.76 KB)
 Non-trainable params: 0 (0.00 B)
Epoch 1/100
292/292 - 14s - 46ms/step - AUPRC: 0.9263 - AUROC: 0.9295 - acc: 0.8647 - loss: 0.3395 - val_AUPRC: 0.9488 - val_AUROC: 0.9509 - val_acc: 0.8881 - val_loss: 0.2792
Epoch 2/100
292/292 - 16s - 54ms/step - AUPRC: 0.9453 - AUROC: 0.9467 - acc: 0.8765 - loss: 0.2953 - val_AUPRC: 0.9517 - val_AUROC: 0.9535 - val_acc: 0.8949 - val_loss: 0.2702
Epoch 3/100
292/292 - 12s - 41ms/step - AUPRC: 0.9478 - AUROC: 0.9490 - acc: 0.8830 - loss: 0.2876 - val_AUPRC: 0.9538 - val_AUROC: 0.9556 - val_acc: 0.8910 - val_loss: 0.2642
Epoch 4/100
292/292 - 14s - 49ms/step - AUPRC: 0.9493 - AUROC: 0.9507 - acc: 0.8850 - loss: 0.2822 - val_AUPRC: 0.9580 - val_AUROC: 0.9590 - val_acc: 0.8959 - val_loss: 0.2587
Epoch 5/100
292/292 - 14s - 46ms/step - AUPRC: 0.9513 - AUROC: 0.9524 - acc: 0.8877 - loss: 0.2772 - val_AUPRC: 0.9568 - val_AUROC: 0.9580 - val_acc: 0.8968 - val_loss: 0.2597
Epoch 6/100
292/292 - 13s - 43ms/step - AUPRC: 0.9539 - AUROC: 0.9547 - acc: 0.8918 - loss: 0.2711 - val_AUPRC: 0.9560 - val_AUROC: 0.9579 - val_acc: 0.8978 - val_loss: 0.2576
Epoch 7/100
292/292 - 11s - 39ms/step - AUPRC: 0.9554 - AUROC: 0.9560 - acc: 0.8929 - loss: 0.2673 - val_AUPRC: 0.9598 - val_AUROC: 0.9611 - val_acc: 0.9016 - val_loss: 0.2494
Epoch 8/100
292/292 - 11s - 38ms/step - AUPRC: 0.9567 - AUROC: 0.9573 - acc: 0.8929 - loss: 0.2635 - val_AUPRC: 0.9599 - val_AUROC: 0.9611 - val_acc: 0.8987 - val_loss: 0.2491
Epoch 9/100
292/292 - 14s - 48ms/step - AUPRC: 0.9575 - AUROC: 0.9580 - acc: 0.8968 - loss: 0.2608 - val_AUPRC: 0.9616 - val_AUROC: 0.9624 - val_acc: 0.9016 - val_loss: 0.2451
Epoch 10/100
292/292 - 11s - 37ms/step - AUPRC: 0.9590 - AUROC: 0.9593 - acc: 0.8968 - loss: 0.2571 - val_AUPRC: 0.9606 - val_AUROC: 0.9614 - val_acc: 0.9007 - val_loss: 0.2476
Epoch 11/100
292/292 - 13s - 44ms/step - AUPRC: 0.9595 - AUROC: 0.9598 - acc: 0.8983 - loss: 0.2552 - val_AUPRC: 0.9613 - val_AUROC: 0.9620 - val_acc: 0.9007 - val_loss: 0.2469
Epoch 12/100
292/292 - 12s - 41ms/step - AUPRC: 0.9603 - AUROC: 0.9609 - acc: 0.9001 - loss: 0.2515 - val_AUPRC: 0.9618 - val_AUROC: 0.9625 - val_acc: 0.9055 - val_loss: 0.2452
Epoch 13/100
292/292 - 11s - 38ms/step - AUPRC: 0.9614 - AUROC: 0.9618 - acc: 0.8994 - loss: 0.2489 - val_AUPRC: 0.9624 - val_AUROC: 0.9626 - val_acc: 0.9045 - val_loss: 0.2463
Epoch 14/100
292/292 - 14s - 48ms/step - AUPRC: 0.9620 - AUROC: 0.9622 - acc: 0.9014 - loss: 0.2477 - val_AUPRC: 0.9623 - val_AUROC: 0.9625 - val_acc: 0.9026 - val_loss: 0.2458
Epoch 15/100
292/292 - 12s - 40ms/step - AUPRC: 0.9624 - AUROC: 0.9627 - acc: 0.9019 - loss: 0.2454 - val_AUPRC: 0.9617 - val_AUROC: 0.9621 - val_acc: 0.9016 - val_loss: 0.2473
Epoch 16/100
292/292 - 15s - 53ms/step - AUPRC: 0.9629 - AUROC: 0.9632 - acc: 0.9035 - loss: 0.2439 - val_AUPRC: 0.9613 - val_AUROC: 0.9618 - val_acc: 0.9065 - val_loss: 0.2472
Epoch 17/100
292/292 - 12s - 41ms/step - AUPRC: 0.9631 - AUROC: 0.9633 - acc: 0.9035 - loss: 0.2440 - val_AUPRC: 0.9615 - val_AUROC: 0.9620 - val_acc: 0.9016 - val_loss: 0.2465
Epoch 18/100
292/292 - 12s - 40ms/step - AUPRC: 0.9638 - AUROC: 0.9641 - acc: 0.9038 - loss: 0.2413 - val_AUPRC: 0.9622 - val_AUROC: 0.9624 - val_acc: 0.9055 - val_loss: 0.2461
Epoch 19/100
292/292 - 13s - 44ms/step - AUPRC: 0.9641 - AUROC: 0.9643 - acc: 0.9063 - loss: 0.2403 - val_AUPRC: 0.9612 - val_AUROC: 0.9620 - val_acc: 0.9055 - val_loss: 0.2458
Epoch 20/100
292/292 - 11s - 38ms/step - AUPRC: 0.9655 - AUROC: 0.9655 - acc: 0.9049 - loss: 0.2367 - val_AUPRC: 0.9610 - val_AUROC: 0.9611 - val_acc: 0.9065 - val_loss: 0.2495
Epoch 21/100
292/292 - 12s - 41ms/step - AUPRC: 0.9651 - AUROC: 0.9653 - acc: 0.9076 - loss: 0.2371 - val_AUPRC: 0.9616 - val_AUROC: 0.9621 - val_acc: 0.9055 - val_loss: 0.2464
Epoch 22/100
292/292 - 12s - 43ms/step - AUPRC: 0.9651 - AUROC: 0.9654 - acc: 0.9040 - loss: 0.2367 - val_AUPRC: 0.9613 - val_AUROC: 0.9618 - val_acc: 0.9065 - val_loss: 0.2472
Epoch 23/100
292/292 - 11s - 38ms/step - AUPRC: 0.9654 - AUROC: 0.9655 - acc: 0.9077 - loss: 0.2358 - val_AUPRC: 0.9622 - val_AUROC: 0.9623 - val_acc: 0.9036 - val_loss: 0.2478
******Evaluating TEST set*********
33/33 - 3s - 85ms/step
              precision    recall  f1-score   support

           0       0.91      0.84      0.87       403
           1       0.90      0.95      0.92       634

    accuracy                           0.90      1037
   macro avg       0.91      0.89      0.90      1037
weighted avg       0.90      0.90      0.90      1037

******Evaluating RANDOM Model*********
              precision    recall  f1-score   support

           0       0.38      0.48      0.42       403
           1       0.61      0.51      0.55       634

    accuracy                           0.50      1037
   macro avg       0.49      0.49      0.49      1037
weighted avg       0.52      0.50      0.50      1037

______________________________________________________
fold 8
Model: "functional_17"
┏━━━━━━━━━━━━━━━━━━━━━━━━━━━━━━━━━┳━━━━━━━━━━━━━━━━━━━━━━━━┳━━━━━━━━━━━━━━━┓
┃ Layer (type)                    ┃ Output Shape           ┃       Param # ┃
┡━━━━━━━━━━━━━━━━━━━━━━━━━━━━━━━━━╇━━━━━━━━━━━━━━━━━━━━━━━━╇━━━━━━━━━━━━━━━┩
│ input_layer_8 (InputLayer)      │ (None, 150, 6, 3)      │             0 │
├─────────────────────────────────┼────────────────────────┼───────────────┤
│ conv2d_8 (Conv2D)               │ (None, 146, 1, 64)     │         5,824 │
├─────────────────────────────────┼────────────────────────┼───────────────┤
│ lambda_16 (Lambda)              │ (None, 146, 64)        │             0 │
├─────────────────────────────────┼────────────────────────┼───────────────┤
│ lstm (LSTM)                     │ [(None, 146, 64),      │        33,024 │
│                                 │ (None, 64), (None,     │               │
│                                 │ 64)]                   │               │
├─────────────────────────────────┼────────────────────────┼───────────────┤
│ self_attention_8                │ [(None, 1024), (None,  │         2,560 │
│ (SelfAttention)                 │ 16, 146)]              │               │
├─────────────────────────────────┼────────────────────────┼───────────────┤
│ lambda_17 (Lambda)              │ (None, 1024)           │             0 │
├─────────────────────────────────┼────────────────────────┼───────────────┤
│ dense_8 (Dense)                 │ (None, 2)              │         2,050 │
└─────────────────────────────────┴────────────────────────┴───────────────┘
 Total params: 43,458 (169.76 KB)
 Trainable params: 43,458 (169.76 KB)
 Non-trainable params: 0 (0.00 B)
Epoch 1/100
292/292 - 17s - 59ms/step - AUPRC: 0.9273 - AUROC: 0.9316 - acc: 0.8694 - loss: 0.3330 - val_AUPRC: 0.9429 - val_AUROC: 0.9424 - val_acc: 0.8689 - val_loss: 0.3147
Epoch 2/100
292/292 - 14s - 49ms/step - AUPRC: 0.9459 - AUROC: 0.9480 - acc: 0.8834 - loss: 0.2902 - val_AUPRC: 0.9462 - val_AUROC: 0.9455 - val_acc: 0.8717 - val_loss: 0.3082
Epoch 3/100
292/292 - 12s - 43ms/step - AUPRC: 0.9487 - AUROC: 0.9504 - acc: 0.8861 - loss: 0.2823 - val_AUPRC: 0.9464 - val_AUROC: 0.9460 - val_acc: 0.8746 - val_loss: 0.3053
Epoch 4/100
292/292 - 12s - 41ms/step - AUPRC: 0.9512 - AUROC: 0.9529 - acc: 0.8899 - loss: 0.2746 - val_AUPRC: 0.9485 - val_AUROC: 0.9478 - val_acc: 0.8804 - val_loss: 0.3046
Epoch 5/100
292/292 - 14s - 48ms/step - AUPRC: 0.9537 - AUROC: 0.9549 - acc: 0.8928 - loss: 0.2693 - val_AUPRC: 0.9494 - val_AUROC: 0.9486 - val_acc: 0.8814 - val_loss: 0.3017
Epoch 6/100
292/292 - 12s - 40ms/step - AUPRC: 0.9548 - AUROC: 0.9560 - acc: 0.8946 - loss: 0.2659 - val_AUPRC: 0.9477 - val_AUROC: 0.9471 - val_acc: 0.8766 - val_loss: 0.3022
Epoch 7/100
292/292 - 19s - 64ms/step - AUPRC: 0.9564 - AUROC: 0.9574 - acc: 0.8947 - loss: 0.2615 - val_AUPRC: 0.9490 - val_AUROC: 0.9483 - val_acc: 0.8795 - val_loss: 0.2975
Epoch 8/100
292/292 - 12s - 40ms/step - AUPRC: 0.9577 - AUROC: 0.9587 - acc: 0.8969 - loss: 0.2574 - val_AUPRC: 0.9505 - val_AUROC: 0.9496 - val_acc: 0.8833 - val_loss: 0.2954
Epoch 9/100
292/292 - 15s - 53ms/step - AUPRC: 0.9589 - AUROC: 0.9597 - acc: 0.8973 - loss: 0.2547 - val_AUPRC: 0.9503 - val_AUROC: 0.9495 - val_acc: 0.8843 - val_loss: 0.2976
Epoch 10/100
292/292 - 13s - 44ms/step - AUPRC: 0.9591 - AUROC: 0.9601 - acc: 0.9003 - loss: 0.2531 - val_AUPRC: 0.9504 - val_AUROC: 0.9495 - val_acc: 0.8814 - val_loss: 0.2945
Epoch 11/100
292/292 - 12s - 40ms/step - AUPRC: 0.9606 - AUROC: 0.9614 - acc: 0.8992 - loss: 0.2493 - val_AUPRC: 0.9499 - val_AUROC: 0.9494 - val_acc: 0.8824 - val_loss: 0.2942
Epoch 12/100
292/292 - 17s - 59ms/step - AUPRC: 0.9604 - AUROC: 0.9611 - acc: 0.9009 - loss: 0.2503 - val_AUPRC: 0.9500 - val_AUROC: 0.9492 - val_acc: 0.8785 - val_loss: 0.2953
Epoch 13/100
292/292 - 13s - 43ms/step - AUPRC: 0.9615 - AUROC: 0.9621 - acc: 0.9006 - loss: 0.2471 - val_AUPRC: 0.9491 - val_AUROC: 0.9485 - val_acc: 0.8814 - val_loss: 0.2952
Epoch 14/100
292/292 - 14s - 47ms/step - AUPRC: 0.9617 - AUROC: 0.9623 - acc: 0.8998 - loss: 0.2466 - val_AUPRC: 0.9500 - val_AUROC: 0.9489 - val_acc: 0.8756 - val_loss: 0.2949
Epoch 15/100
292/292 - 12s - 42ms/step - AUPRC: 0.9624 - AUROC: 0.9630 - acc: 0.9000 - loss: 0.2445 - val_AUPRC: 0.9493 - val_AUROC: 0.9488 - val_acc: 0.8833 - val_loss: 0.2938
Epoch 16/100
292/292 - 16s - 56ms/step - AUPRC: 0.9627 - AUROC: 0.9635 - acc: 0.8999 - loss: 0.2427 - val_AUPRC: 0.9501 - val_AUROC: 0.9494 - val_acc: 0.8833 - val_loss: 0.2937
Epoch 17/100
292/292 - 14s - 47ms/step - AUPRC: 0.9631 - AUROC: 0.9637 - acc: 0.9031 - loss: 0.2416 - val_AUPRC: 0.9497 - val_AUROC: 0.9496 - val_acc: 0.8843 - val_loss: 0.2907
Epoch 18/100
292/292 - 12s - 40ms/step - AUPRC: 0.9628 - AUROC: 0.9635 - acc: 0.9022 - loss: 0.2417 - val_AUPRC: 0.9483 - val_AUROC: 0.9482 - val_acc: 0.8824 - val_loss: 0.2935
******Evaluating TEST set*********
33/33 - 1s - 23ms/step
              precision    recall  f1-score   support

           0       0.90      0.79      0.84       403
           1       0.87      0.94      0.91       634

    accuracy                           0.88      1037
   macro avg       0.89      0.87      0.87      1037
weighted avg       0.88      0.88      0.88      1037

******Evaluating RANDOM Model*********
              precision    recall  f1-score   support

           0       0.41      0.55      0.47       403
           1       0.63      0.49      0.55       634

    accuracy                           0.51      1037
   macro avg       0.52      0.52      0.51      1037
weighted avg       0.54      0.51      0.52      1037

______________________________________________________
fold 9
Model: "functional_19"
┏━━━━━━━━━━━━━━━━━━━━━━━━━━━━━━━━━┳━━━━━━━━━━━━━━━━━━━━━━━━┳━━━━━━━━━━━━━━━┓
┃ Layer (type)                    ┃ Output Shape           ┃       Param # ┃
┡━━━━━━━━━━━━━━━━━━━━━━━━━━━━━━━━━╇━━━━━━━━━━━━━━━━━━━━━━━━╇━━━━━━━━━━━━━━━┩
│ input_layer_9 (InputLayer)      │ (None, 150, 6, 3)      │             0 │
├─────────────────────────────────┼────────────────────────┼───────────────┤
│ conv2d_9 (Conv2D)               │ (None, 146, 1, 64)     │         5,824 │
├─────────────────────────────────┼────────────────────────┼───────────────┤
│ lambda_18 (Lambda)              │ (None, 146, 64)        │             0 │
├─────────────────────────────────┼────────────────────────┼───────────────┤
│ lstm (LSTM)                     │ [(None, 146, 64),      │        33,024 │
│                                 │ (None, 64), (None,     │               │
│                                 │ 64)]                   │               │
├─────────────────────────────────┼────────────────────────┼───────────────┤
│ self_attention_9                │ [(None, 1024), (None,  │         2,560 │
│ (SelfAttention)                 │ 16, 146)]              │               │
├─────────────────────────────────┼────────────────────────┼───────────────┤
│ lambda_19 (Lambda)              │ (None, 1024)           │             0 │
├─────────────────────────────────┼────────────────────────┼───────────────┤
│ dense_9 (Dense)                 │ (None, 2)              │         2,050 │
└─────────────────────────────────┴────────────────────────┴───────────────┘
 Total params: 43,458 (169.76 KB)
 Trainable params: 43,458 (169.76 KB)
 Non-trainable params: 0 (0.00 B)
Epoch 1/100
292/292 - 20s - 67ms/step - AUPRC: 0.9279 - AUROC: 0.9308 - acc: 0.8602 - loss: 0.3374 - val_AUPRC: 0.9349 - val_AUROC: 0.9384 - val_acc: 0.8640 - val_loss: 0.3216
Epoch 2/100
292/292 - 11s - 38ms/step - AUPRC: 0.9471 - AUROC: 0.9484 - acc: 0.8813 - loss: 0.2901 - val_AUPRC: 0.9423 - val_AUROC: 0.9439 - val_acc: 0.8717 - val_loss: 0.3054
Epoch 3/100
292/292 - 14s - 48ms/step - AUPRC: 0.9493 - AUROC: 0.9507 - acc: 0.8857 - loss: 0.2830 - val_AUPRC: 0.9444 - val_AUROC: 0.9467 - val_acc: 0.8804 - val_loss: 0.2962
Epoch 4/100
292/292 - 11s - 37ms/step - AUPRC: 0.9515 - AUROC: 0.9527 - acc: 0.8884 - loss: 0.2765 - val_AUPRC: 0.9465 - val_AUROC: 0.9484 - val_acc: 0.8785 - val_loss: 0.2928
Epoch 5/100
292/292 - 12s - 43ms/step - AUPRC: 0.9534 - AUROC: 0.9544 - acc: 0.8914 - loss: 0.2718 - val_AUPRC: 0.9488 - val_AUROC: 0.9501 - val_acc: 0.8852 - val_loss: 0.2880
Epoch 6/100
292/292 - 13s - 46ms/step - AUPRC: 0.9554 - AUROC: 0.9561 - acc: 0.8917 - loss: 0.2672 - val_AUPRC: 0.9488 - val_AUROC: 0.9505 - val_acc: 0.8852 - val_loss: 0.2901
Epoch 7/100
292/292 - 15s - 52ms/step - AUPRC: 0.9570 - AUROC: 0.9574 - acc: 0.8927 - loss: 0.2636 - val_AUPRC: 0.9517 - val_AUROC: 0.9533 - val_acc: 0.8843 - val_loss: 0.2799
Epoch 8/100
292/292 - 12s - 43ms/step - AUPRC: 0.9577 - AUROC: 0.9581 - acc: 0.8938 - loss: 0.2605 - val_AUPRC: 0.9504 - val_AUROC: 0.9520 - val_acc: 0.8862 - val_loss: 0.2825
Epoch 9/100
292/292 - 12s - 39ms/step - AUPRC: 0.9586 - AUROC: 0.9591 - acc: 0.8954 - loss: 0.2573 - val_AUPRC: 0.9516 - val_AUROC: 0.9529 - val_acc: 0.8901 - val_loss: 0.2795
Epoch 10/100
292/292 - 19s - 66ms/step - AUPRC: 0.9592 - AUROC: 0.9596 - acc: 0.8966 - loss: 0.2558 - val_AUPRC: 0.9524 - val_AUROC: 0.9536 - val_acc: 0.8852 - val_loss: 0.2779
Epoch 11/100
292/292 - 11s - 38ms/step - AUPRC: 0.9601 - AUROC: 0.9606 - acc: 0.8974 - loss: 0.2527 - val_AUPRC: 0.9534 - val_AUROC: 0.9546 - val_acc: 0.8852 - val_loss: 0.2744
Epoch 12/100
292/292 - 15s - 52ms/step - AUPRC: 0.9604 - AUROC: 0.9608 - acc: 0.8973 - loss: 0.2521 - val_AUPRC: 0.9520 - val_AUROC: 0.9533 - val_acc: 0.8833 - val_loss: 0.2788
Epoch 13/100
292/292 - 13s - 46ms/step - AUPRC: 0.9598 - AUROC: 0.9601 - acc: 0.8964 - loss: 0.2554 - val_AUPRC: 0.9492 - val_AUROC: 0.9520 - val_acc: 0.8833 - val_loss: 0.2808
Epoch 14/100
292/292 - 11s - 39ms/step - AUPRC: 0.9603 - AUROC: 0.9610 - acc: 0.8991 - loss: 0.2509 - val_AUPRC: 0.9527 - val_AUROC: 0.9538 - val_acc: 0.8872 - val_loss: 0.2778
Epoch 15/100
292/292 - 15s - 53ms/step - AUPRC: 0.9614 - AUROC: 0.9619 - acc: 0.8994 - loss: 0.2484 - val_AUPRC: 0.9531 - val_AUROC: 0.9545 - val_acc: 0.8881 - val_loss: 0.2746
Epoch 16/100
292/292 - 12s - 40ms/step - AUPRC: 0.9624 - AUROC: 0.9627 - acc: 0.8985 - loss: 0.2463 - val_AUPRC: 0.9529 - val_AUROC: 0.9541 - val_acc: 0.8891 - val_loss: 0.2765
Epoch 17/100
292/292 - 15s - 51ms/step - AUPRC: 0.9624 - AUROC: 0.9627 - acc: 0.9012 - loss: 0.2460 - val_AUPRC: 0.9544 - val_AUROC: 0.9551 - val_acc: 0.8881 - val_loss: 0.2746
Epoch 18/100
292/292 - 12s - 41ms/step - AUPRC: 0.9622 - AUROC: 0.9626 - acc: 0.9002 - loss: 0.2459 - val_AUPRC: 0.9553 - val_AUROC: 0.9564 - val_acc: 0.8901 - val_loss: 0.2687
Epoch 19/100
292/292 - 11s - 38ms/step - AUPRC: 0.9630 - AUROC: 0.9633 - acc: 0.9027 - loss: 0.2431 - val_AUPRC: 0.9538 - val_AUROC: 0.9553 - val_acc: 0.8910 - val_loss: 0.2728
Epoch 20/100
292/292 - 17s - 57ms/step - AUPRC: 0.9632 - AUROC: 0.9637 - acc: 0.9002 - loss: 0.2422 - val_AUPRC: 0.9549 - val_AUROC: 0.9560 - val_acc: 0.8910 - val_loss: 0.2697
Epoch 21/100
292/292 - 12s - 40ms/step - AUPRC: 0.9633 - AUROC: 0.9636 - acc: 0.9010 - loss: 0.2425 - val_AUPRC: 0.9550 - val_AUROC: 0.9559 - val_acc: 0.8920 - val_loss: 0.2711
Epoch 22/100
292/292 - 19s - 67ms/step - AUPRC: 0.9643 - AUROC: 0.9645 - acc: 0.9038 - loss: 0.2401 - val_AUPRC: 0.9572 - val_AUROC: 0.9577 - val_acc: 0.8939 - val_loss: 0.2675
Epoch 23/100
292/292 - 12s - 40ms/step - AUPRC: 0.9640 - AUROC: 0.9641 - acc: 0.9018 - loss: 0.2417 - val_AUPRC: 0.9558 - val_AUROC: 0.9566 - val_acc: 0.8910 - val_loss: 0.2691
Epoch 24/100
292/292 - 16s - 56ms/step - AUPRC: 0.9643 - AUROC: 0.9646 - acc: 0.9025 - loss: 0.2390 - val_AUPRC: 0.9560 - val_AUROC: 0.9570 - val_acc: 0.8881 - val_loss: 0.2687
Epoch 25/100
292/292 - 11s - 39ms/step - AUPRC: 0.9650 - AUROC: 0.9652 - acc: 0.9044 - loss: 0.2368 - val_AUPRC: 0.9562 - val_AUROC: 0.9570 - val_acc: 0.8891 - val_loss: 0.2681
Epoch 26/100
292/292 - 11s - 39ms/step - AUPRC: 0.9649 - AUROC: 0.9653 - acc: 0.9035 - loss: 0.2366 - val_AUPRC: 0.9547 - val_AUROC: 0.9557 - val_acc: 0.8901 - val_loss: 0.2721
Epoch 27/100
292/292 - 17s - 57ms/step - AUPRC: 0.9651 - AUROC: 0.9654 - acc: 0.9046 - loss: 0.2362 - val_AUPRC: 0.9566 - val_AUROC: 0.9573 - val_acc: 0.8939 - val_loss: 0.2684
Epoch 28/100
292/292 - 12s - 39ms/step - AUPRC: 0.9658 - AUROC: 0.9660 - acc: 0.9048 - loss: 0.2339 - val_AUPRC: 0.9565 - val_AUROC: 0.9575 - val_acc: 0.8843 - val_loss: 0.2662
Epoch 29/100
292/292 - 11s - 39ms/step - AUPRC: 0.9660 - AUROC: 0.9661 - acc: 0.9059 - loss: 0.2343 - val_AUPRC: 0.9565 - val_AUROC: 0.9571 - val_acc: 0.8881 - val_loss: 0.2682
Epoch 30/100
292/292 - 19s - 64ms/step - AUPRC: 0.9664 - AUROC: 0.9666 - acc: 0.9050 - loss: 0.2322 - val_AUPRC: 0.9584 - val_AUROC: 0.9587 - val_acc: 0.8910 - val_loss: 0.2647
Epoch 31/100
292/292 - 12s - 40ms/step - AUPRC: 0.9669 - AUROC: 0.9670 - acc: 0.9068 - loss: 0.2312 - val_AUPRC: 0.9569 - val_AUROC: 0.9577 - val_acc: 0.8891 - val_loss: 0.2675
Epoch 32/100
292/292 - 17s - 59ms/step - AUPRC: 0.9671 - AUROC: 0.9673 - acc: 0.9069 - loss: 0.2299 - val_AUPRC: 0.9568 - val_AUROC: 0.9573 - val_acc: 0.8872 - val_loss: 0.2694
Epoch 33/100
292/292 - 12s - 42ms/step - AUPRC: 0.9676 - AUROC: 0.9677 - acc: 0.9084 - loss: 0.2283 - val_AUPRC: 0.9577 - val_AUROC: 0.9581 - val_acc: 0.8901 - val_loss: 0.2681
Epoch 34/100
292/292 - 12s - 39ms/step - AUPRC: 0.9677 - AUROC: 0.9678 - acc: 0.9090 - loss: 0.2276 - val_AUPRC: 0.9571 - val_AUROC: 0.9578 - val_acc: 0.8930 - val_loss: 0.2658
Epoch 35/100
292/292 - 20s - 69ms/step - AUPRC: 0.9681 - AUROC: 0.9682 - acc: 0.9105 - loss: 0.2265 - val_AUPRC: 0.9571 - val_AUROC: 0.9577 - val_acc: 0.8872 - val_loss: 0.2685
Epoch 36/100
292/292 - 12s - 42ms/step - AUPRC: 0.9687 - AUROC: 0.9686 - acc: 0.9102 - loss: 0.2252 - val_AUPRC: 0.9584 - val_AUROC: 0.9588 - val_acc: 0.8901 - val_loss: 0.2656
Epoch 37/100
292/292 - 17s - 58ms/step - AUPRC: 0.9675 - AUROC: 0.9679 - acc: 0.9066 - loss: 0.2278 - val_AUPRC: 0.9572 - val_AUROC: 0.9578 - val_acc: 0.8901 - val_loss: 0.2682
Epoch 38/100
292/292 - 14s - 47ms/step - AUPRC: 0.9692 - AUROC: 0.9693 - acc: 0.9114 - loss: 0.2222 - val_AUPRC: 0.9563 - val_AUROC: 0.9569 - val_acc: 0.8891 - val_loss: 0.2703
Epoch 39/100
292/292 - 11s - 39ms/step - AUPRC: 0.9685 - AUROC: 0.9687 - acc: 0.9094 - loss: 0.2252 - val_AUPRC: 0.9564 - val_AUROC: 0.9569 - val_acc: 0.8891 - val_loss: 0.2735
Epoch 40/100
292/292 - 15s - 52ms/step - AUPRC: 0.9689 - AUROC: 0.9689 - acc: 0.9112 - loss: 0.2239 - val_AUPRC: 0.9561 - val_AUROC: 0.9571 - val_acc: 0.8930 - val_loss: 0.2690
Epoch 41/100
292/292 - 11s - 39ms/step - AUPRC: 0.9696 - AUROC: 0.9696 - acc: 0.9118 - loss: 0.2216 - val_AUPRC: 0.9578 - val_AUROC: 0.9584 - val_acc: 0.8920 - val_loss: 0.2662
Epoch 42/100
292/292 - 16s - 56ms/step - AUPRC: 0.9700 - AUROC: 0.9703 - acc: 0.9149 - loss: 0.2187 - val_AUPRC: 0.9581 - val_AUROC: 0.9586 - val_acc: 0.8978 - val_loss: 0.2675
Epoch 43/100
292/292 - 12s - 42ms/step - AUPRC: 0.9704 - AUROC: 0.9704 - acc: 0.9135 - loss: 0.2187 - val_AUPRC: 0.9561 - val_AUROC: 0.9569 - val_acc: 0.8891 - val_loss: 0.2697
Epoch 44/100
292/292 - 12s - 40ms/step - AUPRC: 0.9701 - AUROC: 0.9700 - acc: 0.9126 - loss: 0.2206 - val_AUPRC: 0.9569 - val_AUROC: 0.9579 - val_acc: 0.8881 - val_loss: 0.2661
Epoch 45/100
292/292 - 17s - 57ms/step - AUPRC: 0.9698 - AUROC: 0.9699 - acc: 0.9137 - loss: 0.2202 - val_AUPRC: 0.9569 - val_AUROC: 0.9576 - val_acc: 0.8920 - val_loss: 0.2689
Epoch 46/100
292/292 - 11s - 38ms/step - AUPRC: 0.9712 - AUROC: 0.9710 - acc: 0.9148 - loss: 0.2162 - val_AUPRC: 0.9569 - val_AUROC: 0.9575 - val_acc: 0.8910 - val_loss: 0.2714
******Evaluating TEST set*********
33/33 - 1s - 22ms/step
              precision    recall  f1-score   support

           0       0.89      0.82      0.85       403
           1       0.89      0.93      0.91       634

    accuracy                           0.89      1037
   macro avg       0.89      0.88      0.88      1037
weighted avg       0.89      0.89      0.89      1037

******Evaluating RANDOM Model*********
              precision    recall  f1-score   support

           0       0.37      0.45      0.41       403
           1       0.60      0.52      0.56       634

    accuracy                           0.49      1037
   macro avg       0.49      0.49      0.48      1037
weighted avg       0.51      0.49      0.50      1037

______________________________________________________
Model: "functional_19"
┏━━━━━━━━━━━━━━━━━━━━━━━━━━━━━━━━━┳━━━━━━━━━━━━━━━━━━━━━━━━┳━━━━━━━━━━━━━━━┓
┃ Layer (type)                    ┃ Output Shape           ┃       Param # ┃
┡━━━━━━━━━━━━━━━━━━━━━━━━━━━━━━━━━╇━━━━━━━━━━━━━━━━━━━━━━━━╇━━━━━━━━━━━━━━━┩
│ input_layer_9 (InputLayer)      │ (None, 150, 6, 3)      │             0 │
├─────────────────────────────────┼────────────────────────┼───────────────┤
│ conv2d_9 (Conv2D)               │ (None, 146, 1, 64)     │         5,824 │
├─────────────────────────────────┼────────────────────────┼───────────────┤
│ lambda_18 (Lambda)              │ (None, 146, 64)        │             0 │
├─────────────────────────────────┼────────────────────────┼───────────────┤
│ lstm (LSTM)                     │ [(None, 146, 64),      │        33,024 │
│                                 │ (None, 64), (None,     │               │
│                                 │ 64)]                   │               │
├─────────────────────────────────┼────────────────────────┼───────────────┤
│ self_attention_9                │ [(None, 1024), (None,  │         2,560 │
│ (SelfAttention)                 │ 16, 146)]              │               │
├─────────────────────────────────┼────────────────────────┼───────────────┤
│ lambda_19 (Lambda)              │ (None, 1024)           │             0 │
├─────────────────────────────────┼────────────────────────┼───────────────┤
│ dense_9 (Dense)                 │ (None, 2)              │         2,050 │
└─────────────────────────────────┴────────────────────────┴───────────────┘
 Total params: 130,376 (509.29 KB)
 Trainable params: 43,458 (169.76 KB)
 Non-trainable params: 0 (0.00 B)
 Optimizer params: 86,918 (339.53 KB)
None
Mean  AUROC[0.8894] IC [0.8817, 0.8970]
Mean Accuracy[0.9018] IC [0.8947, 0.9088]
Mean Recall[0.8894] IC [0.8817, 0.8970]
Mean F1[0.8950] IC [0.8874, 0.9025]
Median  AUROC[0.8913]
Median Accuracy[0.9041]
Median Recall[0.8913]
Median F1[0.8973]
