fold 0
Model: "functional_1"
┏━━━━━━━━━━━━━━━━━━━━━━━━━━━━━━━━━┳━━━━━━━━━━━━━━━━━━━━━━━━┳━━━━━━━━━━━━━━━┓
┃ Layer (type)                    ┃ Output Shape           ┃       Param # ┃
┡━━━━━━━━━━━━━━━━━━━━━━━━━━━━━━━━━╇━━━━━━━━━━━━━━━━━━━━━━━━╇━━━━━━━━━━━━━━━┩
│ input_layer (InputLayer)        │ (None, 2773, 6, 3)     │             0 │
├─────────────────────────────────┼────────────────────────┼───────────────┤
│ conv2d (Conv2D)                 │ (None, 2773, 6, 32)    │         1,760 │
├─────────────────────────────────┼────────────────────────┼───────────────┤
│ conv2d_1 (Conv2D)               │ (None, 2773, 6, 64)    │        36,928 │
├─────────────────────────────────┼────────────────────────┼───────────────┤
│ max_pooling2d (MaxPooling2D)    │ (None, 2773, 1, 64)    │             0 │
├─────────────────────────────────┼────────────────────────┼───────────────┤
│ lambda (Lambda)                 │ (None, 2773, 64)       │             0 │
├─────────────────────────────────┼────────────────────────┼───────────────┤
│ lstm (LSTM)                     │ [(None, 2773, 64),     │        33,024 │
│                                 │ (None, 64), (None,     │               │
│                                 │ 64)]                   │               │
├─────────────────────────────────┼────────────────────────┼───────────────┤
│ self_attention (SelfAttention)  │ [(None, 1024), (None,  │         2,560 │
│                                 │ 16, 2773)]             │               │
├─────────────────────────────────┼────────────────────────┼───────────────┤
│ dense (Dense)                   │ (None, 2)              │         2,050 │
└─────────────────────────────────┴────────────────────────┴───────────────┘
 Total params: 76,322 (298.13 KB)
 Trainable params: 76,322 (298.13 KB)
 Non-trainable params: 0 (0.00 B)
Epoch 1/100
292/292 - 556s - 2s/step - acc: 0.0000e+00 - auc-prc: 0.3857 - auc-roc: 0.3350 - loss: 9.3770 - val_acc: 0.0000e+00 - val_auc-prc: 0.3836 - val_auc-roc: 0.3316 - val_loss: 9.8292
Epoch 2/100
292/292 - 549s - 2s/step - acc: 0.0000e+00 - auc-prc: 0.3857 - auc-roc: 0.3350 - loss: 9.3770 - val_acc: 0.0000e+00 - val_auc-prc: 0.3836 - val_auc-roc: 0.3316 - val_loss: 9.8292
Epoch 3/100
292/292 - 553s - 2s/step - acc: 0.0000e+00 - auc-prc: 0.3857 - auc-roc: 0.3350 - loss: 9.3770 - val_acc: 0.0000e+00 - val_auc-prc: 0.3836 - val_auc-roc: 0.3316 - val_loss: 9.8292
Epoch 4/100
292/292 - 541s - 2s/step - acc: 0.0000e+00 - auc-prc: 0.3857 - auc-roc: 0.3350 - loss: 9.3770 - val_acc: 0.0000e+00 - val_auc-prc: 0.3836 - val_auc-roc: 0.3316 - val_loss: 9.8292
Epoch 5/100
292/292 - 542s - 2s/step - acc: 0.0000e+00 - auc-prc: 0.3857 - auc-roc: 0.3350 - loss: 9.3770 - val_acc: 0.0000e+00 - val_auc-prc: 0.3836 - val_auc-roc: 0.3316 - val_loss: 9.8292
Epoch 6/100
292/292 - 531s - 2s/step - acc: 0.0000e+00 - auc-prc: 0.3857 - auc-roc: 0.3350 - loss: 9.3770 - val_acc: 0.0000e+00 - val_auc-prc: 0.3836 - val_auc-roc: 0.3316 - val_loss: 9.8292
Epoch 7/100
292/292 - 536s - 2s/step - acc: 0.0000e+00 - auc-prc: 0.3857 - auc-roc: 0.3350 - loss: 9.3770 - val_acc: 0.0000e+00 - val_auc-prc: 0.3836 - val_auc-roc: 0.3316 - val_loss: 9.8292
Epoch 8/100
292/292 - 540s - 2s/step - acc: 0.0000e+00 - auc-prc: 0.3857 - auc-roc: 0.3350 - loss: 9.3770 - val_acc: 0.0000e+00 - val_auc-prc: 0.3836 - val_auc-roc: 0.3316 - val_loss: 9.8292
Epoch 9/100
292/292 - 542s - 2s/step - acc: 0.0000e+00 - auc-prc: 0.3857 - auc-roc: 0.3350 - loss: 9.3770 - val_acc: 0.0000e+00 - val_auc-prc: 0.3836 - val_auc-roc: 0.3316 - val_loss: 9.8292
Epoch 10/100
292/292 - 538s - 2s/step - acc: 0.0000e+00 - auc-prc: 0.3857 - auc-roc: 0.3350 - loss: 9.3770 - val_acc: 0.0000e+00 - val_auc-prc: 0.3836 - val_auc-roc: 0.3316 - val_loss: 9.8292
Epoch 11/100
292/292 - 538s - 2s/step - acc: 0.0000e+00 - auc-prc: 0.3857 - auc-roc: 0.3350 - loss: 9.3770 - val_acc: 0.0000e+00 - val_auc-prc: 0.3836 - val_auc-roc: 0.3316 - val_loss: 9.8292
Epoch 12/100
292/292 - 533s - 2s/step - acc: 0.0000e+00 - auc-prc: 0.3857 - auc-roc: 0.3350 - loss: 9.3770 - val_acc: 0.0000e+00 - val_auc-prc: 0.3836 - val_auc-roc: 0.3316 - val_loss: 9.8292
Epoch 13/100
292/292 - 536s - 2s/step - acc: 0.0000e+00 - auc-prc: 0.3857 - auc-roc: 0.3350 - loss: 9.3770 - val_acc: 0.0000e+00 - val_auc-prc: 0.3836 - val_auc-roc: 0.3316 - val_loss: 9.8292
Epoch 14/100
292/292 - 536s - 2s/step - acc: 0.0000e+00 - auc-prc: 0.3857 - auc-roc: 0.3350 - loss: 9.3770 - val_acc: 0.0000e+00 - val_auc-prc: 0.3836 - val_auc-roc: 0.3316 - val_loss: 9.8292
Epoch 15/100
292/292 - 533s - 2s/step - acc: 0.0000e+00 - auc-prc: 0.3857 - auc-roc: 0.3350 - loss: 9.3770 - val_acc: 0.0000e+00 - val_auc-prc: 0.3836 - val_auc-roc: 0.3316 - val_loss: 9.8292
Epoch 16/100
292/292 - 535s - 2s/step - acc: 0.0000e+00 - auc-prc: 0.3857 - auc-roc: 0.3350 - loss: 9.3770 - val_acc: 0.0000e+00 - val_auc-prc: 0.3836 - val_auc-roc: 0.3316 - val_loss: 9.8292
Epoch 17/100
292/292 - 533s - 2s/step - acc: 0.0000e+00 - auc-prc: 0.3857 - auc-roc: 0.3350 - loss: 9.3770 - val_acc: 0.0000e+00 - val_auc-prc: 0.3836 - val_auc-roc: 0.3316 - val_loss: 9.8292
Epoch 18/100
292/292 - 533s - 2s/step - acc: 0.0000e+00 - auc-prc: 0.3857 - auc-roc: 0.3350 - loss: 9.3770 - val_acc: 0.0000e+00 - val_auc-prc: 0.3836 - val_auc-roc: 0.3316 - val_loss: 9.8292
Epoch 19/100
292/292 - 534s - 2s/step - acc: 0.0000e+00 - auc-prc: 0.3857 - auc-roc: 0.3350 - loss: 9.3770 - val_acc: 0.0000e+00 - val_auc-prc: 0.3836 - val_auc-roc: 0.3316 - val_loss: 9.8292
Epoch 20/100
292/292 - 533s - 2s/step - acc: 0.0000e+00 - auc-prc: 0.3857 - auc-roc: 0.3350 - loss: 9.3770 - val_acc: 0.0000e+00 - val_auc-prc: 0.3836 - val_auc-roc: 0.3316 - val_loss: 9.8292
Epoch 21/100
292/292 - 532s - 2s/step - acc: 0.0000e+00 - auc-prc: 0.3857 - auc-roc: 0.3350 - loss: 9.3770 - val_acc: 0.0000e+00 - val_auc-prc: 0.3836 - val_auc-roc: 0.3316 - val_loss: 9.8292
Early stopping epoch: 20
******Evaluating TEST set*********
33/33 - 13s - 404ms/step
/lustre06/project/6003138/rezvank/5_model/env/lib/python3.11/site-packages/sklearn/metrics/_classification.py:1517: UndefinedMetricWarning: Precision is ill-defined and being set to 0.0 in labels with no predicted samples. Use `zero_division` parameter to control this behavior.
  _warn_prf(average, modifier, f"{metric.capitalize()} is", len(result))
/lustre06/project/6003138/rezvank/5_model/env/lib/python3.11/site-packages/sklearn/metrics/_classification.py:1517: UndefinedMetricWarning: Precision is ill-defined and being set to 0.0 in labels with no predicted samples. Use `zero_division` parameter to control this behavior.
  _warn_prf(average, modifier, f"{metric.capitalize()} is", len(result))
/lustre06/project/6003138/rezvank/5_model/env/lib/python3.11/site-packages/sklearn/metrics/_classification.py:1517: UndefinedMetricWarning: Precision is ill-defined and being set to 0.0 in labels with no predicted samples. Use `zero_division` parameter to control this behavior.
  _warn_prf(average, modifier, f"{metric.capitalize()} is", len(result))
              precision    recall  f1-score   support

           0       0.39      1.00      0.56       403
           1       0.00      0.00      0.00       635

    accuracy                           0.39      1038
   macro avg       0.19      0.50      0.28      1038
weighted avg       0.15      0.39      0.22      1038

******Evaluating RANDOM Model*********
              precision    recall  f1-score   support

           0       0.37      0.47      0.41       403
           1       0.59      0.49      0.54       635

    accuracy                           0.48      1038
   macro avg       0.48      0.48      0.48      1038
weighted avg       0.51      0.48      0.49      1038

______________________________________________________
fold 1
Model: "functional_3"
┏━━━━━━━━━━━━━━━━━━━━━━━━━━━━━━━━━┳━━━━━━━━━━━━━━━━━━━━━━━━┳━━━━━━━━━━━━━━━┓
┃ Layer (type)                    ┃ Output Shape           ┃       Param # ┃
┡━━━━━━━━━━━━━━━━━━━━━━━━━━━━━━━━━╇━━━━━━━━━━━━━━━━━━━━━━━━╇━━━━━━━━━━━━━━━┩
│ input_layer_1 (InputLayer)      │ (None, 2773, 6, 3)     │             0 │
├─────────────────────────────────┼────────────────────────┼───────────────┤
│ conv2d_2 (Conv2D)               │ (None, 2773, 6, 32)    │         1,760 │
├─────────────────────────────────┼────────────────────────┼───────────────┤
│ conv2d_3 (Conv2D)               │ (None, 2773, 6, 64)    │        36,928 │
├─────────────────────────────────┼────────────────────────┼───────────────┤
│ max_pooling2d_1 (MaxPooling2D)  │ (None, 2773, 1, 64)    │             0 │
├─────────────────────────────────┼────────────────────────┼───────────────┤
│ lambda_1 (Lambda)               │ (None, 2773, 64)       │             0 │
├─────────────────────────────────┼────────────────────────┼───────────────┤
│ lstm (LSTM)                     │ [(None, 2773, 64),     │        33,024 │
│                                 │ (None, 64), (None,     │               │
│                                 │ 64)]                   │               │
├─────────────────────────────────┼────────────────────────┼───────────────┤
│ self_attention_1                │ [(None, 1024), (None,  │         2,560 │
│ (SelfAttention)                 │ 16, 2773)]             │               │
├─────────────────────────────────┼────────────────────────┼───────────────┤
│ dense_1 (Dense)                 │ (None, 2)              │         2,050 │
└─────────────────────────────────┴────────────────────────┴───────────────┘
 Total params: 76,322 (298.13 KB)
 Trainable params: 76,322 (298.13 KB)
 Non-trainable params: 0 (0.00 B)
Epoch 1/100
292/292 - 535s - 2s/step - acc: 0.0000e+00 - auc-prc: 0.6052 - auc-roc: 0.6226 - loss: 8.9110 - val_acc: 0.0000e+00 - val_auc-prc: 0.6170 - val_auc-roc: 0.6351 - val_loss: 9.8603
Epoch 2/100
292/292 - 532s - 2s/step - acc: 0.0000e+00 - auc-prc: 0.6150 - auc-roc: 0.6336 - loss: 9.8569 - val_acc: 0.0000e+00 - val_auc-prc: 0.6170 - val_auc-roc: 0.6351 - val_loss: 9.8603
Epoch 3/100
292/292 - 534s - 2s/step - acc: 0.0000e+00 - auc-prc: 0.6150 - auc-roc: 0.6336 - loss: 9.8569 - val_acc: 0.0000e+00 - val_auc-prc: 0.6170 - val_auc-roc: 0.6351 - val_loss: 9.8603
Epoch 4/100
292/292 - 534s - 2s/step - acc: 0.0000e+00 - auc-prc: 0.6150 - auc-roc: 0.6336 - loss: 9.8569 - val_acc: 0.0000e+00 - val_auc-prc: 0.6170 - val_auc-roc: 0.6351 - val_loss: 9.8603
Epoch 5/100
292/292 - 533s - 2s/step - acc: 0.0000e+00 - auc-prc: 0.6150 - auc-roc: 0.6336 - loss: 9.8569 - val_acc: 0.0000e+00 - val_auc-prc: 0.6170 - val_auc-roc: 0.6351 - val_loss: 9.8603
Epoch 6/100
slurmstepd: error: *** JOB 31353400 ON nc10529 CANCELLED AT 2024-07-08T22:09:56 DUE TO TIME LIMIT ***
