fold 0
Epoch 1/100
290/290 - 17s - loss: 0.3231 - acc: 0.8616 - auc: 0.9342 - val_loss: 0.2773 - val_acc: 0.8688 - val_auc: 0.9501 - 17s/epoch - 58ms/step
Epoch 2/100
290/290 - 15s - loss: 0.3029 - acc: 0.8716 - auc: 0.9414 - val_loss: 0.2716 - val_acc: 0.8766 - val_auc: 0.9535 - 15s/epoch - 50ms/step
Epoch 3/100
290/290 - 14s - loss: 0.2979 - acc: 0.8718 - auc: 0.9442 - val_loss: 0.2732 - val_acc: 0.8805 - val_auc: 0.9534 - 14s/epoch - 49ms/step
Epoch 4/100
290/290 - 14s - loss: 0.2930 - acc: 0.8776 - auc: 0.9449 - val_loss: 0.2760 - val_acc: 0.8834 - val_auc: 0.9520 - 14s/epoch - 49ms/step
Epoch 5/100
290/290 - 15s - loss: 0.2905 - acc: 0.8756 - auc: 0.9465 - val_loss: 0.2659 - val_acc: 0.8882 - val_auc: 0.9558 - 15s/epoch - 50ms/step
Epoch 6/100
290/290 - 15s - loss: 0.2879 - acc: 0.8791 - auc: 0.9478 - val_loss: 0.2688 - val_acc: 0.8756 - val_auc: 0.9557 - 15s/epoch - 50ms/step
Epoch 7/100
290/290 - 14s - loss: 0.2887 - acc: 0.8789 - auc: 0.9477 - val_loss: 0.2629 - val_acc: 0.8882 - val_auc: 0.9563 - 14s/epoch - 50ms/step
Epoch 8/100
290/290 - 14s - loss: 0.2843 - acc: 0.8795 - auc: 0.9491 - val_loss: 0.2817 - val_acc: 0.8776 - val_auc: 0.9508 - 14s/epoch - 50ms/step
Epoch 9/100
290/290 - 14s - loss: 0.2849 - acc: 0.8795 - auc: 0.9482 - val_loss: 0.2694 - val_acc: 0.8795 - val_auc: 0.9537 - 14s/epoch - 49ms/step
Epoch 10/100
290/290 - 14s - loss: 0.2851 - acc: 0.8790 - auc: 0.9484 - val_loss: 0.2641 - val_acc: 0.8863 - val_auc: 0.9554 - 14s/epoch - 50ms/step
Epoch 11/100
290/290 - 14s - loss: 0.2819 - acc: 0.8816 - auc: 0.9501 - val_loss: 0.2670 - val_acc: 0.8873 - val_auc: 0.9557 - 14s/epoch - 50ms/step
Epoch 12/100
290/290 - 15s - loss: 0.2823 - acc: 0.8816 - auc: 0.9502 - val_loss: 0.2656 - val_acc: 0.8892 - val_auc: 0.9556 - 15s/epoch - 50ms/step
Epoch 13/100
290/290 - 15s - loss: 0.2800 - acc: 0.8808 - auc: 0.9502 - val_loss: 0.2588 - val_acc: 0.8912 - val_auc: 0.9578 - 15s/epoch - 51ms/step
Epoch 14/100
290/290 - 15s - loss: 0.2789 - acc: 0.8801 - auc: 0.9512 - val_loss: 0.2679 - val_acc: 0.8863 - val_auc: 0.9552 - 15s/epoch - 50ms/step
Epoch 15/100
290/290 - 15s - loss: 0.2797 - acc: 0.8799 - auc: 0.9502 - val_loss: 0.2639 - val_acc: 0.8844 - val_auc: 0.9567 - 15s/epoch - 51ms/step
Epoch 16/100
290/290 - 15s - loss: 0.2798 - acc: 0.8806 - auc: 0.9505 - val_loss: 0.2583 - val_acc: 0.8912 - val_auc: 0.9578 - 15s/epoch - 52ms/step
Epoch 17/100
290/290 - 15s - loss: 0.2772 - acc: 0.8817 - auc: 0.9519 - val_loss: 0.2682 - val_acc: 0.8921 - val_auc: 0.9559 - 15s/epoch - 51ms/step
Epoch 18/100
290/290 - 15s - loss: 0.2762 - acc: 0.8811 - auc: 0.9519 - val_loss: 0.2624 - val_acc: 0.8882 - val_auc: 0.9571 - 15s/epoch - 51ms/step
Epoch 19/100
290/290 - 15s - loss: 0.2763 - acc: 0.8829 - auc: 0.9517 - val_loss: 0.2575 - val_acc: 0.8941 - val_auc: 0.9602 - 15s/epoch - 51ms/step
Epoch 20/100
290/290 - 14s - loss: 0.2736 - acc: 0.8829 - auc: 0.9528 - val_loss: 0.2618 - val_acc: 0.8882 - val_auc: 0.9585 - 14s/epoch - 50ms/step
Epoch 21/100
290/290 - 15s - loss: 0.2727 - acc: 0.8839 - auc: 0.9536 - val_loss: 0.2574 - val_acc: 0.8950 - val_auc: 0.9575 - 15s/epoch - 50ms/step
Epoch 22/100
290/290 - 15s - loss: 0.2732 - acc: 0.8850 - auc: 0.9536 - val_loss: 0.2600 - val_acc: 0.8844 - val_auc: 0.9598 - 15s/epoch - 50ms/step
Epoch 23/100
290/290 - 15s - loss: 0.2705 - acc: 0.8849 - auc: 0.9543 - val_loss: 0.2561 - val_acc: 0.8912 - val_auc: 0.9595 - 15s/epoch - 50ms/step
Epoch 24/100
290/290 - 14s - loss: 0.2696 - acc: 0.8839 - auc: 0.9546 - val_loss: 0.2527 - val_acc: 0.8970 - val_auc: 0.9604 - 14s/epoch - 50ms/step
Epoch 25/100
290/290 - 15s - loss: 0.2682 - acc: 0.8863 - auc: 0.9548 - val_loss: 0.2636 - val_acc: 0.8873 - val_auc: 0.9576 - 15s/epoch - 50ms/step
Epoch 26/100
290/290 - 15s - loss: 0.2697 - acc: 0.8838 - auc: 0.9550 - val_loss: 0.2532 - val_acc: 0.8970 - val_auc: 0.9604 - 15s/epoch - 51ms/step
Epoch 27/100
290/290 - 15s - loss: 0.2667 - acc: 0.8870 - auc: 0.9556 - val_loss: 0.2524 - val_acc: 0.8921 - val_auc: 0.9607 - 15s/epoch - 51ms/step
Epoch 28/100
290/290 - 15s - loss: 0.2646 - acc: 0.8896 - auc: 0.9563 - val_loss: 0.2497 - val_acc: 0.8921 - val_auc: 0.9608 - 15s/epoch - 50ms/step
Epoch 29/100
290/290 - 15s - loss: 0.2648 - acc: 0.8872 - auc: 0.9561 - val_loss: 0.2659 - val_acc: 0.8892 - val_auc: 0.9548 - 15s/epoch - 51ms/step
Epoch 30/100
290/290 - 15s - loss: 0.2630 - acc: 0.8896 - auc: 0.9568 - val_loss: 0.2551 - val_acc: 0.8941 - val_auc: 0.9600 - 15s/epoch - 50ms/step
Epoch 31/100
290/290 - 14s - loss: 0.2612 - acc: 0.8886 - auc: 0.9574 - val_loss: 0.2530 - val_acc: 0.8931 - val_auc: 0.9616 - 14s/epoch - 50ms/step
Epoch 32/100
290/290 - 15s - loss: 0.2600 - acc: 0.8912 - auc: 0.9577 - val_loss: 0.2529 - val_acc: 0.8950 - val_auc: 0.9614 - 15s/epoch - 50ms/step
Epoch 33/100
290/290 - 15s - loss: 0.2610 - acc: 0.8898 - auc: 0.9576 - val_loss: 0.2540 - val_acc: 0.8912 - val_auc: 0.9611 - 15s/epoch - 50ms/step
Epoch 34/100
290/290 - 14s - loss: 0.2569 - acc: 0.8936 - auc: 0.9587 - val_loss: 0.2542 - val_acc: 0.8921 - val_auc: 0.9613 - 14s/epoch - 50ms/step
Epoch 35/100
290/290 - 15s - loss: 0.2566 - acc: 0.8904 - auc: 0.9590 - val_loss: 0.2497 - val_acc: 0.8980 - val_auc: 0.9633 - 15s/epoch - 50ms/step
Epoch 36/100
290/290 - 15s - loss: 0.2527 - acc: 0.8960 - auc: 0.9602 - val_loss: 0.2544 - val_acc: 0.8892 - val_auc: 0.9599 - 15s/epoch - 50ms/step
Epoch 37/100
290/290 - 15s - loss: 0.2522 - acc: 0.8954 - auc: 0.9600 - val_loss: 0.2503 - val_acc: 0.8921 - val_auc: 0.9617 - 15s/epoch - 50ms/step
Epoch 38/100
290/290 - 14s - loss: 0.2499 - acc: 0.8951 - auc: 0.9613 - val_loss: 0.2641 - val_acc: 0.8970 - val_auc: 0.9582 - 14s/epoch - 49ms/step
Epoch 39/100
290/290 - 15s - loss: 0.2506 - acc: 0.8961 - auc: 0.9610 - val_loss: 0.2559 - val_acc: 0.8921 - val_auc: 0.9593 - 15s/epoch - 50ms/step
Epoch 40/100
290/290 - 15s - loss: 0.2469 - acc: 0.8979 - auc: 0.9621 - val_loss: 0.2676 - val_acc: 0.8834 - val_auc: 0.9547 - 15s/epoch - 50ms/step
Epoch 41/100
290/290 - 15s - loss: 0.2466 - acc: 0.8970 - auc: 0.9624 - val_loss: 0.2526 - val_acc: 0.8960 - val_auc: 0.9604 - 15s/epoch - 51ms/step
Epoch 42/100
290/290 - 15s - loss: 0.2436 - acc: 0.8970 - auc: 0.9638 - val_loss: 0.2602 - val_acc: 0.8873 - val_auc: 0.9595 - 15s/epoch - 51ms/step
Epoch 43/100
290/290 - 15s - loss: 0.2396 - acc: 0.8986 - auc: 0.9645 - val_loss: 0.2561 - val_acc: 0.8814 - val_auc: 0.9594 - 15s/epoch - 51ms/step
Epoch 44/100
290/290 - 15s - loss: 0.2371 - acc: 0.9008 - auc: 0.9651 - val_loss: 0.2610 - val_acc: 0.8941 - val_auc: 0.9565 - 15s/epoch - 51ms/step
Epoch 45/100
290/290 - 15s - loss: 0.2399 - acc: 0.8984 - auc: 0.9643 - val_loss: 0.2494 - val_acc: 0.8960 - val_auc: 0.9626 - 15s/epoch - 51ms/step
Early stopping epoch: 44
******Evaluating TEST set*********
33/33 - 1s - 754ms/epoch - 23ms/step
              precision    recall  f1-score   support

           0       0.88      0.85      0.87       400
           1       0.91      0.93      0.92       629

    accuracy                           0.90      1029
   macro avg       0.89      0.89      0.89      1029
weighted avg       0.90      0.90      0.90      1029

******Evaluating RANDOM Model*********
              precision    recall  f1-score   support

           0       0.39      0.49      0.43       400
           1       0.61      0.51      0.56       629

    accuracy                           0.50      1029
   macro avg       0.50      0.50      0.50      1029
weighted avg       0.53      0.50      0.51      1029

______________________________________________________
fold 1
Epoch 1/100
290/290 - 17s - loss: 0.3227 - acc: 0.8571 - auc: 0.9333 - val_loss: 0.3068 - val_acc: 0.8639 - val_auc: 0.9432 - 17s/epoch - 59ms/step
Epoch 2/100
290/290 - 15s - loss: 0.2970 - acc: 0.8732 - auc: 0.9436 - val_loss: 0.2960 - val_acc: 0.8698 - val_auc: 0.9464 - 15s/epoch - 51ms/step
Epoch 3/100
290/290 - 15s - loss: 0.2919 - acc: 0.8809 - auc: 0.9459 - val_loss: 0.2981 - val_acc: 0.8669 - val_auc: 0.9457 - 15s/epoch - 51ms/step
Epoch 4/100
290/290 - 15s - loss: 0.2924 - acc: 0.8764 - auc: 0.9447 - val_loss: 0.3029 - val_acc: 0.8552 - val_auc: 0.9440 - 15s/epoch - 51ms/step
Epoch 5/100
290/290 - 15s - loss: 0.2884 - acc: 0.8781 - auc: 0.9469 - val_loss: 0.2881 - val_acc: 0.8746 - val_auc: 0.9507 - 15s/epoch - 51ms/step
Epoch 6/100
290/290 - 15s - loss: 0.2867 - acc: 0.8792 - auc: 0.9474 - val_loss: 0.3002 - val_acc: 0.8610 - val_auc: 0.9445 - 15s/epoch - 51ms/step
Epoch 7/100
290/290 - 15s - loss: 0.2846 - acc: 0.8801 - auc: 0.9484 - val_loss: 0.2837 - val_acc: 0.8785 - val_auc: 0.9530 - 15s/epoch - 51ms/step
Epoch 8/100
290/290 - 15s - loss: 0.2847 - acc: 0.8786 - auc: 0.9487 - val_loss: 0.2876 - val_acc: 0.8746 - val_auc: 0.9507 - 15s/epoch - 51ms/step
Epoch 9/100
290/290 - 15s - loss: 0.2834 - acc: 0.8785 - auc: 0.9487 - val_loss: 0.2819 - val_acc: 0.8737 - val_auc: 0.9498 - 15s/epoch - 51ms/step
Epoch 10/100
290/290 - 15s - loss: 0.2811 - acc: 0.8811 - auc: 0.9498 - val_loss: 0.2869 - val_acc: 0.8659 - val_auc: 0.9494 - 15s/epoch - 51ms/step
Epoch 11/100
290/290 - 15s - loss: 0.2829 - acc: 0.8795 - auc: 0.9490 - val_loss: 0.2804 - val_acc: 0.8766 - val_auc: 0.9493 - 15s/epoch - 51ms/step
Epoch 12/100
290/290 - 15s - loss: 0.2791 - acc: 0.8814 - auc: 0.9512 - val_loss: 0.2744 - val_acc: 0.8717 - val_auc: 0.9558 - 15s/epoch - 51ms/step
Epoch 13/100
290/290 - 15s - loss: 0.2784 - acc: 0.8826 - auc: 0.9508 - val_loss: 0.2868 - val_acc: 0.8659 - val_auc: 0.9499 - 15s/epoch - 51ms/step
Epoch 14/100
290/290 - 15s - loss: 0.2774 - acc: 0.8840 - auc: 0.9519 - val_loss: 0.2756 - val_acc: 0.8766 - val_auc: 0.9529 - 15s/epoch - 51ms/step
Epoch 15/100
290/290 - 15s - loss: 0.2763 - acc: 0.8853 - auc: 0.9518 - val_loss: 0.2687 - val_acc: 0.8814 - val_auc: 0.9560 - 15s/epoch - 51ms/step
Epoch 16/100
290/290 - 15s - loss: 0.2767 - acc: 0.8825 - auc: 0.9516 - val_loss: 0.2719 - val_acc: 0.8834 - val_auc: 0.9549 - 15s/epoch - 51ms/step
Epoch 17/100
290/290 - 15s - loss: 0.2757 - acc: 0.8837 - auc: 0.9520 - val_loss: 0.2794 - val_acc: 0.8746 - val_auc: 0.9529 - 15s/epoch - 51ms/step
Epoch 18/100
290/290 - 15s - loss: 0.2737 - acc: 0.8839 - auc: 0.9527 - val_loss: 0.2690 - val_acc: 0.8834 - val_auc: 0.9552 - 15s/epoch - 51ms/step
Epoch 19/100
290/290 - 15s - loss: 0.2742 - acc: 0.8832 - auc: 0.9532 - val_loss: 0.2756 - val_acc: 0.8746 - val_auc: 0.9501 - 15s/epoch - 51ms/step
Epoch 20/100
290/290 - 15s - loss: 0.2728 - acc: 0.8841 - auc: 0.9529 - val_loss: 0.2628 - val_acc: 0.8863 - val_auc: 0.9586 - 15s/epoch - 50ms/step
Epoch 21/100
290/290 - 15s - loss: 0.2725 - acc: 0.8840 - auc: 0.9529 - val_loss: 0.2792 - val_acc: 0.8688 - val_auc: 0.9534 - 15s/epoch - 51ms/step
Epoch 22/100
290/290 - 15s - loss: 0.2704 - acc: 0.8885 - auc: 0.9541 - val_loss: 0.2696 - val_acc: 0.8756 - val_auc: 0.9558 - 15s/epoch - 50ms/step
Epoch 23/100
290/290 - 15s - loss: 0.2699 - acc: 0.8894 - auc: 0.9541 - val_loss: 0.2662 - val_acc: 0.8873 - val_auc: 0.9559 - 15s/epoch - 51ms/step
Epoch 24/100
290/290 - 14s - loss: 0.2712 - acc: 0.8890 - auc: 0.9534 - val_loss: 0.2630 - val_acc: 0.8785 - val_auc: 0.9574 - 14s/epoch - 49ms/step
Epoch 25/100
290/290 - 15s - loss: 0.2677 - acc: 0.8884 - auc: 0.9552 - val_loss: 0.2627 - val_acc: 0.8776 - val_auc: 0.9574 - 15s/epoch - 51ms/step
Epoch 26/100
290/290 - 14s - loss: 0.2689 - acc: 0.8870 - auc: 0.9547 - val_loss: 0.2723 - val_acc: 0.8756 - val_auc: 0.9540 - 14s/epoch - 50ms/step
Epoch 27/100
290/290 - 14s - loss: 0.2680 - acc: 0.8893 - auc: 0.9552 - val_loss: 0.2632 - val_acc: 0.8882 - val_auc: 0.9580 - 14s/epoch - 50ms/step
Epoch 28/100
290/290 - 15s - loss: 0.2642 - acc: 0.8896 - auc: 0.9566 - val_loss: 0.2689 - val_acc: 0.8785 - val_auc: 0.9586 - 15s/epoch - 50ms/step
Epoch 29/100
290/290 - 15s - loss: 0.2655 - acc: 0.8882 - auc: 0.9560 - val_loss: 0.2696 - val_acc: 0.8814 - val_auc: 0.9563 - 15s/epoch - 51ms/step
Epoch 30/100
290/290 - 14s - loss: 0.2621 - acc: 0.8882 - auc: 0.9570 - val_loss: 0.2733 - val_acc: 0.8766 - val_auc: 0.9538 - 14s/epoch - 50ms/step
Epoch 31/100
290/290 - 15s - loss: 0.2600 - acc: 0.8893 - auc: 0.9579 - val_loss: 0.2716 - val_acc: 0.8824 - val_auc: 0.9545 - 15s/epoch - 51ms/step
Epoch 32/100
290/290 - 15s - loss: 0.2583 - acc: 0.8934 - auc: 0.9579 - val_loss: 0.2612 - val_acc: 0.8853 - val_auc: 0.9574 - 15s/epoch - 50ms/step
Epoch 33/100
290/290 - 15s - loss: 0.2583 - acc: 0.8920 - auc: 0.9582 - val_loss: 0.2656 - val_acc: 0.8795 - val_auc: 0.9566 - 15s/epoch - 50ms/step
Epoch 34/100
290/290 - 15s - loss: 0.2563 - acc: 0.8921 - auc: 0.9592 - val_loss: 0.2681 - val_acc: 0.8805 - val_auc: 0.9565 - 15s/epoch - 51ms/step
Epoch 35/100
290/290 - 15s - loss: 0.2568 - acc: 0.8928 - auc: 0.9588 - val_loss: 0.2650 - val_acc: 0.8785 - val_auc: 0.9566 - 15s/epoch - 51ms/step
Epoch 36/100
290/290 - 15s - loss: 0.2523 - acc: 0.8927 - auc: 0.9605 - val_loss: 0.2710 - val_acc: 0.8814 - val_auc: 0.9553 - 15s/epoch - 51ms/step
Epoch 37/100
290/290 - 15s - loss: 0.2520 - acc: 0.8955 - auc: 0.9611 - val_loss: 0.2719 - val_acc: 0.8785 - val_auc: 0.9536 - 15s/epoch - 51ms/step
Epoch 38/100
290/290 - 15s - loss: 0.2536 - acc: 0.8928 - auc: 0.9604 - val_loss: 0.2836 - val_acc: 0.8727 - val_auc: 0.9524 - 15s/epoch - 51ms/step
Early stopping epoch: 37
******Evaluating TEST set*********
33/33 - 1s - 745ms/epoch - 23ms/step
              precision    recall  f1-score   support

           0       0.87      0.81      0.84       400
           1       0.89      0.92      0.90       629

    accuracy                           0.88      1029
   macro avg       0.88      0.87      0.87      1029
weighted avg       0.88      0.88      0.88      1029

******Evaluating RANDOM Model*********
              precision    recall  f1-score   support

           0       0.40      0.55      0.47       400
           1       0.63      0.49      0.55       629

    accuracy                           0.51      1029
   macro avg       0.52      0.52      0.51      1029
weighted avg       0.54      0.51      0.52      1029

______________________________________________________
fold 2
Epoch 1/100
290/290 - 17s - loss: 0.3251 - acc: 0.8545 - auc: 0.9329 - val_loss: 0.3159 - val_acc: 0.8746 - val_auc: 0.9374 - 17s/epoch - 58ms/step
Epoch 2/100
290/290 - 15s - loss: 0.3021 - acc: 0.8691 - auc: 0.9418 - val_loss: 0.3168 - val_acc: 0.8639 - val_auc: 0.9376 - 15s/epoch - 51ms/step
Epoch 3/100
290/290 - 15s - loss: 0.2937 - acc: 0.8770 - auc: 0.9450 - val_loss: 0.2958 - val_acc: 0.8756 - val_auc: 0.9459 - 15s/epoch - 51ms/step
Epoch 4/100
290/290 - 15s - loss: 0.2895 - acc: 0.8777 - auc: 0.9457 - val_loss: 0.2933 - val_acc: 0.8785 - val_auc: 0.9448 - 15s/epoch - 51ms/step
Epoch 5/100
290/290 - 15s - loss: 0.2879 - acc: 0.8774 - auc: 0.9478 - val_loss: 0.2897 - val_acc: 0.8776 - val_auc: 0.9478 - 15s/epoch - 51ms/step
Epoch 6/100
290/290 - 15s - loss: 0.2870 - acc: 0.8803 - auc: 0.9479 - val_loss: 0.2906 - val_acc: 0.8746 - val_auc: 0.9470 - 15s/epoch - 50ms/step
Epoch 7/100
290/290 - 15s - loss: 0.2871 - acc: 0.8789 - auc: 0.9473 - val_loss: 0.3076 - val_acc: 0.8688 - val_auc: 0.9416 - 15s/epoch - 51ms/step
Epoch 8/100
290/290 - 15s - loss: 0.2846 - acc: 0.8811 - auc: 0.9488 - val_loss: 0.2875 - val_acc: 0.8814 - val_auc: 0.9474 - 15s/epoch - 51ms/step
Epoch 9/100
290/290 - 14s - loss: 0.2826 - acc: 0.8824 - auc: 0.9495 - val_loss: 0.2951 - val_acc: 0.8766 - val_auc: 0.9455 - 14s/epoch - 50ms/step
Epoch 10/100
290/290 - 15s - loss: 0.2813 - acc: 0.8818 - auc: 0.9503 - val_loss: 0.2934 - val_acc: 0.8746 - val_auc: 0.9451 - 15s/epoch - 51ms/step
Epoch 11/100
290/290 - 15s - loss: 0.2790 - acc: 0.8801 - auc: 0.9508 - val_loss: 0.2857 - val_acc: 0.8766 - val_auc: 0.9482 - 15s/epoch - 50ms/step
Epoch 12/100
290/290 - 15s - loss: 0.2782 - acc: 0.8849 - auc: 0.9516 - val_loss: 0.2918 - val_acc: 0.8785 - val_auc: 0.9452 - 15s/epoch - 50ms/step
Epoch 13/100
290/290 - 15s - loss: 0.2784 - acc: 0.8819 - auc: 0.9512 - val_loss: 0.2844 - val_acc: 0.8785 - val_auc: 0.9487 - 15s/epoch - 51ms/step
Epoch 14/100
290/290 - 15s - loss: 0.2775 - acc: 0.8835 - auc: 0.9515 - val_loss: 0.2847 - val_acc: 0.8756 - val_auc: 0.9477 - 15s/epoch - 51ms/step
Epoch 15/100
290/290 - 15s - loss: 0.2771 - acc: 0.8809 - auc: 0.9519 - val_loss: 0.2882 - val_acc: 0.8785 - val_auc: 0.9460 - 15s/epoch - 51ms/step
Epoch 16/100
290/290 - 15s - loss: 0.2750 - acc: 0.8823 - auc: 0.9531 - val_loss: 0.2834 - val_acc: 0.8737 - val_auc: 0.9482 - 15s/epoch - 51ms/step
Epoch 17/100
290/290 - 15s - loss: 0.2740 - acc: 0.8806 - auc: 0.9529 - val_loss: 0.2860 - val_acc: 0.8766 - val_auc: 0.9454 - 15s/epoch - 51ms/step
Epoch 18/100
290/290 - 15s - loss: 0.2745 - acc: 0.8836 - auc: 0.9528 - val_loss: 0.2812 - val_acc: 0.8766 - val_auc: 0.9496 - 15s/epoch - 52ms/step
Epoch 19/100
290/290 - 15s - loss: 0.2713 - acc: 0.8851 - auc: 0.9538 - val_loss: 0.2784 - val_acc: 0.8785 - val_auc: 0.9516 - 15s/epoch - 51ms/step
Epoch 20/100
290/290 - 15s - loss: 0.2705 - acc: 0.8839 - auc: 0.9543 - val_loss: 0.2802 - val_acc: 0.8814 - val_auc: 0.9501 - 15s/epoch - 50ms/step
Epoch 21/100
290/290 - 15s - loss: 0.2698 - acc: 0.8869 - auc: 0.9545 - val_loss: 0.2823 - val_acc: 0.8766 - val_auc: 0.9505 - 15s/epoch - 51ms/step
Epoch 22/100
290/290 - 15s - loss: 0.2695 - acc: 0.8816 - auc: 0.9548 - val_loss: 0.2705 - val_acc: 0.8756 - val_auc: 0.9539 - 15s/epoch - 51ms/step
Epoch 23/100
290/290 - 15s - loss: 0.2656 - acc: 0.8867 - auc: 0.9560 - val_loss: 0.2948 - val_acc: 0.8727 - val_auc: 0.9460 - 15s/epoch - 51ms/step
Epoch 24/100
290/290 - 15s - loss: 0.2646 - acc: 0.8865 - auc: 0.9563 - val_loss: 0.2835 - val_acc: 0.8727 - val_auc: 0.9493 - 15s/epoch - 51ms/step
Epoch 25/100
290/290 - 15s - loss: 0.2647 - acc: 0.8892 - auc: 0.9564 - val_loss: 0.2758 - val_acc: 0.8756 - val_auc: 0.9520 - 15s/epoch - 51ms/step
Epoch 26/100
290/290 - 15s - loss: 0.2631 - acc: 0.8917 - auc: 0.9567 - val_loss: 0.2747 - val_acc: 0.8805 - val_auc: 0.9518 - 15s/epoch - 51ms/step
Epoch 27/100
290/290 - 15s - loss: 0.2617 - acc: 0.8890 - auc: 0.9577 - val_loss: 0.2902 - val_acc: 0.8824 - val_auc: 0.9471 - 15s/epoch - 51ms/step
Epoch 28/100
290/290 - 15s - loss: 0.2609 - acc: 0.8897 - auc: 0.9579 - val_loss: 0.2807 - val_acc: 0.8766 - val_auc: 0.9500 - 15s/epoch - 51ms/step
Epoch 29/100
290/290 - 15s - loss: 0.2591 - acc: 0.8898 - auc: 0.9584 - val_loss: 0.2759 - val_acc: 0.8863 - val_auc: 0.9521 - 15s/epoch - 52ms/step
Epoch 30/100
290/290 - 15s - loss: 0.2573 - acc: 0.8924 - auc: 0.9588 - val_loss: 0.2801 - val_acc: 0.8766 - val_auc: 0.9512 - 15s/epoch - 51ms/step
Epoch 31/100
290/290 - 15s - loss: 0.2565 - acc: 0.8930 - auc: 0.9591 - val_loss: 0.2855 - val_acc: 0.8776 - val_auc: 0.9493 - 15s/epoch - 52ms/step
Epoch 32/100
290/290 - 15s - loss: 0.2570 - acc: 0.8897 - auc: 0.9595 - val_loss: 0.2813 - val_acc: 0.8766 - val_auc: 0.9509 - 15s/epoch - 52ms/step
Early stopping epoch: 31
******Evaluating TEST set*********
33/33 - 1s - 743ms/epoch - 23ms/step
              precision    recall  f1-score   support

           0       0.85      0.82      0.84       400
           1       0.89      0.91      0.90       629

    accuracy                           0.88      1029
   macro avg       0.87      0.87      0.87      1029
weighted avg       0.88      0.88      0.88      1029

******Evaluating RANDOM Model*********
              precision    recall  f1-score   support

           0       0.37      0.48      0.42       400
           1       0.60      0.49      0.54       629

    accuracy                           0.48      1029
   macro avg       0.48      0.48      0.48      1029
weighted avg       0.51      0.48      0.49      1029

______________________________________________________
fold 3
Epoch 1/100
290/290 - 17s - loss: 0.3244 - acc: 0.8567 - auc: 0.9340 - val_loss: 0.3256 - val_acc: 0.8610 - val_auc: 0.9376 - 17s/epoch - 59ms/step
Epoch 2/100
290/290 - 15s - loss: 0.3006 - acc: 0.8706 - auc: 0.9429 - val_loss: 0.2927 - val_acc: 0.8795 - val_auc: 0.9446 - 15s/epoch - 51ms/step
Epoch 3/100
290/290 - 15s - loss: 0.2957 - acc: 0.8722 - auc: 0.9442 - val_loss: 0.2842 - val_acc: 0.8844 - val_auc: 0.9460 - 15s/epoch - 51ms/step
Epoch 4/100
290/290 - 15s - loss: 0.2903 - acc: 0.8765 - auc: 0.9469 - val_loss: 0.2948 - val_acc: 0.8785 - val_auc: 0.9457 - 15s/epoch - 53ms/step
Epoch 5/100
290/290 - 15s - loss: 0.2884 - acc: 0.8771 - auc: 0.9474 - val_loss: 0.2824 - val_acc: 0.8853 - val_auc: 0.9494 - 15s/epoch - 52ms/step
Epoch 6/100
290/290 - 15s - loss: 0.2869 - acc: 0.8770 - auc: 0.9485 - val_loss: 0.2908 - val_acc: 0.8795 - val_auc: 0.9493 - 15s/epoch - 52ms/step
Epoch 7/100
290/290 - 15s - loss: 0.2861 - acc: 0.8784 - auc: 0.9486 - val_loss: 0.2837 - val_acc: 0.8853 - val_auc: 0.9488 - 15s/epoch - 51ms/step
Epoch 8/100
290/290 - 15s - loss: 0.2834 - acc: 0.8805 - auc: 0.9495 - val_loss: 0.2833 - val_acc: 0.8873 - val_auc: 0.9501 - 15s/epoch - 51ms/step
Epoch 9/100
290/290 - 15s - loss: 0.2842 - acc: 0.8785 - auc: 0.9492 - val_loss: 0.2805 - val_acc: 0.8844 - val_auc: 0.9502 - 15s/epoch - 51ms/step
Epoch 10/100
290/290 - 15s - loss: 0.2823 - acc: 0.8793 - auc: 0.9501 - val_loss: 0.2819 - val_acc: 0.8795 - val_auc: 0.9495 - 15s/epoch - 51ms/step
Epoch 11/100
290/290 - 15s - loss: 0.2812 - acc: 0.8796 - auc: 0.9500 - val_loss: 0.2783 - val_acc: 0.8912 - val_auc: 0.9472 - 15s/epoch - 52ms/step
Epoch 12/100
290/290 - 15s - loss: 0.2788 - acc: 0.8805 - auc: 0.9517 - val_loss: 0.2843 - val_acc: 0.8873 - val_auc: 0.9496 - 15s/epoch - 51ms/step
Epoch 13/100
290/290 - 15s - loss: 0.2789 - acc: 0.8819 - auc: 0.9508 - val_loss: 0.2789 - val_acc: 0.8863 - val_auc: 0.9489 - 15s/epoch - 52ms/step
Epoch 14/100
290/290 - 15s - loss: 0.2773 - acc: 0.8817 - auc: 0.9524 - val_loss: 0.2891 - val_acc: 0.8853 - val_auc: 0.9487 - 15s/epoch - 52ms/step
Epoch 15/100
290/290 - 15s - loss: 0.2762 - acc: 0.8800 - auc: 0.9525 - val_loss: 0.2810 - val_acc: 0.8785 - val_auc: 0.9484 - 15s/epoch - 51ms/step
Epoch 16/100
290/290 - 15s - loss: 0.2760 - acc: 0.8793 - auc: 0.9523 - val_loss: 0.2897 - val_acc: 0.8873 - val_auc: 0.9474 - 15s/epoch - 51ms/step
Epoch 17/100
290/290 - 15s - loss: 0.2747 - acc: 0.8820 - auc: 0.9529 - val_loss: 0.2852 - val_acc: 0.8882 - val_auc: 0.9462 - 15s/epoch - 52ms/step
Epoch 18/100
290/290 - 15s - loss: 0.2761 - acc: 0.8816 - auc: 0.9520 - val_loss: 0.2812 - val_acc: 0.8844 - val_auc: 0.9476 - 15s/epoch - 51ms/step
Epoch 19/100
290/290 - 15s - loss: 0.2722 - acc: 0.8860 - auc: 0.9531 - val_loss: 0.2864 - val_acc: 0.8863 - val_auc: 0.9478 - 15s/epoch - 51ms/step
Early stopping epoch: 18
******Evaluating TEST set*********
33/33 - 1s - 731ms/epoch - 22ms/step
              precision    recall  f1-score   support

           0       0.89      0.80      0.84       400
           1       0.88      0.94      0.91       629

    accuracy                           0.88      1029
   macro avg       0.89      0.87      0.88      1029
weighted avg       0.88      0.88      0.88      1029

******Evaluating RANDOM Model*********
              precision    recall  f1-score   support

           0       0.40      0.49      0.44       400
           1       0.63      0.54      0.58       629

    accuracy                           0.52      1029
   macro avg       0.51      0.52      0.51      1029
weighted avg       0.54      0.52      0.53      1029

______________________________________________________
fold 4
Epoch 1/100
290/290 - 17s - loss: 0.3271 - acc: 0.8574 - auc: 0.9324 - val_loss: 0.3021 - val_acc: 0.8863 - val_auc: 0.9445 - 17s/epoch - 60ms/step
Epoch 2/100
290/290 - 15s - loss: 0.2994 - acc: 0.8725 - auc: 0.9432 - val_loss: 0.3022 - val_acc: 0.8707 - val_auc: 0.9415 - 15s/epoch - 52ms/step
Epoch 3/100
290/290 - 15s - loss: 0.2936 - acc: 0.8729 - auc: 0.9446 - val_loss: 0.3003 - val_acc: 0.8941 - val_auc: 0.9472 - 15s/epoch - 52ms/step
Epoch 4/100
290/290 - 15s - loss: 0.2888 - acc: 0.8789 - auc: 0.9470 - val_loss: 0.2977 - val_acc: 0.8902 - val_auc: 0.9406 - 15s/epoch - 52ms/step
Epoch 5/100
290/290 - 15s - loss: 0.2893 - acc: 0.8784 - auc: 0.9463 - val_loss: 0.2893 - val_acc: 0.8902 - val_auc: 0.9463 - 15s/epoch - 52ms/step
Epoch 6/100
290/290 - 15s - loss: 0.2861 - acc: 0.8778 - auc: 0.9485 - val_loss: 0.2893 - val_acc: 0.8902 - val_auc: 0.9475 - 15s/epoch - 52ms/step
Epoch 7/100
290/290 - 15s - loss: 0.2901 - acc: 0.8757 - auc: 0.9467 - val_loss: 0.2876 - val_acc: 0.8931 - val_auc: 0.9487 - 15s/epoch - 52ms/step
Epoch 8/100
290/290 - 15s - loss: 0.2843 - acc: 0.8783 - auc: 0.9495 - val_loss: 0.2941 - val_acc: 0.8921 - val_auc: 0.9421 - 15s/epoch - 51ms/step
Epoch 9/100
290/290 - 15s - loss: 0.2828 - acc: 0.8788 - auc: 0.9500 - val_loss: 0.2893 - val_acc: 0.8853 - val_auc: 0.9493 - 15s/epoch - 51ms/step
Epoch 10/100
290/290 - 15s - loss: 0.2811 - acc: 0.8798 - auc: 0.9507 - val_loss: 0.2923 - val_acc: 0.8882 - val_auc: 0.9470 - 15s/epoch - 51ms/step
Epoch 11/100
290/290 - 15s - loss: 0.2822 - acc: 0.8809 - auc: 0.9496 - val_loss: 0.2875 - val_acc: 0.8921 - val_auc: 0.9493 - 15s/epoch - 51ms/step
Epoch 12/100
290/290 - 15s - loss: 0.2820 - acc: 0.8777 - auc: 0.9491 - val_loss: 0.2851 - val_acc: 0.8931 - val_auc: 0.9473 - 15s/epoch - 51ms/step
Epoch 13/100
290/290 - 15s - loss: 0.2782 - acc: 0.8803 - auc: 0.9511 - val_loss: 0.2933 - val_acc: 0.8912 - val_auc: 0.9444 - 15s/epoch - 52ms/step
Epoch 14/100
290/290 - 15s - loss: 0.2778 - acc: 0.8814 - auc: 0.9517 - val_loss: 0.2936 - val_acc: 0.8805 - val_auc: 0.9464 - 15s/epoch - 51ms/step
Epoch 15/100
290/290 - 15s - loss: 0.2785 - acc: 0.8833 - auc: 0.9505 - val_loss: 0.2952 - val_acc: 0.8892 - val_auc: 0.9421 - 15s/epoch - 51ms/step
Epoch 16/100
290/290 - 15s - loss: 0.2752 - acc: 0.8822 - auc: 0.9527 - val_loss: 0.2880 - val_acc: 0.8834 - val_auc: 0.9457 - 15s/epoch - 52ms/step
Epoch 17/100
290/290 - 15s - loss: 0.2772 - acc: 0.8808 - auc: 0.9511 - val_loss: 0.2938 - val_acc: 0.8814 - val_auc: 0.9443 - 15s/epoch - 52ms/step
Epoch 18/100
290/290 - 15s - loss: 0.2743 - acc: 0.8847 - auc: 0.9527 - val_loss: 0.2849 - val_acc: 0.8912 - val_auc: 0.9491 - 15s/epoch - 51ms/step
Epoch 19/100
290/290 - 15s - loss: 0.2740 - acc: 0.8818 - auc: 0.9522 - val_loss: 0.2844 - val_acc: 0.8882 - val_auc: 0.9492 - 15s/epoch - 51ms/step
Early stopping epoch: 18
******Evaluating TEST set*********
33/33 - 1s - 736ms/epoch - 22ms/step
              precision    recall  f1-score   support

           0       0.91      0.78      0.84       400
           1       0.87      0.95      0.91       629

    accuracy                           0.89      1029
   macro avg       0.89      0.87      0.88      1029
weighted avg       0.89      0.89      0.88      1029

******Evaluating RANDOM Model*********
              precision    recall  f1-score   support

           0       0.38      0.50      0.43       400
           1       0.60      0.48      0.53       629

    accuracy                           0.49      1029
   macro avg       0.49      0.49      0.48      1029
weighted avg       0.51      0.49      0.49      1029

______________________________________________________
fold 5
Epoch 1/100
290/290 - 17s - loss: 0.3278 - acc: 0.8557 - auc: 0.9323 - val_loss: 0.2801 - val_acc: 0.8805 - val_auc: 0.9528 - 17s/epoch - 59ms/step
Epoch 2/100
290/290 - 15s - loss: 0.3004 - acc: 0.8717 - auc: 0.9427 - val_loss: 0.2766 - val_acc: 0.8776 - val_auc: 0.9525 - 15s/epoch - 51ms/step
Epoch 3/100
290/290 - 15s - loss: 0.2947 - acc: 0.8751 - auc: 0.9447 - val_loss: 0.2737 - val_acc: 0.8844 - val_auc: 0.9534 - 15s/epoch - 51ms/step
Epoch 4/100
290/290 - 15s - loss: 0.2945 - acc: 0.8751 - auc: 0.9456 - val_loss: 0.2818 - val_acc: 0.8814 - val_auc: 0.9490 - 15s/epoch - 51ms/step
Epoch 5/100
290/290 - 15s - loss: 0.2922 - acc: 0.8770 - auc: 0.9457 - val_loss: 0.2695 - val_acc: 0.8844 - val_auc: 0.9538 - 15s/epoch - 52ms/step
Epoch 6/100
290/290 - 15s - loss: 0.2918 - acc: 0.8748 - auc: 0.9464 - val_loss: 0.2724 - val_acc: 0.8853 - val_auc: 0.9527 - 15s/epoch - 51ms/step
Epoch 7/100
290/290 - 15s - loss: 0.2880 - acc: 0.8773 - auc: 0.9482 - val_loss: 0.2770 - val_acc: 0.8805 - val_auc: 0.9517 - 15s/epoch - 52ms/step
Epoch 8/100
290/290 - 15s - loss: 0.2870 - acc: 0.8793 - auc: 0.9484 - val_loss: 0.2690 - val_acc: 0.8902 - val_auc: 0.9531 - 15s/epoch - 52ms/step
Epoch 9/100
290/290 - 15s - loss: 0.2843 - acc: 0.8793 - auc: 0.9490 - val_loss: 0.2707 - val_acc: 0.8834 - val_auc: 0.9532 - 15s/epoch - 51ms/step
Epoch 10/100
290/290 - 15s - loss: 0.2839 - acc: 0.8795 - auc: 0.9495 - val_loss: 0.2727 - val_acc: 0.8814 - val_auc: 0.9542 - 15s/epoch - 52ms/step
Epoch 11/100
290/290 - 15s - loss: 0.2801 - acc: 0.8837 - auc: 0.9505 - val_loss: 0.2702 - val_acc: 0.8834 - val_auc: 0.9544 - 15s/epoch - 51ms/step
Epoch 12/100
290/290 - 15s - loss: 0.2810 - acc: 0.8822 - auc: 0.9499 - val_loss: 0.2752 - val_acc: 0.8882 - val_auc: 0.9516 - 15s/epoch - 51ms/step
Epoch 13/100
290/290 - 15s - loss: 0.2794 - acc: 0.8801 - auc: 0.9505 - val_loss: 0.2686 - val_acc: 0.8931 - val_auc: 0.9546 - 15s/epoch - 52ms/step
Epoch 14/100
290/290 - 15s - loss: 0.2771 - acc: 0.8831 - auc: 0.9515 - val_loss: 0.2677 - val_acc: 0.8941 - val_auc: 0.9533 - 15s/epoch - 51ms/step
Epoch 15/100
290/290 - 15s - loss: 0.2762 - acc: 0.8812 - auc: 0.9518 - val_loss: 0.2702 - val_acc: 0.8785 - val_auc: 0.9535 - 15s/epoch - 52ms/step
Epoch 16/100
290/290 - 15s - loss: 0.2749 - acc: 0.8840 - auc: 0.9522 - val_loss: 0.2694 - val_acc: 0.8941 - val_auc: 0.9539 - 15s/epoch - 51ms/step
Epoch 17/100
290/290 - 15s - loss: 0.2738 - acc: 0.8813 - auc: 0.9529 - val_loss: 0.2665 - val_acc: 0.8902 - val_auc: 0.9543 - 15s/epoch - 51ms/step
Epoch 18/100
290/290 - 15s - loss: 0.2719 - acc: 0.8832 - auc: 0.9535 - val_loss: 0.2672 - val_acc: 0.8902 - val_auc: 0.9543 - 15s/epoch - 52ms/step
Epoch 19/100
290/290 - 15s - loss: 0.2713 - acc: 0.8840 - auc: 0.9538 - val_loss: 0.2673 - val_acc: 0.8873 - val_auc: 0.9541 - 15s/epoch - 52ms/step
Epoch 20/100
290/290 - 15s - loss: 0.2694 - acc: 0.8860 - auc: 0.9549 - val_loss: 0.2754 - val_acc: 0.8892 - val_auc: 0.9517 - 15s/epoch - 51ms/step
Epoch 21/100
290/290 - 15s - loss: 0.2691 - acc: 0.8843 - auc: 0.9552 - val_loss: 0.2686 - val_acc: 0.8892 - val_auc: 0.9530 - 15s/epoch - 52ms/step
Epoch 22/100
290/290 - 15s - loss: 0.2687 - acc: 0.8844 - auc: 0.9551 - val_loss: 0.2830 - val_acc: 0.8814 - val_auc: 0.9485 - 15s/epoch - 51ms/step
Epoch 23/100
290/290 - 15s - loss: 0.2685 - acc: 0.8850 - auc: 0.9551 - val_loss: 0.2719 - val_acc: 0.8882 - val_auc: 0.9525 - 15s/epoch - 52ms/step
Early stopping epoch: 22
******Evaluating TEST set*********
33/33 - 1s - 744ms/epoch - 23ms/step
              precision    recall  f1-score   support

           0       0.90      0.81      0.86       400
           1       0.89      0.94      0.92       629

    accuracy                           0.89      1029
   macro avg       0.89      0.88      0.89      1029
weighted avg       0.89      0.89      0.89      1029

******Evaluating RANDOM Model*********
              precision    recall  f1-score   support

           0       0.37      0.49      0.42       400
           1       0.59      0.47      0.53       629

    accuracy                           0.48      1029
   macro avg       0.48      0.48      0.47      1029
weighted avg       0.51      0.48      0.48      1029

______________________________________________________
fold 6
Epoch 1/100
290/290 - 18s - loss: 0.3218 - acc: 0.8575 - auc: 0.9341 - val_loss: 0.3115 - val_acc: 0.8717 - val_auc: 0.9369 - 18s/epoch - 61ms/step
Epoch 2/100
290/290 - 15s - loss: 0.3003 - acc: 0.8737 - auc: 0.9420 - val_loss: 0.3480 - val_acc: 0.8542 - val_auc: 0.9220 - 15s/epoch - 52ms/step
Epoch 3/100
290/290 - 15s - loss: 0.2949 - acc: 0.8731 - auc: 0.9448 - val_loss: 0.2990 - val_acc: 0.8805 - val_auc: 0.9408 - 15s/epoch - 51ms/step
Epoch 4/100
290/290 - 15s - loss: 0.2885 - acc: 0.8763 - auc: 0.9480 - val_loss: 0.3019 - val_acc: 0.8785 - val_auc: 0.9402 - 15s/epoch - 52ms/step
Epoch 5/100
290/290 - 15s - loss: 0.2854 - acc: 0.8775 - auc: 0.9492 - val_loss: 0.3085 - val_acc: 0.8688 - val_auc: 0.9401 - 15s/epoch - 51ms/step
Epoch 6/100
290/290 - 15s - loss: 0.2832 - acc: 0.8776 - auc: 0.9501 - val_loss: 0.2999 - val_acc: 0.8824 - val_auc: 0.9433 - 15s/epoch - 51ms/step
Epoch 7/100
290/290 - 15s - loss: 0.2826 - acc: 0.8812 - auc: 0.9503 - val_loss: 0.2950 - val_acc: 0.8795 - val_auc: 0.9426 - 15s/epoch - 52ms/step
Epoch 8/100
290/290 - 15s - loss: 0.2818 - acc: 0.8805 - auc: 0.9504 - val_loss: 0.3046 - val_acc: 0.8766 - val_auc: 0.9412 - 15s/epoch - 52ms/step
Epoch 9/100
290/290 - 15s - loss: 0.2808 - acc: 0.8810 - auc: 0.9509 - val_loss: 0.2971 - val_acc: 0.8805 - val_auc: 0.9426 - 15s/epoch - 51ms/step
Epoch 10/100
290/290 - 15s - loss: 0.2772 - acc: 0.8845 - auc: 0.9518 - val_loss: 0.3234 - val_acc: 0.8737 - val_auc: 0.9330 - 15s/epoch - 51ms/step
Epoch 11/100
290/290 - 15s - loss: 0.2780 - acc: 0.8826 - auc: 0.9516 - val_loss: 0.2950 - val_acc: 0.8814 - val_auc: 0.9444 - 15s/epoch - 51ms/step
Epoch 12/100
290/290 - 15s - loss: 0.2756 - acc: 0.8814 - auc: 0.9523 - val_loss: 0.2971 - val_acc: 0.8795 - val_auc: 0.9435 - 15s/epoch - 51ms/step
Epoch 13/100
290/290 - 15s - loss: 0.2776 - acc: 0.8823 - auc: 0.9513 - val_loss: 0.2961 - val_acc: 0.8814 - val_auc: 0.9422 - 15s/epoch - 51ms/step
Epoch 14/100
290/290 - 15s - loss: 0.2737 - acc: 0.8840 - auc: 0.9528 - val_loss: 0.2978 - val_acc: 0.8824 - val_auc: 0.9421 - 15s/epoch - 51ms/step
Epoch 15/100
290/290 - 15s - loss: 0.2737 - acc: 0.8813 - auc: 0.9526 - val_loss: 0.2981 - val_acc: 0.8727 - val_auc: 0.9416 - 15s/epoch - 51ms/step
Epoch 16/100
290/290 - 15s - loss: 0.2725 - acc: 0.8831 - auc: 0.9532 - val_loss: 0.2952 - val_acc: 0.8737 - val_auc: 0.9419 - 15s/epoch - 51ms/step
Epoch 17/100
290/290 - 15s - loss: 0.2689 - acc: 0.8857 - auc: 0.9543 - val_loss: 0.3066 - val_acc: 0.8717 - val_auc: 0.9417 - 15s/epoch - 52ms/step
Epoch 18/100
290/290 - 15s - loss: 0.2722 - acc: 0.8812 - auc: 0.9531 - val_loss: 0.3008 - val_acc: 0.8737 - val_auc: 0.9432 - 15s/epoch - 52ms/step
Epoch 19/100
290/290 - 15s - loss: 0.2683 - acc: 0.8876 - auc: 0.9545 - val_loss: 0.3140 - val_acc: 0.8717 - val_auc: 0.9381 - 15s/epoch - 51ms/step
Epoch 20/100
290/290 - 15s - loss: 0.2704 - acc: 0.8844 - auc: 0.9543 - val_loss: 0.2953 - val_acc: 0.8746 - val_auc: 0.9449 - 15s/epoch - 51ms/step
Epoch 21/100
290/290 - 15s - loss: 0.2688 - acc: 0.8876 - auc: 0.9544 - val_loss: 0.2942 - val_acc: 0.8795 - val_auc: 0.9451 - 15s/epoch - 52ms/step
Epoch 22/100
290/290 - 15s - loss: 0.2656 - acc: 0.8854 - auc: 0.9562 - val_loss: 0.2911 - val_acc: 0.8766 - val_auc: 0.9476 - 15s/epoch - 52ms/step
Epoch 23/100
290/290 - 15s - loss: 0.2670 - acc: 0.8866 - auc: 0.9554 - val_loss: 0.2961 - val_acc: 0.8707 - val_auc: 0.9450 - 15s/epoch - 52ms/step
Epoch 24/100
290/290 - 15s - loss: 0.2649 - acc: 0.8866 - auc: 0.9561 - val_loss: 0.2975 - val_acc: 0.8707 - val_auc: 0.9437 - 15s/epoch - 51ms/step
Epoch 25/100
290/290 - 15s - loss: 0.2654 - acc: 0.8871 - auc: 0.9563 - val_loss: 0.2879 - val_acc: 0.8795 - val_auc: 0.9464 - 15s/epoch - 51ms/step
Epoch 26/100
290/290 - 15s - loss: 0.2621 - acc: 0.8878 - auc: 0.9574 - val_loss: 0.2894 - val_acc: 0.8814 - val_auc: 0.9477 - 15s/epoch - 52ms/step
Epoch 27/100
290/290 - 15s - loss: 0.2628 - acc: 0.8876 - auc: 0.9570 - val_loss: 0.2894 - val_acc: 0.8756 - val_auc: 0.9479 - 15s/epoch - 52ms/step
Epoch 28/100
290/290 - 15s - loss: 0.2611 - acc: 0.8893 - auc: 0.9577 - val_loss: 0.2954 - val_acc: 0.8746 - val_auc: 0.9460 - 15s/epoch - 51ms/step
Epoch 29/100
290/290 - 15s - loss: 0.2597 - acc: 0.8905 - auc: 0.9580 - val_loss: 0.2903 - val_acc: 0.8805 - val_auc: 0.9476 - 15s/epoch - 52ms/step
Epoch 30/100
290/290 - 15s - loss: 0.2564 - acc: 0.8912 - auc: 0.9591 - val_loss: 0.2926 - val_acc: 0.8707 - val_auc: 0.9462 - 15s/epoch - 52ms/step
Epoch 31/100
290/290 - 15s - loss: 0.2576 - acc: 0.8893 - auc: 0.9589 - val_loss: 0.2943 - val_acc: 0.8727 - val_auc: 0.9461 - 15s/epoch - 52ms/step
Epoch 32/100
290/290 - 15s - loss: 0.2552 - acc: 0.8923 - auc: 0.9597 - val_loss: 0.2901 - val_acc: 0.8844 - val_auc: 0.9460 - 15s/epoch - 53ms/step
Epoch 33/100
290/290 - 15s - loss: 0.2545 - acc: 0.8928 - auc: 0.9592 - val_loss: 0.3018 - val_acc: 0.8717 - val_auc: 0.9455 - 15s/epoch - 52ms/step
Epoch 34/100
290/290 - 15s - loss: 0.2520 - acc: 0.8907 - auc: 0.9605 - val_loss: 0.2960 - val_acc: 0.8814 - val_auc: 0.9487 - 15s/epoch - 52ms/step
Epoch 35/100
290/290 - 15s - loss: 0.2511 - acc: 0.8916 - auc: 0.9610 - val_loss: 0.3098 - val_acc: 0.8707 - val_auc: 0.9384 - 15s/epoch - 52ms/step
Epoch 36/100
290/290 - 15s - loss: 0.2501 - acc: 0.8961 - auc: 0.9611 - val_loss: 0.3014 - val_acc: 0.8727 - val_auc: 0.9439 - 15s/epoch - 52ms/step
Epoch 37/100
290/290 - 15s - loss: 0.2482 - acc: 0.8961 - auc: 0.9612 - val_loss: 0.3059 - val_acc: 0.8698 - val_auc: 0.9415 - 15s/epoch - 52ms/step
Epoch 38/100
290/290 - 15s - loss: 0.2479 - acc: 0.8927 - auc: 0.9615 - val_loss: 0.2965 - val_acc: 0.8814 - val_auc: 0.9457 - 15s/epoch - 52ms/step
Epoch 39/100
290/290 - 15s - loss: 0.2487 - acc: 0.8940 - auc: 0.9617 - val_loss: 0.2908 - val_acc: 0.8805 - val_auc: 0.9470 - 15s/epoch - 52ms/step
Epoch 40/100
290/290 - 15s - loss: 0.2544 - acc: 0.8939 - auc: 0.9597 - val_loss: 0.2918 - val_acc: 0.8727 - val_auc: 0.9439 - 15s/epoch - 52ms/step
Epoch 41/100
290/290 - 15s - loss: 0.2491 - acc: 0.8971 - auc: 0.9613 - val_loss: 0.2963 - val_acc: 0.8756 - val_auc: 0.9421 - 15s/epoch - 52ms/step
Epoch 42/100
290/290 - 15s - loss: 0.2458 - acc: 0.8964 - auc: 0.9620 - val_loss: 0.3011 - val_acc: 0.8756 - val_auc: 0.9416 - 15s/epoch - 52ms/step
Epoch 43/100
290/290 - 15s - loss: 0.2449 - acc: 0.8964 - auc: 0.9629 - val_loss: 0.3000 - val_acc: 0.8727 - val_auc: 0.9423 - 15s/epoch - 53ms/step
Epoch 44/100
290/290 - 15s - loss: 0.2434 - acc: 0.8981 - auc: 0.9635 - val_loss: 0.2996 - val_acc: 0.8746 - val_auc: 0.9420 - 15s/epoch - 53ms/step
Early stopping epoch: 43
******Evaluating TEST set*********
33/33 - 1s - 738ms/epoch - 22ms/step
              precision    recall  f1-score   support

           0       0.86      0.83      0.84       400
           1       0.89      0.92      0.90       629

    accuracy                           0.88      1029
   macro avg       0.88      0.87      0.87      1029
weighted avg       0.88      0.88      0.88      1029

******Evaluating RANDOM Model*********
              precision    recall  f1-score   support

           0       0.38      0.49      0.43       400
           1       0.60      0.49      0.54       629

    accuracy                           0.49      1029
   macro avg       0.49      0.49      0.48      1029
weighted avg       0.52      0.49      0.50      1029

______________________________________________________
fold 7
Epoch 1/100
290/290 - 17s - loss: 0.3264 - acc: 0.8551 - auc: 0.9321 - val_loss: 0.3103 - val_acc: 0.8677 - val_auc: 0.9387 - 17s/epoch - 60ms/step
Epoch 2/100
290/290 - 15s - loss: 0.3003 - acc: 0.8723 - auc: 0.9417 - val_loss: 0.3135 - val_acc: 0.8638 - val_auc: 0.9406 - 15s/epoch - 52ms/step
Epoch 3/100
290/290 - 15s - loss: 0.2954 - acc: 0.8756 - auc: 0.9445 - val_loss: 0.3023 - val_acc: 0.8677 - val_auc: 0.9410 - 15s/epoch - 52ms/step
Epoch 4/100
290/290 - 15s - loss: 0.2896 - acc: 0.8774 - auc: 0.9472 - val_loss: 0.2997 - val_acc: 0.8687 - val_auc: 0.9453 - 15s/epoch - 52ms/step
Epoch 5/100
290/290 - 15s - loss: 0.2873 - acc: 0.8777 - auc: 0.9480 - val_loss: 0.3010 - val_acc: 0.8706 - val_auc: 0.9446 - 15s/epoch - 51ms/step
Epoch 6/100
290/290 - 15s - loss: 0.2855 - acc: 0.8808 - auc: 0.9481 - val_loss: 0.3020 - val_acc: 0.8648 - val_auc: 0.9432 - 15s/epoch - 51ms/step
Epoch 7/100
290/290 - 15s - loss: 0.2838 - acc: 0.8812 - auc: 0.9489 - val_loss: 0.3108 - val_acc: 0.8609 - val_auc: 0.9429 - 15s/epoch - 51ms/step
Epoch 8/100
290/290 - 15s - loss: 0.2832 - acc: 0.8822 - auc: 0.9491 - val_loss: 0.2964 - val_acc: 0.8696 - val_auc: 0.9467 - 15s/epoch - 51ms/step
Epoch 9/100
290/290 - 15s - loss: 0.2821 - acc: 0.8812 - auc: 0.9494 - val_loss: 0.3014 - val_acc: 0.8696 - val_auc: 0.9458 - 15s/epoch - 51ms/step
Epoch 10/100
290/290 - 15s - loss: 0.2801 - acc: 0.8811 - auc: 0.9505 - val_loss: 0.2922 - val_acc: 0.8745 - val_auc: 0.9477 - 15s/epoch - 52ms/step
Epoch 11/100
290/290 - 15s - loss: 0.2780 - acc: 0.8835 - auc: 0.9511 - val_loss: 0.3022 - val_acc: 0.8677 - val_auc: 0.9446 - 15s/epoch - 51ms/step
Epoch 12/100
290/290 - 15s - loss: 0.2808 - acc: 0.8818 - auc: 0.9501 - val_loss: 0.2951 - val_acc: 0.8677 - val_auc: 0.9449 - 15s/epoch - 51ms/step
Epoch 13/100
290/290 - 15s - loss: 0.2768 - acc: 0.8828 - auc: 0.9517 - val_loss: 0.2895 - val_acc: 0.8726 - val_auc: 0.9493 - 15s/epoch - 51ms/step
Epoch 14/100
290/290 - 15s - loss: 0.2777 - acc: 0.8836 - auc: 0.9517 - val_loss: 0.2914 - val_acc: 0.8716 - val_auc: 0.9457 - 15s/epoch - 51ms/step
Epoch 15/100
290/290 - 15s - loss: 0.2752 - acc: 0.8828 - auc: 0.9526 - val_loss: 0.2931 - val_acc: 0.8667 - val_auc: 0.9457 - 15s/epoch - 50ms/step
Epoch 16/100
290/290 - 15s - loss: 0.2743 - acc: 0.8847 - auc: 0.9527 - val_loss: 0.2967 - val_acc: 0.8735 - val_auc: 0.9472 - 15s/epoch - 52ms/step
Epoch 17/100
290/290 - 15s - loss: 0.2740 - acc: 0.8847 - auc: 0.9528 - val_loss: 0.2901 - val_acc: 0.8735 - val_auc: 0.9496 - 15s/epoch - 51ms/step
Epoch 18/100
290/290 - 15s - loss: 0.2729 - acc: 0.8848 - auc: 0.9536 - val_loss: 0.2890 - val_acc: 0.8677 - val_auc: 0.9491 - 15s/epoch - 51ms/step
Epoch 19/100
290/290 - 15s - loss: 0.2706 - acc: 0.8852 - auc: 0.9537 - val_loss: 0.2846 - val_acc: 0.8687 - val_auc: 0.9503 - 15s/epoch - 51ms/step
Epoch 20/100
290/290 - 15s - loss: 0.2704 - acc: 0.8866 - auc: 0.9538 - val_loss: 0.2876 - val_acc: 0.8745 - val_auc: 0.9492 - 15s/epoch - 51ms/step
Epoch 21/100
290/290 - 15s - loss: 0.2714 - acc: 0.8858 - auc: 0.9539 - val_loss: 0.2887 - val_acc: 0.8687 - val_auc: 0.9499 - 15s/epoch - 51ms/step
Epoch 22/100
290/290 - 15s - loss: 0.2684 - acc: 0.8841 - auc: 0.9550 - val_loss: 0.2877 - val_acc: 0.8687 - val_auc: 0.9512 - 15s/epoch - 51ms/step
Epoch 23/100
290/290 - 15s - loss: 0.2705 - acc: 0.8875 - auc: 0.9546 - val_loss: 0.2835 - val_acc: 0.8658 - val_auc: 0.9510 - 15s/epoch - 50ms/step
Epoch 24/100
290/290 - 15s - loss: 0.2675 - acc: 0.8844 - auc: 0.9552 - val_loss: 0.2864 - val_acc: 0.8687 - val_auc: 0.9502 - 15s/epoch - 52ms/step
Epoch 25/100
290/290 - 15s - loss: 0.2659 - acc: 0.8878 - auc: 0.9554 - val_loss: 0.2777 - val_acc: 0.8696 - val_auc: 0.9532 - 15s/epoch - 51ms/step
Epoch 26/100
290/290 - 15s - loss: 0.2622 - acc: 0.8877 - auc: 0.9571 - val_loss: 0.2873 - val_acc: 0.8677 - val_auc: 0.9503 - 15s/epoch - 51ms/step
Epoch 27/100
290/290 - 15s - loss: 0.2637 - acc: 0.8867 - auc: 0.9564 - val_loss: 0.2786 - val_acc: 0.8716 - val_auc: 0.9522 - 15s/epoch - 51ms/step
Epoch 28/100
290/290 - 15s - loss: 0.2624 - acc: 0.8906 - auc: 0.9570 - val_loss: 0.2825 - val_acc: 0.8706 - val_auc: 0.9536 - 15s/epoch - 51ms/step
Epoch 29/100
290/290 - 15s - loss: 0.2605 - acc: 0.8901 - auc: 0.9575 - val_loss: 0.2819 - val_acc: 0.8677 - val_auc: 0.9533 - 15s/epoch - 50ms/step
Epoch 30/100
290/290 - 15s - loss: 0.2592 - acc: 0.8915 - auc: 0.9577 - val_loss: 0.2863 - val_acc: 0.8667 - val_auc: 0.9521 - 15s/epoch - 51ms/step
Epoch 31/100
290/290 - 15s - loss: 0.2587 - acc: 0.8926 - auc: 0.9582 - val_loss: 0.2855 - val_acc: 0.8735 - val_auc: 0.9517 - 15s/epoch - 51ms/step
Epoch 32/100
290/290 - 15s - loss: 0.2568 - acc: 0.8946 - auc: 0.9583 - val_loss: 0.2922 - val_acc: 0.8648 - val_auc: 0.9501 - 15s/epoch - 51ms/step
Epoch 33/100
290/290 - 15s - loss: 0.2556 - acc: 0.8933 - auc: 0.9590 - val_loss: 0.2890 - val_acc: 0.8745 - val_auc: 0.9504 - 15s/epoch - 51ms/step
Epoch 34/100
290/290 - 15s - loss: 0.2540 - acc: 0.8946 - auc: 0.9594 - val_loss: 0.2781 - val_acc: 0.8774 - val_auc: 0.9538 - 15s/epoch - 52ms/step
Epoch 35/100
290/290 - 15s - loss: 0.2557 - acc: 0.8944 - auc: 0.9588 - val_loss: 0.2838 - val_acc: 0.8726 - val_auc: 0.9523 - 15s/epoch - 52ms/step
Epoch 36/100
290/290 - 15s - loss: 0.2525 - acc: 0.8953 - auc: 0.9605 - val_loss: 0.2801 - val_acc: 0.8687 - val_auc: 0.9520 - 15s/epoch - 52ms/step
Epoch 37/100
290/290 - 15s - loss: 0.2518 - acc: 0.8946 - auc: 0.9602 - val_loss: 0.2857 - val_acc: 0.8726 - val_auc: 0.9495 - 15s/epoch - 52ms/step
Epoch 38/100
290/290 - 15s - loss: 0.2483 - acc: 0.8959 - auc: 0.9614 - val_loss: 0.3065 - val_acc: 0.8658 - val_auc: 0.9450 - 15s/epoch - 51ms/step
Epoch 39/100
290/290 - 15s - loss: 0.2491 - acc: 0.8967 - auc: 0.9611 - val_loss: 0.2802 - val_acc: 0.8765 - val_auc: 0.9530 - 15s/epoch - 51ms/step
Epoch 40/100
290/290 - 15s - loss: 0.2433 - acc: 0.8979 - auc: 0.9631 - val_loss: 0.3029 - val_acc: 0.8716 - val_auc: 0.9426 - 15s/epoch - 52ms/step
Epoch 41/100
290/290 - 15s - loss: 0.2411 - acc: 0.8970 - auc: 0.9640 - val_loss: 0.2872 - val_acc: 0.8774 - val_auc: 0.9494 - 15s/epoch - 51ms/step
Epoch 42/100
290/290 - 15s - loss: 0.2405 - acc: 0.9005 - auc: 0.9642 - val_loss: 0.3036 - val_acc: 0.8696 - val_auc: 0.9440 - 15s/epoch - 51ms/step
Epoch 43/100
290/290 - 15s - loss: 0.2391 - acc: 0.9000 - auc: 0.9645 - val_loss: 0.3000 - val_acc: 0.8735 - val_auc: 0.9455 - 15s/epoch - 52ms/step
Epoch 44/100
290/290 - 15s - loss: 0.2357 - acc: 0.9040 - auc: 0.9653 - val_loss: 0.2919 - val_acc: 0.8774 - val_auc: 0.9470 - 15s/epoch - 51ms/step
Early stopping epoch: 43
******Evaluating TEST set*********
33/33 - 1s - 747ms/epoch - 23ms/step
              precision    recall  f1-score   support

           0       0.83      0.85      0.84       399
           1       0.91      0.89      0.90       629

    accuracy                           0.88      1028
   macro avg       0.87      0.87      0.87      1028
weighted avg       0.88      0.88      0.88      1028

******Evaluating RANDOM Model*********
              precision    recall  f1-score   support

           0       0.38      0.48      0.42       399
           1       0.60      0.51      0.55       629

    accuracy                           0.50      1028
   macro avg       0.49      0.49      0.49      1028
weighted avg       0.52      0.50      0.50      1028

______________________________________________________
fold 8
Epoch 1/100
290/290 - 18s - loss: 0.3267 - acc: 0.8537 - auc: 0.9328 - val_loss: 0.2939 - val_acc: 0.8735 - val_auc: 0.9449 - 18s/epoch - 61ms/step
Epoch 2/100
290/290 - 15s - loss: 0.2985 - acc: 0.8723 - auc: 0.9427 - val_loss: 0.3023 - val_acc: 0.8687 - val_auc: 0.9414 - 15s/epoch - 52ms/step
Epoch 3/100
290/290 - 15s - loss: 0.2947 - acc: 0.8740 - auc: 0.9449 - val_loss: 0.2892 - val_acc: 0.8755 - val_auc: 0.9475 - 15s/epoch - 51ms/step
Epoch 4/100
290/290 - 15s - loss: 0.2910 - acc: 0.8733 - auc: 0.9466 - val_loss: 0.2950 - val_acc: 0.8784 - val_auc: 0.9474 - 15s/epoch - 52ms/step
Epoch 5/100
290/290 - 15s - loss: 0.2917 - acc: 0.8775 - auc: 0.9460 - val_loss: 0.2814 - val_acc: 0.8755 - val_auc: 0.9514 - 15s/epoch - 52ms/step
Epoch 6/100
290/290 - 15s - loss: 0.2883 - acc: 0.8778 - auc: 0.9479 - val_loss: 0.2899 - val_acc: 0.8804 - val_auc: 0.9493 - 15s/epoch - 51ms/step
Epoch 7/100
290/290 - 15s - loss: 0.2848 - acc: 0.8774 - auc: 0.9487 - val_loss: 0.2885 - val_acc: 0.8735 - val_auc: 0.9500 - 15s/epoch - 51ms/step
Epoch 8/100
290/290 - 15s - loss: 0.2865 - acc: 0.8770 - auc: 0.9482 - val_loss: 0.2782 - val_acc: 0.8726 - val_auc: 0.9525 - 15s/epoch - 51ms/step
Epoch 9/100
290/290 - 15s - loss: 0.2843 - acc: 0.8750 - auc: 0.9494 - val_loss: 0.2839 - val_acc: 0.8784 - val_auc: 0.9522 - 15s/epoch - 51ms/step
Epoch 10/100
290/290 - 15s - loss: 0.2834 - acc: 0.8823 - auc: 0.9495 - val_loss: 0.2769 - val_acc: 0.8804 - val_auc: 0.9537 - 15s/epoch - 51ms/step
Epoch 11/100
290/290 - 15s - loss: 0.2806 - acc: 0.8834 - auc: 0.9502 - val_loss: 0.2824 - val_acc: 0.8804 - val_auc: 0.9500 - 15s/epoch - 52ms/step
Epoch 12/100
290/290 - 15s - loss: 0.2805 - acc: 0.8805 - auc: 0.9501 - val_loss: 0.2738 - val_acc: 0.8804 - val_auc: 0.9540 - 15s/epoch - 51ms/step
Epoch 13/100
290/290 - 15s - loss: 0.2801 - acc: 0.8814 - auc: 0.9503 - val_loss: 0.2779 - val_acc: 0.8706 - val_auc: 0.9533 - 15s/epoch - 51ms/step
Epoch 14/100
290/290 - 15s - loss: 0.2798 - acc: 0.8823 - auc: 0.9498 - val_loss: 0.2755 - val_acc: 0.8813 - val_auc: 0.9539 - 15s/epoch - 51ms/step
Epoch 15/100
290/290 - 15s - loss: 0.2777 - acc: 0.8829 - auc: 0.9507 - val_loss: 0.2752 - val_acc: 0.8813 - val_auc: 0.9546 - 15s/epoch - 51ms/step
Epoch 16/100
290/290 - 15s - loss: 0.2775 - acc: 0.8805 - auc: 0.9515 - val_loss: 0.2809 - val_acc: 0.8794 - val_auc: 0.9506 - 15s/epoch - 51ms/step
Epoch 17/100
290/290 - 15s - loss: 0.2763 - acc: 0.8817 - auc: 0.9520 - val_loss: 0.2749 - val_acc: 0.8804 - val_auc: 0.9516 - 15s/epoch - 51ms/step
Epoch 18/100
290/290 - 15s - loss: 0.2761 - acc: 0.8817 - auc: 0.9518 - val_loss: 0.2713 - val_acc: 0.8774 - val_auc: 0.9546 - 15s/epoch - 51ms/step
Epoch 19/100
290/290 - 15s - loss: 0.2745 - acc: 0.8875 - auc: 0.9522 - val_loss: 0.2767 - val_acc: 0.8765 - val_auc: 0.9490 - 15s/epoch - 51ms/step
Epoch 20/100
290/290 - 15s - loss: 0.2721 - acc: 0.8829 - auc: 0.9533 - val_loss: 0.2732 - val_acc: 0.8823 - val_auc: 0.9549 - 15s/epoch - 51ms/step
Epoch 21/100
290/290 - 15s - loss: 0.2727 - acc: 0.8857 - auc: 0.9530 - val_loss: 0.2787 - val_acc: 0.8745 - val_auc: 0.9522 - 15s/epoch - 51ms/step
Epoch 22/100
290/290 - 15s - loss: 0.2703 - acc: 0.8867 - auc: 0.9540 - val_loss: 0.2710 - val_acc: 0.8813 - val_auc: 0.9552 - 15s/epoch - 51ms/step
Epoch 23/100
290/290 - 15s - loss: 0.2706 - acc: 0.8838 - auc: 0.9535 - val_loss: 0.2715 - val_acc: 0.8813 - val_auc: 0.9555 - 15s/epoch - 51ms/step
Epoch 24/100
290/290 - 15s - loss: 0.2685 - acc: 0.8874 - auc: 0.9540 - val_loss: 0.2710 - val_acc: 0.8804 - val_auc: 0.9554 - 15s/epoch - 51ms/step
Epoch 25/100
290/290 - 15s - loss: 0.2685 - acc: 0.8865 - auc: 0.9543 - val_loss: 0.2769 - val_acc: 0.8804 - val_auc: 0.9540 - 15s/epoch - 51ms/step
Epoch 26/100
290/290 - 15s - loss: 0.2699 - acc: 0.8848 - auc: 0.9540 - val_loss: 0.2735 - val_acc: 0.8833 - val_auc: 0.9542 - 15s/epoch - 51ms/step
Epoch 27/100
290/290 - 15s - loss: 0.2668 - acc: 0.8866 - auc: 0.9551 - val_loss: 0.2716 - val_acc: 0.8735 - val_auc: 0.9553 - 15s/epoch - 52ms/step
Epoch 28/100
290/290 - 15s - loss: 0.2648 - acc: 0.8894 - auc: 0.9560 - val_loss: 0.2818 - val_acc: 0.8687 - val_auc: 0.9524 - 15s/epoch - 51ms/step
Epoch 29/100
290/290 - 15s - loss: 0.2652 - acc: 0.8903 - auc: 0.9560 - val_loss: 0.2875 - val_acc: 0.8774 - val_auc: 0.9476 - 15s/epoch - 52ms/step
Epoch 30/100
290/290 - 15s - loss: 0.2653 - acc: 0.8881 - auc: 0.9556 - val_loss: 0.2673 - val_acc: 0.8813 - val_auc: 0.9545 - 15s/epoch - 51ms/step
Epoch 31/100
290/290 - 15s - loss: 0.2637 - acc: 0.8888 - auc: 0.9562 - val_loss: 0.2816 - val_acc: 0.8706 - val_auc: 0.9490 - 15s/epoch - 52ms/step
Epoch 32/100
290/290 - 15s - loss: 0.2618 - acc: 0.8895 - auc: 0.9572 - val_loss: 0.2725 - val_acc: 0.8794 - val_auc: 0.9517 - 15s/epoch - 51ms/step
Epoch 33/100
290/290 - 15s - loss: 0.2622 - acc: 0.8896 - auc: 0.9570 - val_loss: 0.2782 - val_acc: 0.8765 - val_auc: 0.9481 - 15s/epoch - 51ms/step
Early stopping epoch: 32
******Evaluating TEST set*********
33/33 - 1s - 781ms/epoch - 24ms/step
              precision    recall  f1-score   support

           0       0.87      0.81      0.84       399
           1       0.89      0.93      0.91       629

    accuracy                           0.88      1028
   macro avg       0.88      0.87      0.87      1028
weighted avg       0.88      0.88      0.88      1028

******Evaluating RANDOM Model*********
              precision    recall  f1-score   support

           0       0.37      0.49      0.42       399
           1       0.59      0.47      0.52       629

    accuracy                           0.48      1028
   macro avg       0.48      0.48      0.47      1028
weighted avg       0.50      0.48      0.48      1028

______________________________________________________
fold 9
Epoch 1/100
290/290 - 17s - loss: 0.3257 - acc: 0.8572 - auc: 0.9320 - val_loss: 0.2983 - val_acc: 0.8580 - val_auc: 0.9466 - 17s/epoch - 60ms/step
Epoch 2/100
290/290 - 15s - loss: 0.3011 - acc: 0.8714 - auc: 0.9417 - val_loss: 0.2879 - val_acc: 0.8784 - val_auc: 0.9471 - 15s/epoch - 51ms/step
Epoch 3/100
290/290 - 15s - loss: 0.2962 - acc: 0.8759 - auc: 0.9443 - val_loss: 0.2738 - val_acc: 0.8813 - val_auc: 0.9543 - 15s/epoch - 51ms/step
Epoch 4/100
290/290 - 15s - loss: 0.2912 - acc: 0.8776 - auc: 0.9464 - val_loss: 0.2837 - val_acc: 0.8842 - val_auc: 0.9504 - 15s/epoch - 51ms/step
Epoch 5/100
290/290 - 15s - loss: 0.2910 - acc: 0.8780 - auc: 0.9466 - val_loss: 0.2789 - val_acc: 0.8842 - val_auc: 0.9547 - 15s/epoch - 51ms/step
Epoch 6/100
290/290 - 15s - loss: 0.2879 - acc: 0.8768 - auc: 0.9472 - val_loss: 0.2752 - val_acc: 0.8823 - val_auc: 0.9546 - 15s/epoch - 51ms/step
Epoch 7/100
290/290 - 15s - loss: 0.2869 - acc: 0.8786 - auc: 0.9479 - val_loss: 0.2799 - val_acc: 0.8804 - val_auc: 0.9523 - 15s/epoch - 51ms/step
Epoch 8/100
290/290 - 15s - loss: 0.2843 - acc: 0.8804 - auc: 0.9487 - val_loss: 0.2807 - val_acc: 0.8794 - val_auc: 0.9513 - 15s/epoch - 51ms/step
Epoch 9/100
290/290 - 15s - loss: 0.2824 - acc: 0.8791 - auc: 0.9498 - val_loss: 0.2946 - val_acc: 0.8726 - val_auc: 0.9486 - 15s/epoch - 52ms/step
Epoch 10/100
290/290 - 15s - loss: 0.2846 - acc: 0.8800 - auc: 0.9482 - val_loss: 0.2784 - val_acc: 0.8852 - val_auc: 0.9522 - 15s/epoch - 52ms/step
Epoch 11/100
290/290 - 15s - loss: 0.2815 - acc: 0.8808 - auc: 0.9493 - val_loss: 0.2745 - val_acc: 0.8823 - val_auc: 0.9541 - 15s/epoch - 51ms/step
Epoch 12/100
290/290 - 15s - loss: 0.2813 - acc: 0.8796 - auc: 0.9496 - val_loss: 0.2746 - val_acc: 0.8833 - val_auc: 0.9534 - 15s/epoch - 51ms/step
Epoch 13/100
290/290 - 15s - loss: 0.2779 - acc: 0.8845 - auc: 0.9517 - val_loss: 0.2747 - val_acc: 0.8862 - val_auc: 0.9541 - 15s/epoch - 52ms/step
Epoch 14/100
290/290 - 15s - loss: 0.2795 - acc: 0.8812 - auc: 0.9501 - val_loss: 0.2732 - val_acc: 0.8881 - val_auc: 0.9540 - 15s/epoch - 51ms/step
Epoch 15/100
290/290 - 15s - loss: 0.2787 - acc: 0.8808 - auc: 0.9511 - val_loss: 0.2814 - val_acc: 0.8765 - val_auc: 0.9523 - 15s/epoch - 51ms/step
Early stopping epoch: 14
******Evaluating TEST set*********
33/33 - 1s - 767ms/epoch - 23ms/step
              precision    recall  f1-score   support

           0       0.88      0.81      0.85       400
           1       0.89      0.93      0.91       628

    accuracy                           0.88      1028
   macro avg       0.88      0.87      0.88      1028
weighted avg       0.88      0.88      0.88      1028

******Evaluating RANDOM Model*********
              precision    recall  f1-score   support

           0       0.40      0.48      0.44       400
           1       0.62      0.54      0.57       628

    accuracy                           0.51      1028
   macro avg       0.51      0.51      0.51      1028
weighted avg       0.53      0.51      0.52      1028

______________________________________________________
Model: "model_9"
_________________________________________________________________
 Layer (type)                Output Shape              Param #   
=================================================================
 input_10 (InputLayer)       [(None, 150, 3, 3)]       0         
                                                                 
 conv2d_9 (Conv2D)           (None, 146, 1, 64)        2944      
                                                                 
 dropout_9 (Dropout)         (None, 146, 1, 64)        0         
                                                                 
 lambda_9 (Lambda)           (None, 146, 64)           0         
                                                                 
 lstm (LSTM)                 [(None, 146, 64),         33024     
                              (None, 64),                        
                              (None, 64)]                        
                                                                 
 self_attention_9 (SelfAtten  ((None, 1024),           2560      
 tion)                        (None, 16, 146))                   
                                                                 
 dense_9 (Dense)             (None, 2)                 2050      
                                                                 
=================================================================
Total params: 40,578
Trainable params: 40,578
Non-trainable params: 0
_________________________________________________________________
None
Mean Accuracy[0.8839] IC [0.8799, 0.8880]
Mean Recall[0.8721] IC [0.8679, 0.8762]
Mean F1[0.8763] IC [0.8722, 0.8805]
Median Accuracy[0.8828]
Median Recall[0.8701]
Median F1[0.8751]
