fold 0
Model: "functional_1"
┏━━━━━━━━━━━━━━━━━━━━━━━━━━━━━━━━━┳━━━━━━━━━━━━━━━━━━━━━━━━┳━━━━━━━━━━━━━━━┓
┃ Layer (type)                    ┃ Output Shape           ┃       Param # ┃
┡━━━━━━━━━━━━━━━━━━━━━━━━━━━━━━━━━╇━━━━━━━━━━━━━━━━━━━━━━━━╇━━━━━━━━━━━━━━━┩
│ input_layer (InputLayer)        │ (None, 150, 6, 3)      │             0 │
├─────────────────────────────────┼────────────────────────┼───────────────┤
│ conv2d (Conv2D)                 │ (None, 146, 1, 64)     │         5,824 │
├─────────────────────────────────┼────────────────────────┼───────────────┤
│ lambda (Lambda)                 │ (None, 146, 64)        │             0 │
├─────────────────────────────────┼────────────────────────┼───────────────┤
│ lstm (LSTM)                     │ [(None, 146, 64),      │        33,024 │
│                                 │ (None, 64), (None,     │               │
│                                 │ 64)]                   │               │
├─────────────────────────────────┼────────────────────────┼───────────────┤
│ self_attention (SelfAttention)  │ [(None, 1024), (None,  │         2,560 │
│                                 │ 16, 146)]              │               │
├─────────────────────────────────┼────────────────────────┼───────────────┤
│ lambda_1 (Lambda)               │ (None, 1024)           │             0 │
├─────────────────────────────────┼────────────────────────┼───────────────┤
│ dense (Dense)                   │ (None, 2)              │         2,050 │
└─────────────────────────────────┴────────────────────────┴───────────────┘
 Total params: 43,458 (169.76 KB)
 Trainable params: 43,458 (169.76 KB)
 Non-trainable params: 0 (0.00 B)
Epoch 1/100
292/292 - 15s - 50ms/step - AUPRC: 0.9289 - AUROC: 0.9316 - acc: 0.8631 - loss: 0.3350 - val_AUPRC: 0.9498 - val_AUROC: 0.9519 - val_acc: 0.8969 - val_loss: 0.2796
Epoch 2/100
292/292 - 12s - 41ms/step - AUPRC: 0.9469 - AUROC: 0.9481 - acc: 0.8793 - loss: 0.2905 - val_AUPRC: 0.9494 - val_AUROC: 0.9520 - val_acc: 0.8960 - val_loss: 0.2778
Epoch 3/100
292/292 - 12s - 41ms/step - AUPRC: 0.9483 - AUROC: 0.9497 - acc: 0.8838 - loss: 0.2850 - val_AUPRC: 0.9529 - val_AUROC: 0.9549 - val_acc: 0.8950 - val_loss: 0.2690
Epoch 4/100
292/292 - 12s - 41ms/step - AUPRC: 0.9500 - AUROC: 0.9512 - acc: 0.8855 - loss: 0.2804 - val_AUPRC: 0.9541 - val_AUROC: 0.9555 - val_acc: 0.8921 - val_loss: 0.2665
Epoch 5/100
292/292 - 12s - 40ms/step - AUPRC: 0.9517 - AUROC: 0.9529 - acc: 0.8880 - loss: 0.2755 - val_AUPRC: 0.9556 - val_AUROC: 0.9570 - val_acc: 0.8979 - val_loss: 0.2619
Epoch 6/100
292/292 - 12s - 41ms/step - AUPRC: 0.9539 - AUROC: 0.9545 - acc: 0.8883 - loss: 0.2720 - val_AUPRC: 0.9570 - val_AUROC: 0.9587 - val_acc: 0.9008 - val_loss: 0.2559
Epoch 7/100
292/292 - 12s - 41ms/step - AUPRC: 0.9552 - AUROC: 0.9557 - acc: 0.8907 - loss: 0.2681 - val_AUPRC: 0.9576 - val_AUROC: 0.9595 - val_acc: 0.8979 - val_loss: 0.2525
Epoch 8/100
292/292 - 12s - 41ms/step - AUPRC: 0.9566 - AUROC: 0.9571 - acc: 0.8942 - loss: 0.2638 - val_AUPRC: 0.9595 - val_AUROC: 0.9611 - val_acc: 0.9027 - val_loss: 0.2479
Epoch 9/100
292/292 - 12s - 42ms/step - AUPRC: 0.9579 - AUROC: 0.9582 - acc: 0.8946 - loss: 0.2606 - val_AUPRC: 0.9606 - val_AUROC: 0.9624 - val_acc: 0.9104 - val_loss: 0.2431
Epoch 10/100
292/292 - 12s - 41ms/step - AUPRC: 0.9588 - AUROC: 0.9591 - acc: 0.8948 - loss: 0.2577 - val_AUPRC: 0.9620 - val_AUROC: 0.9632 - val_acc: 0.9075 - val_loss: 0.2417
Epoch 11/100
292/292 - 12s - 41ms/step - AUPRC: 0.9595 - AUROC: 0.9599 - acc: 0.8974 - loss: 0.2550 - val_AUPRC: 0.9624 - val_AUROC: 0.9639 - val_acc: 0.9075 - val_loss: 0.2381
Epoch 12/100
292/292 - 12s - 40ms/step - AUPRC: 0.9603 - AUROC: 0.9606 - acc: 0.8978 - loss: 0.2533 - val_AUPRC: 0.9626 - val_AUROC: 0.9643 - val_acc: 0.9104 - val_loss: 0.2379
Epoch 13/100
292/292 - 12s - 41ms/step - AUPRC: 0.9612 - AUROC: 0.9615 - acc: 0.8996 - loss: 0.2499 - val_AUPRC: 0.9634 - val_AUROC: 0.9647 - val_acc: 0.9104 - val_loss: 0.2369
Epoch 14/100
292/292 - 12s - 41ms/step - AUPRC: 0.9616 - AUROC: 0.9620 - acc: 0.8991 - loss: 0.2483 - val_AUPRC: 0.9634 - val_AUROC: 0.9650 - val_acc: 0.9152 - val_loss: 0.2357
Epoch 15/100
292/292 - 12s - 41ms/step - AUPRC: 0.9619 - AUROC: 0.9623 - acc: 0.9000 - loss: 0.2476 - val_AUPRC: 0.9643 - val_AUROC: 0.9652 - val_acc: 0.9123 - val_loss: 0.2358
Epoch 16/100
292/292 - 12s - 39ms/step - AUPRC: 0.9620 - AUROC: 0.9623 - acc: 0.8994 - loss: 0.2471 - val_AUPRC: 0.9630 - val_AUROC: 0.9646 - val_acc: 0.9104 - val_loss: 0.2362
Epoch 17/100
292/292 - 12s - 41ms/step - AUPRC: 0.9631 - AUROC: 0.9634 - acc: 0.9024 - loss: 0.2439 - val_AUPRC: 0.9647 - val_AUROC: 0.9656 - val_acc: 0.9114 - val_loss: 0.2335
Epoch 18/100
292/292 - 12s - 41ms/step - AUPRC: 0.9632 - AUROC: 0.9637 - acc: 0.9034 - loss: 0.2426 - val_AUPRC: 0.9640 - val_AUROC: 0.9655 - val_acc: 0.9123 - val_loss: 0.2323
Epoch 19/100
292/292 - 12s - 41ms/step - AUPRC: 0.9636 - AUROC: 0.9638 - acc: 0.9015 - loss: 0.2426 - val_AUPRC: 0.9655 - val_AUROC: 0.9664 - val_acc: 0.9104 - val_loss: 0.2306
Epoch 20/100
292/292 - 12s - 40ms/step - AUPRC: 0.9638 - AUROC: 0.9639 - acc: 0.9029 - loss: 0.2426 - val_AUPRC: 0.9651 - val_AUROC: 0.9661 - val_acc: 0.9114 - val_loss: 0.2314
Epoch 21/100
292/292 - 12s - 40ms/step - AUPRC: 0.9641 - AUROC: 0.9644 - acc: 0.9054 - loss: 0.2400 - val_AUPRC: 0.9652 - val_AUROC: 0.9660 - val_acc: 0.9123 - val_loss: 0.2326
Epoch 22/100
292/292 - 12s - 40ms/step - AUPRC: 0.9648 - AUROC: 0.9649 - acc: 0.9064 - loss: 0.2385 - val_AUPRC: 0.9654 - val_AUROC: 0.9662 - val_acc: 0.9085 - val_loss: 0.2324
Epoch 23/100
292/292 - 12s - 41ms/step - AUPRC: 0.9652 - AUROC: 0.9655 - acc: 0.9062 - loss: 0.2364 - val_AUPRC: 0.9649 - val_AUROC: 0.9657 - val_acc: 0.9152 - val_loss: 0.2330
Epoch 24/100
292/292 - 12s - 40ms/step - AUPRC: 0.9649 - AUROC: 0.9650 - acc: 0.9060 - loss: 0.2382 - val_AUPRC: 0.9649 - val_AUROC: 0.9658 - val_acc: 0.9075 - val_loss: 0.2333
Epoch 25/100
292/292 - 12s - 40ms/step - AUPRC: 0.9654 - AUROC: 0.9654 - acc: 0.9044 - loss: 0.2369 - val_AUPRC: 0.9647 - val_AUROC: 0.9659 - val_acc: 0.9104 - val_loss: 0.2314
Epoch 26/100
292/292 - 12s - 41ms/step - AUPRC: 0.9652 - AUROC: 0.9653 - acc: 0.9032 - loss: 0.2377 - val_AUPRC: 0.9656 - val_AUROC: 0.9665 - val_acc: 0.9123 - val_loss: 0.2306
Epoch 27/100
292/292 - 12s - 41ms/step - AUPRC: 0.9661 - AUROC: 0.9660 - acc: 0.9059 - loss: 0.2353 - val_AUPRC: 0.9661 - val_AUROC: 0.9672 - val_acc: 0.9143 - val_loss: 0.2273
Epoch 28/100
292/292 - 12s - 40ms/step - AUPRC: 0.9667 - AUROC: 0.9667 - acc: 0.9069 - loss: 0.2324 - val_AUPRC: 0.9656 - val_AUROC: 0.9674 - val_acc: 0.9143 - val_loss: 0.2263
Epoch 29/100
292/292 - 12s - 40ms/step - AUPRC: 0.9664 - AUROC: 0.9662 - acc: 0.9053 - loss: 0.2346 - val_AUPRC: 0.9665 - val_AUROC: 0.9675 - val_acc: 0.9143 - val_loss: 0.2274
Epoch 30/100
292/292 - 12s - 40ms/step - AUPRC: 0.9674 - AUROC: 0.9671 - acc: 0.9077 - loss: 0.2312 - val_AUPRC: 0.9648 - val_AUROC: 0.9667 - val_acc: 0.9152 - val_loss: 0.2287
Epoch 31/100
292/292 - 12s - 41ms/step - AUPRC: 0.9675 - AUROC: 0.9675 - acc: 0.9075 - loss: 0.2295 - val_AUPRC: 0.9654 - val_AUROC: 0.9673 - val_acc: 0.9162 - val_loss: 0.2262
Epoch 32/100
292/292 - 12s - 40ms/step - AUPRC: 0.9680 - AUROC: 0.9681 - acc: 0.9099 - loss: 0.2278 - val_AUPRC: 0.9652 - val_AUROC: 0.9670 - val_acc: 0.9143 - val_loss: 0.2281
Epoch 33/100
292/292 - 12s - 40ms/step - AUPRC: 0.9687 - AUROC: 0.9685 - acc: 0.9097 - loss: 0.2265 - val_AUPRC: 0.9657 - val_AUROC: 0.9664 - val_acc: 0.9133 - val_loss: 0.2305
Epoch 34/100
292/292 - 12s - 40ms/step - AUPRC: 0.9681 - AUROC: 0.9681 - acc: 0.9097 - loss: 0.2274 - val_AUPRC: 0.9659 - val_AUROC: 0.9666 - val_acc: 0.9133 - val_loss: 0.2296
Epoch 35/100
292/292 - 12s - 40ms/step - AUPRC: 0.9684 - AUROC: 0.9684 - acc: 0.9083 - loss: 0.2264 - val_AUPRC: 0.9660 - val_AUROC: 0.9671 - val_acc: 0.9143 - val_loss: 0.2276
Epoch 36/100
292/292 - 12s - 40ms/step - AUPRC: 0.9687 - AUROC: 0.9687 - acc: 0.9108 - loss: 0.2251 - val_AUPRC: 0.9648 - val_AUROC: 0.9658 - val_acc: 0.9094 - val_loss: 0.2322
Epoch 37/100
292/292 - 12s - 40ms/step - AUPRC: 0.9687 - AUROC: 0.9687 - acc: 0.9097 - loss: 0.2252 - val_AUPRC: 0.9643 - val_AUROC: 0.9654 - val_acc: 0.9075 - val_loss: 0.2338
Epoch 38/100
292/292 - 12s - 40ms/step - AUPRC: 0.9696 - AUROC: 0.9695 - acc: 0.9117 - loss: 0.2221 - val_AUPRC: 0.9625 - val_AUROC: 0.9642 - val_acc: 0.9017 - val_loss: 0.2359
Epoch 39/100
292/292 - 12s - 40ms/step - AUPRC: 0.9701 - AUROC: 0.9700 - acc: 0.9135 - loss: 0.2206 - val_AUPRC: 0.9636 - val_AUROC: 0.9660 - val_acc: 0.9094 - val_loss: 0.2312
******Evaluating TEST set*********
33/33 - 1s - 20ms/step
              precision    recall  f1-score   support

           0       0.90      0.88      0.89       403
           1       0.93      0.94      0.93       635

    accuracy                           0.91      1038
   macro avg       0.91      0.91      0.91      1038
weighted avg       0.91      0.91      0.91      1038

******Evaluating RANDOM Model*********
              precision    recall  f1-score   support

           0       0.35      0.45      0.39       403
           1       0.58      0.48      0.52       635

    accuracy                           0.47      1038
   macro avg       0.46      0.46      0.46      1038
weighted avg       0.49      0.47      0.47      1038

______________________________________________________
fold 1
Model: "functional_3"
┏━━━━━━━━━━━━━━━━━━━━━━━━━━━━━━━━━┳━━━━━━━━━━━━━━━━━━━━━━━━┳━━━━━━━━━━━━━━━┓
┃ Layer (type)                    ┃ Output Shape           ┃       Param # ┃
┡━━━━━━━━━━━━━━━━━━━━━━━━━━━━━━━━━╇━━━━━━━━━━━━━━━━━━━━━━━━╇━━━━━━━━━━━━━━━┩
│ input_layer_1 (InputLayer)      │ (None, 150, 6, 3)      │             0 │
├─────────────────────────────────┼────────────────────────┼───────────────┤
│ conv2d_1 (Conv2D)               │ (None, 146, 1, 64)     │         5,824 │
├─────────────────────────────────┼────────────────────────┼───────────────┤
│ lambda_2 (Lambda)               │ (None, 146, 64)        │             0 │
├─────────────────────────────────┼────────────────────────┼───────────────┤
│ lstm (LSTM)                     │ [(None, 146, 64),      │        33,024 │
│                                 │ (None, 64), (None,     │               │
│                                 │ 64)]                   │               │
├─────────────────────────────────┼────────────────────────┼───────────────┤
│ self_attention_1                │ [(None, 1024), (None,  │         2,560 │
│ (SelfAttention)                 │ 16, 146)]              │               │
├─────────────────────────────────┼────────────────────────┼───────────────┤
│ lambda_3 (Lambda)               │ (None, 1024)           │             0 │
├─────────────────────────────────┼────────────────────────┼───────────────┤
│ dense_1 (Dense)                 │ (None, 2)              │         2,050 │
└─────────────────────────────────┴────────────────────────┴───────────────┘
 Total params: 43,458 (169.76 KB)
 Trainable params: 43,458 (169.76 KB)
 Non-trainable params: 0 (0.00 B)
Epoch 1/100
292/292 - 14s - 48ms/step - AUPRC: 0.9282 - AUROC: 0.9321 - acc: 0.8658 - loss: 0.3322 - val_AUPRC: 0.9349 - val_AUROC: 0.9367 - val_acc: 0.8593 - val_loss: 0.3201
Epoch 2/100
292/292 - 12s - 40ms/step - AUPRC: 0.9469 - AUROC: 0.9484 - acc: 0.8830 - loss: 0.2899 - val_AUPRC: 0.9392 - val_AUROC: 0.9401 - val_acc: 0.8642 - val_loss: 0.3099
Epoch 3/100
292/292 - 12s - 41ms/step - AUPRC: 0.9492 - AUROC: 0.9504 - acc: 0.8829 - loss: 0.2842 - val_AUPRC: 0.9413 - val_AUROC: 0.9426 - val_acc: 0.8757 - val_loss: 0.3015
Epoch 4/100
292/292 - 12s - 40ms/step - AUPRC: 0.9505 - AUROC: 0.9518 - acc: 0.8874 - loss: 0.2789 - val_AUPRC: 0.9438 - val_AUROC: 0.9448 - val_acc: 0.8786 - val_loss: 0.2957
Epoch 5/100
292/292 - 11s - 39ms/step - AUPRC: 0.9522 - AUROC: 0.9533 - acc: 0.8890 - loss: 0.2755 - val_AUPRC: 0.9475 - val_AUROC: 0.9481 - val_acc: 0.8796 - val_loss: 0.2897
Epoch 6/100
292/292 - 12s - 41ms/step - AUPRC: 0.9525 - AUROC: 0.9538 - acc: 0.8895 - loss: 0.2731 - val_AUPRC: 0.9478 - val_AUROC: 0.9482 - val_acc: 0.8776 - val_loss: 0.2901
Epoch 7/100
292/292 - 12s - 41ms/step - AUPRC: 0.9541 - AUROC: 0.9551 - acc: 0.8918 - loss: 0.2699 - val_AUPRC: 0.9493 - val_AUROC: 0.9499 - val_acc: 0.8757 - val_loss: 0.2841
Epoch 8/100
292/292 - 12s - 41ms/step - AUPRC: 0.9564 - AUROC: 0.9570 - acc: 0.8923 - loss: 0.2649 - val_AUPRC: 0.9514 - val_AUROC: 0.9520 - val_acc: 0.8796 - val_loss: 0.2784
Epoch 9/100
292/292 - 12s - 41ms/step - AUPRC: 0.9564 - AUROC: 0.9573 - acc: 0.8953 - loss: 0.2631 - val_AUPRC: 0.9526 - val_AUROC: 0.9527 - val_acc: 0.8796 - val_loss: 0.2778
Epoch 10/100
292/292 - 12s - 41ms/step - AUPRC: 0.9582 - AUROC: 0.9587 - acc: 0.8954 - loss: 0.2587 - val_AUPRC: 0.9533 - val_AUROC: 0.9535 - val_acc: 0.8834 - val_loss: 0.2759
Epoch 11/100
292/292 - 12s - 40ms/step - AUPRC: 0.9593 - AUROC: 0.9597 - acc: 0.8942 - loss: 0.2556 - val_AUPRC: 0.9533 - val_AUROC: 0.9540 - val_acc: 0.8854 - val_loss: 0.2735
Epoch 12/100
292/292 - 12s - 40ms/step - AUPRC: 0.9597 - AUROC: 0.9602 - acc: 0.8963 - loss: 0.2542 - val_AUPRC: 0.9540 - val_AUROC: 0.9545 - val_acc: 0.8854 - val_loss: 0.2714
Epoch 13/100
292/292 - 12s - 41ms/step - AUPRC: 0.9609 - AUROC: 0.9613 - acc: 0.8971 - loss: 0.2507 - val_AUPRC: 0.9540 - val_AUROC: 0.9545 - val_acc: 0.8815 - val_loss: 0.2721
Epoch 14/100
292/292 - 12s - 41ms/step - AUPRC: 0.9609 - AUROC: 0.9613 - acc: 0.8976 - loss: 0.2508 - val_AUPRC: 0.9547 - val_AUROC: 0.9554 - val_acc: 0.8805 - val_loss: 0.2691
Epoch 15/100
292/292 - 12s - 40ms/step - AUPRC: 0.9622 - AUROC: 0.9625 - acc: 0.9005 - loss: 0.2473 - val_AUPRC: 0.9550 - val_AUROC: 0.9554 - val_acc: 0.8844 - val_loss: 0.2692
Epoch 16/100
292/292 - 12s - 41ms/step - AUPRC: 0.9616 - AUROC: 0.9622 - acc: 0.9004 - loss: 0.2473 - val_AUPRC: 0.9537 - val_AUROC: 0.9547 - val_acc: 0.8815 - val_loss: 0.2716
Epoch 17/100
292/292 - 12s - 40ms/step - AUPRC: 0.9628 - AUROC: 0.9632 - acc: 0.9001 - loss: 0.2449 - val_AUPRC: 0.9546 - val_AUROC: 0.9552 - val_acc: 0.8863 - val_loss: 0.2699
Epoch 18/100
292/292 - 12s - 41ms/step - AUPRC: 0.9635 - AUROC: 0.9637 - acc: 0.9029 - loss: 0.2430 - val_AUPRC: 0.9547 - val_AUROC: 0.9553 - val_acc: 0.8873 - val_loss: 0.2697
Epoch 19/100
292/292 - 12s - 40ms/step - AUPRC: 0.9643 - AUROC: 0.9645 - acc: 0.9032 - loss: 0.2407 - val_AUPRC: 0.9556 - val_AUROC: 0.9560 - val_acc: 0.8892 - val_loss: 0.2679
Epoch 20/100
292/292 - 12s - 40ms/step - AUPRC: 0.9640 - AUROC: 0.9643 - acc: 0.9016 - loss: 0.2411 - val_AUPRC: 0.9556 - val_AUROC: 0.9560 - val_acc: 0.8882 - val_loss: 0.2683
Epoch 21/100
292/292 - 12s - 41ms/step - AUPRC: 0.9647 - AUROC: 0.9649 - acc: 0.9022 - loss: 0.2391 - val_AUPRC: 0.9548 - val_AUROC: 0.9551 - val_acc: 0.8902 - val_loss: 0.2704
Epoch 22/100
292/292 - 12s - 41ms/step - AUPRC: 0.9644 - AUROC: 0.9650 - acc: 0.9032 - loss: 0.2383 - val_AUPRC: 0.9565 - val_AUROC: 0.9565 - val_acc: 0.8873 - val_loss: 0.2665
Epoch 23/100
292/292 - 12s - 41ms/step - AUPRC: 0.9653 - AUROC: 0.9653 - acc: 0.9034 - loss: 0.2373 - val_AUPRC: 0.9557 - val_AUROC: 0.9560 - val_acc: 0.8911 - val_loss: 0.2683
Epoch 24/100
292/292 - 12s - 41ms/step - AUPRC: 0.9654 - AUROC: 0.9656 - acc: 0.9025 - loss: 0.2371 - val_AUPRC: 0.9563 - val_AUROC: 0.9561 - val_acc: 0.8863 - val_loss: 0.2681
Epoch 25/100
292/292 - 12s - 41ms/step - AUPRC: 0.9666 - AUROC: 0.9666 - acc: 0.9036 - loss: 0.2335 - val_AUPRC: 0.9553 - val_AUROC: 0.9558 - val_acc: 0.8892 - val_loss: 0.2685
Epoch 26/100
292/292 - 12s - 41ms/step - AUPRC: 0.9666 - AUROC: 0.9665 - acc: 0.9037 - loss: 0.2339 - val_AUPRC: 0.9558 - val_AUROC: 0.9559 - val_acc: 0.8882 - val_loss: 0.2689
Epoch 27/100
292/292 - 12s - 40ms/step - AUPRC: 0.9669 - AUROC: 0.9670 - acc: 0.9030 - loss: 0.2320 - val_AUPRC: 0.9561 - val_AUROC: 0.9560 - val_acc: 0.8892 - val_loss: 0.2687
Epoch 28/100
292/292 - 12s - 41ms/step - AUPRC: 0.9668 - AUROC: 0.9669 - acc: 0.9044 - loss: 0.2320 - val_AUPRC: 0.9552 - val_AUROC: 0.9552 - val_acc: 0.8882 - val_loss: 0.2711
Epoch 29/100
292/292 - 12s - 41ms/step - AUPRC: 0.9677 - AUROC: 0.9677 - acc: 0.9064 - loss: 0.2295 - val_AUPRC: 0.9551 - val_AUROC: 0.9548 - val_acc: 0.8873 - val_loss: 0.2736
Epoch 30/100
292/292 - 12s - 41ms/step - AUPRC: 0.9675 - AUROC: 0.9676 - acc: 0.9074 - loss: 0.2296 - val_AUPRC: 0.9563 - val_AUROC: 0.9560 - val_acc: 0.8863 - val_loss: 0.2697
Epoch 31/100
292/292 - 12s - 40ms/step - AUPRC: 0.9676 - AUROC: 0.9676 - acc: 0.9071 - loss: 0.2300 - val_AUPRC: 0.9567 - val_AUROC: 0.9563 - val_acc: 0.8863 - val_loss: 0.2683
Epoch 32/100
292/292 - 12s - 41ms/step - AUPRC: 0.9683 - AUROC: 0.9684 - acc: 0.9064 - loss: 0.2267 - val_AUPRC: 0.9568 - val_AUROC: 0.9565 - val_acc: 0.8921 - val_loss: 0.2675
******Evaluating TEST set*********
33/33 - 3s - 80ms/step
              precision    recall  f1-score   support

           0       0.88      0.82      0.85       403
           1       0.89      0.93      0.91       635

    accuracy                           0.89      1038
   macro avg       0.89      0.88      0.88      1038
weighted avg       0.89      0.89      0.89      1038

******Evaluating RANDOM Model*********
              precision    recall  f1-score   support

           0       0.38      0.51      0.43       403
           1       0.60      0.46      0.52       635

    accuracy                           0.48      1038
   macro avg       0.49      0.49      0.48      1038
weighted avg       0.51      0.48      0.49      1038

______________________________________________________
fold 2
Model: "functional_5"
┏━━━━━━━━━━━━━━━━━━━━━━━━━━━━━━━━━┳━━━━━━━━━━━━━━━━━━━━━━━━┳━━━━━━━━━━━━━━━┓
┃ Layer (type)                    ┃ Output Shape           ┃       Param # ┃
┡━━━━━━━━━━━━━━━━━━━━━━━━━━━━━━━━━╇━━━━━━━━━━━━━━━━━━━━━━━━╇━━━━━━━━━━━━━━━┩
│ input_layer_2 (InputLayer)      │ (None, 150, 6, 3)      │             0 │
├─────────────────────────────────┼────────────────────────┼───────────────┤
│ conv2d_2 (Conv2D)               │ (None, 146, 1, 64)     │         5,824 │
├─────────────────────────────────┼────────────────────────┼───────────────┤
│ lambda_4 (Lambda)               │ (None, 146, 64)        │             0 │
├─────────────────────────────────┼────────────────────────┼───────────────┤
│ lstm (LSTM)                     │ [(None, 146, 64),      │        33,024 │
│                                 │ (None, 64), (None,     │               │
│                                 │ 64)]                   │               │
├─────────────────────────────────┼────────────────────────┼───────────────┤
│ self_attention_2                │ [(None, 1024), (None,  │         2,560 │
│ (SelfAttention)                 │ 16, 146)]              │               │
├─────────────────────────────────┼────────────────────────┼───────────────┤
│ lambda_5 (Lambda)               │ (None, 1024)           │             0 │
├─────────────────────────────────┼────────────────────────┼───────────────┤
│ dense_2 (Dense)                 │ (None, 2)              │         2,050 │
└─────────────────────────────────┴────────────────────────┴───────────────┘
 Total params: 43,458 (169.76 KB)
 Trainable params: 43,458 (169.76 KB)
 Non-trainable params: 0 (0.00 B)
Epoch 1/100
292/292 - 14s - 48ms/step - AUPRC: 0.9280 - AUROC: 0.9311 - acc: 0.8599 - loss: 0.3362 - val_AUPRC: 0.9465 - val_AUROC: 0.9484 - val_acc: 0.8767 - val_loss: 0.2878
Epoch 2/100
292/292 - 12s - 41ms/step - AUPRC: 0.9465 - AUROC: 0.9476 - acc: 0.8758 - loss: 0.2929 - val_AUPRC: 0.9499 - val_AUROC: 0.9512 - val_acc: 0.8854 - val_loss: 0.2807
Epoch 3/100
292/292 - 12s - 40ms/step - AUPRC: 0.9493 - AUROC: 0.9502 - acc: 0.8797 - loss: 0.2851 - val_AUPRC: 0.9517 - val_AUROC: 0.9531 - val_acc: 0.8882 - val_loss: 0.2745
Epoch 4/100
292/292 - 12s - 40ms/step - AUPRC: 0.9513 - AUROC: 0.9521 - acc: 0.8833 - loss: 0.2798 - val_AUPRC: 0.9537 - val_AUROC: 0.9550 - val_acc: 0.8892 - val_loss: 0.2687
Epoch 5/100
292/292 - 12s - 40ms/step - AUPRC: 0.9526 - AUROC: 0.9535 - acc: 0.8871 - loss: 0.2750 - val_AUPRC: 0.9553 - val_AUROC: 0.9565 - val_acc: 0.8950 - val_loss: 0.2623
Epoch 6/100
292/292 - 12s - 40ms/step - AUPRC: 0.9543 - AUROC: 0.9549 - acc: 0.8878 - loss: 0.2713 - val_AUPRC: 0.9574 - val_AUROC: 0.9586 - val_acc: 0.8960 - val_loss: 0.2558
Epoch 7/100
292/292 - 12s - 40ms/step - AUPRC: 0.9558 - AUROC: 0.9564 - acc: 0.8903 - loss: 0.2668 - val_AUPRC: 0.9588 - val_AUROC: 0.9597 - val_acc: 0.9008 - val_loss: 0.2530
Epoch 8/100
292/292 - 12s - 40ms/step - AUPRC: 0.9568 - AUROC: 0.9573 - acc: 0.8940 - loss: 0.2636 - val_AUPRC: 0.9606 - val_AUROC: 0.9613 - val_acc: 0.9046 - val_loss: 0.2480
Epoch 9/100
292/292 - 12s - 40ms/step - AUPRC: 0.9580 - AUROC: 0.9583 - acc: 0.8928 - loss: 0.2613 - val_AUPRC: 0.9622 - val_AUROC: 0.9627 - val_acc: 0.9075 - val_loss: 0.2431
Epoch 10/100
292/292 - 12s - 40ms/step - AUPRC: 0.9582 - AUROC: 0.9587 - acc: 0.8946 - loss: 0.2595 - val_AUPRC: 0.9637 - val_AUROC: 0.9640 - val_acc: 0.9094 - val_loss: 0.2393
Epoch 11/100
292/292 - 12s - 39ms/step - AUPRC: 0.9593 - AUROC: 0.9599 - acc: 0.8981 - loss: 0.2558 - val_AUPRC: 0.9633 - val_AUROC: 0.9637 - val_acc: 0.9075 - val_loss: 0.2396
Epoch 12/100
292/292 - 12s - 40ms/step - AUPRC: 0.9601 - AUROC: 0.9605 - acc: 0.8976 - loss: 0.2540 - val_AUPRC: 0.9631 - val_AUROC: 0.9638 - val_acc: 0.9094 - val_loss: 0.2378
Epoch 13/100
292/292 - 12s - 40ms/step - AUPRC: 0.9613 - AUROC: 0.9615 - acc: 0.8976 - loss: 0.2507 - val_AUPRC: 0.9626 - val_AUROC: 0.9636 - val_acc: 0.9104 - val_loss: 0.2386
Epoch 14/100
292/292 - 12s - 41ms/step - AUPRC: 0.9612 - AUROC: 0.9616 - acc: 0.8969 - loss: 0.2505 - val_AUPRC: 0.9631 - val_AUROC: 0.9644 - val_acc: 0.9114 - val_loss: 0.2351
Epoch 15/100
292/292 - 12s - 40ms/step - AUPRC: 0.9620 - AUROC: 0.9623 - acc: 0.8986 - loss: 0.2477 - val_AUPRC: 0.9664 - val_AUROC: 0.9667 - val_acc: 0.9123 - val_loss: 0.2299
Epoch 16/100
292/292 - 12s - 40ms/step - AUPRC: 0.9622 - AUROC: 0.9625 - acc: 0.9000 - loss: 0.2467 - val_AUPRC: 0.9661 - val_AUROC: 0.9666 - val_acc: 0.9123 - val_loss: 0.2303
Epoch 17/100
292/292 - 12s - 40ms/step - AUPRC: 0.9630 - AUROC: 0.9633 - acc: 0.9008 - loss: 0.2444 - val_AUPRC: 0.9658 - val_AUROC: 0.9663 - val_acc: 0.9152 - val_loss: 0.2310
Epoch 18/100
292/292 - 12s - 40ms/step - AUPRC: 0.9626 - AUROC: 0.9631 - acc: 0.9005 - loss: 0.2449 - val_AUPRC: 0.9615 - val_AUROC: 0.9641 - val_acc: 0.9152 - val_loss: 0.2344
Epoch 19/100
292/292 - 12s - 40ms/step - AUPRC: 0.9618 - AUROC: 0.9622 - acc: 0.8988 - loss: 0.2473 - val_AUPRC: 0.9641 - val_AUROC: 0.9644 - val_acc: 0.9056 - val_loss: 0.2388
Epoch 20/100
292/292 - 12s - 40ms/step - AUPRC: 0.9634 - AUROC: 0.9638 - acc: 0.9017 - loss: 0.2422 - val_AUPRC: 0.9667 - val_AUROC: 0.9669 - val_acc: 0.9152 - val_loss: 0.2294
Epoch 21/100
292/292 - 12s - 40ms/step - AUPRC: 0.9639 - AUROC: 0.9642 - acc: 0.9031 - loss: 0.2404 - val_AUPRC: 0.9660 - val_AUROC: 0.9664 - val_acc: 0.9143 - val_loss: 0.2312
Epoch 22/100
292/292 - 12s - 40ms/step - AUPRC: 0.9654 - AUROC: 0.9655 - acc: 0.9023 - loss: 0.2371 - val_AUPRC: 0.9668 - val_AUROC: 0.9669 - val_acc: 0.9123 - val_loss: 0.2311
Epoch 23/100
