fold 0
Model: "functional_1"
┏━━━━━━━━━━━━━━━━━━━━━━━━━━━━━━━━━┳━━━━━━━━━━━━━━━━━━━━━━━━┳━━━━━━━━━━━━━━━┓
┃ Layer (type)                    ┃ Output Shape           ┃       Param # ┃
┡━━━━━━━━━━━━━━━━━━━━━━━━━━━━━━━━━╇━━━━━━━━━━━━━━━━━━━━━━━━╇━━━━━━━━━━━━━━━┩
│ input_layer (InputLayer)        │ (None, 2772, 6, 3)     │             0 │
├─────────────────────────────────┼────────────────────────┼───────────────┤
│ conv2d (Conv2D)                 │ (None, 2772, 6, 32)    │         1,760 │
├─────────────────────────────────┼────────────────────────┼───────────────┤
│ conv2d_1 (Conv2D)               │ (None, 2772, 6, 64)    │        36,928 │
├─────────────────────────────────┼────────────────────────┼───────────────┤
│ max_pooling2d (MaxPooling2D)    │ (None, 2772, 1, 64)    │             0 │
├─────────────────────────────────┼────────────────────────┼───────────────┤
│ lambda (Lambda)                 │ (None, 2772, 64)       │             0 │
├─────────────────────────────────┼────────────────────────┼───────────────┤
│ lstm (LSTM)                     │ [(None, 2772, 64),     │        33,024 │
│                                 │ (None, 64), (None,     │               │
│                                 │ 64)]                   │               │
├─────────────────────────────────┼────────────────────────┼───────────────┤
│ self_attention (SelfAttention)  │ [(None, 1024), (None,  │         2,560 │
│                                 │ 16, 2772)]             │               │
├─────────────────────────────────┼────────────────────────┼───────────────┤
│ dense (Dense)                   │ (None, 2)              │         2,050 │
└─────────────────────────────────┴────────────────────────┴───────────────┘
 Total params: 76,322 (298.13 KB)
 Trainable params: 76,322 (298.13 KB)
 Non-trainable params: 0 (0.00 B)
Epoch 1/100
4/4 - 11s - 3s/step - acc: 0.0000e+00 - auc-prc: 0.3706 - auc-roc: 0.1819 - loss: 2.5789 - val_acc: 0.0000e+00 - val_auc-prc: 0.3714 - val_auc-roc: 0.2140 - val_loss: 2.7401
Epoch 2/100
4/4 - 8s - 2s/step - acc: 0.0000e+00 - auc-prc: 0.3706 - auc-roc: 0.1819 - loss: 2.5789 - val_acc: 0.0000e+00 - val_auc-prc: 0.3714 - val_auc-roc: 0.2140 - val_loss: 2.7401
Epoch 3/100
4/4 - 8s - 2s/step - acc: 0.0000e+00 - auc-prc: 0.3706 - auc-roc: 0.1819 - loss: 2.5789 - val_acc: 0.0000e+00 - val_auc-prc: 0.3714 - val_auc-roc: 0.2140 - val_loss: 2.7401
Epoch 4/100
4/4 - 8s - 2s/step - acc: 0.0000e+00 - auc-prc: 0.3706 - auc-roc: 0.1819 - loss: 2.5789 - val_acc: 0.0000e+00 - val_auc-prc: 0.3714 - val_auc-roc: 0.2140 - val_loss: 2.7401
Epoch 5/100
4/4 - 8s - 2s/step - acc: 0.0000e+00 - auc-prc: 0.3706 - auc-roc: 0.1819 - loss: 2.5789 - val_acc: 0.0000e+00 - val_auc-prc: 0.3714 - val_auc-roc: 0.2140 - val_loss: 2.7401
Epoch 6/100
4/4 - 8s - 2s/step - acc: 0.0000e+00 - auc-prc: 0.3706 - auc-roc: 0.1819 - loss: 2.5789 - val_acc: 0.0000e+00 - val_auc-prc: 0.3714 - val_auc-roc: 0.2140 - val_loss: 2.7401
Epoch 7/100
4/4 - 8s - 2s/step - acc: 0.0000e+00 - auc-prc: 0.3706 - auc-roc: 0.1819 - loss: 2.5789 - val_acc: 0.0000e+00 - val_auc-prc: 0.3714 - val_auc-roc: 0.2140 - val_loss: 2.7401
Epoch 8/100
4/4 - 8s - 2s/step - acc: 0.0000e+00 - auc-prc: 0.3706 - auc-roc: 0.1819 - loss: 2.5789 - val_acc: 0.0000e+00 - val_auc-prc: 0.3714 - val_auc-roc: 0.2140 - val_loss: 2.7401
Epoch 9/100
4/4 - 8s - 2s/step - acc: 0.0000e+00 - auc-prc: 0.3706 - auc-roc: 0.1819 - loss: 2.5789 - val_acc: 0.0000e+00 - val_auc-prc: 0.3714 - val_auc-roc: 0.2140 - val_loss: 2.7401
Epoch 10/100
4/4 - 7s - 2s/step - acc: 0.0000e+00 - auc-prc: 0.3706 - auc-roc: 0.1819 - loss: 2.5789 - val_acc: 0.0000e+00 - val_auc-prc: 0.3714 - val_auc-roc: 0.2140 - val_loss: 2.7401
Epoch 11/100
4/4 - 8s - 2s/step - acc: 0.0000e+00 - auc-prc: 0.3706 - auc-roc: 0.1819 - loss: 2.5789 - val_acc: 0.0000e+00 - val_auc-prc: 0.3714 - val_auc-roc: 0.2140 - val_loss: 2.7401
Epoch 12/100
4/4 - 8s - 2s/step - acc: 0.0000e+00 - auc-prc: 0.3706 - auc-roc: 0.1819 - loss: 2.5789 - val_acc: 0.0000e+00 - val_auc-prc: 0.3714 - val_auc-roc: 0.2140 - val_loss: 2.7401
Epoch 13/100
4/4 - 8s - 2s/step - acc: 0.0000e+00 - auc-prc: 0.3706 - auc-roc: 0.1819 - loss: 2.5789 - val_acc: 0.0000e+00 - val_auc-prc: 0.3714 - val_auc-roc: 0.2140 - val_loss: 2.7401
Epoch 14/100
4/4 - 8s - 2s/step - acc: 0.0000e+00 - auc-prc: 0.3706 - auc-roc: 0.1819 - loss: 2.5789 - val_acc: 0.0000e+00 - val_auc-prc: 0.3714 - val_auc-roc: 0.2140 - val_loss: 2.7401
Epoch 15/100
4/4 - 8s - 2s/step - acc: 0.0000e+00 - auc-prc: 0.3706 - auc-roc: 0.1819 - loss: 2.5789 - val_acc: 0.0000e+00 - val_auc-prc: 0.3714 - val_auc-roc: 0.2140 - val_loss: 2.7401
Epoch 16/100
4/4 - 8s - 2s/step - acc: 0.0000e+00 - auc-prc: 0.3706 - auc-roc: 0.1819 - loss: 2.5789 - val_acc: 0.0000e+00 - val_auc-prc: 0.3714 - val_auc-roc: 0.2140 - val_loss: 2.7401
Epoch 17/100
4/4 - 8s - 2s/step - acc: 0.0000e+00 - auc-prc: 0.3706 - auc-roc: 0.1819 - loss: 2.5789 - val_acc: 0.0000e+00 - val_auc-prc: 0.3714 - val_auc-roc: 0.2140 - val_loss: 2.7401
Epoch 18/100
4/4 - 8s - 2s/step - acc: 0.0000e+00 - auc-prc: 0.3706 - auc-roc: 0.1819 - loss: 2.5789 - val_acc: 0.0000e+00 - val_auc-prc: 0.3714 - val_auc-roc: 0.2140 - val_loss: 2.7401
Epoch 19/100
4/4 - 8s - 2s/step - acc: 0.0000e+00 - auc-prc: 0.3706 - auc-roc: 0.1819 - loss: 2.5789 - val_acc: 0.0000e+00 - val_auc-prc: 0.3714 - val_auc-roc: 0.2140 - val_loss: 2.7401
Epoch 20/100
4/4 - 8s - 2s/step - acc: 0.0000e+00 - auc-prc: 0.3706 - auc-roc: 0.1819 - loss: 2.5789 - val_acc: 0.0000e+00 - val_auc-prc: 0.3714 - val_auc-roc: 0.2140 - val_loss: 2.7401
Epoch 21/100
4/4 - 8s - 2s/step - acc: 0.0000e+00 - auc-prc: 0.3706 - auc-roc: 0.1819 - loss: 2.5789 - val_acc: 0.0000e+00 - val_auc-prc: 0.3714 - val_auc-roc: 0.2140 - val_loss: 2.7401
Early stopping epoch: 20
******Evaluating TEST set*********
4/4 - 2s - 399ms/step
/lustre06/project/6003138/rezvank/5_model/env/lib/python3.11/site-packages/sklearn/metrics/_classification.py:1517: UndefinedMetricWarning: Precision is ill-defined and being set to 0.0 in labels with no predicted samples. Use `zero_division` parameter to control this behavior.
  _warn_prf(average, modifier, f"{metric.capitalize()} is", len(result))
/lustre06/project/6003138/rezvank/5_model/env/lib/python3.11/site-packages/sklearn/metrics/_classification.py:1517: UndefinedMetricWarning: Precision is ill-defined and being set to 0.0 in labels with no predicted samples. Use `zero_division` parameter to control this behavior.
  _warn_prf(average, modifier, f"{metric.capitalize()} is", len(result))
/lustre06/project/6003138/rezvank/5_model/env/lib/python3.11/site-packages/sklearn/metrics/_classification.py:1517: UndefinedMetricWarning: Precision is ill-defined and being set to 0.0 in labels with no predicted samples. Use `zero_division` parameter to control this behavior.
  _warn_prf(average, modifier, f"{metric.capitalize()} is", len(result))
              precision    recall  f1-score   support

           0       0.21      1.00      0.35        21
           1       0.00      0.00      0.00        79

    accuracy                           0.21       100
   macro avg       0.10      0.50      0.17       100
weighted avg       0.04      0.21      0.07       100

******Evaluating RANDOM Model*********
              precision    recall  f1-score   support

           0       0.14      0.29      0.18        21
           1       0.73      0.52      0.61        79

    accuracy                           0.47       100
   macro avg       0.43      0.40      0.40       100
weighted avg       0.61      0.47      0.52       100

______________________________________________________
fold 1
Model: "functional_3"
┏━━━━━━━━━━━━━━━━━━━━━━━━━━━━━━━━━┳━━━━━━━━━━━━━━━━━━━━━━━━┳━━━━━━━━━━━━━━━┓
┃ Layer (type)                    ┃ Output Shape           ┃       Param # ┃
┡━━━━━━━━━━━━━━━━━━━━━━━━━━━━━━━━━╇━━━━━━━━━━━━━━━━━━━━━━━━╇━━━━━━━━━━━━━━━┩
│ input_layer_1 (InputLayer)      │ (None, 2772, 6, 3)     │             0 │
├─────────────────────────────────┼────────────────────────┼───────────────┤
│ conv2d_2 (Conv2D)               │ (None, 2772, 6, 32)    │         1,760 │
├─────────────────────────────────┼────────────────────────┼───────────────┤
│ conv2d_3 (Conv2D)               │ (None, 2772, 6, 64)    │        36,928 │
├─────────────────────────────────┼────────────────────────┼───────────────┤
│ max_pooling2d_1 (MaxPooling2D)  │ (None, 2772, 1, 64)    │             0 │
├─────────────────────────────────┼────────────────────────┼───────────────┤
│ lambda_1 (Lambda)               │ (None, 2772, 64)       │             0 │
├─────────────────────────────────┼────────────────────────┼───────────────┤
│ lstm (LSTM)                     │ [(None, 2772, 64),     │        33,024 │
│                                 │ (None, 64), (None,     │               │
│                                 │ 64)]                   │               │
├─────────────────────────────────┼────────────────────────┼───────────────┤
│ self_attention_1                │ [(None, 1024), (None,  │         2,560 │
│ (SelfAttention)                 │ 16, 2772)]             │               │
├─────────────────────────────────┼────────────────────────┼───────────────┤
│ dense_1 (Dense)                 │ (None, 2)              │         2,050 │
└─────────────────────────────────┴────────────────────────┴───────────────┘
 Total params: 76,322 (298.13 KB)
 Trainable params: 76,322 (298.13 KB)
 Non-trainable params: 0 (0.00 B)
Epoch 1/100
4/4 - 10s - 3s/step - acc: 0.0000e+00 - auc-prc: 0.4766 - auc-roc: 0.4414 - loss: 2.2273 - val_acc: 0.0000e+00 - val_auc-prc: 0.7765 - val_auc-roc: 0.7819 - val_loss: 0.5481
Epoch 2/100
4/4 - 8s - 2s/step - acc: 0.0000e+00 - auc-prc: 0.8527 - auc-roc: 0.8862 - loss: 0.4027 - val_acc: 0.0000e+00 - val_auc-prc: 0.7554 - val_auc-roc: 0.7891 - val_loss: 0.9198
Epoch 3/100
4/4 - 7s - 2s/step - acc: 0.0000e+00 - auc-prc: 0.8233 - auc-roc: 0.8748 - loss: 0.3995 - val_acc: 0.0000e+00 - val_auc-prc: 0.7518 - val_auc-roc: 0.7727 - val_loss: 0.6095
Epoch 4/100
4/4 - 7s - 2s/step - acc: 0.0000e+00 - auc-prc: 0.8305 - auc-roc: 0.8845 - loss: 0.3905 - val_acc: 0.0000e+00 - val_auc-prc: 0.7344 - val_auc-roc: 0.7631 - val_loss: 0.6040
Epoch 5/100
4/4 - 8s - 2s/step - acc: 0.0000e+00 - auc-prc: 0.8358 - auc-roc: 0.8932 - loss: 0.3867 - val_acc: 0.0000e+00 - val_auc-prc: 0.7356 - val_auc-roc: 0.7701 - val_loss: 0.6392
Epoch 6/100
4/4 - 7s - 2s/step - acc: 0.0000e+00 - auc-prc: 0.8378 - auc-roc: 0.8949 - loss: 0.3868 - val_acc: 0.0000e+00 - val_auc-prc: 0.7391 - val_auc-roc: 0.7810 - val_loss: 0.7060
Epoch 7/100
4/4 - 8s - 2s/step - acc: 0.0000e+00 - auc-prc: 0.8391 - auc-roc: 0.8940 - loss: 0.3929 - val_acc: 0.0000e+00 - val_auc-prc: 0.7330 - val_auc-roc: 0.7721 - val_loss: 0.6251
Epoch 8/100
4/4 - 8s - 2s/step - acc: 0.0000e+00 - auc-prc: 0.8399 - auc-roc: 0.8950 - loss: 0.3747 - val_acc: 0.0000e+00 - val_auc-prc: 0.7332 - val_auc-roc: 0.7712 - val_loss: 0.5959
Epoch 9/100
4/4 - 8s - 2s/step - acc: 0.0000e+00 - auc-prc: 0.8419 - auc-roc: 0.8984 - loss: 0.3666 - val_acc: 0.0000e+00 - val_auc-prc: 0.7361 - val_auc-roc: 0.7789 - val_loss: 0.6068
Epoch 10/100
4/4 - 8s - 2s/step - acc: 0.0000e+00 - auc-prc: 0.8419 - auc-roc: 0.8982 - loss: 0.3627 - val_acc: 0.0000e+00 - val_auc-prc: 0.7455 - val_auc-roc: 0.7909 - val_loss: 0.6626
Epoch 11/100
4/4 - 7s - 2s/step - acc: 0.0000e+00 - auc-prc: 0.8412 - auc-roc: 0.8968 - loss: 0.3635 - val_acc: 0.0000e+00 - val_auc-prc: 0.7474 - val_auc-roc: 0.7913 - val_loss: 0.5975
Epoch 12/100
4/4 - 8s - 2s/step - acc: 0.0000e+00 - auc-prc: 0.8406 - auc-roc: 0.8976 - loss: 0.3507 - val_acc: 0.0000e+00 - val_auc-prc: 0.7521 - val_auc-roc: 0.7959 - val_loss: 0.5962
Epoch 13/100
4/4 - 8s - 2s/step - acc: 0.0000e+00 - auc-prc: 0.8398 - auc-roc: 0.8977 - loss: 0.3424 - val_acc: 0.0000e+00 - val_auc-prc: 0.7590 - val_auc-roc: 0.8062 - val_loss: 0.8423
Epoch 14/100
4/4 - 8s - 2s/step - acc: 0.0000e+00 - auc-prc: 0.8375 - auc-roc: 0.8950 - loss: 0.3434 - val_acc: 0.0000e+00 - val_auc-prc: 0.7606 - val_auc-roc: 0.8039 - val_loss: 0.6806
Epoch 15/100
4/4 - 8s - 2s/step - acc: 0.0000e+00 - auc-prc: 0.8389 - auc-roc: 0.8979 - loss: 0.3262 - val_acc: 0.0000e+00 - val_auc-prc: 0.7633 - val_auc-roc: 0.8130 - val_loss: 0.8080
Epoch 16/100
4/4 - 8s - 2s/step - acc: 0.0000e+00 - auc-prc: 0.8388 - auc-roc: 0.8979 - loss: 0.3240 - val_acc: 0.0000e+00 - val_auc-prc: 0.7656 - val_auc-roc: 0.8150 - val_loss: 0.7890
Epoch 17/100
4/4 - 8s - 2s/step - acc: 0.0000e+00 - auc-prc: 0.8380 - auc-roc: 0.8981 - loss: 0.3126 - val_acc: 0.0000e+00 - val_auc-prc: 0.7669 - val_auc-roc: 0.8175 - val_loss: 0.7795
Epoch 18/100
4/4 - 8s - 2s/step - acc: 0.0000e+00 - auc-prc: 0.8399 - auc-roc: 0.9001 - loss: 0.3010 - val_acc: 0.0000e+00 - val_auc-prc: 0.7725 - val_auc-roc: 0.8212 - val_loss: 0.9323
Epoch 19/100
4/4 - 8s - 2s/step - acc: 0.0000e+00 - auc-prc: 0.8322 - auc-roc: 0.8950 - loss: 0.2969 - val_acc: 0.0000e+00 - val_auc-prc: 0.7685 - val_auc-roc: 0.8202 - val_loss: 0.8737
Epoch 20/100
4/4 - 8s - 2s/step - acc: 0.0000e+00 - auc-prc: 0.8357 - auc-roc: 0.8984 - loss: 0.2739 - val_acc: 0.0000e+00 - val_auc-prc: 0.7773 - val_auc-roc: 0.8212 - val_loss: 1.2960
Epoch 21/100
4/4 - 8s - 2s/step - acc: 0.0000e+00 - auc-prc: 0.8361 - auc-roc: 0.8980 - loss: 0.2707 - val_acc: 0.0000e+00 - val_auc-prc: 0.7877 - val_auc-roc: 0.8292 - val_loss: 1.5026
Epoch 22/100
4/4 - 8s - 2s/step - acc: 0.0000e+00 - auc-prc: 0.8264 - auc-roc: 0.8911 - loss: 0.2566 - val_acc: 0.0000e+00 - val_auc-prc: 0.8006 - val_auc-roc: 0.8356 - val_loss: 1.4948
Epoch 23/100
4/4 - 8s - 2s/step - acc: 0.0000e+00 - auc-prc: 0.8122 - auc-roc: 0.8818 - loss: 0.2516 - val_acc: 0.0000e+00 - val_auc-prc: 0.8082 - val_auc-roc: 0.8408 - val_loss: 1.4910
Epoch 24/100
4/4 - 7s - 2s/step - acc: 0.0000e+00 - auc-prc: 0.8052 - auc-roc: 0.8771 - loss: 0.2520 - val_acc: 0.0000e+00 - val_auc-prc: 0.8105 - val_auc-roc: 0.8411 - val_loss: 1.4873
Epoch 25/100
4/4 - 8s - 2s/step - acc: 0.0000e+00 - auc-prc: 0.7987 - auc-roc: 0.8728 - loss: 0.2445 - val_acc: 0.0000e+00 - val_auc-prc: 0.8097 - val_auc-roc: 0.8411 - val_loss: 1.4861
Epoch 26/100
4/4 - 8s - 2s/step - acc: 0.0000e+00 - auc-prc: 0.7984 - auc-roc: 0.8724 - loss: 0.4027 - val_acc: 0.0000e+00 - val_auc-prc: 0.8085 - val_auc-roc: 0.8407 - val_loss: 1.4854
Epoch 27/100
4/4 - 7s - 2s/step - acc: 0.0000e+00 - auc-prc: 0.8018 - auc-roc: 0.8748 - loss: 0.5613 - val_acc: 0.0000e+00 - val_auc-prc: 0.8088 - val_auc-roc: 0.8412 - val_loss: 1.6463
Epoch 28/100
4/4 - 8s - 2s/step - acc: 0.0000e+00 - auc-prc: 0.8003 - auc-roc: 0.8740 - loss: 0.5609 - val_acc: 0.0000e+00 - val_auc-prc: 0.8065 - val_auc-roc: 0.8396 - val_loss: 1.6463
Epoch 29/100
4/4 - 8s - 2s/step - acc: 0.0000e+00 - auc-prc: 0.8004 - auc-roc: 0.8741 - loss: 0.5586 - val_acc: 0.0000e+00 - val_auc-prc: 0.8063 - val_auc-roc: 0.8396 - val_loss: 1.6462
Epoch 30/100
4/4 - 8s - 2s/step - acc: 0.0000e+00 - auc-prc: 0.8004 - auc-roc: 0.8742 - loss: 0.5558 - val_acc: 0.0000e+00 - val_auc-prc: 0.8117 - val_auc-roc: 0.8411 - val_loss: 1.6467
Epoch 31/100
4/4 - 8s - 2s/step - acc: 0.0000e+00 - auc-prc: 0.8005 - auc-roc: 0.8743 - loss: 0.5541 - val_acc: 0.0000e+00 - val_auc-prc: 0.8099 - val_auc-roc: 0.8401 - val_loss: 1.6477
Epoch 32/100
4/4 - 8s - 2s/step - acc: 0.0000e+00 - auc-prc: 0.8058 - auc-roc: 0.8780 - loss: 0.5530 - val_acc: 0.0000e+00 - val_auc-prc: 0.8095 - val_auc-roc: 0.8397 - val_loss: 1.6469
Epoch 33/100
4/4 - 8s - 2s/step - acc: 0.0000e+00 - auc-prc: 0.8074 - auc-roc: 0.8792 - loss: 0.5488 - val_acc: 0.0000e+00 - val_auc-prc: 0.8006 - val_auc-roc: 0.8361 - val_loss: 1.6474
Epoch 34/100
slurmstepd: error: *** JOB 31170172 ON nc31135 CANCELLED AT 2024-07-02T16:11:08 ***
