fold 0
Model: "functional_1"
┏━━━━━━━━━━━━━━━━━━━━━━━━━━━━━━━━━┳━━━━━━━━━━━━━━━━━━━━━━━━┳━━━━━━━━━━━━━━━┓
┃ Layer (type)                    ┃ Output Shape           ┃       Param # ┃
┡━━━━━━━━━━━━━━━━━━━━━━━━━━━━━━━━━╇━━━━━━━━━━━━━━━━━━━━━━━━╇━━━━━━━━━━━━━━━┩
│ input_layer (InputLayer)        │ (None, 2772, 6, 3)     │             0 │
├─────────────────────────────────┼────────────────────────┼───────────────┤
│ conv2d (Conv2D)                 │ (None, 2768, 1, 64)    │         5,824 │
├─────────────────────────────────┼────────────────────────┼───────────────┤
│ lambda (Lambda)                 │ (None, 2768, 64)       │             0 │
├─────────────────────────────────┼────────────────────────┼───────────────┤
│ lstm (LSTM)                     │ [(None, 2768, 64),     │        33,024 │
│                                 │ (None, 64), (None,     │               │
│                                 │ 64)]                   │               │
├─────────────────────────────────┼────────────────────────┼───────────────┤
│ self_attention (SelfAttention)  │ [(None, 1024), (None,  │         2,560 │
│                                 │ 16, 2768)]             │               │
├─────────────────────────────────┼────────────────────────┼───────────────┤
│ dense (Dense)                   │ (None, 2)              │         2,050 │
└─────────────────────────────────┴────────────────────────┴───────────────┘
 Total params: 43,458 (169.76 KB)
 Trainable params: 43,458 (169.76 KB)
 Non-trainable params: 0 (0.00 B)
Epoch 1/100
4/4 - 8s - 2s/step - acc: 0.0000e+00 - auc-prc: 0.5890 - auc-roc: 0.5504 - loss: 5.5398 - val_acc: 0.0000e+00 - val_auc-prc: 0.4430 - val_auc-roc: 0.4495 - val_loss: 2.0423
Epoch 2/100
4/4 - 5s - 1s/step - acc: 0.0000e+00 - auc-prc: 0.4398 - auc-roc: 0.4451 - loss: 2.0560 - val_acc: 0.0000e+00 - val_auc-prc: 0.4467 - val_auc-roc: 0.4545 - val_loss: 1.9859
Epoch 3/100
4/4 - 5s - 1s/step - acc: 0.0000e+00 - auc-prc: 0.4039 - auc-roc: 0.3800 - loss: 1.8198 - val_acc: 0.0000e+00 - val_auc-prc: 0.4361 - val_auc-roc: 0.4396 - val_loss: 1.9165
Epoch 4/100
4/4 - 5s - 1s/step - acc: 0.0000e+00 - auc-prc: 0.3974 - auc-roc: 0.3650 - loss: 1.7566 - val_acc: 0.0000e+00 - val_auc-prc: 0.4395 - val_auc-roc: 0.4446 - val_loss: 1.8459
Epoch 5/100
4/4 - 5s - 1s/step - acc: 0.0000e+00 - auc-prc: 0.4109 - auc-roc: 0.3950 - loss: 1.6885 - val_acc: 0.0000e+00 - val_auc-prc: 0.4395 - val_auc-roc: 0.4446 - val_loss: 1.7774
Epoch 6/100
4/4 - 5s - 1s/step - acc: 0.0000e+00 - auc-prc: 0.4017 - auc-roc: 0.3750 - loss: 1.5901 - val_acc: 0.0000e+00 - val_auc-prc: 0.4297 - val_auc-roc: 0.4297 - val_loss: 1.7003
Epoch 7/100
4/4 - 5s - 1s/step - acc: 0.0000e+00 - auc-prc: 0.3974 - auc-roc: 0.3650 - loss: 1.5915 - val_acc: 0.0000e+00 - val_auc-prc: 0.4510 - val_auc-roc: 0.4600 - val_loss: 1.5397
Epoch 8/100
4/4 - 5s - 1s/step - acc: 0.0000e+00 - auc-prc: 0.4471 - auc-roc: 0.4550 - loss: 1.5270 - val_acc: 0.0000e+00 - val_auc-prc: 0.4596 - val_auc-roc: 0.4700 - val_loss: 1.4976
Epoch 9/100
4/4 - 5s - 1s/step - acc: 0.0000e+00 - auc-prc: 0.4398 - auc-roc: 0.4450 - loss: 1.4546 - val_acc: 0.0000e+00 - val_auc-prc: 0.4267 - val_auc-roc: 0.4248 - val_loss: 1.5272
Epoch 10/100
4/4 - 5s - 1s/step - acc: 0.0000e+00 - auc-prc: 0.3793 - auc-roc: 0.3195 - loss: 1.8145 - val_acc: 0.0000e+00 - val_auc-prc: 0.3714 - val_auc-roc: 0.2956 - val_loss: 1.5047
Epoch 11/100
4/4 - 5s - 1s/step - acc: 0.0000e+00 - auc-prc: 0.3593 - auc-roc: 0.2525 - loss: 1.5240 - val_acc: 0.0000e+00 - val_auc-prc: 0.4643 - val_auc-roc: 0.4750 - val_loss: 1.3643
Epoch 12/100
4/4 - 5s - 1s/step - acc: 0.0000e+00 - auc-prc: 0.4751 - auc-roc: 0.4850 - loss: 1.3844 - val_acc: 0.0000e+00 - val_auc-prc: 0.5000 - val_auc-roc: 0.5000 - val_loss: 1.4267
Epoch 13/100
4/4 - 5s - 1s/step - acc: 0.0000e+00 - auc-prc: 0.5000 - auc-roc: 0.5000 - loss: 1.4185 - val_acc: 0.0000e+00 - val_auc-prc: 0.5000 - val_auc-roc: 0.5000 - val_loss: 1.3650
Epoch 14/100
4/4 - 5s - 1s/step - acc: 0.0000e+00 - auc-prc: 0.5000 - auc-roc: 0.5000 - loss: 1.3492 - val_acc: 0.0000e+00 - val_auc-prc: 0.5000 - val_auc-roc: 0.5000 - val_loss: 1.2648
Epoch 15/100
4/4 - 5s - 1s/step - acc: 0.0000e+00 - auc-prc: 0.4751 - auc-roc: 0.4850 - loss: 1.2473 - val_acc: 0.0000e+00 - val_auc-prc: 0.4433 - val_auc-roc: 0.4500 - val_loss: 1.2034
Epoch 16/100
4/4 - 5s - 1s/step - acc: 0.0000e+00 - auc-prc: 0.3913 - auc-roc: 0.3500 - loss: 1.2158 - val_acc: 0.0000e+00 - val_auc-prc: 0.4057 - val_auc-roc: 0.3843 - val_loss: 1.3015
Epoch 17/100
4/4 - 6s - 1s/step - acc: 0.0000e+00 - auc-prc: 0.3838 - auc-roc: 0.3300 - loss: 1.1636 - val_acc: 0.0000e+00 - val_auc-prc: 0.4596 - val_auc-roc: 0.4700 - val_loss: 1.1316
Epoch 18/100
4/4 - 5s - 1s/step - acc: 0.0000e+00 - auc-prc: 0.4643 - auc-roc: 0.4750 - loss: 1.1048 - val_acc: 0.0000e+00 - val_auc-prc: 0.4695 - val_auc-roc: 0.4800 - val_loss: 1.1049
Epoch 19/100
4/4 - 4s - 1s/step - acc: 0.0000e+00 - auc-prc: 0.4643 - auc-roc: 0.4750 - loss: 1.0767 - val_acc: 0.0000e+00 - val_auc-prc: 0.4596 - val_auc-roc: 0.4700 - val_loss: 1.0653
Epoch 20/100
4/4 - 5s - 1s/step - acc: 0.0000e+00 - auc-prc: 0.4364 - auc-roc: 0.4400 - loss: 1.0448 - val_acc: 0.0000e+00 - val_auc-prc: 0.4360 - val_auc-roc: 0.4394 - val_loss: 1.1494
Epoch 21/100
4/4 - 4s - 1s/step - acc: 0.0000e+00 - auc-prc: 0.3995 - auc-roc: 0.3700 - loss: 1.0098 - val_acc: 0.0000e+00 - val_auc-prc: 0.3948 - val_auc-roc: 0.3595 - val_loss: 1.1095
Epoch 22/100
4/4 - 5s - 1s/step - acc: 0.0000e+00 - auc-prc: 0.3768 - auc-roc: 0.3100 - loss: 0.9551 - val_acc: 0.0000e+00 - val_auc-prc: 0.3667 - val_auc-roc: 0.2799 - val_loss: 1.0735
Epoch 23/100
4/4 - 5s - 1s/step - acc: 0.0000e+00 - auc-prc: 0.3658 - auc-roc: 0.2750 - loss: 1.0971 - val_acc: 0.0000e+00 - val_auc-prc: 0.3969 - val_auc-roc: 0.3643 - val_loss: 1.0305
Epoch 24/100
4/4 - 5s - 1s/step - acc: 0.0000e+00 - auc-prc: 0.4039 - auc-roc: 0.3800 - loss: 0.9144 - val_acc: 0.0000e+00 - val_auc-prc: 0.4155 - val_auc-roc: 0.4040 - val_loss: 1.0227
Epoch 25/100
4/4 - 5s - 1s/step - acc: 0.0000e+00 - auc-prc: 0.4109 - auc-roc: 0.3950 - loss: 0.9102 - val_acc: 0.0000e+00 - val_auc-prc: 0.3948 - val_auc-roc: 0.3592 - val_loss: 0.9930
Epoch 26/100
4/4 - 4s - 1s/step - acc: 0.0000e+00 - auc-prc: 0.3894 - auc-roc: 0.3450 - loss: 0.8939 - val_acc: 0.0000e+00 - val_auc-prc: 0.3594 - val_auc-roc: 0.2545 - val_loss: 0.9748
Epoch 27/100
4/4 - 5s - 1s/step - acc: 0.0000e+00 - auc-prc: 0.3651 - auc-roc: 0.2730 - loss: 0.9629 - val_acc: 0.0000e+00 - val_auc-prc: 0.3487 - val_auc-roc: 0.2138 - val_loss: 1.0031
Epoch 28/100
4/4 - 5s - 1s/step - acc: 0.0000e+00 - auc-prc: 0.3545 - auc-roc: 0.2350 - loss: 0.8187 - val_acc: 0.0000e+00 - val_auc-prc: 0.3487 - val_auc-roc: 0.2134 - val_loss: 0.9444
Epoch 29/100
4/4 - 4s - 1s/step - acc: 0.0000e+00 - auc-prc: 0.3719 - auc-roc: 0.2950 - loss: 0.8068 - val_acc: 0.0000e+00 - val_auc-prc: 0.3539 - val_auc-roc: 0.2333 - val_loss: 0.9073
Epoch 30/100
4/4 - 4s - 1s/step - acc: 0.0000e+00 - auc-prc: 0.3719 - auc-roc: 0.2950 - loss: 0.7861 - val_acc: 0.0000e+00 - val_auc-prc: 0.3475 - val_auc-roc: 0.2082 - val_loss: 0.8985
Epoch 31/100
4/4 - 4s - 1s/step - acc: 0.0000e+00 - auc-prc: 0.3658 - auc-roc: 0.2750 - loss: 0.7697 - val_acc: 0.0000e+00 - val_auc-prc: 0.3455 - val_auc-roc: 0.1998 - val_loss: 1.0582
Epoch 32/100
4/4 - 4s - 1s/step - acc: 0.0000e+00 - auc-prc: 0.3469 - auc-roc: 0.2050 - loss: 0.7655 - val_acc: 0.0000e+00 - val_auc-prc: 0.3487 - val_auc-roc: 0.2127 - val_loss: 0.8700
Early stopping epoch: 31
Traceback (most recent call last):
  File "/lustre06/project/6003138/rezvank/5_model/baseline.py", line 148, in <module>
    plot(history, 'loss', plot_path)
  File "/lustre06/project/6003138/rezvank/5_model/baseline.py", line 83, in plot
    plt.savefig(plot_path)
  File "/lustre06/project/6003138/rezvank/5_model/env/lib/python3.11/site-packages/matplotlib/pyplot.py", line 1223, in savefig
    res = fig.savefig(*args, **kwargs)  # type: ignore[func-returns-value]
          ^^^^^^^^^^^^^^^^^^^^^^^^^^^^
  File "/lustre06/project/6003138/rezvank/5_model/env/lib/python3.11/site-packages/matplotlib/figure.py", line 3388, in savefig
    self.canvas.print_figure(fname, **kwargs)
  File "/lustre06/project/6003138/rezvank/5_model/env/lib/python3.11/site-packages/matplotlib/backend_bases.py", line 2218, in print_figure
    result = print_method(
             ^^^^^^^^^^^^^
  File "/lustre06/project/6003138/rezvank/5_model/env/lib/python3.11/site-packages/matplotlib/backend_bases.py", line 2068, in <lambda>
    print_method = functools.wraps(meth)(lambda *args, **kwargs: meth(
                                                                 ^^^^^
  File "/lustre06/project/6003138/rezvank/5_model/env/lib/python3.11/site-packages/matplotlib/backends/backend_agg.py", line 496, in print_png
    self._print_pil(filename_or_obj, "png", pil_kwargs, metadata)
  File "/lustre06/project/6003138/rezvank/5_model/env/lib/python3.11/site-packages/matplotlib/backends/backend_agg.py", line 445, in _print_pil
    mpl.image.imsave(
  File "/lustre06/project/6003138/rezvank/5_model/env/lib/python3.11/site-packages/matplotlib/image.py", line 1676, in imsave
    image.save(fname, **pil_kwargs)
  File "/lustre06/project/6003138/rezvank/5_model/env/lib/python3.11/site-packages/PIL/Image.py", line 2456, in save
    fp = builtins.open(filename, "w+b")
         ^^^^^^^^^^^^^^^^^^^^^^^^^^^^^^
FileNotFoundError: [Errno 2] No such file or directory: '/lustre06/project/6003138/operons/charts/OpDetect_loss_fold_0.png'
