fold 0
Model: "model"
_________________________________________________________________
 Layer (type)                Output Shape              Param #   
=================================================================
 input_1 (InputLayer)        [(None, 2772, 6, 3)]      0         
                                                                 
 conv2d (Conv2D)             (None, 2768, 1, 64)       5824      
                                                                 
 lambda (Lambda)             (None, 2768, 64)          0         
                                                                 
 lstm (LSTM)                 [(None, 2768, 64),        33024     
                              (None, 64),                        
                              (None, 64)]                        
                                                                 
 self_attention (SelfAttent  ((None, 1024),            2560      
 ion)                         (None, 16, 2768))                  
                                                                 
 dense (Dense)               (None, 2)                 2050      
                                                                 
=================================================================
Total params: 43458 (169.76 KB)
Trainable params: 43458 (169.76 KB)
Non-trainable params: 0 (0.00 Byte)
_________________________________________________________________
Traceback (most recent call last):
  File "/lustre06/project/6003138/rezvank/5_model/baseline.py", line 129, in <module>
    callbacks = [EarlyStopping(monitor='val_auc-roc', patience=PATIENCE), ModelCheckpoint(filepath=model_filename, monitor='val_auc-roc', save_best_only=True, mode='max')]
  File "/lustre06/project/6003138/rezvank/4_data_process/env/lib/python3.10/site-packages/keras/src/callbacks.py", line 1369, in __init__
    if filepath and filepath.endswith(".keras") and options is not None:
AttributeError: 'PosixPath' object has no attribute 'endswith'
