fold 0
Model: "functional"
┏━━━━━━━━━━━━━━━━━━━━━━━━━━━━━━━━━┳━━━━━━━━━━━━━━━━━━━━━━━━┳━━━━━━━━━━━━━━━┓
┃ Layer (type)                    ┃ Output Shape           ┃       Param # ┃
┡━━━━━━━━━━━━━━━━━━━━━━━━━━━━━━━━━╇━━━━━━━━━━━━━━━━━━━━━━━━╇━━━━━━━━━━━━━━━┩
│ input_layer (InputLayer)        │ (None, 150, 6, 3)      │             0 │
├─────────────────────────────────┼────────────────────────┼───────────────┤
│ conv2d (Conv2D)                 │ (None, 146, 1, 64)     │         5,824 │
├─────────────────────────────────┼────────────────────────┼───────────────┤
│ lambda (Lambda)                 │ (None, 146, 64)        │             0 │
├─────────────────────────────────┼────────────────────────┼───────────────┤
│ lstm (LSTM)                     │ [(None, 146, 64),      │        33,024 │
│                                 │ (None, 64), (None,     │               │
│                                 │ 64)]                   │               │
├─────────────────────────────────┼────────────────────────┼───────────────┤
│ self_attention (SelfAttention)  │ [(None, 1024), (None,  │         2,560 │
│                                 │ 16, 146)]              │               │
├─────────────────────────────────┼────────────────────────┼───────────────┤
│ dense (Dense)                   │ (None, 2)              │         2,050 │
└─────────────────────────────────┴────────────────────────┴───────────────┘
 Total params: 43,458 (169.76 KB)
 Trainable params: 43,458 (169.76 KB)
 Non-trainable params: 0 (0.00 B)
Epoch 1/100
292/292 - 15s - 50ms/step - AUPRC: 0.9253 - AUROC: 0.9260 - acc: 0.8466 - loss: 0.3465 - val_AUPRC: 0.9443 - val_AUROC: 0.9463 - val_acc: 0.8738 - val_loss: 0.2956
Epoch 2/100
292/292 - 12s - 43ms/step - AUPRC: 0.9446 - AUROC: 0.9463 - acc: 0.8783 - loss: 0.2942 - val_AUPRC: 0.9480 - val_AUROC: 0.9501 - val_acc: 0.8796 - val_loss: 0.2857
Epoch 3/100
292/292 - 12s - 42ms/step - AUPRC: 0.9492 - AUROC: 0.9510 - acc: 0.8871 - loss: 0.2800 - val_AUPRC: 0.9512 - val_AUROC: 0.9537 - val_acc: 0.8873 - val_loss: 0.2759
Epoch 4/100
292/292 - 13s - 43ms/step - AUPRC: 0.9524 - AUROC: 0.9537 - acc: 0.8895 - loss: 0.2725 - val_AUPRC: 0.9536 - val_AUROC: 0.9564 - val_acc: 0.8950 - val_loss: 0.2659
Epoch 5/100
292/292 - 13s - 43ms/step - AUPRC: 0.9546 - AUROC: 0.9559 - acc: 0.8958 - loss: 0.2654 - val_AUPRC: 0.9558 - val_AUROC: 0.9579 - val_acc: 0.8988 - val_loss: 0.2600
Epoch 6/100
292/292 - 13s - 43ms/step - AUPRC: 0.9567 - AUROC: 0.9579 - acc: 0.8978 - loss: 0.2598 - val_AUPRC: 0.9563 - val_AUROC: 0.9593 - val_acc: 0.9017 - val_loss: 0.2552
Epoch 7/100
292/292 - 12s - 43ms/step - AUPRC: 0.9573 - AUROC: 0.9581 - acc: 0.8962 - loss: 0.2590 - val_AUPRC: 0.9573 - val_AUROC: 0.9597 - val_acc: 0.9046 - val_loss: 0.2518
Epoch 8/100
292/292 - 12s - 42ms/step - AUPRC: 0.9589 - AUROC: 0.9596 - acc: 0.8995 - loss: 0.2549 - val_AUPRC: 0.9598 - val_AUROC: 0.9615 - val_acc: 0.9056 - val_loss: 0.2486
Epoch 9/100
292/292 - 12s - 42ms/step - AUPRC: 0.9598 - AUROC: 0.9606 - acc: 0.8998 - loss: 0.2511 - val_AUPRC: 0.9587 - val_AUROC: 0.9619 - val_acc: 0.9046 - val_loss: 0.2470
Epoch 10/100
292/292 - 13s - 46ms/step - AUPRC: 0.9597 - AUROC: 0.9605 - acc: 0.9001 - loss: 0.2513 - val_AUPRC: 0.9604 - val_AUROC: 0.9621 - val_acc: 0.9037 - val_loss: 0.2461
Epoch 11/100
292/292 - 13s - 45ms/step - AUPRC: 0.9615 - AUROC: 0.9622 - acc: 0.9038 - loss: 0.2460 - val_AUPRC: 0.9604 - val_AUROC: 0.9627 - val_acc: 0.9037 - val_loss: 0.2453
Epoch 12/100
292/292 - 12s - 42ms/step - AUPRC: 0.9623 - AUROC: 0.9630 - acc: 0.9029 - loss: 0.2444 - val_AUPRC: 0.9610 - val_AUROC: 0.9625 - val_acc: 0.9027 - val_loss: 0.2457
Epoch 13/100
292/292 - 12s - 41ms/step - AUPRC: 0.9624 - AUROC: 0.9631 - acc: 0.9002 - loss: 0.2436 - val_AUPRC: 0.9617 - val_AUROC: 0.9630 - val_acc: 0.9104 - val_loss: 0.2444
Epoch 14/100
292/292 - 12s - 42ms/step - AUPRC: 0.9631 - AUROC: 0.9636 - acc: 0.9040 - loss: 0.2423 - val_AUPRC: 0.9619 - val_AUROC: 0.9631 - val_acc: 0.9085 - val_loss: 0.2440
Epoch 15/100
292/292 - 12s - 43ms/step - AUPRC: 0.9626 - AUROC: 0.9635 - acc: 0.9045 - loss: 0.2414 - val_AUPRC: 0.9617 - val_AUROC: 0.9632 - val_acc: 0.9104 - val_loss: 0.2424
Epoch 16/100
292/292 - 12s - 42ms/step - AUPRC: 0.9633 - AUROC: 0.9641 - acc: 0.9038 - loss: 0.2395 - val_AUPRC: 0.9611 - val_AUROC: 0.9635 - val_acc: 0.9104 - val_loss: 0.2420
Epoch 17/100
292/292 - 12s - 42ms/step - AUPRC: 0.9636 - AUROC: 0.9640 - acc: 0.9055 - loss: 0.2404 - val_AUPRC: 0.9622 - val_AUROC: 0.9643 - val_acc: 0.9104 - val_loss: 0.2408
Epoch 18/100
292/292 - 12s - 42ms/step - AUPRC: 0.9639 - AUROC: 0.9646 - acc: 0.9043 - loss: 0.2381 - val_AUPRC: 0.9608 - val_AUROC: 0.9633 - val_acc: 0.9133 - val_loss: 0.2410
Epoch 19/100
292/292 - 14s - 49ms/step - AUPRC: 0.9646 - AUROC: 0.9653 - acc: 0.9079 - loss: 0.2355 - val_AUPRC: 0.9621 - val_AUROC: 0.9635 - val_acc: 0.9133 - val_loss: 0.2401
Epoch 20/100
292/292 - 15s - 50ms/step - AUPRC: 0.9647 - AUROC: 0.9653 - acc: 0.9050 - loss: 0.2360 - val_AUPRC: 0.9629 - val_AUROC: 0.9639 - val_acc: 0.9094 - val_loss: 0.2400
Epoch 21/100
292/292 - 13s - 43ms/step - AUPRC: 0.9654 - AUROC: 0.9661 - acc: 0.9068 - loss: 0.2332 - val_AUPRC: 0.9604 - val_AUROC: 0.9635 - val_acc: 0.9056 - val_loss: 0.2407
Epoch 22/100
292/292 - 12s - 42ms/step - AUPRC: 0.9656 - AUROC: 0.9662 - acc: 0.9088 - loss: 0.2328 - val_AUPRC: 0.9606 - val_AUROC: 0.9631 - val_acc: 0.9123 - val_loss: 0.2430
Epoch 23/100
292/292 - 12s - 42ms/step - AUPRC: 0.9663 - AUROC: 0.9667 - acc: 0.9067 - loss: 0.2315 - val_AUPRC: 0.9611 - val_AUROC: 0.9632 - val_acc: 0.9123 - val_loss: 0.2426
Epoch 24/100
292/292 - 12s - 42ms/step - AUPRC: 0.9671 - AUROC: 0.9677 - acc: 0.9080 - loss: 0.2281 - val_AUPRC: 0.9614 - val_AUROC: 0.9632 - val_acc: 0.9123 - val_loss: 0.2435
Epoch 25/100
292/292 - 12s - 42ms/step - AUPRC: 0.9676 - AUROC: 0.9680 - acc: 0.9101 - loss: 0.2266 - val_AUPRC: 0.9609 - val_AUROC: 0.9631 - val_acc: 0.9123 - val_loss: 0.2420
Epoch 26/100
292/292 - 12s - 42ms/step - AUPRC: 0.9683 - AUROC: 0.9687 - acc: 0.9090 - loss: 0.2243 - val_AUPRC: 0.9616 - val_AUROC: 0.9632 - val_acc: 0.9171 - val_loss: 0.2459
Epoch 27/100
292/292 - 12s - 42ms/step - AUPRC: 0.9678 - AUROC: 0.9687 - acc: 0.9122 - loss: 0.2235 - val_AUPRC: 0.9616 - val_AUROC: 0.9640 - val_acc: 0.9114 - val_loss: 0.2420
******Evaluating TEST set*********
33/33 - 1s - 22ms/step
              precision    recall  f1-score   support

           0       0.90      0.86      0.88       403
           1       0.91      0.94      0.93       635

    accuracy                           0.91      1038
   macro avg       0.91      0.90      0.90      1038
weighted avg       0.91      0.91      0.91      1038

******Evaluating RANDOM Model*********
              precision    recall  f1-score   support

           0       0.35      0.45      0.39       403
           1       0.58      0.48      0.52       635

    accuracy                           0.47      1038
   macro avg       0.46      0.46      0.46      1038
weighted avg       0.49      0.47      0.47      1038

______________________________________________________
fold 1
Model: "functional_1"
┏━━━━━━━━━━━━━━━━━━━━━━━━━━━━━━━━━┳━━━━━━━━━━━━━━━━━━━━━━━━┳━━━━━━━━━━━━━━━┓
┃ Layer (type)                    ┃ Output Shape           ┃       Param # ┃
┡━━━━━━━━━━━━━━━━━━━━━━━━━━━━━━━━━╇━━━━━━━━━━━━━━━━━━━━━━━━╇━━━━━━━━━━━━━━━┩
│ input_layer_1 (InputLayer)      │ (None, 150, 6, 3)      │             0 │
├─────────────────────────────────┼────────────────────────┼───────────────┤
│ conv2d_1 (Conv2D)               │ (None, 146, 1, 64)     │         5,824 │
├─────────────────────────────────┼────────────────────────┼───────────────┤
│ lambda_1 (Lambda)               │ (None, 146, 64)        │             0 │
├─────────────────────────────────┼────────────────────────┼───────────────┤
│ lstm (LSTM)                     │ [(None, 146, 64),      │        33,024 │
│                                 │ (None, 64), (None,     │               │
│                                 │ 64)]                   │               │
├─────────────────────────────────┼────────────────────────┼───────────────┤
│ self_attention_1                │ [(None, 1024), (None,  │         2,560 │
│ (SelfAttention)                 │ 16, 146)]              │               │
├─────────────────────────────────┼────────────────────────┼───────────────┤
│ dense_1 (Dense)                 │ (None, 2)              │         2,050 │
└─────────────────────────────────┴────────────────────────┴───────────────┘
 Total params: 43,458 (169.76 KB)
 Trainable params: 43,458 (169.76 KB)
 Non-trainable params: 0 (0.00 B)
Epoch 1/100
292/292 - 14s - 50ms/step - AUPRC: 0.9310 - AUROC: 0.9313 - acc: 0.8582 - loss: 0.3339 - val_AUPRC: 0.9306 - val_AUROC: 0.9321 - val_acc: 0.8507 - val_loss: 0.3322
Epoch 2/100
292/292 - 12s - 41ms/step - AUPRC: 0.9464 - AUROC: 0.9475 - acc: 0.8784 - loss: 0.2913 - val_AUPRC: 0.9356 - val_AUROC: 0.9369 - val_acc: 0.8613 - val_loss: 0.3182
Epoch 3/100
292/292 - 14s - 46ms/step - AUPRC: 0.9513 - AUROC: 0.9523 - acc: 0.8872 - loss: 0.2775 - val_AUPRC: 0.9424 - val_AUROC: 0.9422 - val_acc: 0.8786 - val_loss: 0.3078
Epoch 4/100
292/292 - 12s - 42ms/step - AUPRC: 0.9543 - AUROC: 0.9552 - acc: 0.8931 - loss: 0.2676 - val_AUPRC: 0.9467 - val_AUROC: 0.9464 - val_acc: 0.8815 - val_loss: 0.2953
Epoch 5/100
292/292 - 12s - 42ms/step - AUPRC: 0.9562 - AUROC: 0.9574 - acc: 0.8969 - loss: 0.2612 - val_AUPRC: 0.9480 - val_AUROC: 0.9482 - val_acc: 0.8815 - val_loss: 0.2903
Epoch 6/100
292/292 - 12s - 42ms/step - AUPRC: 0.9575 - AUROC: 0.9586 - acc: 0.9003 - loss: 0.2569 - val_AUPRC: 0.9505 - val_AUROC: 0.9507 - val_acc: 0.8863 - val_loss: 0.2836
Epoch 7/100
292/292 - 13s - 43ms/step - AUPRC: 0.9585 - AUROC: 0.9595 - acc: 0.9003 - loss: 0.2539 - val_AUPRC: 0.9513 - val_AUROC: 0.9515 - val_acc: 0.8911 - val_loss: 0.2816
Epoch 8/100
292/292 - 15s - 51ms/step - AUPRC: 0.9595 - AUROC: 0.9606 - acc: 0.9002 - loss: 0.2509 - val_AUPRC: 0.9517 - val_AUROC: 0.9520 - val_acc: 0.8892 - val_loss: 0.2816
Epoch 9/100
292/292 - 13s - 44ms/step - AUPRC: 0.9614 - AUROC: 0.9620 - acc: 0.9017 - loss: 0.2471 - val_AUPRC: 0.9513 - val_AUROC: 0.9515 - val_acc: 0.8911 - val_loss: 0.2834
Epoch 10/100
292/292 - 13s - 43ms/step - AUPRC: 0.9606 - AUROC: 0.9617 - acc: 0.9010 - loss: 0.2478 - val_AUPRC: 0.9535 - val_AUROC: 0.9541 - val_acc: 0.8911 - val_loss: 0.2758
Epoch 11/100
292/292 - 12s - 43ms/step - AUPRC: 0.9615 - AUROC: 0.9626 - acc: 0.9029 - loss: 0.2447 - val_AUPRC: 0.9540 - val_AUROC: 0.9546 - val_acc: 0.8902 - val_loss: 0.2737
Epoch 12/100
292/292 - 12s - 42ms/step - AUPRC: 0.9626 - AUROC: 0.9634 - acc: 0.9058 - loss: 0.2423 - val_AUPRC: 0.9541 - val_AUROC: 0.9545 - val_acc: 0.8873 - val_loss: 0.2739
Epoch 13/100
292/292 - 12s - 41ms/step - AUPRC: 0.9622 - AUROC: 0.9633 - acc: 0.9035 - loss: 0.2424 - val_AUPRC: 0.9524 - val_AUROC: 0.9527 - val_acc: 0.8902 - val_loss: 0.2808
Epoch 14/100
292/292 - 12s - 42ms/step - AUPRC: 0.9636 - AUROC: 0.9643 - acc: 0.9068 - loss: 0.2392 - val_AUPRC: 0.9555 - val_AUROC: 0.9554 - val_acc: 0.8921 - val_loss: 0.2726
Epoch 15/100
292/292 - 15s - 51ms/step - AUPRC: 0.9640 - AUROC: 0.9647 - acc: 0.9058 - loss: 0.2382 - val_AUPRC: 0.9546 - val_AUROC: 0.9548 - val_acc: 0.8873 - val_loss: 0.2749
Epoch 16/100
292/292 - 14s - 47ms/step - AUPRC: 0.9647 - AUROC: 0.9655 - acc: 0.9066 - loss: 0.2358 - val_AUPRC: 0.9552 - val_AUROC: 0.9556 - val_acc: 0.8892 - val_loss: 0.2704
Epoch 17/100
292/292 - 14s - 48ms/step - AUPRC: 0.9646 - AUROC: 0.9652 - acc: 0.9074 - loss: 0.2359 - val_AUPRC: 0.9548 - val_AUROC: 0.9553 - val_acc: 0.8873 - val_loss: 0.2730
Epoch 18/100
292/292 - 14s - 49ms/step - AUPRC: 0.9652 - AUROC: 0.9661 - acc: 0.9090 - loss: 0.2334 - val_AUPRC: 0.9567 - val_AUROC: 0.9569 - val_acc: 0.8892 - val_loss: 0.2692
Epoch 19/100
292/292 - 15s - 50ms/step - AUPRC: 0.9661 - AUROC: 0.9669 - acc: 0.9078 - loss: 0.2306 - val_AUPRC: 0.9550 - val_AUROC: 0.9552 - val_acc: 0.8902 - val_loss: 0.2750
Epoch 20/100
292/292 - 13s - 44ms/step - AUPRC: 0.9666 - AUROC: 0.9670 - acc: 0.9085 - loss: 0.2306 - val_AUPRC: 0.9546 - val_AUROC: 0.9546 - val_acc: 0.8825 - val_loss: 0.2773
Epoch 21/100
292/292 - 12s - 43ms/step - AUPRC: 0.9663 - AUROC: 0.9671 - acc: 0.9085 - loss: 0.2298 - val_AUPRC: 0.9554 - val_AUROC: 0.9561 - val_acc: 0.8854 - val_loss: 0.2707
Epoch 22/100
292/292 - 13s - 43ms/step - AUPRC: 0.9679 - AUROC: 0.9683 - acc: 0.9121 - loss: 0.2252 - val_AUPRC: 0.9552 - val_AUROC: 0.9562 - val_acc: 0.8882 - val_loss: 0.2724
Epoch 23/100
292/292 - 12s - 42ms/step - AUPRC: 0.9673 - AUROC: 0.9682 - acc: 0.9093 - loss: 0.2262 - val_AUPRC: 0.9535 - val_AUROC: 0.9546 - val_acc: 0.8882 - val_loss: 0.2763
Epoch 24/100
292/292 - 15s - 50ms/step - AUPRC: 0.9678 - AUROC: 0.9684 - acc: 0.9124 - loss: 0.2246 - val_AUPRC: 0.9563 - val_AUROC: 0.9557 - val_acc: 0.8834 - val_loss: 0.2726
Epoch 25/100
292/292 - 15s - 51ms/step - AUPRC: 0.9689 - AUROC: 0.9695 - acc: 0.9128 - loss: 0.2210 - val_AUPRC: 0.9566 - val_AUROC: 0.9560 - val_acc: 0.8815 - val_loss: 0.2727
Epoch 26/100
292/292 - 12s - 43ms/step - AUPRC: 0.9696 - AUROC: 0.9699 - acc: 0.9121 - loss: 0.2196 - val_AUPRC: 0.9532 - val_AUROC: 0.9540 - val_acc: 0.8873 - val_loss: 0.2783
Epoch 27/100
292/292 - 12s - 43ms/step - AUPRC: 0.9695 - AUROC: 0.9698 - acc: 0.9136 - loss: 0.2200 - val_AUPRC: 0.9548 - val_AUROC: 0.9546 - val_acc: 0.8844 - val_loss: 0.2768
Epoch 28/100
292/292 - 13s - 46ms/step - AUPRC: 0.9694 - AUROC: 0.9700 - acc: 0.9138 - loss: 0.2190 - val_AUPRC: 0.9562 - val_AUROC: 0.9557 - val_acc: 0.8892 - val_loss: 0.2744
******Evaluating TEST set*********
33/33 - 1s - 24ms/step
              precision    recall  f1-score   support

           0       0.90      0.81      0.85       403
           1       0.89      0.94      0.91       635

    accuracy                           0.89      1038
   macro avg       0.89      0.87      0.88      1038
weighted avg       0.89      0.89      0.89      1038

******Evaluating RANDOM Model*********
              precision    recall  f1-score   support

           0       0.38      0.51      0.43       403
           1       0.60      0.46      0.52       635

    accuracy                           0.48      1038
   macro avg       0.49      0.49      0.48      1038
weighted avg       0.51      0.48      0.49      1038

______________________________________________________
fold 2
Model: "functional_2"
┏━━━━━━━━━━━━━━━━━━━━━━━━━━━━━━━━━┳━━━━━━━━━━━━━━━━━━━━━━━━┳━━━━━━━━━━━━━━━┓
┃ Layer (type)                    ┃ Output Shape           ┃       Param # ┃
┡━━━━━━━━━━━━━━━━━━━━━━━━━━━━━━━━━╇━━━━━━━━━━━━━━━━━━━━━━━━╇━━━━━━━━━━━━━━━┩
│ input_layer_2 (InputLayer)      │ (None, 150, 6, 3)      │             0 │
├─────────────────────────────────┼────────────────────────┼───────────────┤
│ conv2d_2 (Conv2D)               │ (None, 146, 1, 64)     │         5,824 │
├─────────────────────────────────┼────────────────────────┼───────────────┤
│ lambda_2 (Lambda)               │ (None, 146, 64)        │             0 │
├─────────────────────────────────┼────────────────────────┼───────────────┤
│ lstm (LSTM)                     │ [(None, 146, 64),      │        33,024 │
│                                 │ (None, 64), (None,     │               │
│                                 │ 64)]                   │               │
├─────────────────────────────────┼────────────────────────┼───────────────┤
│ self_attention_2                │ [(None, 1024), (None,  │         2,560 │
│ (SelfAttention)                 │ 16, 146)]              │               │
├─────────────────────────────────┼────────────────────────┼───────────────┤
│ dense_2 (Dense)                 │ (None, 2)              │         2,050 │
└─────────────────────────────────┴────────────────────────┴───────────────┘
 Total params: 43,458 (169.76 KB)
 Trainable params: 43,458 (169.76 KB)
 Non-trainable params: 0 (0.00 B)
Epoch 1/100
292/292 - 17s - 60ms/step - AUPRC: 0.9257 - AUROC: 0.9261 - acc: 0.8451 - loss: 0.3466 - val_AUPRC: 0.9456 - val_AUROC: 0.9473 - val_acc: 0.8854 - val_loss: 0.2902
Epoch 2/100
292/292 - 15s - 51ms/step - AUPRC: 0.9447 - AUROC: 0.9456 - acc: 0.8745 - loss: 0.2970 - val_AUPRC: 0.9511 - val_AUROC: 0.9532 - val_acc: 0.8873 - val_loss: 0.2731
Epoch 3/100
292/292 - 15s - 51ms/step - AUPRC: 0.9499 - AUROC: 0.9507 - acc: 0.8827 - loss: 0.2826 - val_AUPRC: 0.9556 - val_AUROC: 0.9570 - val_acc: 0.8921 - val_loss: 0.2644
Epoch 4/100
292/292 - 13s - 44ms/step - AUPRC: 0.9529 - AUROC: 0.9535 - acc: 0.8902 - loss: 0.2741 - val_AUPRC: 0.9587 - val_AUROC: 0.9598 - val_acc: 0.8969 - val_loss: 0.2552
Epoch 5/100
292/292 - 12s - 41ms/step - AUPRC: 0.9554 - AUROC: 0.9562 - acc: 0.8925 - loss: 0.2659 - val_AUPRC: 0.9602 - val_AUROC: 0.9616 - val_acc: 0.8988 - val_loss: 0.2480
Epoch 6/100
292/292 - 15s - 51ms/step - AUPRC: 0.9569 - AUROC: 0.9575 - acc: 0.8964 - loss: 0.2613 - val_AUPRC: 0.9607 - val_AUROC: 0.9619 - val_acc: 0.8950 - val_loss: 0.2490
Epoch 7/100
292/292 - 12s - 40ms/step - AUPRC: 0.9570 - AUROC: 0.9582 - acc: 0.8984 - loss: 0.2590 - val_AUPRC: 0.9631 - val_AUROC: 0.9641 - val_acc: 0.9066 - val_loss: 0.2404
Epoch 8/100
292/292 - 12s - 40ms/step - AUPRC: 0.9590 - AUROC: 0.9598 - acc: 0.8994 - loss: 0.2545 - val_AUPRC: 0.9637 - val_AUROC: 0.9648 - val_acc: 0.9037 - val_loss: 0.2372
Epoch 9/100
292/292 - 12s - 40ms/step - AUPRC: 0.9600 - AUROC: 0.9605 - acc: 0.9011 - loss: 0.2519 - val_AUPRC: 0.9634 - val_AUROC: 0.9646 - val_acc: 0.9056 - val_loss: 0.2369
Epoch 10/100
292/292 - 12s - 41ms/step - AUPRC: 0.9599 - AUROC: 0.9610 - acc: 0.9016 - loss: 0.2506 - val_AUPRC: 0.9662 - val_AUROC: 0.9661 - val_acc: 0.9056 - val_loss: 0.2348
Epoch 11/100
292/292 - 12s - 40ms/step - AUPRC: 0.9605 - AUROC: 0.9613 - acc: 0.9008 - loss: 0.2493 - val_AUPRC: 0.9644 - val_AUROC: 0.9654 - val_acc: 0.9027 - val_loss: 0.2347
Epoch 12/100
292/292 - 11s - 39ms/step - AUPRC: 0.9624 - AUROC: 0.9627 - acc: 0.9022 - loss: 0.2450 - val_AUPRC: 0.9658 - val_AUROC: 0.9660 - val_acc: 0.9104 - val_loss: 0.2325
Epoch 13/100
292/292 - 12s - 40ms/step - AUPRC: 0.9625 - AUROC: 0.9631 - acc: 0.9048 - loss: 0.2438 - val_AUPRC: 0.9668 - val_AUROC: 0.9670 - val_acc: 0.9094 - val_loss: 0.2281
Epoch 14/100
292/292 - 12s - 40ms/step - AUPRC: 0.9626 - AUROC: 0.9632 - acc: 0.9044 - loss: 0.2431 - val_AUPRC: 0.9652 - val_AUROC: 0.9665 - val_acc: 0.9066 - val_loss: 0.2305
Epoch 15/100
292/292 - 12s - 40ms/step - AUPRC: 0.9634 - AUROC: 0.9642 - acc: 0.9050 - loss: 0.2394 - val_AUPRC: 0.9658 - val_AUROC: 0.9663 - val_acc: 0.9133 - val_loss: 0.2311
Epoch 16/100
292/292 - 12s - 40ms/step - AUPRC: 0.9637 - AUROC: 0.9643 - acc: 0.9061 - loss: 0.2401 - val_AUPRC: 0.9668 - val_AUROC: 0.9669 - val_acc: 0.9094 - val_loss: 0.2297
Epoch 17/100
292/292 - 12s - 40ms/step - AUPRC: 0.9640 - AUROC: 0.9646 - acc: 0.9064 - loss: 0.2381 - val_AUPRC: 0.9667 - val_AUROC: 0.9669 - val_acc: 0.9075 - val_loss: 0.2283
Epoch 18/100
292/292 - 12s - 42ms/step - AUPRC: 0.9644 - AUROC: 0.9650 - acc: 0.9089 - loss: 0.2373 - val_AUPRC: 0.9660 - val_AUROC: 0.9673 - val_acc: 0.9114 - val_loss: 0.2280
Epoch 19/100
292/292 - 12s - 41ms/step - AUPRC: 0.9646 - AUROC: 0.9653 - acc: 0.9085 - loss: 0.2356 - val_AUPRC: 0.9668 - val_AUROC: 0.9671 - val_acc: 0.9104 - val_loss: 0.2288
Epoch 20/100
292/292 - 12s - 41ms/step - AUPRC: 0.9660 - AUROC: 0.9666 - acc: 0.9111 - loss: 0.2315 - val_AUPRC: 0.9661 - val_AUROC: 0.9664 - val_acc: 0.9104 - val_loss: 0.2308
Epoch 21/100
292/292 - 12s - 41ms/step - AUPRC: 0.9656 - AUROC: 0.9662 - acc: 0.9088 - loss: 0.2328 - val_AUPRC: 0.9672 - val_AUROC: 0.9676 - val_acc: 0.9152 - val_loss: 0.2260
Epoch 22/100
292/292 - 12s - 41ms/step - AUPRC: 0.9671 - AUROC: 0.9676 - acc: 0.9123 - loss: 0.2283 - val_AUPRC: 0.9674 - val_AUROC: 0.9678 - val_acc: 0.9191 - val_loss: 0.2248
Epoch 23/100
292/292 - 12s - 42ms/step - AUPRC: 0.9671 - AUROC: 0.9677 - acc: 0.9106 - loss: 0.2280 - val_AUPRC: 0.9663 - val_AUROC: 0.9668 - val_acc: 0.9094 - val_loss: 0.2298
Epoch 24/100
292/292 - 12s - 42ms/step - AUPRC: 0.9679 - AUROC: 0.9685 - acc: 0.9130 - loss: 0.2246 - val_AUPRC: 0.9663 - val_AUROC: 0.9668 - val_acc: 0.9171 - val_loss: 0.2280
Epoch 25/100
292/292 - 12s - 42ms/step - AUPRC: 0.9683 - AUROC: 0.9689 - acc: 0.9128 - loss: 0.2231 - val_AUPRC: 0.9650 - val_AUROC: 0.9673 - val_acc: 0.9191 - val_loss: 0.2252
Epoch 26/100
292/292 - 12s - 42ms/step - AUPRC: 0.9696 - AUROC: 0.9698 - acc: 0.9137 - loss: 0.2204 - val_AUPRC: 0.9639 - val_AUROC: 0.9663 - val_acc: 0.9162 - val_loss: 0.2292
Epoch 27/100
292/292 - 12s - 41ms/step - AUPRC: 0.9696 - AUROC: 0.9701 - acc: 0.9136 - loss: 0.2194 - val_AUPRC: 0.9651 - val_AUROC: 0.9674 - val_acc: 0.9152 - val_loss: 0.2264
Epoch 28/100
292/292 - 12s - 42ms/step - AUPRC: 0.9702 - AUROC: 0.9702 - acc: 0.9141 - loss: 0.2189 - val_AUPRC: 0.9663 - val_AUROC: 0.9682 - val_acc: 0.9143 - val_loss: 0.2268
Epoch 29/100
292/292 - 12s - 42ms/step - AUPRC: 0.9702 - AUROC: 0.9707 - acc: 0.9130 - loss: 0.2172 - val_AUPRC: 0.9655 - val_AUROC: 0.9674 - val_acc: 0.9143 - val_loss: 0.2310
Epoch 30/100
292/292 - 12s - 42ms/step - AUPRC: 0.9709 - AUROC: 0.9711 - acc: 0.9153 - loss: 0.2157 - val_AUPRC: 0.9648 - val_AUROC: 0.9662 - val_acc: 0.9114 - val_loss: 0.2312
Epoch 31/100
292/292 - 12s - 42ms/step - AUPRC: 0.9715 - AUROC: 0.9718 - acc: 0.9138 - loss: 0.2133 - val_AUPRC: 0.9640 - val_AUROC: 0.9660 - val_acc: 0.9104 - val_loss: 0.2361
Epoch 32/100
292/292 - 13s - 43ms/step - AUPRC: 0.9721 - AUROC: 0.9722 - acc: 0.9187 - loss: 0.2115 - val_AUPRC: 0.9650 - val_AUROC: 0.9671 - val_acc: 0.9104 - val_loss: 0.2312
Epoch 33/100
292/292 - 13s - 43ms/step - AUPRC: 0.9728 - AUROC: 0.9729 - acc: 0.9173 - loss: 0.2085 - val_AUPRC: 0.9638 - val_AUROC: 0.9658 - val_acc: 0.9133 - val_loss: 0.2353
Epoch 34/100
292/292 - 12s - 42ms/step - AUPRC: 0.9727 - AUROC: 0.9729 - acc: 0.9174 - loss: 0.2089 - val_AUPRC: 0.9640 - val_AUROC: 0.9656 - val_acc: 0.9104 - val_loss: 0.2383
Epoch 35/100
292/292 - 12s - 43ms/step - AUPRC: 0.9738 - AUROC: 0.9740 - acc: 0.9204 - loss: 0.2043 - val_AUPRC: 0.9650 - val_AUROC: 0.9666 - val_acc: 0.9104 - val_loss: 0.2372
Epoch 36/100
292/292 - 13s - 45ms/step - AUPRC: 0.9748 - AUROC: 0.9748 - acc: 0.9212 - loss: 0.2013 - val_AUPRC: 0.9632 - val_AUROC: 0.9649 - val_acc: 0.9075 - val_loss: 0.2445
Epoch 37/100
292/292 - 15s - 53ms/step - AUPRC: 0.9741 - AUROC: 0.9745 - acc: 0.9206 - loss: 0.2020 - val_AUPRC: 0.9654 - val_AUROC: 0.9671 - val_acc: 0.9162 - val_loss: 0.2361
Epoch 38/100
292/292 - 15s - 51ms/step - AUPRC: 0.9752 - AUROC: 0.9752 - acc: 0.9214 - loss: 0.1992 - val_AUPRC: 0.9624 - val_AUROC: 0.9647 - val_acc: 0.9027 - val_loss: 0.2438
******Evaluating TEST set*********
33/33 - 1s - 23ms/step
              precision    recall  f1-score   support

           0       0.94      0.83      0.88       403
           1       0.90      0.97      0.93       635

    accuracy                           0.91      1038
   macro avg       0.92      0.90      0.91      1038
weighted avg       0.92      0.91      0.91      1038

******Evaluating RANDOM Model*********
              precision    recall  f1-score   support

           0       0.38      0.48      0.42       403
           1       0.60      0.49      0.54       635

    accuracy                           0.49      1038
   macro avg       0.49      0.49      0.48      1038
weighted avg       0.51      0.49      0.49      1038

______________________________________________________
fold 3
Model: "functional_3"
┏━━━━━━━━━━━━━━━━━━━━━━━━━━━━━━━━━┳━━━━━━━━━━━━━━━━━━━━━━━━┳━━━━━━━━━━━━━━━┓
┃ Layer (type)                    ┃ Output Shape           ┃       Param # ┃
┡━━━━━━━━━━━━━━━━━━━━━━━━━━━━━━━━━╇━━━━━━━━━━━━━━━━━━━━━━━━╇━━━━━━━━━━━━━━━┩
│ input_layer_3 (InputLayer)      │ (None, 150, 6, 3)      │             0 │
├─────────────────────────────────┼────────────────────────┼───────────────┤
│ conv2d_3 (Conv2D)               │ (None, 146, 1, 64)     │         5,824 │
├─────────────────────────────────┼────────────────────────┼───────────────┤
│ lambda_3 (Lambda)               │ (None, 146, 64)        │             0 │
├─────────────────────────────────┼────────────────────────┼───────────────┤
│ lstm (LSTM)                     │ [(None, 146, 64),      │        33,024 │
│                                 │ (None, 64), (None,     │               │
│                                 │ 64)]                   │               │
├─────────────────────────────────┼────────────────────────┼───────────────┤
│ self_attention_3                │ [(None, 1024), (None,  │         2,560 │
│ (SelfAttention)                 │ 16, 146)]              │               │
├─────────────────────────────────┼────────────────────────┼───────────────┤
│ dense_3 (Dense)                 │ (None, 2)              │         2,050 │
└─────────────────────────────────┴────────────────────────┴───────────────┘
 Total params: 43,458 (169.76 KB)
 Trainable params: 43,458 (169.76 KB)
 Non-trainable params: 0 (0.00 B)
Epoch 1/100
292/292 - 17s - 58ms/step - AUPRC: 0.9253 - AUROC: 0.9260 - acc: 0.8527 - loss: 0.3464 - val_AUPRC: 0.9482 - val_AUROC: 0.9508 - val_acc: 0.8863 - val_loss: 0.2833
Epoch 2/100
292/292 - 13s - 44ms/step - AUPRC: 0.9435 - AUROC: 0.9447 - acc: 0.8748 - loss: 0.2988 - val_AUPRC: 0.9537 - val_AUROC: 0.9560 - val_acc: 0.8911 - val_loss: 0.2674
Epoch 3/100
292/292 - 12s - 42ms/step - AUPRC: 0.9473 - AUROC: 0.9487 - acc: 0.8822 - loss: 0.2867 - val_AUPRC: 0.9551 - val_AUROC: 0.9573 - val_acc: 0.8950 - val_loss: 0.2618
Epoch 4/100
292/292 - 12s - 42ms/step - AUPRC: 0.9512 - AUROC: 0.9523 - acc: 0.8873 - loss: 0.2768 - val_AUPRC: 0.9570 - val_AUROC: 0.9582 - val_acc: 0.8979 - val_loss: 0.2592
Epoch 5/100
292/292 - 12s - 43ms/step - AUPRC: 0.9536 - AUROC: 0.9545 - acc: 0.8907 - loss: 0.2700 - val_AUPRC: 0.9617 - val_AUROC: 0.9623 - val_acc: 0.9017 - val_loss: 0.2468
Epoch 6/100
292/292 - 12s - 43ms/step - AUPRC: 0.9554 - AUROC: 0.9564 - acc: 0.8942 - loss: 0.2641 - val_AUPRC: 0.9626 - val_AUROC: 0.9637 - val_acc: 0.9046 - val_loss: 0.2427
Epoch 7/100
292/292 - 12s - 42ms/step - AUPRC: 0.9570 - AUROC: 0.9580 - acc: 0.8964 - loss: 0.2599 - val_AUPRC: 0.9646 - val_AUROC: 0.9649 - val_acc: 0.8998 - val_loss: 0.2400
Epoch 8/100
292/292 - 12s - 41ms/step - AUPRC: 0.9576 - AUROC: 0.9588 - acc: 0.9002 - loss: 0.2569 - val_AUPRC: 0.9632 - val_AUROC: 0.9645 - val_acc: 0.8998 - val_loss: 0.2410
Epoch 9/100
292/292 - 12s - 42ms/step - AUPRC: 0.9595 - AUROC: 0.9599 - acc: 0.8991 - loss: 0.2541 - val_AUPRC: 0.9648 - val_AUROC: 0.9661 - val_acc: 0.9037 - val_loss: 0.2358
Epoch 10/100
292/292 - 12s - 41ms/step - AUPRC: 0.9599 - AUROC: 0.9607 - acc: 0.9002 - loss: 0.2513 - val_AUPRC: 0.9646 - val_AUROC: 0.9656 - val_acc: 0.9017 - val_loss: 0.2391
Epoch 11/100
292/292 - 12s - 41ms/step - AUPRC: 0.9599 - AUROC: 0.9608 - acc: 0.9013 - loss: 0.2507 - val_AUPRC: 0.9642 - val_AUROC: 0.9654 - val_acc: 0.8988 - val_loss: 0.2389
Epoch 12/100
292/292 - 12s - 41ms/step - AUPRC: 0.9612 - AUROC: 0.9619 - acc: 0.9038 - loss: 0.2472 - val_AUPRC: 0.9649 - val_AUROC: 0.9662 - val_acc: 0.9027 - val_loss: 0.2350
Epoch 13/100
292/292 - 12s - 42ms/step - AUPRC: 0.9616 - AUROC: 0.9623 - acc: 0.9004 - loss: 0.2459 - val_AUPRC: 0.9657 - val_AUROC: 0.9669 - val_acc: 0.9008 - val_loss: 0.2348
Epoch 14/100
292/292 - 14s - 47ms/step - AUPRC: 0.9626 - AUROC: 0.9631 - acc: 0.9039 - loss: 0.2428 - val_AUPRC: 0.9653 - val_AUROC: 0.9666 - val_acc: 0.9037 - val_loss: 0.2338
Epoch 15/100
292/292 - 14s - 47ms/step - AUPRC: 0.9623 - AUROC: 0.9631 - acc: 0.9058 - loss: 0.2427 - val_AUPRC: 0.9660 - val_AUROC: 0.9672 - val_acc: 0.9046 - val_loss: 0.2335
Epoch 16/100
292/292 - 12s - 42ms/step - AUPRC: 0.9637 - AUROC: 0.9641 - acc: 0.9074 - loss: 0.2392 - val_AUPRC: 0.9659 - val_AUROC: 0.9673 - val_acc: 0.9066 - val_loss: 0.2350
Epoch 17/100
292/292 - 12s - 42ms/step - AUPRC: 0.9643 - AUROC: 0.9647 - acc: 0.9081 - loss: 0.2379 - val_AUPRC: 0.9654 - val_AUROC: 0.9670 - val_acc: 0.9066 - val_loss: 0.2352
Epoch 18/100
292/292 - 13s - 45ms/step - AUPRC: 0.9648 - AUROC: 0.9654 - acc: 0.9071 - loss: 0.2351 - val_AUPRC: 0.9655 - val_AUROC: 0.9670 - val_acc: 0.9056 - val_loss: 0.2359
Epoch 19/100
292/292 - 15s - 50ms/step - AUPRC: 0.9645 - AUROC: 0.9652 - acc: 0.9088 - loss: 0.2357 - val_AUPRC: 0.9667 - val_AUROC: 0.9679 - val_acc: 0.9037 - val_loss: 0.2341
Epoch 20/100
292/292 - 14s - 49ms/step - AUPRC: 0.9656 - AUROC: 0.9659 - acc: 0.9070 - loss: 0.2341 - val_AUPRC: 0.9654 - val_AUROC: 0.9667 - val_acc: 0.9066 - val_loss: 0.2400
Epoch 21/100
292/292 - 15s - 52ms/step - AUPRC: 0.9656 - AUROC: 0.9662 - acc: 0.9098 - loss: 0.2328 - val_AUPRC: 0.9659 - val_AUROC: 0.9670 - val_acc: 0.9037 - val_loss: 0.2378
Epoch 22/100
292/292 - 15s - 53ms/step - AUPRC: 0.9666 - AUROC: 0.9670 - acc: 0.9100 - loss: 0.2294 - val_AUPRC: 0.9663 - val_AUROC: 0.9678 - val_acc: 0.9056 - val_loss: 0.2347
Epoch 23/100
292/292 - 15s - 52ms/step - AUPRC: 0.9672 - AUROC: 0.9675 - acc: 0.9107 - loss: 0.2280 - val_AUPRC: 0.9663 - val_AUROC: 0.9680 - val_acc: 0.9085 - val_loss: 0.2313
Epoch 24/100
292/292 - 14s - 49ms/step - AUPRC: 0.9679 - AUROC: 0.9683 - acc: 0.9138 - loss: 0.2250 - val_AUPRC: 0.9664 - val_AUROC: 0.9678 - val_acc: 0.9114 - val_loss: 0.2339
Epoch 25/100
292/292 - 14s - 48ms/step - AUPRC: 0.9666 - AUROC: 0.9672 - acc: 0.9107 - loss: 0.2286 - val_AUPRC: 0.9650 - val_AUROC: 0.9674 - val_acc: 0.9066 - val_loss: 0.2321
Epoch 26/100
292/292 - 14s - 48ms/step - AUPRC: 0.9690 - AUROC: 0.9695 - acc: 0.9140 - loss: 0.2206 - val_AUPRC: 0.9646 - val_AUROC: 0.9666 - val_acc: 0.9133 - val_loss: 0.2384
Epoch 27/100
292/292 - 14s - 49ms/step - AUPRC: 0.9682 - AUROC: 0.9690 - acc: 0.9154 - loss: 0.2223 - val_AUPRC: 0.9638 - val_AUROC: 0.9662 - val_acc: 0.9123 - val_loss: 0.2387
Epoch 28/100
292/292 - 14s - 48ms/step - AUPRC: 0.9697 - AUROC: 0.9704 - acc: 0.9153 - loss: 0.2173 - val_AUPRC: 0.9660 - val_AUROC: 0.9674 - val_acc: 0.9104 - val_loss: 0.2352
Epoch 29/100
292/292 - 14s - 49ms/step - AUPRC: 0.9707 - AUROC: 0.9708 - acc: 0.9164 - loss: 0.2159 - val_AUPRC: 0.9647 - val_AUROC: 0.9669 - val_acc: 0.9075 - val_loss: 0.2344
Epoch 30/100
292/292 - 14s - 48ms/step - AUPRC: 0.9702 - AUROC: 0.9708 - acc: 0.9187 - loss: 0.2148 - val_AUPRC: 0.9646 - val_AUROC: 0.9668 - val_acc: 0.9104 - val_loss: 0.2367
Epoch 31/100
292/292 - 14s - 49ms/step - AUPRC: 0.9718 - AUROC: 0.9722 - acc: 0.9185 - loss: 0.2106 - val_AUPRC: 0.9648 - val_AUROC: 0.9671 - val_acc: 0.9085 - val_loss: 0.2362
Epoch 32/100
292/292 - 14s - 50ms/step - AUPRC: 0.9716 - AUROC: 0.9721 - acc: 0.9191 - loss: 0.2102 - val_AUPRC: 0.9630 - val_AUROC: 0.9652 - val_acc: 0.9094 - val_loss: 0.2436
Epoch 33/100
292/292 - 14s - 49ms/step - AUPRC: 0.9729 - AUROC: 0.9729 - acc: 0.9215 - loss: 0.2072 - val_AUPRC: 0.9612 - val_AUROC: 0.9639 - val_acc: 0.9037 - val_loss: 0.2524
******Evaluating TEST set*********
33/33 - 1s - 22ms/step
              precision    recall  f1-score   support

           0       0.93      0.83      0.88       403
           1       0.90      0.96      0.93       635

    accuracy                           0.91      1038
   macro avg       0.91      0.89      0.90      1038
weighted avg       0.91      0.91      0.91      1038

******Evaluating RANDOM Model*********
              precision    recall  f1-score   support

           0       0.38      0.46      0.42       403
           1       0.60      0.52      0.56       635

    accuracy                           0.50      1038
   macro avg       0.49      0.49      0.49      1038
weighted avg       0.52      0.50      0.50      1038

______________________________________________________
fold 4
Model: "functional_4"
┏━━━━━━━━━━━━━━━━━━━━━━━━━━━━━━━━━┳━━━━━━━━━━━━━━━━━━━━━━━━┳━━━━━━━━━━━━━━━┓
┃ Layer (type)                    ┃ Output Shape           ┃       Param # ┃
┡━━━━━━━━━━━━━━━━━━━━━━━━━━━━━━━━━╇━━━━━━━━━━━━━━━━━━━━━━━━╇━━━━━━━━━━━━━━━┩
│ input_layer_4 (InputLayer)      │ (None, 150, 6, 3)      │             0 │
├─────────────────────────────────┼────────────────────────┼───────────────┤
│ conv2d_4 (Conv2D)               │ (None, 146, 1, 64)     │         5,824 │
├─────────────────────────────────┼────────────────────────┼───────────────┤
│ lambda_4 (Lambda)               │ (None, 146, 64)        │             0 │
├─────────────────────────────────┼────────────────────────┼───────────────┤
│ lstm (LSTM)                     │ [(None, 146, 64),      │        33,024 │
│                                 │ (None, 64), (None,     │               │
│                                 │ 64)]                   │               │
├─────────────────────────────────┼────────────────────────┼───────────────┤
│ self_attention_4                │ [(None, 1024), (None,  │         2,560 │
│ (SelfAttention)                 │ 16, 146)]              │               │
├─────────────────────────────────┼────────────────────────┼───────────────┤
│ dense_4 (Dense)                 │ (None, 2)              │         2,050 │
└─────────────────────────────────┴────────────────────────┴───────────────┘
 Total params: 43,458 (169.76 KB)
 Trainable params: 43,458 (169.76 KB)
 Non-trainable params: 0 (0.00 B)
Epoch 1/100
292/292 - 16s - 55ms/step - AUPRC: 0.9275 - AUROC: 0.9279 - acc: 0.8512 - loss: 0.3420 - val_AUPRC: 0.9528 - val_AUROC: 0.9533 - val_acc: 0.8873 - val_loss: 0.2759
Epoch 2/100
292/292 - 16s - 53ms/step - AUPRC: 0.9448 - AUROC: 0.9460 - acc: 0.8761 - loss: 0.2960 - val_AUPRC: 0.9604 - val_AUROC: 0.9606 - val_acc: 0.8960 - val_loss: 0.2565
Epoch 3/100
292/292 - 16s - 53ms/step - AUPRC: 0.9489 - AUROC: 0.9503 - acc: 0.8871 - loss: 0.2827 - val_AUPRC: 0.9647 - val_AUROC: 0.9651 - val_acc: 0.9056 - val_loss: 0.2415
Epoch 4/100
292/292 - 16s - 53ms/step - AUPRC: 0.9518 - AUROC: 0.9533 - acc: 0.8920 - loss: 0.2735 - val_AUPRC: 0.9650 - val_AUROC: 0.9656 - val_acc: 0.9094 - val_loss: 0.2382
Epoch 5/100
292/292 - 15s - 52ms/step - AUPRC: 0.9539 - AUROC: 0.9550 - acc: 0.8949 - loss: 0.2679 - val_AUPRC: 0.9672 - val_AUROC: 0.9678 - val_acc: 0.9152 - val_loss: 0.2291
Epoch 6/100
292/292 - 14s - 49ms/step - AUPRC: 0.9555 - AUROC: 0.9567 - acc: 0.8959 - loss: 0.2635 - val_AUPRC: 0.9681 - val_AUROC: 0.9685 - val_acc: 0.9171 - val_loss: 0.2290
Epoch 7/100
292/292 - 13s - 44ms/step - AUPRC: 0.9568 - AUROC: 0.9579 - acc: 0.8965 - loss: 0.2598 - val_AUPRC: 0.9676 - val_AUROC: 0.9679 - val_acc: 0.9162 - val_loss: 0.2314
Epoch 8/100
292/292 - 14s - 48ms/step - AUPRC: 0.9582 - AUROC: 0.9593 - acc: 0.8979 - loss: 0.2552 - val_AUPRC: 0.9665 - val_AUROC: 0.9671 - val_acc: 0.9094 - val_loss: 0.2334
Epoch 9/100
292/292 - 15s - 50ms/step - AUPRC: 0.9585 - AUROC: 0.9595 - acc: 0.8983 - loss: 0.2554 - val_AUPRC: 0.9682 - val_AUROC: 0.9689 - val_acc: 0.9104 - val_loss: 0.2272
Epoch 10/100
292/292 - 13s - 44ms/step - AUPRC: 0.9591 - AUROC: 0.9600 - acc: 0.8987 - loss: 0.2532 - val_AUPRC: 0.9679 - val_AUROC: 0.9685 - val_acc: 0.9171 - val_loss: 0.2301
Epoch 11/100
292/292 - 14s - 47ms/step - AUPRC: 0.9606 - AUROC: 0.9612 - acc: 0.9018 - loss: 0.2490 - val_AUPRC: 0.9668 - val_AUROC: 0.9678 - val_acc: 0.9133 - val_loss: 0.2286
Epoch 12/100
292/292 - 11s - 39ms/step - AUPRC: 0.9615 - AUROC: 0.9621 - acc: 0.9013 - loss: 0.2472 - val_AUPRC: 0.9679 - val_AUROC: 0.9682 - val_acc: 0.9143 - val_loss: 0.2285
Epoch 13/100
292/292 - 11s - 39ms/step - AUPRC: 0.9618 - AUROC: 0.9625 - acc: 0.9020 - loss: 0.2459 - val_AUPRC: 0.9666 - val_AUROC: 0.9678 - val_acc: 0.9085 - val_loss: 0.2315
Epoch 14/100
292/292 - 12s - 40ms/step - AUPRC: 0.9615 - AUROC: 0.9621 - acc: 0.9015 - loss: 0.2466 - val_AUPRC: 0.9675 - val_AUROC: 0.9684 - val_acc: 0.9143 - val_loss: 0.2273
Epoch 15/100
292/292 - 14s - 48ms/step - AUPRC: 0.9622 - AUROC: 0.9631 - acc: 0.9056 - loss: 0.2435 - val_AUPRC: 0.9672 - val_AUROC: 0.9679 - val_acc: 0.9152 - val_loss: 0.2294
Epoch 16/100
292/292 - 15s - 50ms/step - AUPRC: 0.9628 - AUROC: 0.9634 - acc: 0.9031 - loss: 0.2427 - val_AUPRC: 0.9656 - val_AUROC: 0.9674 - val_acc: 0.9123 - val_loss: 0.2286
Epoch 17/100
292/292 - 12s - 41ms/step - AUPRC: 0.9643 - AUROC: 0.9648 - acc: 0.9061 - loss: 0.2380 - val_AUPRC: 0.9649 - val_AUROC: 0.9668 - val_acc: 0.9191 - val_loss: 0.2313
Epoch 18/100
292/292 - 12s - 42ms/step - AUPRC: 0.9640 - AUROC: 0.9647 - acc: 0.9073 - loss: 0.2388 - val_AUPRC: 0.9635 - val_AUROC: 0.9658 - val_acc: 0.9143 - val_loss: 0.2337
Epoch 19/100
292/292 - 12s - 42ms/step - AUPRC: 0.9646 - AUROC: 0.9654 - acc: 0.9071 - loss: 0.2358 - val_AUPRC: 0.9654 - val_AUROC: 0.9670 - val_acc: 0.9143 - val_loss: 0.2298
******Evaluating TEST set*********
33/33 - 1s - 22ms/step
              precision    recall  f1-score   support

           0       0.91      0.86      0.88       403
           1       0.91      0.94      0.93       635

    accuracy                           0.91      1038
   macro avg       0.91      0.90      0.90      1038
weighted avg       0.91      0.91      0.91      1038

******Evaluating RANDOM Model*********
              precision    recall  f1-score   support

           0       0.39      0.52      0.44       403
           1       0.61      0.48      0.54       635

    accuracy                           0.50      1038
   macro avg       0.50      0.50      0.49      1038
weighted avg       0.53      0.50      0.50      1038

______________________________________________________
fold 5
Model: "functional_5"
┏━━━━━━━━━━━━━━━━━━━━━━━━━━━━━━━━━┳━━━━━━━━━━━━━━━━━━━━━━━━┳━━━━━━━━━━━━━━━┓
┃ Layer (type)                    ┃ Output Shape           ┃       Param # ┃
┡━━━━━━━━━━━━━━━━━━━━━━━━━━━━━━━━━╇━━━━━━━━━━━━━━━━━━━━━━━━╇━━━━━━━━━━━━━━━┩
│ input_layer_5 (InputLayer)      │ (None, 150, 6, 3)      │             0 │
├─────────────────────────────────┼────────────────────────┼───────────────┤
│ conv2d_5 (Conv2D)               │ (None, 146, 1, 64)     │         5,824 │
├─────────────────────────────────┼────────────────────────┼───────────────┤
│ lambda_5 (Lambda)               │ (None, 146, 64)        │             0 │
├─────────────────────────────────┼────────────────────────┼───────────────┤
│ lstm (LSTM)                     │ [(None, 146, 64),      │        33,024 │
│                                 │ (None, 64), (None,     │               │
│                                 │ 64)]                   │               │
├─────────────────────────────────┼────────────────────────┼───────────────┤
│ self_attention_5                │ [(None, 1024), (None,  │         2,560 │
│ (SelfAttention)                 │ 16, 146)]              │               │
├─────────────────────────────────┼────────────────────────┼───────────────┤
│ dense_5 (Dense)                 │ (None, 2)              │         2,050 │
└─────────────────────────────────┴────────────────────────┴───────────────┘
 Total params: 43,458 (169.76 KB)
 Trainable params: 43,458 (169.76 KB)
 Non-trainable params: 0 (0.00 B)
Epoch 1/100
292/292 - 17s - 59ms/step - AUPRC: 0.9219 - AUROC: 0.9231 - acc: 0.8451 - loss: 0.3534 - val_AUPRC: 0.9515 - val_AUROC: 0.9497 - val_acc: 0.8650 - val_loss: 0.2994
Epoch 2/100
292/292 - 14s - 50ms/step - AUPRC: 0.9418 - AUROC: 0.9442 - acc: 0.8781 - loss: 0.2997 - val_AUPRC: 0.9583 - val_AUROC: 0.9568 - val_acc: 0.8795 - val_loss: 0.2782
Epoch 3/100
292/292 - 21s - 73ms/step - AUPRC: 0.9470 - AUROC: 0.9487 - acc: 0.8831 - loss: 0.2867 - val_AUPRC: 0.9577 - val_AUROC: 0.9569 - val_acc: 0.8785 - val_loss: 0.2748
Epoch 4/100
292/292 - 12s - 42ms/step - AUPRC: 0.9496 - AUROC: 0.9518 - acc: 0.8929 - loss: 0.2764 - val_AUPRC: 0.9621 - val_AUROC: 0.9617 - val_acc: 0.8804 - val_loss: 0.2583
Epoch 5/100
292/292 - 15s - 52ms/step - AUPRC: 0.9529 - AUROC: 0.9545 - acc: 0.8946 - loss: 0.2684 - val_AUPRC: 0.9634 - val_AUROC: 0.9632 - val_acc: 0.8910 - val_loss: 0.2503
Epoch 6/100
292/292 - 14s - 47ms/step - AUPRC: 0.9549 - AUROC: 0.9562 - acc: 0.8996 - loss: 0.2628 - val_AUPRC: 0.9640 - val_AUROC: 0.9640 - val_acc: 0.8959 - val_loss: 0.2477
Epoch 7/100
292/292 - 15s - 50ms/step - AUPRC: 0.9559 - AUROC: 0.9574 - acc: 0.8983 - loss: 0.2604 - val_AUPRC: 0.9656 - val_AUROC: 0.9654 - val_acc: 0.8949 - val_loss: 0.2416
Epoch 8/100
292/292 - 14s - 47ms/step - AUPRC: 0.9572 - AUROC: 0.9587 - acc: 0.9000 - loss: 0.2564 - val_AUPRC: 0.9660 - val_AUROC: 0.9657 - val_acc: 0.8978 - val_loss: 0.2395
Epoch 9/100
292/292 - 13s - 45ms/step - AUPRC: 0.9583 - AUROC: 0.9594 - acc: 0.9009 - loss: 0.2540 - val_AUPRC: 0.9654 - val_AUROC: 0.9651 - val_acc: 0.8987 - val_loss: 0.2421
Epoch 10/100
292/292 - 14s - 46ms/step - AUPRC: 0.9597 - AUROC: 0.9607 - acc: 0.9038 - loss: 0.2500 - val_AUPRC: 0.9681 - val_AUROC: 0.9671 - val_acc: 0.8968 - val_loss: 0.2354
Epoch 11/100
292/292 - 14s - 48ms/step - AUPRC: 0.9603 - AUROC: 0.9613 - acc: 0.9039 - loss: 0.2473 - val_AUPRC: 0.9688 - val_AUROC: 0.9680 - val_acc: 0.8997 - val_loss: 0.2318
Epoch 12/100
292/292 - 15s - 53ms/step - AUPRC: 0.9607 - AUROC: 0.9617 - acc: 0.9061 - loss: 0.2469 - val_AUPRC: 0.9680 - val_AUROC: 0.9677 - val_acc: 0.9045 - val_loss: 0.2320
Epoch 13/100
292/292 - 15s - 52ms/step - AUPRC: 0.9626 - AUROC: 0.9632 - acc: 0.9044 - loss: 0.2429 - val_AUPRC: 0.9685 - val_AUROC: 0.9678 - val_acc: 0.9036 - val_loss: 0.2318
Epoch 14/100
292/292 - 15s - 50ms/step - AUPRC: 0.9624 - AUROC: 0.9629 - acc: 0.9045 - loss: 0.2442 - val_AUPRC: 0.9700 - val_AUROC: 0.9691 - val_acc: 0.9026 - val_loss: 0.2273
Epoch 15/100
292/292 - 13s - 44ms/step - AUPRC: 0.9628 - AUROC: 0.9634 - acc: 0.9078 - loss: 0.2417 - val_AUPRC: 0.9691 - val_AUROC: 0.9687 - val_acc: 0.9036 - val_loss: 0.2285
Epoch 16/100
292/292 - 14s - 47ms/step - AUPRC: 0.9630 - AUROC: 0.9636 - acc: 0.9082 - loss: 0.2408 - val_AUPRC: 0.9685 - val_AUROC: 0.9680 - val_acc: 0.9026 - val_loss: 0.2309
Epoch 17/100
292/292 - 12s - 41ms/step - AUPRC: 0.9633 - AUROC: 0.9641 - acc: 0.9080 - loss: 0.2387 - val_AUPRC: 0.9690 - val_AUROC: 0.9686 - val_acc: 0.8997 - val_loss: 0.2287
Epoch 18/100
292/292 - 12s - 42ms/step - AUPRC: 0.9646 - AUROC: 0.9651 - acc: 0.9088 - loss: 0.2359 - val_AUPRC: 0.9691 - val_AUROC: 0.9688 - val_acc: 0.9007 - val_loss: 0.2285
Epoch 19/100
292/292 - 12s - 42ms/step - AUPRC: 0.9650 - AUROC: 0.9659 - acc: 0.9112 - loss: 0.2330 - val_AUPRC: 0.9711 - val_AUROC: 0.9704 - val_acc: 0.9045 - val_loss: 0.2237
Epoch 20/100
292/292 - 13s - 45ms/step - AUPRC: 0.9647 - AUROC: 0.9656 - acc: 0.9083 - loss: 0.2338 - val_AUPRC: 0.9703 - val_AUROC: 0.9693 - val_acc: 0.9026 - val_loss: 0.2267
Epoch 21/100
292/292 - 14s - 48ms/step - AUPRC: 0.9658 - AUROC: 0.9662 - acc: 0.9097 - loss: 0.2323 - val_AUPRC: 0.9712 - val_AUROC: 0.9701 - val_acc: 0.9084 - val_loss: 0.2251
Epoch 22/100
292/292 - 12s - 41ms/step - AUPRC: 0.9669 - AUROC: 0.9675 - acc: 0.9120 - loss: 0.2281 - val_AUPRC: 0.9710 - val_AUROC: 0.9700 - val_acc: 0.9045 - val_loss: 0.2248
Epoch 23/100
292/292 - 12s - 41ms/step - AUPRC: 0.9666 - AUROC: 0.9672 - acc: 0.9121 - loss: 0.2291 - val_AUPRC: 0.9711 - val_AUROC: 0.9699 - val_acc: 0.9045 - val_loss: 0.2268
Epoch 24/100
292/292 - 12s - 43ms/step - AUPRC: 0.9675 - AUROC: 0.9681 - acc: 0.9129 - loss: 0.2257 - val_AUPRC: 0.9702 - val_AUROC: 0.9692 - val_acc: 0.9055 - val_loss: 0.2282
Epoch 25/100
292/292 - 13s - 44ms/step - AUPRC: 0.9678 - AUROC: 0.9683 - acc: 0.9129 - loss: 0.2248 - val_AUPRC: 0.9704 - val_AUROC: 0.9693 - val_acc: 0.9036 - val_loss: 0.2276
Epoch 26/100
292/292 - 15s - 50ms/step - AUPRC: 0.9680 - AUROC: 0.9686 - acc: 0.9132 - loss: 0.2235 - val_AUPRC: 0.9714 - val_AUROC: 0.9703 - val_acc: 0.9142 - val_loss: 0.2254
Epoch 27/100
292/292 - 15s - 53ms/step - AUPRC: 0.9694 - AUROC: 0.9699 - acc: 0.9144 - loss: 0.2190 - val_AUPRC: 0.9708 - val_AUROC: 0.9697 - val_acc: 0.9055 - val_loss: 0.2266
Epoch 28/100
292/292 - 13s - 43ms/step - AUPRC: 0.9697 - AUROC: 0.9699 - acc: 0.9157 - loss: 0.2194 - val_AUPRC: 0.9704 - val_AUROC: 0.9693 - val_acc: 0.9113 - val_loss: 0.2289
Epoch 29/100
292/292 - 12s - 41ms/step - AUPRC: 0.9712 - AUROC: 0.9715 - acc: 0.9173 - loss: 0.2137 - val_AUPRC: 0.9693 - val_AUROC: 0.9680 - val_acc: 0.9065 - val_loss: 0.2332
******Evaluating TEST set*********
33/33 - 1s - 21ms/step
              precision    recall  f1-score   support

           0       0.91      0.84      0.87       403
           1       0.90      0.95      0.92       634

    accuracy                           0.90      1037
   macro avg       0.91      0.89      0.90      1037
weighted avg       0.90      0.90      0.90      1037

******Evaluating RANDOM Model*********
              precision    recall  f1-score   support

           0       0.39      0.51      0.44       403
           1       0.61      0.48      0.54       634

    accuracy                           0.49      1037
   macro avg       0.50      0.50      0.49      1037
weighted avg       0.52      0.49      0.50      1037

______________________________________________________
fold 6
Model: "functional_6"
┏━━━━━━━━━━━━━━━━━━━━━━━━━━━━━━━━━┳━━━━━━━━━━━━━━━━━━━━━━━━┳━━━━━━━━━━━━━━━┓
┃ Layer (type)                    ┃ Output Shape           ┃       Param # ┃
┡━━━━━━━━━━━━━━━━━━━━━━━━━━━━━━━━━╇━━━━━━━━━━━━━━━━━━━━━━━━╇━━━━━━━━━━━━━━━┩
│ input_layer_6 (InputLayer)      │ (None, 150, 6, 3)      │             0 │
├─────────────────────────────────┼────────────────────────┼───────────────┤
│ conv2d_6 (Conv2D)               │ (None, 146, 1, 64)     │         5,824 │
├─────────────────────────────────┼────────────────────────┼───────────────┤
│ lambda_6 (Lambda)               │ (None, 146, 64)        │             0 │
├─────────────────────────────────┼────────────────────────┼───────────────┤
│ lstm (LSTM)                     │ [(None, 146, 64),      │        33,024 │
│                                 │ (None, 64), (None,     │               │
│                                 │ 64)]                   │               │
├─────────────────────────────────┼────────────────────────┼───────────────┤
│ self_attention_6                │ [(None, 1024), (None,  │         2,560 │
│ (SelfAttention)                 │ 16, 146)]              │               │
├─────────────────────────────────┼────────────────────────┼───────────────┤
│ dense_6 (Dense)                 │ (None, 2)              │         2,050 │
└─────────────────────────────────┴────────────────────────┴───────────────┘
 Total params: 43,458 (169.76 KB)
 Trainable params: 43,458 (169.76 KB)
 Non-trainable params: 0 (0.00 B)
Epoch 1/100
292/292 - 15s - 51ms/step - AUPRC: 0.9262 - AUROC: 0.9274 - acc: 0.8520 - loss: 0.3433 - val_AUPRC: 0.9412 - val_AUROC: 0.9416 - val_acc: 0.8727 - val_loss: 0.3092
Epoch 2/100
292/292 - 13s - 45ms/step - AUPRC: 0.9463 - AUROC: 0.9476 - acc: 0.8782 - loss: 0.2910 - val_AUPRC: 0.9464 - val_AUROC: 0.9470 - val_acc: 0.8804 - val_loss: 0.2913
Epoch 3/100
292/292 - 12s - 41ms/step - AUPRC: 0.9508 - AUROC: 0.9519 - acc: 0.8866 - loss: 0.2780 - val_AUPRC: 0.9487 - val_AUROC: 0.9499 - val_acc: 0.8862 - val_loss: 0.2809
Epoch 4/100
292/292 - 12s - 41ms/step - AUPRC: 0.9544 - AUROC: 0.9557 - acc: 0.8927 - loss: 0.2668 - val_AUPRC: 0.9497 - val_AUROC: 0.9519 - val_acc: 0.8901 - val_loss: 0.2740
Epoch 5/100
292/292 - 16s - 54ms/step - AUPRC: 0.9560 - AUROC: 0.9575 - acc: 0.8973 - loss: 0.2605 - val_AUPRC: 0.9501 - val_AUROC: 0.9524 - val_acc: 0.8891 - val_loss: 0.2728
Epoch 6/100
292/292 - 14s - 49ms/step - AUPRC: 0.9579 - AUROC: 0.9591 - acc: 0.8975 - loss: 0.2555 - val_AUPRC: 0.9505 - val_AUROC: 0.9529 - val_acc: 0.8891 - val_loss: 0.2725
Epoch 7/100
292/292 - 13s - 46ms/step - AUPRC: 0.9596 - AUROC: 0.9609 - acc: 0.9014 - loss: 0.2497 - val_AUPRC: 0.9500 - val_AUROC: 0.9524 - val_acc: 0.8949 - val_loss: 0.2742
Epoch 8/100
292/292 - 14s - 49ms/step - AUPRC: 0.9603 - AUROC: 0.9614 - acc: 0.9020 - loss: 0.2489 - val_AUPRC: 0.9514 - val_AUROC: 0.9539 - val_acc: 0.9007 - val_loss: 0.2690
Epoch 9/100
292/292 - 15s - 53ms/step - AUPRC: 0.9606 - AUROC: 0.9617 - acc: 0.9025 - loss: 0.2470 - val_AUPRC: 0.9511 - val_AUROC: 0.9533 - val_acc: 0.8987 - val_loss: 0.2723
Epoch 10/100
292/292 - 16s - 53ms/step - AUPRC: 0.9624 - AUROC: 0.9631 - acc: 0.9034 - loss: 0.2432 - val_AUPRC: 0.9512 - val_AUROC: 0.9542 - val_acc: 0.8968 - val_loss: 0.2705
Epoch 11/100
292/292 - 15s - 52ms/step - AUPRC: 0.9625 - AUROC: 0.9633 - acc: 0.9046 - loss: 0.2423 - val_AUPRC: 0.9478 - val_AUROC: 0.9524 - val_acc: 0.8949 - val_loss: 0.2744
Epoch 12/100
292/292 - 15s - 51ms/step - AUPRC: 0.9632 - AUROC: 0.9639 - acc: 0.9081 - loss: 0.2406 - val_AUPRC: 0.9518 - val_AUROC: 0.9541 - val_acc: 0.9036 - val_loss: 0.2696
Epoch 13/100
292/292 - 14s - 49ms/step - AUPRC: 0.9638 - AUROC: 0.9645 - acc: 0.9082 - loss: 0.2384 - val_AUPRC: 0.9500 - val_AUROC: 0.9530 - val_acc: 0.8939 - val_loss: 0.2746
Epoch 14/100
292/292 - 15s - 52ms/step - AUPRC: 0.9641 - AUROC: 0.9649 - acc: 0.9080 - loss: 0.2373 - val_AUPRC: 0.9511 - val_AUROC: 0.9540 - val_acc: 0.8968 - val_loss: 0.2716
Epoch 15/100
292/292 - 15s - 51ms/step - AUPRC: 0.9646 - AUROC: 0.9656 - acc: 0.9074 - loss: 0.2351 - val_AUPRC: 0.9499 - val_AUROC: 0.9534 - val_acc: 0.8997 - val_loss: 0.2732
Epoch 16/100
292/292 - 15s - 50ms/step - AUPRC: 0.9657 - AUROC: 0.9660 - acc: 0.9094 - loss: 0.2335 - val_AUPRC: 0.9502 - val_AUROC: 0.9543 - val_acc: 0.8997 - val_loss: 0.2696
Epoch 17/100
292/292 - 15s - 50ms/step - AUPRC: 0.9659 - AUROC: 0.9666 - acc: 0.9089 - loss: 0.2316 - val_AUPRC: 0.9502 - val_AUROC: 0.9537 - val_acc: 0.8978 - val_loss: 0.2733
Epoch 18/100
292/292 - 15s - 50ms/step - AUPRC: 0.9658 - AUROC: 0.9665 - acc: 0.9080 - loss: 0.2321 - val_AUPRC: 0.9489 - val_AUROC: 0.9526 - val_acc: 0.8968 - val_loss: 0.2755
Epoch 19/100
292/292 - 15s - 50ms/step - AUPRC: 0.9666 - AUROC: 0.9671 - acc: 0.9129 - loss: 0.2294 - val_AUPRC: 0.9506 - val_AUROC: 0.9534 - val_acc: 0.8997 - val_loss: 0.2724
Epoch 20/100
292/292 - 15s - 50ms/step - AUPRC: 0.9664 - AUROC: 0.9670 - acc: 0.9117 - loss: 0.2299 - val_AUPRC: 0.9496 - val_AUROC: 0.9528 - val_acc: 0.9045 - val_loss: 0.2745
Epoch 21/100
292/292 - 15s - 50ms/step - AUPRC: 0.9668 - AUROC: 0.9675 - acc: 0.9134 - loss: 0.2274 - val_AUPRC: 0.9501 - val_AUROC: 0.9545 - val_acc: 0.8978 - val_loss: 0.2697
Epoch 22/100
292/292 - 14s - 48ms/step - AUPRC: 0.9683 - AUROC: 0.9687 - acc: 0.9117 - loss: 0.2240 - val_AUPRC: 0.9480 - val_AUROC: 0.9517 - val_acc: 0.8959 - val_loss: 0.2787
Epoch 23/100
292/292 - 15s - 50ms/step - AUPRC: 0.9680 - AUROC: 0.9687 - acc: 0.9145 - loss: 0.2233 - val_AUPRC: 0.9518 - val_AUROC: 0.9544 - val_acc: 0.9016 - val_loss: 0.2717
Epoch 24/100
292/292 - 14s - 47ms/step - AUPRC: 0.9677 - AUROC: 0.9683 - acc: 0.9106 - loss: 0.2259 - val_AUPRC: 0.9502 - val_AUROC: 0.9537 - val_acc: 0.8997 - val_loss: 0.2730
Epoch 25/100
292/292 - 15s - 50ms/step - AUPRC: 0.9694 - AUROC: 0.9697 - acc: 0.9136 - loss: 0.2207 - val_AUPRC: 0.9490 - val_AUROC: 0.9535 - val_acc: 0.8978 - val_loss: 0.2731
Epoch 26/100
292/292 - 15s - 50ms/step - AUPRC: 0.9703 - AUROC: 0.9709 - acc: 0.9176 - loss: 0.2163 - val_AUPRC: 0.9496 - val_AUROC: 0.9540 - val_acc: 0.9045 - val_loss: 0.2754
Epoch 27/100
292/292 - 14s - 48ms/step - AUPRC: 0.9697 - AUROC: 0.9702 - acc: 0.9150 - loss: 0.2185 - val_AUPRC: 0.9504 - val_AUROC: 0.9540 - val_acc: 0.9016 - val_loss: 0.2740
Epoch 28/100
292/292 - 13s - 46ms/step - AUPRC: 0.9702 - AUROC: 0.9709 - acc: 0.9166 - loss: 0.2159 - val_AUPRC: 0.9493 - val_AUROC: 0.9535 - val_acc: 0.8959 - val_loss: 0.2752
Epoch 29/100
292/292 - 15s - 50ms/step - AUPRC: 0.9711 - AUROC: 0.9714 - acc: 0.9191 - loss: 0.2143 - val_AUPRC: 0.9509 - val_AUROC: 0.9539 - val_acc: 0.9016 - val_loss: 0.2751
Epoch 30/100
292/292 - 13s - 45ms/step - AUPRC: 0.9719 - AUROC: 0.9722 - acc: 0.9170 - loss: 0.2113 - val_AUPRC: 0.9480 - val_AUROC: 0.9518 - val_acc: 0.8920 - val_loss: 0.2841
Epoch 31/100
292/292 - 17s - 57ms/step - AUPRC: 0.9715 - AUROC: 0.9723 - acc: 0.9183 - loss: 0.2104 - val_AUPRC: 0.9479 - val_AUROC: 0.9513 - val_acc: 0.8978 - val_loss: 0.2821
******Evaluating TEST set*********
33/33 - 1s - 24ms/step
              precision    recall  f1-score   support

           0       0.90      0.83      0.86       403
           1       0.90      0.94      0.92       634

    accuracy                           0.90      1037
   macro avg       0.90      0.89      0.89      1037
weighted avg       0.90      0.90      0.90      1037

******Evaluating RANDOM Model*********
              precision    recall  f1-score   support

           0       0.39      0.51      0.44       403
           1       0.62      0.50      0.56       634

    accuracy                           0.51      1037
   macro avg       0.51      0.51      0.50      1037
weighted avg       0.53      0.51      0.51      1037

______________________________________________________
fold 7
Model: "functional_7"
┏━━━━━━━━━━━━━━━━━━━━━━━━━━━━━━━━━┳━━━━━━━━━━━━━━━━━━━━━━━━┳━━━━━━━━━━━━━━━┓
┃ Layer (type)                    ┃ Output Shape           ┃       Param # ┃
┡━━━━━━━━━━━━━━━━━━━━━━━━━━━━━━━━━╇━━━━━━━━━━━━━━━━━━━━━━━━╇━━━━━━━━━━━━━━━┩
│ input_layer_7 (InputLayer)      │ (None, 150, 6, 3)      │             0 │
├─────────────────────────────────┼────────────────────────┼───────────────┤
│ conv2d_7 (Conv2D)               │ (None, 146, 1, 64)     │         5,824 │
├─────────────────────────────────┼────────────────────────┼───────────────┤
│ lambda_7 (Lambda)               │ (None, 146, 64)        │             0 │
├─────────────────────────────────┼────────────────────────┼───────────────┤
│ lstm (LSTM)                     │ [(None, 146, 64),      │        33,024 │
│                                 │ (None, 64), (None,     │               │
│                                 │ 64)]                   │               │
├─────────────────────────────────┼────────────────────────┼───────────────┤
│ self_attention_7                │ [(None, 1024), (None,  │         2,560 │
│ (SelfAttention)                 │ 16, 146)]              │               │
├─────────────────────────────────┼────────────────────────┼───────────────┤
│ dense_7 (Dense)                 │ (None, 2)              │         2,050 │
└─────────────────────────────────┴────────────────────────┴───────────────┘
 Total params: 43,458 (169.76 KB)
 Trainable params: 43,458 (169.76 KB)
 Non-trainable params: 0 (0.00 B)
Epoch 1/100
292/292 - 18s - 63ms/step - AUPRC: 0.9247 - AUROC: 0.9259 - acc: 0.8488 - loss: 0.3472 - val_AUPRC: 0.9518 - val_AUROC: 0.9526 - val_acc: 0.8891 - val_loss: 0.2809
Epoch 2/100
292/292 - 16s - 54ms/step - AUPRC: 0.9436 - AUROC: 0.9451 - acc: 0.8732 - loss: 0.2978 - val_AUPRC: 0.9533 - val_AUROC: 0.9547 - val_acc: 0.8910 - val_loss: 0.2703
Epoch 3/100
292/292 - 14s - 48ms/step - AUPRC: 0.9488 - AUROC: 0.9506 - acc: 0.8847 - loss: 0.2827 - val_AUPRC: 0.9555 - val_AUROC: 0.9565 - val_acc: 0.8997 - val_loss: 0.2619
Epoch 4/100
292/292 - 15s - 52ms/step - AUPRC: 0.9521 - AUROC: 0.9537 - acc: 0.8922 - loss: 0.2726 - val_AUPRC: 0.9584 - val_AUROC: 0.9584 - val_acc: 0.8968 - val_loss: 0.2581
Epoch 5/100
292/292 - 15s - 52ms/step - AUPRC: 0.9553 - AUROC: 0.9566 - acc: 0.8967 - loss: 0.2633 - val_AUPRC: 0.9596 - val_AUROC: 0.9592 - val_acc: 0.8939 - val_loss: 0.2565
Epoch 6/100
292/292 - 13s - 43ms/step - AUPRC: 0.9562 - AUROC: 0.9577 - acc: 0.8981 - loss: 0.2595 - val_AUPRC: 0.9601 - val_AUROC: 0.9591 - val_acc: 0.8978 - val_loss: 0.2596
Epoch 7/100
292/292 - 12s - 43ms/step - AUPRC: 0.9584 - AUROC: 0.9595 - acc: 0.9003 - loss: 0.2543 - val_AUPRC: 0.9648 - val_AUROC: 0.9641 - val_acc: 0.9036 - val_loss: 0.2434
Epoch 8/100
292/292 - 15s - 50ms/step - AUPRC: 0.9594 - AUROC: 0.9605 - acc: 0.9012 - loss: 0.2510 - val_AUPRC: 0.9643 - val_AUROC: 0.9637 - val_acc: 0.9045 - val_loss: 0.2421
Epoch 9/100
292/292 - 14s - 47ms/step - AUPRC: 0.9603 - AUROC: 0.9613 - acc: 0.9025 - loss: 0.2481 - val_AUPRC: 0.9657 - val_AUROC: 0.9652 - val_acc: 0.9065 - val_loss: 0.2383
Epoch 10/100
292/292 - 15s - 50ms/step - AUPRC: 0.9614 - AUROC: 0.9624 - acc: 0.9043 - loss: 0.2442 - val_AUPRC: 0.9641 - val_AUROC: 0.9633 - val_acc: 0.8978 - val_loss: 0.2450
Epoch 11/100
292/292 - 13s - 45ms/step - AUPRC: 0.9616 - AUROC: 0.9624 - acc: 0.9032 - loss: 0.2450 - val_AUPRC: 0.9656 - val_AUROC: 0.9650 - val_acc: 0.9036 - val_loss: 0.2395
Epoch 12/100
292/292 - 15s - 51ms/step - AUPRC: 0.9621 - AUROC: 0.9630 - acc: 0.9045 - loss: 0.2431 - val_AUPRC: 0.9658 - val_AUROC: 0.9652 - val_acc: 0.9045 - val_loss: 0.2388
Epoch 13/100
292/292 - 14s - 47ms/step - AUPRC: 0.9625 - AUROC: 0.9634 - acc: 0.9037 - loss: 0.2412 - val_AUPRC: 0.9668 - val_AUROC: 0.9660 - val_acc: 0.9074 - val_loss: 0.2367
Epoch 14/100
292/292 - 22s - 75ms/step - AUPRC: 0.9619 - AUROC: 0.9628 - acc: 0.9031 - loss: 0.2437 - val_AUPRC: 0.9645 - val_AUROC: 0.9640 - val_acc: 0.9016 - val_loss: 0.2417
Epoch 15/100
292/292 - 12s - 42ms/step - AUPRC: 0.9630 - AUROC: 0.9639 - acc: 0.9057 - loss: 0.2393 - val_AUPRC: 0.9644 - val_AUROC: 0.9639 - val_acc: 0.9026 - val_loss: 0.2421
Epoch 16/100
292/292 - 12s - 42ms/step - AUPRC: 0.9638 - AUROC: 0.9647 - acc: 0.9075 - loss: 0.2377 - val_AUPRC: 0.9646 - val_AUROC: 0.9645 - val_acc: 0.9094 - val_loss: 0.2406
Epoch 17/100
292/292 - 13s - 44ms/step - AUPRC: 0.9641 - AUROC: 0.9649 - acc: 0.9066 - loss: 0.2363 - val_AUPRC: 0.9651 - val_AUROC: 0.9647 - val_acc: 0.9036 - val_loss: 0.2407
Epoch 18/100
292/292 - 12s - 41ms/step - AUPRC: 0.9642 - AUROC: 0.9649 - acc: 0.9072 - loss: 0.2352 - val_AUPRC: 0.9647 - val_AUROC: 0.9643 - val_acc: 0.9026 - val_loss: 0.2414
Epoch 19/100
292/292 - 12s - 42ms/step - AUPRC: 0.9645 - AUROC: 0.9652 - acc: 0.9054 - loss: 0.2353 - val_AUPRC: 0.9655 - val_AUROC: 0.9649 - val_acc: 0.9036 - val_loss: 0.2411
Epoch 20/100
292/292 - 15s - 51ms/step - AUPRC: 0.9652 - AUROC: 0.9657 - acc: 0.9092 - loss: 0.2338 - val_AUPRC: 0.9650 - val_AUROC: 0.9646 - val_acc: 0.9094 - val_loss: 0.2395
Epoch 21/100
292/292 - 12s - 40ms/step - AUPRC: 0.9655 - AUROC: 0.9662 - acc: 0.9107 - loss: 0.2309 - val_AUPRC: 0.9644 - val_AUROC: 0.9642 - val_acc: 0.9113 - val_loss: 0.2400
Epoch 22/100
292/292 - 12s - 41ms/step - AUPRC: 0.9652 - AUROC: 0.9660 - acc: 0.9113 - loss: 0.2317 - val_AUPRC: 0.9642 - val_AUROC: 0.9639 - val_acc: 0.8978 - val_loss: 0.2430
Epoch 23/100
292/292 - 15s - 50ms/step - AUPRC: 0.9663 - AUROC: 0.9668 - acc: 0.9111 - loss: 0.2299 - val_AUPRC: 0.9632 - val_AUROC: 0.9630 - val_acc: 0.9007 - val_loss: 0.2438
******Evaluating TEST set*********
33/33 - 1s - 20ms/step
              precision    recall  f1-score   support

           0       0.89      0.87      0.88       403
           1       0.92      0.93      0.92       634

    accuracy                           0.91      1037
   macro avg       0.90      0.90      0.90      1037
weighted avg       0.91      0.91      0.91      1037

******Evaluating RANDOM Model*********
              precision    recall  f1-score   support

           0       0.38      0.48      0.42       403
           1       0.61      0.51      0.55       634

    accuracy                           0.50      1037
   macro avg       0.49      0.49      0.49      1037
weighted avg       0.52      0.50      0.50      1037

______________________________________________________
fold 8
Model: "functional_8"
┏━━━━━━━━━━━━━━━━━━━━━━━━━━━━━━━━━┳━━━━━━━━━━━━━━━━━━━━━━━━┳━━━━━━━━━━━━━━━┓
┃ Layer (type)                    ┃ Output Shape           ┃       Param # ┃
┡━━━━━━━━━━━━━━━━━━━━━━━━━━━━━━━━━╇━━━━━━━━━━━━━━━━━━━━━━━━╇━━━━━━━━━━━━━━━┩
│ input_layer_8 (InputLayer)      │ (None, 150, 6, 3)      │             0 │
├─────────────────────────────────┼────────────────────────┼───────────────┤
│ conv2d_8 (Conv2D)               │ (None, 146, 1, 64)     │         5,824 │
├─────────────────────────────────┼────────────────────────┼───────────────┤
│ lambda_8 (Lambda)               │ (None, 146, 64)        │             0 │
├─────────────────────────────────┼────────────────────────┼───────────────┤
│ lstm (LSTM)                     │ [(None, 146, 64),      │        33,024 │
│                                 │ (None, 64), (None,     │               │
│                                 │ 64)]                   │               │
├─────────────────────────────────┼────────────────────────┼───────────────┤
│ self_attention_8                │ [(None, 1024), (None,  │         2,560 │
│ (SelfAttention)                 │ 16, 146)]              │               │
├─────────────────────────────────┼────────────────────────┼───────────────┤
│ dense_8 (Dense)                 │ (None, 2)              │         2,050 │
└─────────────────────────────────┴────────────────────────┴───────────────┘
 Total params: 43,458 (169.76 KB)
 Trainable params: 43,458 (169.76 KB)
 Non-trainable params: 0 (0.00 B)
Epoch 1/100
292/292 - 17s - 57ms/step - AUPRC: 0.9274 - AUROC: 0.9286 - acc: 0.8525 - loss: 0.3414 - val_AUPRC: 0.9407 - val_AUROC: 0.9394 - val_acc: 0.8554 - val_loss: 0.3209
Epoch 2/100
292/292 - 15s - 50ms/step - AUPRC: 0.9446 - AUROC: 0.9465 - acc: 0.8813 - loss: 0.2934 - val_AUPRC: 0.9457 - val_AUROC: 0.9452 - val_acc: 0.8689 - val_loss: 0.3017
Epoch 3/100
292/292 - 15s - 50ms/step - AUPRC: 0.9493 - AUROC: 0.9512 - acc: 0.8883 - loss: 0.2791 - val_AUPRC: 0.9515 - val_AUROC: 0.9505 - val_acc: 0.8795 - val_loss: 0.2895
Epoch 4/100
292/292 - 15s - 50ms/step - AUPRC: 0.9525 - AUROC: 0.9541 - acc: 0.8900 - loss: 0.2698 - val_AUPRC: 0.9561 - val_AUROC: 0.9548 - val_acc: 0.8862 - val_loss: 0.2797
Epoch 5/100
292/292 - 15s - 52ms/step - AUPRC: 0.9543 - AUROC: 0.9558 - acc: 0.8948 - loss: 0.2646 - val_AUPRC: 0.9572 - val_AUROC: 0.9561 - val_acc: 0.8843 - val_loss: 0.2748
Epoch 6/100
292/292 - 16s - 53ms/step - AUPRC: 0.9558 - AUROC: 0.9574 - acc: 0.8997 - loss: 0.2582 - val_AUPRC: 0.9563 - val_AUROC: 0.9557 - val_acc: 0.8862 - val_loss: 0.2768
Epoch 7/100
292/292 - 15s - 52ms/step - AUPRC: 0.9583 - AUROC: 0.9595 - acc: 0.8985 - loss: 0.2532 - val_AUPRC: 0.9569 - val_AUROC: 0.9564 - val_acc: 0.8920 - val_loss: 0.2736
Epoch 8/100
292/292 - 15s - 51ms/step - AUPRC: 0.9585 - AUROC: 0.9599 - acc: 0.9015 - loss: 0.2507 - val_AUPRC: 0.9548 - val_AUROC: 0.9548 - val_acc: 0.8852 - val_loss: 0.2770
Epoch 9/100
292/292 - 15s - 51ms/step - AUPRC: 0.9609 - AUROC: 0.9619 - acc: 0.9036 - loss: 0.2461 - val_AUPRC: 0.9568 - val_AUROC: 0.9564 - val_acc: 0.8862 - val_loss: 0.2710
Epoch 10/100
292/292 - 15s - 51ms/step - AUPRC: 0.9609 - AUROC: 0.9619 - acc: 0.9040 - loss: 0.2461 - val_AUPRC: 0.9547 - val_AUROC: 0.9549 - val_acc: 0.8862 - val_loss: 0.2750
Epoch 11/100
292/292 - 13s - 44ms/step - AUPRC: 0.9608 - AUROC: 0.9619 - acc: 0.9046 - loss: 0.2443 - val_AUPRC: 0.9567 - val_AUROC: 0.9564 - val_acc: 0.8852 - val_loss: 0.2709
Epoch 12/100
292/292 - 14s - 47ms/step - AUPRC: 0.9623 - AUROC: 0.9633 - acc: 0.9052 - loss: 0.2405 - val_AUPRC: 0.9555 - val_AUROC: 0.9554 - val_acc: 0.8843 - val_loss: 0.2733
Epoch 13/100
292/292 - 14s - 48ms/step - AUPRC: 0.9621 - AUROC: 0.9631 - acc: 0.9045 - loss: 0.2415 - val_AUPRC: 0.9569 - val_AUROC: 0.9565 - val_acc: 0.8872 - val_loss: 0.2709
Epoch 14/100
292/292 - 19s - 66ms/step - AUPRC: 0.9633 - AUROC: 0.9642 - acc: 0.9083 - loss: 0.2373 - val_AUPRC: 0.9554 - val_AUROC: 0.9553 - val_acc: 0.8814 - val_loss: 0.2741
Epoch 15/100
292/292 - 12s - 42ms/step - AUPRC: 0.9642 - AUROC: 0.9650 - acc: 0.9083 - loss: 0.2358 - val_AUPRC: 0.9569 - val_AUROC: 0.9565 - val_acc: 0.8852 - val_loss: 0.2701
Epoch 16/100
292/292 - 12s - 42ms/step - AUPRC: 0.9643 - AUROC: 0.9652 - acc: 0.9093 - loss: 0.2343 - val_AUPRC: 0.9561 - val_AUROC: 0.9561 - val_acc: 0.8795 - val_loss: 0.2711
Epoch 17/100
292/292 - 13s - 45ms/step - AUPRC: 0.9642 - AUROC: 0.9653 - acc: 0.9115 - loss: 0.2336 - val_AUPRC: 0.9564 - val_AUROC: 0.9561 - val_acc: 0.8814 - val_loss: 0.2721
Epoch 18/100
292/292 - 13s - 44ms/step - AUPRC: 0.9662 - AUROC: 0.9669 - acc: 0.9105 - loss: 0.2289 - val_AUPRC: 0.9493 - val_AUROC: 0.9493 - val_acc: 0.8766 - val_loss: 0.2894
Epoch 19/100
292/292 - 14s - 47ms/step - AUPRC: 0.9649 - AUROC: 0.9657 - acc: 0.9077 - loss: 0.2334 - val_AUPRC: 0.9545 - val_AUROC: 0.9549 - val_acc: 0.8843 - val_loss: 0.2739
Epoch 20/100
292/292 - 13s - 44ms/step - AUPRC: 0.9662 - AUROC: 0.9670 - acc: 0.9121 - loss: 0.2283 - val_AUPRC: 0.9535 - val_AUROC: 0.9542 - val_acc: 0.8824 - val_loss: 0.2761
Epoch 21/100
292/292 - 13s - 43ms/step - AUPRC: 0.9672 - AUROC: 0.9680 - acc: 0.9136 - loss: 0.2249 - val_AUPRC: 0.9544 - val_AUROC: 0.9544 - val_acc: 0.8785 - val_loss: 0.2773
Epoch 22/100
292/292 - 14s - 48ms/step - AUPRC: 0.9669 - AUROC: 0.9680 - acc: 0.9154 - loss: 0.2246 - val_AUPRC: 0.9534 - val_AUROC: 0.9545 - val_acc: 0.8881 - val_loss: 0.2769
Epoch 23/100
292/292 - 12s - 41ms/step - AUPRC: 0.9678 - AUROC: 0.9684 - acc: 0.9150 - loss: 0.2237 - val_AUPRC: 0.9514 - val_AUROC: 0.9532 - val_acc: 0.8824 - val_loss: 0.2796
******Evaluating TEST set*********
33/33 - 1s - 21ms/step
              precision    recall  f1-score   support

           0       0.88      0.82      0.85       403
           1       0.89      0.93      0.91       634

    accuracy                           0.89      1037
   macro avg       0.89      0.88      0.88      1037
weighted avg       0.89      0.89      0.89      1037

******Evaluating RANDOM Model*********
              precision    recall  f1-score   support

           0       0.41      0.55      0.47       403
           1       0.63      0.49      0.55       634

    accuracy                           0.51      1037
   macro avg       0.52      0.52      0.51      1037
weighted avg       0.54      0.51      0.52      1037

______________________________________________________
fold 9
Model: "functional_9"
┏━━━━━━━━━━━━━━━━━━━━━━━━━━━━━━━━━┳━━━━━━━━━━━━━━━━━━━━━━━━┳━━━━━━━━━━━━━━━┓
┃ Layer (type)                    ┃ Output Shape           ┃       Param # ┃
┡━━━━━━━━━━━━━━━━━━━━━━━━━━━━━━━━━╇━━━━━━━━━━━━━━━━━━━━━━━━╇━━━━━━━━━━━━━━━┩
│ input_layer_9 (InputLayer)      │ (None, 150, 6, 3)      │             0 │
├─────────────────────────────────┼────────────────────────┼───────────────┤
│ conv2d_9 (Conv2D)               │ (None, 146, 1, 64)     │         5,824 │
├─────────────────────────────────┼────────────────────────┼───────────────┤
│ lambda_9 (Lambda)               │ (None, 146, 64)        │             0 │
├─────────────────────────────────┼────────────────────────┼───────────────┤
│ lstm (LSTM)                     │ [(None, 146, 64),      │        33,024 │
│                                 │ (None, 64), (None,     │               │
│                                 │ 64)]                   │               │
├─────────────────────────────────┼────────────────────────┼───────────────┤
│ self_attention_9                │ [(None, 1024), (None,  │         2,560 │
│ (SelfAttention)                 │ 16, 146)]              │               │
├─────────────────────────────────┼────────────────────────┼───────────────┤
│ dense_9 (Dense)                 │ (None, 2)              │         2,050 │
└─────────────────────────────────┴────────────────────────┴───────────────┘
 Total params: 43,458 (169.76 KB)
 Trainable params: 43,458 (169.76 KB)
 Non-trainable params: 0 (0.00 B)
Epoch 1/100
292/292 - 15s - 51ms/step - AUPRC: 0.9282 - AUROC: 0.9288 - acc: 0.8514 - loss: 0.3397 - val_AUPRC: 0.9397 - val_AUROC: 0.9415 - val_acc: 0.8679 - val_loss: 0.3124
Epoch 2/100
292/292 - 15s - 52ms/step - AUPRC: 0.9451 - AUROC: 0.9464 - acc: 0.8767 - loss: 0.2939 - val_AUPRC: 0.9443 - val_AUROC: 0.9465 - val_acc: 0.8775 - val_loss: 0.2975
Epoch 3/100
292/292 - 14s - 47ms/step - AUPRC: 0.9481 - AUROC: 0.9499 - acc: 0.8868 - loss: 0.2823 - val_AUPRC: 0.9471 - val_AUROC: 0.9496 - val_acc: 0.8824 - val_loss: 0.2894
Epoch 4/100
292/292 - 14s - 47ms/step - AUPRC: 0.9530 - AUROC: 0.9543 - acc: 0.8901 - loss: 0.2703 - val_AUPRC: 0.9489 - val_AUROC: 0.9519 - val_acc: 0.8881 - val_loss: 0.2850
Epoch 5/100
292/292 - 12s - 42ms/step - AUPRC: 0.9549 - AUROC: 0.9560 - acc: 0.8957 - loss: 0.2645 - val_AUPRC: 0.9493 - val_AUROC: 0.9519 - val_acc: 0.8891 - val_loss: 0.2834
Epoch 6/100
292/292 - 14s - 47ms/step - AUPRC: 0.9571 - AUROC: 0.9581 - acc: 0.8972 - loss: 0.2585 - val_AUPRC: 0.9546 - val_AUROC: 0.9565 - val_acc: 0.8968 - val_loss: 0.2671
Epoch 7/100
292/292 - 16s - 53ms/step - AUPRC: 0.9587 - AUROC: 0.9596 - acc: 0.9012 - loss: 0.2536 - val_AUPRC: 0.9531 - val_AUROC: 0.9551 - val_acc: 0.8930 - val_loss: 0.2746
Epoch 8/100
292/292 - 13s - 43ms/step - AUPRC: 0.9591 - AUROC: 0.9600 - acc: 0.9013 - loss: 0.2521 - val_AUPRC: 0.9540 - val_AUROC: 0.9560 - val_acc: 0.8949 - val_loss: 0.2709
Epoch 9/100
292/292 - 12s - 43ms/step - AUPRC: 0.9597 - AUROC: 0.9605 - acc: 0.9024 - loss: 0.2516 - val_AUPRC: 0.9548 - val_AUROC: 0.9568 - val_acc: 0.8978 - val_loss: 0.2660
Epoch 10/100
292/292 - 15s - 51ms/step - AUPRC: 0.9612 - AUROC: 0.9620 - acc: 0.9021 - loss: 0.2459 - val_AUPRC: 0.9540 - val_AUROC: 0.9561 - val_acc: 0.8949 - val_loss: 0.2669
Epoch 11/100
292/292 - 13s - 45ms/step - AUPRC: 0.9605 - AUROC: 0.9613 - acc: 0.9007 - loss: 0.2482 - val_AUPRC: 0.9561 - val_AUROC: 0.9579 - val_acc: 0.8968 - val_loss: 0.2623
Epoch 12/100
292/292 - 12s - 41ms/step - AUPRC: 0.9620 - AUROC: 0.9630 - acc: 0.9054 - loss: 0.2428 - val_AUPRC: 0.9535 - val_AUROC: 0.9552 - val_acc: 0.8920 - val_loss: 0.2722
Epoch 13/100
292/292 - 12s - 42ms/step - AUPRC: 0.9622 - AUROC: 0.9630 - acc: 0.9059 - loss: 0.2431 - val_AUPRC: 0.9567 - val_AUROC: 0.9582 - val_acc: 0.8968 - val_loss: 0.2622
Epoch 14/100
292/292 - 66s - 226ms/step - AUPRC: 0.9635 - AUROC: 0.9642 - acc: 0.9046 - loss: 0.2387 - val_AUPRC: 0.9554 - val_AUROC: 0.9572 - val_acc: 0.8949 - val_loss: 0.2660
Epoch 15/100
292/292 - 13s - 43ms/step - AUPRC: 0.9632 - AUROC: 0.9637 - acc: 0.9047 - loss: 0.2394 - val_AUPRC: 0.9563 - val_AUROC: 0.9581 - val_acc: 0.8959 - val_loss: 0.2624
Epoch 16/100
292/292 - 15s - 53ms/step - AUPRC: 0.9641 - AUROC: 0.9645 - acc: 0.9069 - loss: 0.2378 - val_AUPRC: 0.9554 - val_AUROC: 0.9568 - val_acc: 0.8949 - val_loss: 0.2675
Epoch 17/100
292/292 - 12s - 40ms/step - AUPRC: 0.9650 - AUROC: 0.9654 - acc: 0.9066 - loss: 0.2340 - val_AUPRC: 0.9543 - val_AUROC: 0.9558 - val_acc: 0.8910 - val_loss: 0.2719
Epoch 18/100
292/292 - 12s - 40ms/step - AUPRC: 0.9647 - AUROC: 0.9652 - acc: 0.9057 - loss: 0.2357 - val_AUPRC: 0.9575 - val_AUROC: 0.9586 - val_acc: 0.8968 - val_loss: 0.2613
Epoch 19/100
292/292 - 12s - 41ms/step - AUPRC: 0.9656 - AUROC: 0.9663 - acc: 0.9076 - loss: 0.2324 - val_AUPRC: 0.9572 - val_AUROC: 0.9584 - val_acc: 0.8939 - val_loss: 0.2633
Epoch 20/100
292/292 - 14s - 47ms/step - AUPRC: 0.9660 - AUROC: 0.9665 - acc: 0.9089 - loss: 0.2315 - val_AUPRC: 0.9581 - val_AUROC: 0.9592 - val_acc: 0.8997 - val_loss: 0.2588
Epoch 21/100
292/292 - 14s - 46ms/step - AUPRC: 0.9664 - AUROC: 0.9665 - acc: 0.9102 - loss: 0.2314 - val_AUPRC: 0.9579 - val_AUROC: 0.9591 - val_acc: 0.8949 - val_loss: 0.2605
Epoch 22/100
292/292 - 13s - 44ms/step - AUPRC: 0.9669 - AUROC: 0.9671 - acc: 0.9103 - loss: 0.2290 - val_AUPRC: 0.9585 - val_AUROC: 0.9595 - val_acc: 0.8968 - val_loss: 0.2588
Epoch 23/100
292/292 - 13s - 46ms/step - AUPRC: 0.9681 - AUROC: 0.9685 - acc: 0.9145 - loss: 0.2242 - val_AUPRC: 0.9589 - val_AUROC: 0.9599 - val_acc: 0.8968 - val_loss: 0.2575
Epoch 24/100
292/292 - 22s - 76ms/step - AUPRC: 0.9682 - AUROC: 0.9686 - acc: 0.9111 - loss: 0.2246 - val_AUPRC: 0.9587 - val_AUROC: 0.9593 - val_acc: 0.8959 - val_loss: 0.2589
Epoch 25/100
292/292 - 14s - 49ms/step - AUPRC: 0.9681 - AUROC: 0.9684 - acc: 0.9095 - loss: 0.2249 - val_AUPRC: 0.9591 - val_AUROC: 0.9601 - val_acc: 0.9007 - val_loss: 0.2561
Epoch 26/100
292/292 - 15s - 51ms/step - AUPRC: 0.9689 - AUROC: 0.9692 - acc: 0.9129 - loss: 0.2218 - val_AUPRC: 0.9598 - val_AUROC: 0.9603 - val_acc: 0.8997 - val_loss: 0.2552
Epoch 27/100
292/292 - 13s - 46ms/step - AUPRC: 0.9691 - AUROC: 0.9693 - acc: 0.9128 - loss: 0.2216 - val_AUPRC: 0.9586 - val_AUROC: 0.9593 - val_acc: 0.8959 - val_loss: 0.2603
Epoch 28/100
292/292 - 15s - 51ms/step - AUPRC: 0.9700 - AUROC: 0.9705 - acc: 0.9169 - loss: 0.2170 - val_AUPRC: 0.9607 - val_AUROC: 0.9612 - val_acc: 0.9016 - val_loss: 0.2543
Epoch 29/100
292/292 - 12s - 42ms/step - AUPRC: 0.9710 - AUROC: 0.9713 - acc: 0.9179 - loss: 0.2134 - val_AUPRC: 0.9586 - val_AUROC: 0.9593 - val_acc: 0.9026 - val_loss: 0.2596
Epoch 30/100
292/292 - 12s - 43ms/step - AUPRC: 0.9710 - AUROC: 0.9713 - acc: 0.9172 - loss: 0.2141 - val_AUPRC: 0.9580 - val_AUROC: 0.9587 - val_acc: 0.9036 - val_loss: 0.2622
Epoch 31/100
292/292 - 12s - 42ms/step - AUPRC: 0.9716 - AUROC: 0.9718 - acc: 0.9168 - loss: 0.2126 - val_AUPRC: 0.9591 - val_AUROC: 0.9598 - val_acc: 0.9036 - val_loss: 0.2576
Epoch 32/100
292/292 - 14s - 48ms/step - AUPRC: 0.9721 - AUROC: 0.9723 - acc: 0.9203 - loss: 0.2102 - val_AUPRC: 0.9585 - val_AUROC: 0.9594 - val_acc: 0.9036 - val_loss: 0.2616
Epoch 33/100
292/292 - 13s - 44ms/step - AUPRC: 0.9718 - AUROC: 0.9720 - acc: 0.9197 - loss: 0.2115 - val_AUPRC: 0.9587 - val_AUROC: 0.9591 - val_acc: 0.8959 - val_loss: 0.2656
Epoch 34/100
292/292 - 13s - 45ms/step - AUPRC: 0.9725 - AUROC: 0.9727 - acc: 0.9204 - loss: 0.2093 - val_AUPRC: 0.9566 - val_AUROC: 0.9571 - val_acc: 0.8910 - val_loss: 0.2685
Epoch 35/100
292/292 - 13s - 46ms/step - AUPRC: 0.9735 - AUROC: 0.9738 - acc: 0.9236 - loss: 0.2033 - val_AUPRC: 0.9552 - val_AUROC: 0.9555 - val_acc: 0.8852 - val_loss: 0.2768
Epoch 36/100
292/292 - 13s - 44ms/step - AUPRC: 0.9742 - AUROC: 0.9743 - acc: 0.9218 - loss: 0.2025 - val_AUPRC: 0.9569 - val_AUROC: 0.9575 - val_acc: 0.8920 - val_loss: 0.2686
Epoch 37/100
292/292 - 15s - 50ms/step - AUPRC: 0.9744 - AUROC: 0.9746 - acc: 0.9231 - loss: 0.2016 - val_AUPRC: 0.9546 - val_AUROC: 0.9554 - val_acc: 0.8920 - val_loss: 0.2773
Epoch 38/100
292/292 - 13s - 45ms/step - AUPRC: 0.9752 - AUROC: 0.9753 - acc: 0.9253 - loss: 0.1984 - val_AUPRC: 0.9549 - val_AUROC: 0.9551 - val_acc: 0.8891 - val_loss: 0.2810
******Evaluating TEST set*********
33/33 - 1s - 24ms/step
              precision    recall  f1-score   support

           0       0.91      0.83      0.87       403
           1       0.90      0.95      0.92       634

    accuracy                           0.90      1037
   macro avg       0.90      0.89      0.89      1037
weighted avg       0.90      0.90      0.90      1037

******Evaluating RANDOM Model*********
              precision    recall  f1-score   support

           0       0.37      0.45      0.41       403
           1       0.60      0.52      0.56       634

    accuracy                           0.49      1037
   macro avg       0.49      0.49      0.48      1037
weighted avg       0.51      0.49      0.50      1037

______________________________________________________
Model: "functional_9"
┏━━━━━━━━━━━━━━━━━━━━━━━━━━━━━━━━━┳━━━━━━━━━━━━━━━━━━━━━━━━┳━━━━━━━━━━━━━━━┓
┃ Layer (type)                    ┃ Output Shape           ┃       Param # ┃
┡━━━━━━━━━━━━━━━━━━━━━━━━━━━━━━━━━╇━━━━━━━━━━━━━━━━━━━━━━━━╇━━━━━━━━━━━━━━━┩
│ input_layer_9 (InputLayer)      │ (None, 150, 6, 3)      │             0 │
├─────────────────────────────────┼────────────────────────┼───────────────┤
│ conv2d_9 (Conv2D)               │ (None, 146, 1, 64)     │         5,824 │
├─────────────────────────────────┼────────────────────────┼───────────────┤
│ lambda_9 (Lambda)               │ (None, 146, 64)        │             0 │
├─────────────────────────────────┼────────────────────────┼───────────────┤
│ lstm (LSTM)                     │ [(None, 146, 64),      │        33,024 │
│                                 │ (None, 64), (None,     │               │
│                                 │ 64)]                   │               │
├─────────────────────────────────┼────────────────────────┼───────────────┤
│ self_attention_9                │ [(None, 1024), (None,  │         2,560 │
│ (SelfAttention)                 │ 16, 146)]              │               │
├─────────────────────────────────┼────────────────────────┼───────────────┤
│ dense_9 (Dense)                 │ (None, 2)              │         2,050 │
└─────────────────────────────────┴────────────────────────┴───────────────┘
 Total params: 130,376 (509.29 KB)
 Trainable params: 43,458 (169.76 KB)
 Non-trainable params: 0 (0.00 B)
 Optimizer params: 86,918 (339.53 KB)
None
Mean  AUROC[0.8910] IC [0.8851, 0.8969]
Mean Accuracy[0.9031] IC [0.8978, 0.9085]
Mean Recall[0.8910] IC [0.8851, 0.8969]
Mean F1[0.8965] IC [0.8908, 0.9022]
Median  AUROC[0.8930]
Median Accuracy[0.9060]
Median Recall[0.8930]
Median F1[0.8997]
